[0.678s] Invoking command in '/home/ayi/unitree_go2_ws/src/unitree_sdk2_python': PYTHONPATH=/home/ayi/unitree_go2_ws/build/unitree_sdk2py/prefix_override:/usr/lib/python3/dist-packages/colcon_core/task/python/colcon_distutils_commands:/home/ayi/unitree_go2_ws/install/unitree_sdk2py/lib/python3.10/site-packages:${PYTHONPATH} /usr/bin/python3 -W ignore:setup.py install is deprecated -W ignore:easy_install command is deprecated setup.py egg_info --egg-base ../../build/unitree_sdk2py build --build-base /home/ayi/unitree_go2_ws/build/unitree_sdk2py/build install --record /home/ayi/unitree_go2_ws/build/unitree_sdk2py/install.log --single-version-externally-managed
[0.874s] running egg_info
[0.874s] writing ../../build/unitree_sdk2py/unitree_sdk2py.egg-info/PKG-INFO
[0.875s] writing dependency_links to ../../build/unitree_sdk2py/unitree_sdk2py.egg-info/dependency_links.txt
[0.875s] writing requirements to ../../build/unitree_sdk2py/unitree_sdk2py.egg-info/requires.txt
[0.875s] writing top-level names to ../../build/unitree_sdk2py/unitree_sdk2py.egg-info/top_level.txt
[0.879s] reading manifest file '../../build/unitree_sdk2py/unitree_sdk2py.egg-info/SOURCES.txt'
[0.881s] adding license file 'LICENSE'
[0.881s] writing manifest file '../../build/unitree_sdk2py/unitree_sdk2py.egg-info/SOURCES.txt'
[0.882s] running build
[0.882s] running build_py
[0.882s] copying unitree_sdk2py/__init__.py -> /home/ayi/unitree_go2_ws/build/unitree_sdk2py/build/lib/unitree_sdk2py
[0.893s] running install
[0.893s] running install_lib
[0.893s] copying /home/ayi/unitree_go2_ws/build/unitree_sdk2py/build/lib/unitree_sdk2py/__init__.py -> /home/ayi/unitree_go2_ws/install/unitree_sdk2py/lib/python3.10/site-packages/unitree_sdk2py
[0.895s] byte-compiling /home/ayi/unitree_go2_ws/install/unitree_sdk2py/lib/python3.10/site-packages/unitree_sdk2py/__init__.py to __init__.cpython-310.pyc
[0.898s] running install_egg_info
[0.899s] removing '/home/ayi/unitree_go2_ws/install/unitree_sdk2py/lib/python3.10/site-packages/unitree_sdk2py-1.0.1-py3.10.egg-info' (and everything under it)
[0.899s] Copying ../../build/unitree_sdk2py/unitree_sdk2py.egg-info to /home/ayi/unitree_go2_ws/install/unitree_sdk2py/lib/python3.10/site-packages/unitree_sdk2py-1.0.1-py3.10.egg-info
[0.900s] running install_scripts
[0.919s] writing list of installed files to '/home/ayi/unitree_go2_ws/build/unitree_sdk2py/install.log'
[0.934s] Invoked command in '/home/ayi/unitree_go2_ws/src/unitree_sdk2_python' returned '0': PYTHONPATH=/home/ayi/unitree_go2_ws/build/unitree_sdk2py/prefix_override:/usr/lib/python3/dist-packages/colcon_core/task/python/colcon_distutils_commands:/home/ayi/unitree_go2_ws/install/unitree_sdk2py/lib/python3.10/site-packages:${PYTHONPATH} /usr/bin/python3 -W ignore:setup.py install is deprecated -W ignore:easy_install command is deprecated setup.py egg_info --egg-base ../../build/unitree_sdk2py build --build-base /home/ayi/unitree_go2_ws/build/unitree_sdk2py/build install --record /home/ayi/unitree_go2_ws/build/unitree_sdk2py/install.log --single-version-externally-managed
