[0.016s] Invoking command in '/home/ayi/unitree_go2_ws/build/go2_perception': CMAKE_PREFIX_PATH=${CMAKE_PREFIX_PATH}:/home/ayi/unitree_go2_ws/install/go2_twist_bridge_py:/home/ayi/unitree_go2_ws/install/go2_navigation:/home/ayi/unitree_go2_ws/install/go2_driver_py:/home/ayi/unitree_go2_ws/install/go2_core:/home/ayi/dev_ws/install/learning_urdf:/home/ayi/dev_ws/install/learning_topic:/home/ayi/dev_ws/install/learning_tf:/home/ayi/dev_ws/install/learning_service:/home/ayi/dev_ws/install/learning_qos:/home/ayi/dev_ws/install/learning_pkg_python:/home/ayi/dev_ws/install/learning_parameter:/home/ayi/dev_ws/install/learning_node:/home/ayi/dev_ws/install/learning_launch:/home/ayi/dev_ws/install/learning_action:/home/ayi/dev_ws/install/learning_gazebo_harmonic:/home/ayi/dev_ws/install/learning_gazebo:/home/ayi/dev_ws/install/learning_cv:/opt/ros/humble /usr/bin/cmake /home/ayi/unitree_go2_ws/src/go2_perception -DCMAKE_INSTALL_PREFIX=/home/ayi/unitree_go2_ws/install/go2_perception
[0.083s] -- The C compiler identification is GNU 11.4.0
[0.129s] -- The CXX compiler identification is GNU 11.4.0
[0.134s] -- Detecting C compiler ABI info
[0.251s] -- Detecting C compiler ABI info - done
[0.269s] -- Check for working C compiler: /usr/bin/cc - skipped
[0.269s] -- Detecting C compile features
[0.269s] -- Detecting C compile features - done
[0.271s] -- Detecting CXX compiler ABI info
[0.499s] -- Detecting CXX compiler ABI info - done
[0.508s] -- Check for working CXX compiler: /usr/bin/c++ - skipped
[0.508s] -- Detecting CXX compile features
[0.508s] -- Detecting CXX compile features - done
[0.517s] -- Found ament_cmake: 1.3.12 (/opt/ros/humble/share/ament_cmake/cmake)
[0.865s] -- Found Python3: /usr/bin/python3 (found version "3.10.12") found components: Interpreter 
[1.123s] -- Found laser_geometry: 2.4.0 (/opt/ros/humble/share/laser_geometry/cmake)
[1.236s] -- Found rosidl_generator_c: 3.1.7 (/opt/ros/humble/share/rosidl_generator_c/cmake)
[1.246s] -- Found rosidl_adapter: 3.1.7 (/opt/ros/humble/share/rosidl_adapter/cmake)
[1.260s] -- Found rosidl_generator_cpp: 3.1.7 (/opt/ros/humble/share/rosidl_generator_cpp/cmake)
[1.274s] -- Using all available rosidl_typesupport_c: rosidl_typesupport_fastrtps_c;rosidl_typesupport_introspection_c
[1.318s] -- Using all available rosidl_typesupport_cpp: rosidl_typesupport_fastrtps_cpp;rosidl_typesupport_introspection_cpp
[1.448s] -- Found rmw_implementation_cmake: 6.1.2 (/opt/ros/humble/share/rmw_implementation_cmake/cmake)
[1.454s] -- Found rmw_cyclonedds_cpp: 1.3.4 (/home/ayi/go2_work/unitree_ros2/cyclonedds_ws/install/rmw_cyclonedds_cpp/share/rmw_cyclonedds_cpp/cmake)
[1.495s] -- Using RMW implementation 'rmw_cyclonedds_cpp' as default
[1.520s] -- Looking for pthread.h
[1.637s] -- Looking for pthread.h - found
[1.637s] -- Performing Test CMAKE_HAVE_LIBC_PTHREAD
[1.807s] -- Performing Test CMAKE_HAVE_LIBC_PTHREAD - Success
[1.809s] -- Found Threads: TRUE  
[1.931s] -- Found message_filters: 4.3.8 (/opt/ros/humble/share/message_filters/cmake)
[1.936s] -- Found rclcpp_components: 16.0.15 (/opt/ros/humble/share/rclcpp_components/cmake)
[1.967s] -- Found tf2_ros: 0.25.16 (/opt/ros/humble/share/tf2_ros/cmake)
[2.033s] -- Found tf2_sensor_msgs: 0.25.16 (/opt/ros/humble/share/tf2_sensor_msgs/cmake)
[2.063s] -- Found ament_lint_auto: 0.12.14 (/opt/ros/humble/share/ament_lint_auto/cmake)
[2.213s] -- Added test 'copyright' to check source files copyright and LICENSE
[2.222s] -- Added test 'cppcheck' to perform static code analysis on C / C++ code
[2.222s] -- Configured cppcheck include dirs: /home/ayi/unitree_go2_ws/src/go2_perception/include
[2.222s] -- Configured cppcheck exclude dirs and/or files: 
[2.225s] -- Added test 'cpplint' to check C / C++ code against the Google style
[2.225s] -- Configured cpplint exclude dirs and/or files: 
[2.229s] -- Added test 'flake8' to check Python code syntax and style conventions
[2.231s] -- Added test 'lint_cmake' to check CMake code style
[2.235s] -- Added test 'pep257' to check Python code against some of the docstring style conventions in PEP 257
[2.239s] -- Added test 'uncrustify' to check C / C++ code style
[2.239s] -- Configured uncrustify additional arguments: 
[2.242s] -- Added test 'xmllint' to check XML markup files
[2.245s] -- Configuring done
[2.304s] -- Generating done
[2.318s] -- Build files have been written to: /home/ayi/unitree_go2_ws/build/go2_perception
[2.327s] Invoked command in '/home/ayi/unitree_go2_ws/build/go2_perception' returned '0': CMAKE_PREFIX_PATH=${CMAKE_PREFIX_PATH}:/home/ayi/unitree_go2_ws/install/go2_twist_bridge_py:/home/ayi/unitree_go2_ws/install/go2_navigation:/home/ayi/unitree_go2_ws/install/go2_driver_py:/home/ayi/unitree_go2_ws/install/go2_core:/home/ayi/dev_ws/install/learning_urdf:/home/ayi/dev_ws/install/learning_topic:/home/ayi/dev_ws/install/learning_tf:/home/ayi/dev_ws/install/learning_service:/home/ayi/dev_ws/install/learning_qos:/home/ayi/dev_ws/install/learning_pkg_python:/home/ayi/dev_ws/install/learning_parameter:/home/ayi/dev_ws/install/learning_node:/home/ayi/dev_ws/install/learning_launch:/home/ayi/dev_ws/install/learning_action:/home/ayi/dev_ws/install/learning_gazebo_harmonic:/home/ayi/dev_ws/install/learning_gazebo:/home/ayi/dev_ws/install/learning_cv:/opt/ros/humble /usr/bin/cmake /home/ayi/unitree_go2_ws/src/go2_perception -DCMAKE_INSTALL_PREFIX=/home/ayi/unitree_go2_ws/install/go2_perception
[2.327s] Invoking command in '/home/ayi/unitree_go2_ws/build/go2_perception': CMAKE_PREFIX_PATH=${CMAKE_PREFIX_PATH}:/home/ayi/unitree_go2_ws/install/go2_twist_bridge_py:/home/ayi/unitree_go2_ws/install/go2_navigation:/home/ayi/unitree_go2_ws/install/go2_driver_py:/home/ayi/unitree_go2_ws/install/go2_core:/home/ayi/dev_ws/install/learning_urdf:/home/ayi/dev_ws/install/learning_topic:/home/ayi/dev_ws/install/learning_tf:/home/ayi/dev_ws/install/learning_service:/home/ayi/dev_ws/install/learning_qos:/home/ayi/dev_ws/install/learning_pkg_python:/home/ayi/dev_ws/install/learning_parameter:/home/ayi/dev_ws/install/learning_node:/home/ayi/dev_ws/install/learning_launch:/home/ayi/dev_ws/install/learning_action:/home/ayi/dev_ws/install/learning_gazebo_harmonic:/home/ayi/dev_ws/install/learning_gazebo:/home/ayi/dev_ws/install/learning_cv:/opt/ros/humble /usr/bin/cmake --build /home/ayi/unitree_go2_ws/build/go2_perception -- -j2 -l2
[2.400s] [ 16%] [32mBuilding CXX object CMakeFiles/pointcloud_to_laserscan.dir/src/pointcloud_to_laserscan_node.cpp.o[0m
[11.556s] [ 33%] [32m[1mLinking CXX shared library libpointcloud_to_laserscan.so[0m
[12.171s] [ 33%] Built target pointcloud_to_laserscan
[12.200s] [ 50%] [32mBuilding CXX object CMakeFiles/pointcloud_to_laserscan_node.dir/rclcpp_components/node_main_pointcloud_to_laserscan_node.cpp.o[0m
[15.169s] [ 66%] [32m[1mLinking CXX executable pointcloud_to_laserscan_node[0m
[15.284s] [ 66%] Built target pointcloud_to_laserscan_node
[15.310s] [ 83%] [32mBuilding CXX object CMakeFiles/cloud_accumulation.dir/src/cloud_accumulation.cpp.o[0m
[21.945s] [100%] [32m[1mLinking CXX executable cloud_accumulation[0m
[22.340s] [100%] Built target cloud_accumulation
[22.359s] Invoked command in '/home/ayi/unitree_go2_ws/build/go2_perception' returned '0': CMAKE_PREFIX_PATH=${CMAKE_PREFIX_PATH}:/home/ayi/unitree_go2_ws/install/go2_twist_bridge_py:/home/ayi/unitree_go2_ws/install/go2_navigation:/home/ayi/unitree_go2_ws/install/go2_driver_py:/home/ayi/unitree_go2_ws/install/go2_core:/home/ayi/dev_ws/install/learning_urdf:/home/ayi/dev_ws/install/learning_topic:/home/ayi/dev_ws/install/learning_tf:/home/ayi/dev_ws/install/learning_service:/home/ayi/dev_ws/install/learning_qos:/home/ayi/dev_ws/install/learning_pkg_python:/home/ayi/dev_ws/install/learning_parameter:/home/ayi/dev_ws/install/learning_node:/home/ayi/dev_ws/install/learning_launch:/home/ayi/dev_ws/install/learning_action:/home/ayi/dev_ws/install/learning_gazebo_harmonic:/home/ayi/dev_ws/install/learning_gazebo:/home/ayi/dev_ws/install/learning_cv:/opt/ros/humble /usr/bin/cmake --build /home/ayi/unitree_go2_ws/build/go2_perception -- -j2 -l2
[22.364s] Invoking command in '/home/ayi/unitree_go2_ws/build/go2_perception': CMAKE_PREFIX_PATH=${CMAKE_PREFIX_PATH}:/home/ayi/unitree_go2_ws/install/go2_twist_bridge_py:/home/ayi/unitree_go2_ws/install/go2_navigation:/home/ayi/unitree_go2_ws/install/go2_driver_py:/home/ayi/unitree_go2_ws/install/go2_core:/home/ayi/dev_ws/install/learning_urdf:/home/ayi/dev_ws/install/learning_topic:/home/ayi/dev_ws/install/learning_tf:/home/ayi/dev_ws/install/learning_service:/home/ayi/dev_ws/install/learning_qos:/home/ayi/dev_ws/install/learning_pkg_python:/home/ayi/dev_ws/install/learning_parameter:/home/ayi/dev_ws/install/learning_node:/home/ayi/dev_ws/install/learning_launch:/home/ayi/dev_ws/install/learning_action:/home/ayi/dev_ws/install/learning_gazebo_harmonic:/home/ayi/dev_ws/install/learning_gazebo:/home/ayi/dev_ws/install/learning_cv:/opt/ros/humble /usr/bin/cmake --install /home/ayi/unitree_go2_ws/build/go2_perception
[22.377s] -- Install configuration: ""
[22.380s] -- Installing: /home/ayi/unitree_go2_ws/install/go2_perception/lib/go2_perception/pointcloud_to_laserscan_node
[22.380s] -- Set runtime path of "/home/ayi/unitree_go2_ws/install/go2_perception/lib/go2_perception/pointcloud_to_laserscan_node" to ""
[22.380s] -- Installing: /home/ayi/unitree_go2_ws/install/go2_perception/lib/libpointcloud_to_laserscan.so
[22.403s] -- Set runtime path of "/home/ayi/unitree_go2_ws/install/go2_perception/lib/libpointcloud_to_laserscan.so" to ""
[22.407s] -- Installing: /home/ayi/unitree_go2_ws/install/go2_perception/lib/go2_perception/cloud_accumulation
[22.416s] -- Set runtime path of "/home/ayi/unitree_go2_ws/install/go2_perception/lib/go2_perception/cloud_accumulation" to ""
[22.416s] -- Up-to-date: /home/ayi/unitree_go2_ws/install/go2_perception/share/go2_perception/launch
[22.416s] -- Installing: /home/ayi/unitree_go2_ws/install/go2_perception/share/go2_perception/launch/go2_pointcloud.launch.py
[22.418s] -- Installing: /home/ayi/unitree_go2_ws/install/go2_perception/share/ament_index/resource_index/package_run_dependencies/go2_perception
[22.419s] -- Installing: /home/ayi/unitree_go2_ws/install/go2_perception/share/ament_index/resource_index/parent_prefix_path/go2_perception
[22.420s] -- Up-to-date: /home/ayi/unitree_go2_ws/install/go2_perception/share/go2_perception/environment/ament_prefix_path.sh
[22.420s] -- Installing: /home/ayi/unitree_go2_ws/install/go2_perception/share/go2_perception/environment/ament_prefix_path.dsv
[22.420s] -- Up-to-date: /home/ayi/unitree_go2_ws/install/go2_perception/share/go2_perception/environment/path.sh
[22.420s] -- Installing: /home/ayi/unitree_go2_ws/install/go2_perception/share/go2_perception/environment/path.dsv
[22.420s] -- Installing: /home/ayi/unitree_go2_ws/install/go2_perception/share/go2_perception/local_setup.bash
[22.421s] -- Installing: /home/ayi/unitree_go2_ws/install/go2_perception/share/go2_perception/local_setup.sh
[22.421s] -- Installing: /home/ayi/unitree_go2_ws/install/go2_perception/share/go2_perception/local_setup.zsh
[22.422s] -- Installing: /home/ayi/unitree_go2_ws/install/go2_perception/share/go2_perception/local_setup.dsv
[22.423s] -- Installing: /home/ayi/unitree_go2_ws/install/go2_perception/share/go2_perception/package.dsv
[22.427s] -- Installing: /home/ayi/unitree_go2_ws/install/go2_perception/share/ament_index/resource_index/packages/go2_perception
[22.427s] -- Installing: /home/ayi/unitree_go2_ws/install/go2_perception/share/ament_index/resource_index/rclcpp_components/go2_perception
[22.427s] -- Installing: /home/ayi/unitree_go2_ws/install/go2_perception/share/go2_perception/cmake/go2_perceptionConfig.cmake
[22.427s] -- Installing: /home/ayi/unitree_go2_ws/install/go2_perception/share/go2_perception/cmake/go2_perceptionConfig-version.cmake
[22.427s] -- Installing: /home/ayi/unitree_go2_ws/install/go2_perception/share/go2_perception/package.xml
[22.427s] Invoked command in '/home/ayi/unitree_go2_ws/build/go2_perception' returned '0': CMAKE_PREFIX_PATH=${CMAKE_PREFIX_PATH}:/home/ayi/unitree_go2_ws/install/go2_twist_bridge_py:/home/ayi/unitree_go2_ws/install/go2_navigation:/home/ayi/unitree_go2_ws/install/go2_driver_py:/home/ayi/unitree_go2_ws/install/go2_core:/home/ayi/dev_ws/install/learning_urdf:/home/ayi/dev_ws/install/learning_topic:/home/ayi/dev_ws/install/learning_tf:/home/ayi/dev_ws/install/learning_service:/home/ayi/dev_ws/install/learning_qos:/home/ayi/dev_ws/install/learning_pkg_python:/home/ayi/dev_ws/install/learning_parameter:/home/ayi/dev_ws/install/learning_node:/home/ayi/dev_ws/install/learning_launch:/home/ayi/dev_ws/install/learning_action:/home/ayi/dev_ws/install/learning_gazebo_harmonic:/home/ayi/dev_ws/install/learning_gazebo:/home/ayi/dev_ws/install/learning_cv:/opt/ros/humble /usr/bin/cmake --install /home/ayi/unitree_go2_ws/build/go2_perception
