[ 25%] Built target driver
[ 50%] Built target footprint_to_link
[ 75%] Built target lowstate_to_imu
[35m[1mConsolidate compiler generated dependencies of target go2_core[0m
[ 87%] [32mBuilding CXX object CMakeFiles/go2_core.dir/src/go2_core.cpp.o[0m
[100%] [32m[1mLinking CXX executable go2_core[0m
[100%] Built target go2_core
-- Install configuration: ""
-- Up-to-date: /home/ayi/unitree_go2_ws/install/go2_driver/lib/go2_driver/driver
-- Up-to-date: /home/ayi/unitree_go2_ws/install/go2_driver/lib/go2_driver/footprint_to_link
-- Up-to-date: /home/ayi/unitree_go2_ws/install/go2_driver/lib/go2_driver/lowstate_to_imu
-- Installing: /home/ayi/unitree_go2_ws/install/go2_driver/lib/go2_driver/go2_core
-- Set runtime path of "/home/ayi/unitree_go2_ws/install/go2_driver/lib/go2_driver/go2_core" to ""
-- Up-to-date: /home/ayi/unitree_go2_ws/install/go2_driver/share/go2_driver/launch
-- Installing: /home/ayi/unitree_go2_ws/install/go2_driver/share/go2_driver/launch/driver.launch.py
-- Up-to-date: /home/ayi/unitree_go2_ws/install/go2_driver/share/go2_driver/params
-- Up-to-date: /home/ayi/unitree_go2_ws/install/go2_driver/share/go2_driver/params/driver.yaml
-- Up-to-date: /home/ayi/unitree_go2_ws/install/go2_driver/share/go2_driver/rviz
-- Up-to-date: /home/ayi/unitree_go2_ws/install/go2_driver/share/go2_driver/rviz/display.rviz
-- Up-to-date: /home/ayi/unitree_go2_ws/install/go2_driver/share/ament_index/resource_index/package_run_dependencies/go2_driver
-- Up-to-date: /home/ayi/unitree_go2_ws/install/go2_driver/share/ament_index/resource_index/parent_prefix_path/go2_driver
-- Up-to-date: /home/ayi/unitree_go2_ws/install/go2_driver/share/go2_driver/environment/ament_prefix_path.sh
-- Up-to-date: /home/ayi/unitree_go2_ws/install/go2_driver/share/go2_driver/environment/ament_prefix_path.dsv
-- Up-to-date: /home/ayi/unitree_go2_ws/install/go2_driver/share/go2_driver/environment/path.sh
-- Up-to-date: /home/ayi/unitree_go2_ws/install/go2_driver/share/go2_driver/environment/path.dsv
-- Up-to-date: /home/ayi/unitree_go2_ws/install/go2_driver/share/go2_driver/local_setup.bash
-- Up-to-date: /home/ayi/unitree_go2_ws/install/go2_driver/share/go2_driver/local_setup.sh
-- Up-to-date: /home/ayi/unitree_go2_ws/install/go2_driver/share/go2_driver/local_setup.zsh
-- Up-to-date: /home/ayi/unitree_go2_ws/install/go2_driver/share/go2_driver/local_setup.dsv
-- Installing: /home/ayi/unitree_go2_ws/install/go2_driver/share/go2_driver/package.dsv
-- Up-to-date: /home/ayi/unitree_go2_ws/install/go2_driver/share/ament_index/resource_index/packages/go2_driver
-- Up-to-date: /home/ayi/unitree_go2_ws/install/go2_driver/share/go2_driver/cmake/go2_driverConfig.cmake
-- Up-to-date: /home/ayi/unitree_go2_ws/install/go2_driver/share/go2_driver/cmake/go2_driverConfig-version.cmake
-- Up-to-date: /home/ayi/unitree_go2_ws/install/go2_driver/share/go2_driver/package.xml
