[0.023s] Invoking command in '/home/ayi/unitree_go2_ws/build/go2_perception': CMAKE_PREFIX_PATH=${CMAKE_PREFIX_PATH}:/home/ayi/unitree_go2_ws/install/go2_twist_bridge_py:/home/ayi/unitree_go2_ws/install/go2_navigation:/home/ayi/unitree_go2_ws/install/go2_driver_py:/home/ayi/unitree_go2_ws/install/go2_core:/home/ayi/dev_ws/install/learning_urdf:/home/ayi/dev_ws/install/learning_topic:/home/ayi/dev_ws/install/learning_tf:/home/ayi/dev_ws/install/learning_service:/home/ayi/dev_ws/install/learning_qos:/home/ayi/dev_ws/install/learning_pkg_python:/home/ayi/dev_ws/install/learning_parameter:/home/ayi/dev_ws/install/learning_node:/home/ayi/dev_ws/install/learning_launch:/home/ayi/dev_ws/install/learning_action:/home/ayi/dev_ws/install/learning_gazebo_harmonic:/home/ayi/dev_ws/install/learning_gazebo:/home/ayi/dev_ws/install/learning_cv:/opt/ros/humble /usr/bin/cmake --build /home/ayi/unitree_go2_ws/build/go2_perception -- -j2 -l2
[0.210s] [ 33%] Built target pointcloud_to_laserscan
[0.212s] [ 66%] Built target pointcloud_to_laserscan_node
[0.296s] [ 83%] [32mBuilding CXX object CMakeFiles/cloud_accumulation.dir/src/cloud_accumulation.cpp.o[0m
[14.935s] [100%] [32m[1mLinking CXX executable cloud_accumulation[0m
[15.756s] [100%] Built target cloud_accumulation
[15.789s] Invoked command in '/home/ayi/unitree_go2_ws/build/go2_perception' returned '0': CMAKE_PREFIX_PATH=${CMAKE_PREFIX_PATH}:/home/ayi/unitree_go2_ws/install/go2_twist_bridge_py:/home/ayi/unitree_go2_ws/install/go2_navigation:/home/ayi/unitree_go2_ws/install/go2_driver_py:/home/ayi/unitree_go2_ws/install/go2_core:/home/ayi/dev_ws/install/learning_urdf:/home/ayi/dev_ws/install/learning_topic:/home/ayi/dev_ws/install/learning_tf:/home/ayi/dev_ws/install/learning_service:/home/ayi/dev_ws/install/learning_qos:/home/ayi/dev_ws/install/learning_pkg_python:/home/ayi/dev_ws/install/learning_parameter:/home/ayi/dev_ws/install/learning_node:/home/ayi/dev_ws/install/learning_launch:/home/ayi/dev_ws/install/learning_action:/home/ayi/dev_ws/install/learning_gazebo_harmonic:/home/ayi/dev_ws/install/learning_gazebo:/home/ayi/dev_ws/install/learning_cv:/opt/ros/humble /usr/bin/cmake --build /home/ayi/unitree_go2_ws/build/go2_perception -- -j2 -l2
[15.792s] Invoking command in '/home/ayi/unitree_go2_ws/build/go2_perception': CMAKE_PREFIX_PATH=${CMAKE_PREFIX_PATH}:/home/ayi/unitree_go2_ws/install/go2_twist_bridge_py:/home/ayi/unitree_go2_ws/install/go2_navigation:/home/ayi/unitree_go2_ws/install/go2_driver_py:/home/ayi/unitree_go2_ws/install/go2_core:/home/ayi/dev_ws/install/learning_urdf:/home/ayi/dev_ws/install/learning_topic:/home/ayi/dev_ws/install/learning_tf:/home/ayi/dev_ws/install/learning_service:/home/ayi/dev_ws/install/learning_qos:/home/ayi/dev_ws/install/learning_pkg_python:/home/ayi/dev_ws/install/learning_parameter:/home/ayi/dev_ws/install/learning_node:/home/ayi/dev_ws/install/learning_launch:/home/ayi/dev_ws/install/learning_action:/home/ayi/dev_ws/install/learning_gazebo_harmonic:/home/ayi/dev_ws/install/learning_gazebo:/home/ayi/dev_ws/install/learning_cv:/opt/ros/humble /usr/bin/cmake --install /home/ayi/unitree_go2_ws/build/go2_perception
[15.818s] -- Install configuration: ""
[15.821s] -- Up-to-date: /home/ayi/unitree_go2_ws/install/go2_perception/lib/go2_perception/pointcloud_to_laserscan_node
[15.823s] -- Up-to-date: /home/ayi/unitree_go2_ws/install/go2_perception/lib/libpointcloud_to_laserscan.so
[15.855s] -- Installing: /home/ayi/unitree_go2_ws/install/go2_perception/lib/go2_perception/cloud_accumulation
[15.868s] -- Set runtime path of "/home/ayi/unitree_go2_ws/install/go2_perception/lib/go2_perception/cloud_accumulation" to ""
[15.868s] -- Up-to-date: /home/ayi/unitree_go2_ws/install/go2_perception/share/go2_perception/launch
[15.869s] -- Up-to-date: /home/ayi/unitree_go2_ws/install/go2_perception/share/go2_perception/launch/go2_pointcloud.launch.py
[15.870s] -- Up-to-date: /home/ayi/unitree_go2_ws/install/go2_perception/share/ament_index/resource_index/package_run_dependencies/go2_perception
[15.871s] -- Up-to-date: /home/ayi/unitree_go2_ws/install/go2_perception/share/ament_index/resource_index/parent_prefix_path/go2_perception
[15.873s] -- Up-to-date: /home/ayi/unitree_go2_ws/install/go2_perception/share/go2_perception/environment/ament_prefix_path.sh
[15.873s] -- Up-to-date: /home/ayi/unitree_go2_ws/install/go2_perception/share/go2_perception/environment/ament_prefix_path.dsv
[15.875s] -- Up-to-date: /home/ayi/unitree_go2_ws/install/go2_perception/share/go2_perception/environment/path.sh
[15.875s] -- Up-to-date: /home/ayi/unitree_go2_ws/install/go2_perception/share/go2_perception/environment/path.dsv
[15.875s] -- Up-to-date: /home/ayi/unitree_go2_ws/install/go2_perception/share/go2_perception/local_setup.bash
[15.875s] -- Up-to-date: /home/ayi/unitree_go2_ws/install/go2_perception/share/go2_perception/local_setup.sh
[15.875s] -- Up-to-date: /home/ayi/unitree_go2_ws/install/go2_perception/share/go2_perception/local_setup.zsh
[15.875s] -- Up-to-date: /home/ayi/unitree_go2_ws/install/go2_perception/share/go2_perception/local_setup.dsv
[15.877s] -- Installing: /home/ayi/unitree_go2_ws/install/go2_perception/share/go2_perception/package.dsv
[15.877s] -- Up-to-date: /home/ayi/unitree_go2_ws/install/go2_perception/share/ament_index/resource_index/packages/go2_perception
[15.877s] -- Up-to-date: /home/ayi/unitree_go2_ws/install/go2_perception/share/ament_index/resource_index/rclcpp_components/go2_perception
[15.877s] -- Up-to-date: /home/ayi/unitree_go2_ws/install/go2_perception/share/go2_perception/cmake/go2_perceptionConfig.cmake
[15.877s] -- Up-to-date: /home/ayi/unitree_go2_ws/install/go2_perception/share/go2_perception/cmake/go2_perceptionConfig-version.cmake
[15.877s] -- Up-to-date: /home/ayi/unitree_go2_ws/install/go2_perception/share/go2_perception/package.xml
[15.884s] Invoked command in '/home/ayi/unitree_go2_ws/build/go2_perception' returned '0': CMAKE_PREFIX_PATH=${CMAKE_PREFIX_PATH}:/home/ayi/unitree_go2_ws/install/go2_twist_bridge_py:/home/ayi/unitree_go2_ws/install/go2_navigation:/home/ayi/unitree_go2_ws/install/go2_driver_py:/home/ayi/unitree_go2_ws/install/go2_core:/home/ayi/dev_ws/install/learning_urdf:/home/ayi/dev_ws/install/learning_topic:/home/ayi/dev_ws/install/learning_tf:/home/ayi/dev_ws/install/learning_service:/home/ayi/dev_ws/install/learning_qos:/home/ayi/dev_ws/install/learning_pkg_python:/home/ayi/dev_ws/install/learning_parameter:/home/ayi/dev_ws/install/learning_node:/home/ayi/dev_ws/install/learning_launch:/home/ayi/dev_ws/install/learning_action:/home/ayi/dev_ws/install/learning_gazebo_harmonic:/home/ayi/dev_ws/install/learning_gazebo:/home/ayi/dev_ws/install/learning_cv:/opt/ros/humble /usr/bin/cmake --install /home/ayi/unitree_go2_ws/build/go2_perception
