[0.664s] Invoking command in '/home/ayi/unitree_go2_ws/src/go2_navigation': PYTHONPATH=/home/ayi/unitree_go2_ws/build/go2_navigation/prefix_override:/usr/lib/python3/dist-packages/colcon_core/task/python/colcon_distutils_commands:/home/ayi/unitree_go2_ws/install/go2_navigation/lib/python3.10/site-packages:${PYTHONPATH} /usr/bin/python3 -W ignore:setup.py install is deprecated -W ignore:easy_install command is deprecated setup.py egg_info --egg-base ../../build/go2_navigation build --build-base /home/ayi/unitree_go2_ws/build/go2_navigation/build install --record /home/ayi/unitree_go2_ws/build/go2_navigation/install.log --single-version-externally-managed install_data
[0.851s] running egg_info
[0.852s] creating ../../build/go2_navigation/go2_navigation.egg-info
[0.852s] writing ../../build/go2_navigation/go2_navigation.egg-info/PKG-INFO
[0.852s] writing dependency_links to ../../build/go2_navigation/go2_navigation.egg-info/dependency_links.txt
[0.856s] writing entry points to ../../build/go2_navigation/go2_navigation.egg-info/entry_points.txt
[0.856s] writing requirements to ../../build/go2_navigation/go2_navigation.egg-info/requires.txt
[0.856s] writing top-level names to ../../build/go2_navigation/go2_navigation.egg-info/top_level.txt
[0.856s] writing manifest file '../../build/go2_navigation/go2_navigation.egg-info/SOURCES.txt'
[0.856s] reading manifest file '../../build/go2_navigation/go2_navigation.egg-info/SOURCES.txt'
[0.856s] writing manifest file '../../build/go2_navigation/go2_navigation.egg-info/SOURCES.txt'
[0.856s] running build
[0.856s] running build_py
[0.857s] creating /home/ayi/unitree_go2_ws/build/go2_navigation/build
[0.857s] creating /home/ayi/unitree_go2_ws/build/go2_navigation/build/lib
[0.857s] creating /home/ayi/unitree_go2_ws/build/go2_navigation/build/lib/go2_navigation
[0.857s] copying go2_navigation/__init__.py -> /home/ayi/unitree_go2_ws/build/go2_navigation/build/lib/go2_navigation
[0.857s] running install
[0.857s] running install_lib
[0.857s] running install_data
[0.857s] running install_egg_info
[0.868s] removing '/home/ayi/unitree_go2_ws/install/go2_navigation/lib/python3.10/site-packages/go2_navigation-0.0.0-py3.10.egg-info' (and everything under it)
[0.868s] Copying ../../build/go2_navigation/go2_navigation.egg-info to /home/ayi/unitree_go2_ws/install/go2_navigation/lib/python3.10/site-packages/go2_navigation-0.0.0-py3.10.egg-info
[0.868s] running install_scripts
[0.877s] writing list of installed files to '/home/ayi/unitree_go2_ws/build/go2_navigation/install.log'
[0.895s] Invoked command in '/home/ayi/unitree_go2_ws/src/go2_navigation' returned '0': PYTHONPATH=/home/ayi/unitree_go2_ws/build/go2_navigation/prefix_override:/usr/lib/python3/dist-packages/colcon_core/task/python/colcon_distutils_commands:/home/ayi/unitree_go2_ws/install/go2_navigation/lib/python3.10/site-packages:${PYTHONPATH} /usr/bin/python3 -W ignore:setup.py install is deprecated -W ignore:easy_install command is deprecated setup.py egg_info --egg-base ../../build/go2_navigation build --build-base /home/ayi/unitree_go2_ws/build/go2_navigation/build install --record /home/ayi/unitree_go2_ws/build/go2_navigation/install.log --single-version-externally-managed install_data
