[0.037s] Invoking command in '/home/ayi/unitree_go2_ws/build/go2_twist_bridge': CMAKE_PREFIX_PATH=${CMAKE_PREFIX_PATH}:/home/ayi/unitree_go2_ws/install/go2_twist_bridge_py:/home/ayi/unitree_go2_ws/install/go2_navigation:/home/ayi/unitree_go2_ws/install/go2_driver_py:/home/ayi/unitree_go2_ws/install/go2_core:/home/ayi/unitree_go2_ws/install/go2_application:/home/ayi/dev_ws/install/learning_urdf:/home/ayi/dev_ws/install/learning_topic:/home/ayi/dev_ws/install/learning_tf:/home/ayi/dev_ws/install/learning_service:/home/ayi/dev_ws/install/learning_qos:/home/ayi/dev_ws/install/learning_pkg_python:/home/ayi/dev_ws/install/learning_parameter:/home/ayi/dev_ws/install/learning_node:/home/ayi/dev_ws/install/learning_launch:/home/ayi/dev_ws/install/learning_action:/home/ayi/dev_ws/install/learning_gazebo_harmonic:/home/ayi/dev_ws/install/learning_gazebo:/home/ayi/dev_ws/install/learning_cv:/opt/ros/humble /usr/bin/cmake /home/ayi/unitree_go2_ws/src/base/go2_twist_bridge -DCMAKE_INSTALL_PREFIX=/home/ayi/unitree_go2_ws/install/go2_twist_bridge
[0.104s] -- The C compiler identification is GNU 11.4.0
[0.154s] -- The CXX compiler identification is GNU 11.4.0
[0.161s] -- Detecting C compiler ABI info
[0.276s] -- Detecting C compiler ABI info - done
[0.285s] -- Check for working C compiler: /usr/bin/cc - skipped
[0.286s] -- Detecting C compile features
[0.288s] -- Detecting C compile features - done
[0.294s] -- Detecting CXX compiler ABI info
[0.463s] -- Detecting CXX compiler ABI info - done
[0.478s] -- Check for working CXX compiler: /usr/bin/c++ - skipped
[0.478s] -- Detecting CXX compile features
[0.479s] -- Detecting CXX compile features - done
[0.491s] -- Found ament_cmake: 1.3.12 (/opt/ros/humble/share/ament_cmake/cmake)
[0.696s] -- Found Python3: /usr/bin/python3 (found version "3.10.12") found components: Interpreter 
[0.827s] -- Found rclcpp: 16.0.15 (/opt/ros/humble/share/rclcpp/cmake)
[0.918s] -- Found rosidl_generator_c: 3.1.7 (/opt/ros/humble/share/rosidl_generator_c/cmake)
[0.945s] -- Found rosidl_adapter: 3.1.7 (/opt/ros/humble/share/rosidl_adapter/cmake)
[0.984s] -- Found rosidl_generator_cpp: 3.1.7 (/opt/ros/humble/share/rosidl_generator_cpp/cmake)
[1.006s] -- Using all available rosidl_typesupport_c: rosidl_typesupport_fastrtps_c;rosidl_typesupport_introspection_c
[1.029s] -- Using all available rosidl_typesupport_cpp: rosidl_typesupport_fastrtps_cpp;rosidl_typesupport_introspection_cpp
[1.105s] -- Found rmw_implementation_cmake: 6.1.2 (/opt/ros/humble/share/rmw_implementation_cmake/cmake)
[1.111s] -- Found rmw_cyclonedds_cpp: 1.3.4 (/home/ayi/go2_work/unitree_ros2/cyclonedds_ws/install/rmw_cyclonedds_cpp/share/rmw_cyclonedds_cpp/cmake)
[1.138s] -- Using RMW implementation 'rmw_cyclonedds_cpp' as default
[1.155s] -- Looking for pthread.h
[1.231s] -- Looking for pthread.h - found
[1.231s] -- Performing Test CMAKE_HAVE_LIBC_PTHREAD
[1.305s] -- Performing Test CMAKE_HAVE_LIBC_PTHREAD - Success
[1.305s] -- Found Threads: TRUE  
[1.427s] -- Found geometry_msgs: 4.9.0 (/opt/ros/humble/share/geometry_msgs/cmake)
[1.469s] -- Found unitree_api: 0.0.0 (/home/ayi/go2_work/unitree_ros2/cyclonedds_ws/install/unitree_api/share/unitree_api/cmake)
[1.522s] -- Found ament_lint_auto: 0.12.14 (/opt/ros/humble/share/ament_lint_auto/cmake)
[1.739s] -- Added test 'cppcheck' to perform static code analysis on C / C++ code
[1.739s] -- Configured cppcheck include dirs: $<BUILD_INTERFACE:/home/ayi/unitree_go2_ws/src/base/go2_twist_bridge/include>
[1.739s] -- Configured cppcheck exclude dirs and/or files: 
[1.739s] -- Added test 'lint_cmake' to check CMake code style
[1.748s] -- Added test 'uncrustify' to check C / C++ code style
[1.748s] -- Configured uncrustify additional arguments: 
[1.753s] -- Added test 'xmllint' to check XML markup files
[1.757s] -- Configuring done
[1.772s] -- Generating done
[1.784s] -- Build files have been written to: /home/ayi/unitree_go2_ws/build/go2_twist_bridge
[1.795s] Invoked command in '/home/ayi/unitree_go2_ws/build/go2_twist_bridge' returned '0': CMAKE_PREFIX_PATH=${CMAKE_PREFIX_PATH}:/home/ayi/unitree_go2_ws/install/go2_twist_bridge_py:/home/ayi/unitree_go2_ws/install/go2_navigation:/home/ayi/unitree_go2_ws/install/go2_driver_py:/home/ayi/unitree_go2_ws/install/go2_core:/home/ayi/unitree_go2_ws/install/go2_application:/home/ayi/dev_ws/install/learning_urdf:/home/ayi/dev_ws/install/learning_topic:/home/ayi/dev_ws/install/learning_tf:/home/ayi/dev_ws/install/learning_service:/home/ayi/dev_ws/install/learning_qos:/home/ayi/dev_ws/install/learning_pkg_python:/home/ayi/dev_ws/install/learning_parameter:/home/ayi/dev_ws/install/learning_node:/home/ayi/dev_ws/install/learning_launch:/home/ayi/dev_ws/install/learning_action:/home/ayi/dev_ws/install/learning_gazebo_harmonic:/home/ayi/dev_ws/install/learning_gazebo:/home/ayi/dev_ws/install/learning_cv:/opt/ros/humble /usr/bin/cmake /home/ayi/unitree_go2_ws/src/base/go2_twist_bridge -DCMAKE_INSTALL_PREFIX=/home/ayi/unitree_go2_ws/install/go2_twist_bridge
[1.803s] Invoking command in '/home/ayi/unitree_go2_ws/build/go2_twist_bridge': CMAKE_PREFIX_PATH=${CMAKE_PREFIX_PATH}:/home/ayi/unitree_go2_ws/install/go2_twist_bridge_py:/home/ayi/unitree_go2_ws/install/go2_navigation:/home/ayi/unitree_go2_ws/install/go2_driver_py:/home/ayi/unitree_go2_ws/install/go2_core:/home/ayi/unitree_go2_ws/install/go2_application:/home/ayi/dev_ws/install/learning_urdf:/home/ayi/dev_ws/install/learning_topic:/home/ayi/dev_ws/install/learning_tf:/home/ayi/dev_ws/install/learning_service:/home/ayi/dev_ws/install/learning_qos:/home/ayi/dev_ws/install/learning_pkg_python:/home/ayi/dev_ws/install/learning_parameter:/home/ayi/dev_ws/install/learning_node:/home/ayi/dev_ws/install/learning_launch:/home/ayi/dev_ws/install/learning_action:/home/ayi/dev_ws/install/learning_gazebo_harmonic:/home/ayi/dev_ws/install/learning_gazebo:/home/ayi/dev_ws/install/learning_cv:/opt/ros/humble /usr/bin/cmake --build /home/ayi/unitree_go2_ws/build/go2_twist_bridge -- -j2 -l2
[1.913s] [ 50%] [32mBuilding CXX object CMakeFiles/twist_bridge.dir/src/twist_bridge.cpp.o[0m
[8.537s] [100%] [32m[1mLinking CXX executable twist_bridge[0m
[8.872s] [100%] Built target twist_bridge
[8.888s] Invoked command in '/home/ayi/unitree_go2_ws/build/go2_twist_bridge' returned '0': CMAKE_PREFIX_PATH=${CMAKE_PREFIX_PATH}:/home/ayi/unitree_go2_ws/install/go2_twist_bridge_py:/home/ayi/unitree_go2_ws/install/go2_navigation:/home/ayi/unitree_go2_ws/install/go2_driver_py:/home/ayi/unitree_go2_ws/install/go2_core:/home/ayi/unitree_go2_ws/install/go2_application:/home/ayi/dev_ws/install/learning_urdf:/home/ayi/dev_ws/install/learning_topic:/home/ayi/dev_ws/install/learning_tf:/home/ayi/dev_ws/install/learning_service:/home/ayi/dev_ws/install/learning_qos:/home/ayi/dev_ws/install/learning_pkg_python:/home/ayi/dev_ws/install/learning_parameter:/home/ayi/dev_ws/install/learning_node:/home/ayi/dev_ws/install/learning_launch:/home/ayi/dev_ws/install/learning_action:/home/ayi/dev_ws/install/learning_gazebo_harmonic:/home/ayi/dev_ws/install/learning_gazebo:/home/ayi/dev_ws/install/learning_cv:/opt/ros/humble /usr/bin/cmake --build /home/ayi/unitree_go2_ws/build/go2_twist_bridge -- -j2 -l2
[8.888s] Invoking command in '/home/ayi/unitree_go2_ws/build/go2_twist_bridge': CMAKE_PREFIX_PATH=${CMAKE_PREFIX_PATH}:/home/ayi/unitree_go2_ws/install/go2_twist_bridge_py:/home/ayi/unitree_go2_ws/install/go2_navigation:/home/ayi/unitree_go2_ws/install/go2_driver_py:/home/ayi/unitree_go2_ws/install/go2_core:/home/ayi/unitree_go2_ws/install/go2_application:/home/ayi/dev_ws/install/learning_urdf:/home/ayi/dev_ws/install/learning_topic:/home/ayi/dev_ws/install/learning_tf:/home/ayi/dev_ws/install/learning_service:/home/ayi/dev_ws/install/learning_qos:/home/ayi/dev_ws/install/learning_pkg_python:/home/ayi/dev_ws/install/learning_parameter:/home/ayi/dev_ws/install/learning_node:/home/ayi/dev_ws/install/learning_launch:/home/ayi/dev_ws/install/learning_action:/home/ayi/dev_ws/install/learning_gazebo_harmonic:/home/ayi/dev_ws/install/learning_gazebo:/home/ayi/dev_ws/install/learning_cv:/opt/ros/humble /usr/bin/cmake --install /home/ayi/unitree_go2_ws/build/go2_twist_bridge
[8.905s] -- Install configuration: ""
[8.908s] -- Installing: /home/ayi/unitree_go2_ws/install/go2_twist_bridge/lib/go2_twist_bridge/twist_bridge
[8.910s] -- Set runtime path of "/home/ayi/unitree_go2_ws/install/go2_twist_bridge/lib/go2_twist_bridge/twist_bridge" to ""
[8.910s] -- Installing: /home/ayi/unitree_go2_ws/install/go2_twist_bridge/share/ament_index/resource_index/package_run_dependencies/go2_twist_bridge
[8.910s] -- Installing: /home/ayi/unitree_go2_ws/install/go2_twist_bridge/share/ament_index/resource_index/parent_prefix_path/go2_twist_bridge
[8.910s] -- Up-to-date: /home/ayi/unitree_go2_ws/install/go2_twist_bridge/share/go2_twist_bridge/environment/ament_prefix_path.sh
[8.910s] -- Installing: /home/ayi/unitree_go2_ws/install/go2_twist_bridge/share/go2_twist_bridge/environment/ament_prefix_path.dsv
[8.911s] -- Up-to-date: /home/ayi/unitree_go2_ws/install/go2_twist_bridge/share/go2_twist_bridge/environment/path.sh
[8.911s] -- Installing: /home/ayi/unitree_go2_ws/install/go2_twist_bridge/share/go2_twist_bridge/environment/path.dsv
[8.912s] -- Installing: /home/ayi/unitree_go2_ws/install/go2_twist_bridge/share/go2_twist_bridge/local_setup.bash
[8.913s] -- Installing: /home/ayi/unitree_go2_ws/install/go2_twist_bridge/share/go2_twist_bridge/local_setup.sh
[8.914s] -- Installing: /home/ayi/unitree_go2_ws/install/go2_twist_bridge/share/go2_twist_bridge/local_setup.zsh
[8.914s] -- Installing: /home/ayi/unitree_go2_ws/install/go2_twist_bridge/share/go2_twist_bridge/local_setup.dsv
[8.914s] -- Installing: /home/ayi/unitree_go2_ws/install/go2_twist_bridge/share/go2_twist_bridge/package.dsv
[8.914s] -- Installing: /home/ayi/unitree_go2_ws/install/go2_twist_bridge/share/ament_index/resource_index/packages/go2_twist_bridge
[8.915s] -- Installing: /home/ayi/unitree_go2_ws/install/go2_twist_bridge/share/go2_twist_bridge/cmake/go2_twist_bridgeConfig.cmake
[8.915s] -- Installing: /home/ayi/unitree_go2_ws/install/go2_twist_bridge/share/go2_twist_bridge/cmake/go2_twist_bridgeConfig-version.cmake
[8.915s] -- Up-to-date: /home/ayi/unitree_go2_ws/install/go2_twist_bridge/share/go2_twist_bridge/package.xml
[8.916s] Invoked command in '/home/ayi/unitree_go2_ws/build/go2_twist_bridge' returned '0': CMAKE_PREFIX_PATH=${CMAKE_PREFIX_PATH}:/home/ayi/unitree_go2_ws/install/go2_twist_bridge_py:/home/ayi/unitree_go2_ws/install/go2_navigation:/home/ayi/unitree_go2_ws/install/go2_driver_py:/home/ayi/unitree_go2_ws/install/go2_core:/home/ayi/unitree_go2_ws/install/go2_application:/home/ayi/dev_ws/install/learning_urdf:/home/ayi/dev_ws/install/learning_topic:/home/ayi/dev_ws/install/learning_tf:/home/ayi/dev_ws/install/learning_service:/home/ayi/dev_ws/install/learning_qos:/home/ayi/dev_ws/install/learning_pkg_python:/home/ayi/dev_ws/install/learning_parameter:/home/ayi/dev_ws/install/learning_node:/home/ayi/dev_ws/install/learning_launch:/home/ayi/dev_ws/install/learning_action:/home/ayi/dev_ws/install/learning_gazebo_harmonic:/home/ayi/dev_ws/install/learning_gazebo:/home/ayi/dev_ws/install/learning_cv:/opt/ros/humble /usr/bin/cmake --install /home/ayi/unitree_go2_ws/build/go2_twist_bridge
