[1.193s] Invoking command in '/home/ayi/unitree_go2_ws/src/go2_navigation': PYTHONPATH=/home/ayi/unitree_go2_ws/build/go2_navigation/prefix_override:/usr/lib/python3/dist-packages/colcon_core/task/python/colcon_distutils_commands:/home/ayi/unitree_go2_ws/install/go2_navigation/lib/python3.10/site-packages:${PYTHONPATH} /usr/bin/python3 -W ignore:setup.py install is deprecated -W ignore:easy_install command is deprecated setup.py egg_info --egg-base ../../build/go2_navigation build --build-base /home/ayi/unitree_go2_ws/build/go2_navigation/build install --record /home/ayi/unitree_go2_ws/build/go2_navigation/install.log --single-version-externally-managed install_data
[1.607s] running egg_info
[1.609s] creating ../../build/go2_navigation/go2_navigation.egg-info
[1.611s] writing ../../build/go2_navigation/go2_navigation.egg-info/PKG-INFO
[1.614s] writing dependency_links to ../../build/go2_navigation/go2_navigation.egg-info/dependency_links.txt
[1.614s] writing entry points to ../../build/go2_navigation/go2_navigation.egg-info/entry_points.txt
[1.614s] writing requirements to ../../build/go2_navigation/go2_navigation.egg-info/requires.txt
[1.614s] writing top-level names to ../../build/go2_navigation/go2_navigation.egg-info/top_level.txt
[1.614s] writing manifest file '../../build/go2_navigation/go2_navigation.egg-info/SOURCES.txt'
[1.615s] reading manifest file '../../build/go2_navigation/go2_navigation.egg-info/SOURCES.txt'
[1.616s] writing manifest file '../../build/go2_navigation/go2_navigation.egg-info/SOURCES.txt'
[1.617s] running build
[1.617s] running build_py
[1.619s] creating /home/ayi/unitree_go2_ws/build/go2_navigation/build
[1.620s] creating /home/ayi/unitree_go2_ws/build/go2_navigation/build/lib
[1.620s] creating /home/ayi/unitree_go2_ws/build/go2_navigation/build/lib/go2_navigation
[1.622s] copying go2_navigation/__init__.py -> /home/ayi/unitree_go2_ws/build/go2_navigation/build/lib/go2_navigation
[1.622s] running install
[1.622s] running install_lib
[1.624s] running install_data
[1.625s] running install_egg_info
[1.631s] removing '/home/ayi/unitree_go2_ws/install/go2_navigation/lib/python3.10/site-packages/go2_navigation-0.0.0-py3.10.egg-info' (and everything under it)
[1.634s] Copying ../../build/go2_navigation/go2_navigation.egg-info to /home/ayi/unitree_go2_ws/install/go2_navigation/lib/python3.10/site-packages/go2_navigation-0.0.0-py3.10.egg-info
[1.635s] running install_scripts
[1.667s] writing list of installed files to '/home/ayi/unitree_go2_ws/build/go2_navigation/install.log'
[1.698s] Invoked command in '/home/ayi/unitree_go2_ws/src/go2_navigation' returned '0': PYTHONPATH=/home/ayi/unitree_go2_ws/build/go2_navigation/prefix_override:/usr/lib/python3/dist-packages/colcon_core/task/python/colcon_distutils_commands:/home/ayi/unitree_go2_ws/install/go2_navigation/lib/python3.10/site-packages:${PYTHONPATH} /usr/bin/python3 -W ignore:setup.py install is deprecated -W ignore:easy_install command is deprecated setup.py egg_info --egg-base ../../build/go2_navigation build --build-base /home/ayi/unitree_go2_ws/build/go2_navigation/build install --record /home/ayi/unitree_go2_ws/build/go2_navigation/install.log --single-version-externally-managed install_data
