[0.023s] Invoking command in '/home/ayi/unitree_go2_ws/build/go2_slam': CMAKE_PREFIX_PATH=${CMAKE_PREFIX_PATH}:/home/ayi/unitree_go2_ws/install/go2_twist_bridge_py:/home/ayi/unitree_go2_ws/install/go2_navigation:/home/ayi/unitree_go2_ws/install/go2_driver_py:/home/ayi/unitree_go2_ws/install/go2_core:/home/ayi/dev_ws/install/learning_urdf:/home/ayi/dev_ws/install/learning_topic:/home/ayi/dev_ws/install/learning_tf:/home/ayi/dev_ws/install/learning_service:/home/ayi/dev_ws/install/learning_qos:/home/ayi/dev_ws/install/learning_pkg_python:/home/ayi/dev_ws/install/learning_parameter:/home/ayi/dev_ws/install/learning_node:/home/ayi/dev_ws/install/learning_launch:/home/ayi/dev_ws/install/learning_action:/home/ayi/dev_ws/install/learning_gazebo_harmonic:/home/ayi/dev_ws/install/learning_gazebo:/home/ayi/dev_ws/install/learning_cv:/opt/ros/humble /usr/bin/cmake /home/ayi/unitree_go2_ws/src/go2_slam -DCMAKE_INSTALL_PREFIX=/home/ayi/unitree_go2_ws/install/go2_slam
[0.138s] -- The C compiler identification is GNU 11.4.0
[0.232s] -- The CXX compiler identification is GNU 11.4.0
[0.245s] -- Detecting C compiler ABI info
[0.377s] -- Detecting C compiler ABI info - done
[0.392s] -- Check for working C compiler: /usr/bin/cc - skipped
[0.392s] -- Detecting C compile features
[0.392s] -- Detecting C compile features - done
[0.395s] -- Detecting CXX compiler ABI info
[0.553s] -- Detecting CXX compiler ABI info - done
[0.564s] -- Check for working CXX compiler: /usr/bin/c++ - skipped
[0.565s] -- Detecting CXX compile features
[0.565s] -- Detecting CXX compile features - done
[0.577s] -- Found ament_cmake: 1.3.12 (/opt/ros/humble/share/ament_cmake/cmake)
[0.916s] -- Found Python3: /usr/bin/python3 (found version "3.10.12") found components: Interpreter 
[1.222s] -- Found ament_lint_auto: 0.12.14 (/opt/ros/humble/share/ament_lint_auto/cmake)
[1.563s] -- Added test 'flake8' to check Python code syntax and style conventions
[1.563s] -- Added test 'lint_cmake' to check CMake code style
[1.563s] -- Added test 'pep257' to check Python code against some of the docstring style conventions in PEP 257
[1.563s] -- Added test 'xmllint' to check XML markup files
[1.564s] -- Configuring done
[1.564s] -- Generating done
[1.566s] -- Build files have been written to: /home/ayi/unitree_go2_ws/build/go2_slam
[1.578s] Invoked command in '/home/ayi/unitree_go2_ws/build/go2_slam' returned '0': CMAKE_PREFIX_PATH=${CMAKE_PREFIX_PATH}:/home/ayi/unitree_go2_ws/install/go2_twist_bridge_py:/home/ayi/unitree_go2_ws/install/go2_navigation:/home/ayi/unitree_go2_ws/install/go2_driver_py:/home/ayi/unitree_go2_ws/install/go2_core:/home/ayi/dev_ws/install/learning_urdf:/home/ayi/dev_ws/install/learning_topic:/home/ayi/dev_ws/install/learning_tf:/home/ayi/dev_ws/install/learning_service:/home/ayi/dev_ws/install/learning_qos:/home/ayi/dev_ws/install/learning_pkg_python:/home/ayi/dev_ws/install/learning_parameter:/home/ayi/dev_ws/install/learning_node:/home/ayi/dev_ws/install/learning_launch:/home/ayi/dev_ws/install/learning_action:/home/ayi/dev_ws/install/learning_gazebo_harmonic:/home/ayi/dev_ws/install/learning_gazebo:/home/ayi/dev_ws/install/learning_cv:/opt/ros/humble /usr/bin/cmake /home/ayi/unitree_go2_ws/src/go2_slam -DCMAKE_INSTALL_PREFIX=/home/ayi/unitree_go2_ws/install/go2_slam
[1.578s] Invoking command in '/home/ayi/unitree_go2_ws/build/go2_slam': CMAKE_PREFIX_PATH=${CMAKE_PREFIX_PATH}:/home/ayi/unitree_go2_ws/install/go2_twist_bridge_py:/home/ayi/unitree_go2_ws/install/go2_navigation:/home/ayi/unitree_go2_ws/install/go2_driver_py:/home/ayi/unitree_go2_ws/install/go2_core:/home/ayi/dev_ws/install/learning_urdf:/home/ayi/dev_ws/install/learning_topic:/home/ayi/dev_ws/install/learning_tf:/home/ayi/dev_ws/install/learning_service:/home/ayi/dev_ws/install/learning_qos:/home/ayi/dev_ws/install/learning_pkg_python:/home/ayi/dev_ws/install/learning_parameter:/home/ayi/dev_ws/install/learning_node:/home/ayi/dev_ws/install/learning_launch:/home/ayi/dev_ws/install/learning_action:/home/ayi/dev_ws/install/learning_gazebo_harmonic:/home/ayi/dev_ws/install/learning_gazebo:/home/ayi/dev_ws/install/learning_cv:/opt/ros/humble /usr/bin/cmake --build /home/ayi/unitree_go2_ws/build/go2_slam -- -j2 -l2
[1.707s] Invoked command in '/home/ayi/unitree_go2_ws/build/go2_slam' returned '0': CMAKE_PREFIX_PATH=${CMAKE_PREFIX_PATH}:/home/ayi/unitree_go2_ws/install/go2_twist_bridge_py:/home/ayi/unitree_go2_ws/install/go2_navigation:/home/ayi/unitree_go2_ws/install/go2_driver_py:/home/ayi/unitree_go2_ws/install/go2_core:/home/ayi/dev_ws/install/learning_urdf:/home/ayi/dev_ws/install/learning_topic:/home/ayi/dev_ws/install/learning_tf:/home/ayi/dev_ws/install/learning_service:/home/ayi/dev_ws/install/learning_qos:/home/ayi/dev_ws/install/learning_pkg_python:/home/ayi/dev_ws/install/learning_parameter:/home/ayi/dev_ws/install/learning_node:/home/ayi/dev_ws/install/learning_launch:/home/ayi/dev_ws/install/learning_action:/home/ayi/dev_ws/install/learning_gazebo_harmonic:/home/ayi/dev_ws/install/learning_gazebo:/home/ayi/dev_ws/install/learning_cv:/opt/ros/humble /usr/bin/cmake --build /home/ayi/unitree_go2_ws/build/go2_slam -- -j2 -l2
[1.712s] Invoking command in '/home/ayi/unitree_go2_ws/build/go2_slam': CMAKE_PREFIX_PATH=${CMAKE_PREFIX_PATH}:/home/ayi/unitree_go2_ws/install/go2_twist_bridge_py:/home/ayi/unitree_go2_ws/install/go2_navigation:/home/ayi/unitree_go2_ws/install/go2_driver_py:/home/ayi/unitree_go2_ws/install/go2_core:/home/ayi/dev_ws/install/learning_urdf:/home/ayi/dev_ws/install/learning_topic:/home/ayi/dev_ws/install/learning_tf:/home/ayi/dev_ws/install/learning_service:/home/ayi/dev_ws/install/learning_qos:/home/ayi/dev_ws/install/learning_pkg_python:/home/ayi/dev_ws/install/learning_parameter:/home/ayi/dev_ws/install/learning_node:/home/ayi/dev_ws/install/learning_launch:/home/ayi/dev_ws/install/learning_action:/home/ayi/dev_ws/install/learning_gazebo_harmonic:/home/ayi/dev_ws/install/learning_gazebo:/home/ayi/dev_ws/install/learning_cv:/opt/ros/humble /usr/bin/cmake --install /home/ayi/unitree_go2_ws/build/go2_slam
[1.739s] -- Install configuration: ""
[1.740s] -- Up-to-date: /home/ayi/unitree_go2_ws/install/go2_slam/share/go2_slam/launch
[1.740s] -- Up-to-date: /home/ayi/unitree_go2_ws/install/go2_slam/share/go2_slam/launch/go2_slamtoolbox.launch.py
[1.740s] -- Up-to-date: /home/ayi/unitree_go2_ws/install/go2_slam/share/go2_slam/config
[1.740s] -- Up-to-date: /home/ayi/unitree_go2_ws/install/go2_slam/share/go2_slam/config/mapper_params_online_async.yaml
[1.741s] -- Installing: /home/ayi/unitree_go2_ws/install/go2_slam/share/ament_index/resource_index/package_run_dependencies/go2_slam
[1.745s] -- Installing: /home/ayi/unitree_go2_ws/install/go2_slam/share/ament_index/resource_index/parent_prefix_path/go2_slam
[1.745s] -- Up-to-date: /home/ayi/unitree_go2_ws/install/go2_slam/share/go2_slam/environment/ament_prefix_path.sh
[1.745s] -- Installing: /home/ayi/unitree_go2_ws/install/go2_slam/share/go2_slam/environment/ament_prefix_path.dsv
[1.746s] -- Up-to-date: /home/ayi/unitree_go2_ws/install/go2_slam/share/go2_slam/environment/path.sh
[1.746s] -- Installing: /home/ayi/unitree_go2_ws/install/go2_slam/share/go2_slam/environment/path.dsv
[1.746s] -- Installing: /home/ayi/unitree_go2_ws/install/go2_slam/share/go2_slam/local_setup.bash
[1.747s] -- Installing: /home/ayi/unitree_go2_ws/install/go2_slam/share/go2_slam/local_setup.sh
[1.750s] -- Installing: /home/ayi/unitree_go2_ws/install/go2_slam/share/go2_slam/local_setup.zsh
[1.750s] -- Installing: /home/ayi/unitree_go2_ws/install/go2_slam/share/go2_slam/local_setup.dsv
[1.750s] -- Installing: /home/ayi/unitree_go2_ws/install/go2_slam/share/go2_slam/package.dsv
[1.750s] -- Installing: /home/ayi/unitree_go2_ws/install/go2_slam/share/ament_index/resource_index/packages/go2_slam
[1.750s] -- Installing: /home/ayi/unitree_go2_ws/install/go2_slam/share/go2_slam/cmake/go2_slamConfig.cmake
[1.750s] -- Installing: /home/ayi/unitree_go2_ws/install/go2_slam/share/go2_slam/cmake/go2_slamConfig-version.cmake
[1.751s] -- Up-to-date: /home/ayi/unitree_go2_ws/install/go2_slam/share/go2_slam/package.xml
[1.758s] Invoked command in '/home/ayi/unitree_go2_ws/build/go2_slam' returned '0': CMAKE_PREFIX_PATH=${CMAKE_PREFIX_PATH}:/home/ayi/unitree_go2_ws/install/go2_twist_bridge_py:/home/ayi/unitree_go2_ws/install/go2_navigation:/home/ayi/unitree_go2_ws/install/go2_driver_py:/home/ayi/unitree_go2_ws/install/go2_core:/home/ayi/dev_ws/install/learning_urdf:/home/ayi/dev_ws/install/learning_topic:/home/ayi/dev_ws/install/learning_tf:/home/ayi/dev_ws/install/learning_service:/home/ayi/dev_ws/install/learning_qos:/home/ayi/dev_ws/install/learning_pkg_python:/home/ayi/dev_ws/install/learning_parameter:/home/ayi/dev_ws/install/learning_node:/home/ayi/dev_ws/install/learning_launch:/home/ayi/dev_ws/install/learning_action:/home/ayi/dev_ws/install/learning_gazebo_harmonic:/home/ayi/dev_ws/install/learning_gazebo:/home/ayi/dev_ws/install/learning_cv:/opt/ros/humble /usr/bin/cmake --install /home/ayi/unitree_go2_ws/build/go2_slam
