[0.784s] Invoking command in '/home/ayi/unitree_go2_ws/src/go2_camera': PYTHONPATH=/home/ayi/unitree_go2_ws/build/go2_camera/prefix_override:/usr/lib/python3/dist-packages/colcon_core/task/python/colcon_distutils_commands:/home/ayi/unitree_go2_ws/install/go2_camera/lib/python3.10/site-packages:${PYTHONPATH} /usr/bin/python3 -W ignore:setup.py install is deprecated -W ignore:easy_install command is deprecated setup.py egg_info --egg-base ../../build/go2_camera build --build-base /home/ayi/unitree_go2_ws/build/go2_camera/build install --record /home/ayi/unitree_go2_ws/build/go2_camera/install.log --single-version-externally-managed install_data
[0.984s] running egg_info
[0.985s] creating ../../build/go2_camera/go2_camera.egg-info
[0.985s] writing ../../build/go2_camera/go2_camera.egg-info/PKG-INFO
[0.985s] writing dependency_links to ../../build/go2_camera/go2_camera.egg-info/dependency_links.txt
[0.985s] writing entry points to ../../build/go2_camera/go2_camera.egg-info/entry_points.txt
[0.985s] writing requirements to ../../build/go2_camera/go2_camera.egg-info/requires.txt
[0.985s] writing top-level names to ../../build/go2_camera/go2_camera.egg-info/top_level.txt
[0.985s] writing manifest file '../../build/go2_camera/go2_camera.egg-info/SOURCES.txt'
[0.986s] reading manifest file '../../build/go2_camera/go2_camera.egg-info/SOURCES.txt'
[0.986s] writing manifest file '../../build/go2_camera/go2_camera.egg-info/SOURCES.txt'
[0.987s] running build
[0.987s] running build_py
[0.987s] creating /home/ayi/unitree_go2_ws/build/go2_camera/build
[0.987s] creating /home/ayi/unitree_go2_ws/build/go2_camera/build/lib
[0.987s] creating /home/ayi/unitree_go2_ws/build/go2_camera/build/lib/go2_camera
[0.987s] copying go2_camera/go2_video.py -> /home/ayi/unitree_go2_ws/build/go2_camera/build/lib/go2_camera
[0.988s] copying go2_camera/camera_opencv.py -> /home/ayi/unitree_go2_ws/build/go2_camera/build/lib/go2_camera
[0.988s] copying go2_camera/__init__.py -> /home/ayi/unitree_go2_ws/build/go2_camera/build/lib/go2_camera
[0.988s] copying go2_camera/yolo_detector.py -> /home/ayi/unitree_go2_ws/build/go2_camera/build/lib/go2_camera
[0.988s] running install
[0.988s] running install_lib
[0.990s] running install_data
[0.990s] running install_egg_info
[0.991s] removing '/home/ayi/unitree_go2_ws/install/go2_camera/lib/python3.10/site-packages/go2_camera-0.0.0-py3.10.egg-info' (and everything under it)
[0.995s] Copying ../../build/go2_camera/go2_camera.egg-info to /home/ayi/unitree_go2_ws/install/go2_camera/lib/python3.10/site-packages/go2_camera-0.0.0-py3.10.egg-info
[0.997s] running install_scripts
[1.017s] Installing camera_opencv script to /home/ayi/unitree_go2_ws/install/go2_camera/lib/go2_camera
[1.018s] Installing go2_video script to /home/ayi/unitree_go2_ws/install/go2_camera/lib/go2_camera
[1.018s] writing list of installed files to '/home/ayi/unitree_go2_ws/build/go2_camera/install.log'
[1.041s] Invoked command in '/home/ayi/unitree_go2_ws/src/go2_camera' returned '0': PYTHONPATH=/home/ayi/unitree_go2_ws/build/go2_camera/prefix_override:/usr/lib/python3/dist-packages/colcon_core/task/python/colcon_distutils_commands:/home/ayi/unitree_go2_ws/install/go2_camera/lib/python3.10/site-packages:${PYTHONPATH} /usr/bin/python3 -W ignore:setup.py install is deprecated -W ignore:easy_install command is deprecated setup.py egg_info --egg-base ../../build/go2_camera build --build-base /home/ayi/unitree_go2_ws/build/go2_camera/build install --record /home/ayi/unitree_go2_ws/build/go2_camera/install.log --single-version-externally-managed install_data
