[0.071s] DEBUG:colcon:Command line arguments: ['/usr/bin/colcon', 'build']
[0.071s] DEBUG:colcon:Parsed command line arguments: Namespace(log_base=None, log_level=None, verb_name='build', build_base='build', install_base='install', merge_install=False, symlink_install=False, test_result_base=None, continue_on_error=False, executor='parallel', parallel_workers=2, event_handlers=None, ignore_user_meta=False, metas=['./colcon.meta'], base_paths=['.'], packages_ignore=None, packages_ignore_regex=None, paths=None, packages_up_to=None, packages_up_to_regex=None, packages_above=None, packages_above_and_dependencies=None, packages_above_depth=None, packages_select_by_dep=None, packages_skip_by_dep=None, packages_skip_up_to=None, packages_select_build_failed=False, packages_skip_build_finished=False, packages_select_test_failures=False, packages_skip_test_passed=False, packages_select=None, packages_skip=None, packages_select_regex=None, packages_skip_regex=None, packages_start=None, packages_end=None, allow_overriding=[], cmake_args=None, cmake_target=None, cmake_target_skip_unavailable=False, cmake_clean_cache=False, cmake_clean_first=False, cmake_force_configure=False, ament_cmake_args=None, catkin_cmake_args=None, catkin_skip_building_tests=False, verb_parser=<colcon_defaults.argument_parser.defaults.DefaultArgumentsDecorator object at 0x72fa69727be0>, verb_extension=<colcon_core.verb.build.BuildVerb object at 0x72fa696e14e0>, main=<bound method BuildVerb.main of <colcon_core.verb.build.BuildVerb object at 0x72fa696e14e0>>)
[0.180s] Level 1:colcon.colcon_core.package_discovery:discover_packages(colcon_meta) check parameters
[0.180s] Level 1:colcon.colcon_core.package_discovery:discover_packages(recursive) check parameters
[0.180s] Level 1:colcon.colcon_core.package_discovery:discover_packages(ignore) check parameters
[0.180s] Level 1:colcon.colcon_core.package_discovery:discover_packages(path) check parameters
[0.180s] Level 1:colcon.colcon_core.package_discovery:discover_packages(colcon_meta) discover
[0.180s] Level 1:colcon.colcon_core.package_discovery:discover_packages(recursive) discover
[0.181s] INFO:colcon.colcon_core.package_discovery:Crawling recursively for packages in '/home/ayi/unitree_go2_ws'
[0.181s] Level 1:colcon.colcon_core.package_identification:_identify(.) by extensions ['ignore', 'ignore_ament_install']
[0.181s] Level 1:colcon.colcon_core.package_identification:_identify(.) by extension 'ignore'
[0.181s] Level 1:colcon.colcon_core.package_identification:_identify(.) by extension 'ignore_ament_install'
[0.181s] Level 1:colcon.colcon_core.package_identification:_identify(.) by extensions ['colcon_pkg']
[0.181s] Level 1:colcon.colcon_core.package_identification:_identify(.) by extension 'colcon_pkg'
[0.181s] Level 1:colcon.colcon_core.package_identification:_identify(.) by extensions ['colcon_meta']
[0.181s] Level 1:colcon.colcon_core.package_identification:_identify(.) by extension 'colcon_meta'
[0.181s] Level 1:colcon.colcon_core.package_identification:_identify(.) by extensions ['ros']
[0.181s] Level 1:colcon.colcon_core.package_identification:_identify(.) by extension 'ros'
[0.188s] Level 1:colcon.colcon_core.package_identification:_identify(.) by extensions ['cmake', 'python']
[0.188s] Level 1:colcon.colcon_core.package_identification:_identify(.) by extension 'cmake'
[0.188s] Level 1:colcon.colcon_core.package_identification:_identify(.) by extension 'python'
[0.188s] Level 1:colcon.colcon_core.package_identification:_identify(.) by extensions ['python_setup_py']
[0.188s] Level 1:colcon.colcon_core.package_identification:_identify(.) by extension 'python_setup_py'
[0.188s] Level 1:colcon.colcon_core.package_identification:_identify(build) by extensions ['ignore', 'ignore_ament_install']
[0.188s] Level 1:colcon.colcon_core.package_identification:_identify(build) by extension 'ignore'
[0.188s] Level 1:colcon.colcon_core.package_identification:_identify(build) ignored
[0.188s] Level 1:colcon.colcon_core.package_identification:_identify(install) by extensions ['ignore', 'ignore_ament_install']
[0.188s] Level 1:colcon.colcon_core.package_identification:_identify(install) by extension 'ignore'
[0.189s] Level 1:colcon.colcon_core.package_identification:_identify(install) ignored
[0.189s] Level 1:colcon.colcon_core.package_identification:_identify(log) by extensions ['ignore', 'ignore_ament_install']
[0.189s] Level 1:colcon.colcon_core.package_identification:_identify(log) by extension 'ignore'
[0.189s] Level 1:colcon.colcon_core.package_identification:_identify(log) ignored
[0.189s] Level 1:colcon.colcon_core.package_identification:_identify(src) by extensions ['ignore', 'ignore_ament_install']
[0.189s] Level 1:colcon.colcon_core.package_identification:_identify(src) by extension 'ignore'
[0.189s] Level 1:colcon.colcon_core.package_identification:_identify(src) by extension 'ignore_ament_install'
[0.189s] Level 1:colcon.colcon_core.package_identification:_identify(src) by extensions ['colcon_pkg']
[0.189s] Level 1:colcon.colcon_core.package_identification:_identify(src) by extension 'colcon_pkg'
[0.189s] Level 1:colcon.colcon_core.package_identification:_identify(src) by extensions ['colcon_meta']
[0.189s] Level 1:colcon.colcon_core.package_identification:_identify(src) by extension 'colcon_meta'
[0.189s] Level 1:colcon.colcon_core.package_identification:_identify(src) by extensions ['ros']
[0.189s] Level 1:colcon.colcon_core.package_identification:_identify(src) by extension 'ros'
[0.189s] Level 1:colcon.colcon_core.package_identification:_identify(src) by extensions ['cmake', 'python']
[0.189s] Level 1:colcon.colcon_core.package_identification:_identify(src) by extension 'cmake'
[0.189s] Level 1:colcon.colcon_core.package_identification:_identify(src) by extension 'python'
[0.189s] Level 1:colcon.colcon_core.package_identification:_identify(src) by extensions ['python_setup_py']
[0.189s] Level 1:colcon.colcon_core.package_identification:_identify(src) by extension 'python_setup_py'
[0.189s] Level 1:colcon.colcon_core.package_identification:_identify(src/base) by extensions ['ignore', 'ignore_ament_install']
[0.189s] Level 1:colcon.colcon_core.package_identification:_identify(src/base) by extension 'ignore'
[0.189s] Level 1:colcon.colcon_core.package_identification:_identify(src/base) by extension 'ignore_ament_install'
[0.189s] Level 1:colcon.colcon_core.package_identification:_identify(src/base) by extensions ['colcon_pkg']
[0.189s] Level 1:colcon.colcon_core.package_identification:_identify(src/base) by extension 'colcon_pkg'
[0.189s] Level 1:colcon.colcon_core.package_identification:_identify(src/base) by extensions ['colcon_meta']
[0.189s] Level 1:colcon.colcon_core.package_identification:_identify(src/base) by extension 'colcon_meta'
[0.190s] Level 1:colcon.colcon_core.package_identification:_identify(src/base) by extensions ['ros']
[0.190s] Level 1:colcon.colcon_core.package_identification:_identify(src/base) by extension 'ros'
[0.190s] Level 1:colcon.colcon_core.package_identification:_identify(src/base) by extensions ['cmake', 'python']
[0.190s] Level 1:colcon.colcon_core.package_identification:_identify(src/base) by extension 'cmake'
[0.190s] Level 1:colcon.colcon_core.package_identification:_identify(src/base) by extension 'python'
[0.190s] Level 1:colcon.colcon_core.package_identification:_identify(src/base) by extensions ['python_setup_py']
[0.190s] Level 1:colcon.colcon_core.package_identification:_identify(src/base) by extension 'python_setup_py'
[0.190s] Level 1:colcon.colcon_core.package_identification:_identify(src/base/go2_core) by extensions ['ignore', 'ignore_ament_install']
[0.190s] Level 1:colcon.colcon_core.package_identification:_identify(src/base/go2_core) by extension 'ignore'
[0.190s] Level 1:colcon.colcon_core.package_identification:_identify(src/base/go2_core) by extension 'ignore_ament_install'
[0.190s] Level 1:colcon.colcon_core.package_identification:_identify(src/base/go2_core) by extensions ['colcon_pkg']
[0.190s] Level 1:colcon.colcon_core.package_identification:_identify(src/base/go2_core) by extension 'colcon_pkg'
[0.190s] Level 1:colcon.colcon_core.package_identification:_identify(src/base/go2_core) by extensions ['colcon_meta']
[0.190s] Level 1:colcon.colcon_core.package_identification:_identify(src/base/go2_core) by extension 'colcon_meta'
[0.190s] Level 1:colcon.colcon_core.package_identification:_identify(src/base/go2_core) by extensions ['ros']
[0.190s] Level 1:colcon.colcon_core.package_identification:_identify(src/base/go2_core) by extension 'ros'
[0.192s] DEBUG:colcon.colcon_core.package_identification:Package 'src/base/go2_core' with type 'ros.ament_python' and name 'go2_core'
[0.192s] Level 1:colcon.colcon_core.package_identification:_identify(src/base/go2_driver_py) by extensions ['ignore', 'ignore_ament_install']
[0.192s] Level 1:colcon.colcon_core.package_identification:_identify(src/base/go2_driver_py) by extension 'ignore'
[0.192s] Level 1:colcon.colcon_core.package_identification:_identify(src/base/go2_driver_py) by extension 'ignore_ament_install'
[0.192s] Level 1:colcon.colcon_core.package_identification:_identify(src/base/go2_driver_py) by extensions ['colcon_pkg']
[0.192s] Level 1:colcon.colcon_core.package_identification:_identify(src/base/go2_driver_py) by extension 'colcon_pkg'
[0.192s] Level 1:colcon.colcon_core.package_identification:_identify(src/base/go2_driver_py) by extensions ['colcon_meta']
[0.192s] Level 1:colcon.colcon_core.package_identification:_identify(src/base/go2_driver_py) by extension 'colcon_meta'
[0.192s] Level 1:colcon.colcon_core.package_identification:_identify(src/base/go2_driver_py) by extensions ['ros']
[0.192s] Level 1:colcon.colcon_core.package_identification:_identify(src/base/go2_driver_py) by extension 'ros'
[0.193s] DEBUG:colcon.colcon_core.package_identification:Package 'src/base/go2_driver_py' with type 'ros.ament_python' and name 'go2_driver_py'
[0.193s] Level 1:colcon.colcon_core.package_identification:_identify(src/base/go2_twist_bridge_py) by extensions ['ignore', 'ignore_ament_install']
[0.193s] Level 1:colcon.colcon_core.package_identification:_identify(src/base/go2_twist_bridge_py) by extension 'ignore'
[0.193s] Level 1:colcon.colcon_core.package_identification:_identify(src/base/go2_twist_bridge_py) by extension 'ignore_ament_install'
[0.193s] Level 1:colcon.colcon_core.package_identification:_identify(src/base/go2_twist_bridge_py) by extensions ['colcon_pkg']
[0.193s] Level 1:colcon.colcon_core.package_identification:_identify(src/base/go2_twist_bridge_py) by extension 'colcon_pkg'
[0.193s] Level 1:colcon.colcon_core.package_identification:_identify(src/base/go2_twist_bridge_py) by extensions ['colcon_meta']
[0.193s] Level 1:colcon.colcon_core.package_identification:_identify(src/base/go2_twist_bridge_py) by extension 'colcon_meta'
[0.193s] Level 1:colcon.colcon_core.package_identification:_identify(src/base/go2_twist_bridge_py) by extensions ['ros']
[0.193s] Level 1:colcon.colcon_core.package_identification:_identify(src/base/go2_twist_bridge_py) by extension 'ros'
[0.194s] DEBUG:colcon.colcon_core.package_identification:Package 'src/base/go2_twist_bridge_py' with type 'ros.ament_python' and name 'go2_twist_bridge_py'
[0.194s] Level 1:colcon.colcon_core.package_identification:_identify(src/go2_description) by extensions ['ignore', 'ignore_ament_install']
[0.194s] Level 1:colcon.colcon_core.package_identification:_identify(src/go2_description) by extension 'ignore'
[0.194s] Level 1:colcon.colcon_core.package_identification:_identify(src/go2_description) by extension 'ignore_ament_install'
[0.194s] Level 1:colcon.colcon_core.package_identification:_identify(src/go2_description) by extensions ['colcon_pkg']
[0.194s] Level 1:colcon.colcon_core.package_identification:_identify(src/go2_description) by extension 'colcon_pkg'
[0.194s] Level 1:colcon.colcon_core.package_identification:_identify(src/go2_description) by extensions ['colcon_meta']
[0.194s] Level 1:colcon.colcon_core.package_identification:_identify(src/go2_description) by extension 'colcon_meta'
[0.194s] Level 1:colcon.colcon_core.package_identification:_identify(src/go2_description) by extensions ['ros']
[0.194s] Level 1:colcon.colcon_core.package_identification:_identify(src/go2_description) by extension 'ros'
[0.195s] DEBUG:colcon.colcon_core.package_identification:Package 'src/go2_description' with type 'ros.ament_cmake' and name 'go2_description'
[0.195s] Level 1:colcon.colcon_core.package_identification:_identify(src/go2_perception) by extensions ['ignore', 'ignore_ament_install']
[0.195s] Level 1:colcon.colcon_core.package_identification:_identify(src/go2_perception) by extension 'ignore'
[0.195s] Level 1:colcon.colcon_core.package_identification:_identify(src/go2_perception) by extension 'ignore_ament_install'
[0.195s] Level 1:colcon.colcon_core.package_identification:_identify(src/go2_perception) by extensions ['colcon_pkg']
[0.195s] Level 1:colcon.colcon_core.package_identification:_identify(src/go2_perception) by extension 'colcon_pkg'
[0.195s] Level 1:colcon.colcon_core.package_identification:_identify(src/go2_perception) by extensions ['colcon_meta']
[0.195s] Level 1:colcon.colcon_core.package_identification:_identify(src/go2_perception) by extension 'colcon_meta'
[0.195s] Level 1:colcon.colcon_core.package_identification:_identify(src/go2_perception) by extensions ['ros']
[0.195s] Level 1:colcon.colcon_core.package_identification:_identify(src/go2_perception) by extension 'ros'
[0.195s] DEBUG:colcon.colcon_core.package_identification:Package 'src/go2_perception' with type 'ros.ament_cmake' and name 'go2_perception'
[0.195s] Level 1:colcon.colcon_core.package_identification:_identify(src/go2_slam) by extensions ['ignore', 'ignore_ament_install']
[0.195s] Level 1:colcon.colcon_core.package_identification:_identify(src/go2_slam) by extension 'ignore'
[0.195s] Level 1:colcon.colcon_core.package_identification:_identify(src/go2_slam) by extension 'ignore_ament_install'
[0.196s] Level 1:colcon.colcon_core.package_identification:_identify(src/go2_slam) by extensions ['colcon_pkg']
[0.196s] Level 1:colcon.colcon_core.package_identification:_identify(src/go2_slam) by extension 'colcon_pkg'
[0.196s] Level 1:colcon.colcon_core.package_identification:_identify(src/go2_slam) by extensions ['colcon_meta']
[0.196s] Level 1:colcon.colcon_core.package_identification:_identify(src/go2_slam) by extension 'colcon_meta'
[0.196s] Level 1:colcon.colcon_core.package_identification:_identify(src/go2_slam) by extensions ['ros']
[0.196s] Level 1:colcon.colcon_core.package_identification:_identify(src/go2_slam) by extension 'ros'
[0.196s] DEBUG:colcon.colcon_core.package_identification:Package 'src/go2_slam' with type 'ros.ament_cmake' and name 'go2_slam'
[0.196s] Level 1:colcon.colcon_core.package_discovery:discover_packages(recursive) using defaults
[0.196s] Level 1:colcon.colcon_core.package_discovery:discover_packages(ignore) discover
[0.196s] Level 1:colcon.colcon_core.package_discovery:discover_packages(ignore) using defaults
[0.196s] Level 1:colcon.colcon_core.package_discovery:discover_packages(path) discover
[0.196s] Level 1:colcon.colcon_core.package_discovery:discover_packages(path) using defaults
[0.218s] Level 1:colcon.colcon_core.package_discovery:discover_packages(prefix_path) check parameters
[0.218s] Level 1:colcon.colcon_core.package_discovery:discover_packages(prefix_path) discover
[0.220s] DEBUG:colcon.colcon_installed_package_information.package_discovery:Found 7 installed packages in /home/ayi/unitree_go2_ws/install
[0.221s] DEBUG:colcon.colcon_installed_package_information.package_discovery:Found 5 installed packages in /home/ayi/go2_work/unitree_ros2/cyclonedds_ws/install
[0.221s] DEBUG:colcon.colcon_installed_package_information.package_discovery:Found 21 installed packages in /home/ayi/dev_ws/install
[0.223s] DEBUG:colcon.colcon_installed_package_information.package_discovery:Found 343 installed packages in /opt/ros/humble
[0.224s] Level 1:colcon.colcon_core.package_discovery:discover_packages(prefix_path) using defaults
[0.254s] Level 5:colcon.colcon_core.verb:set package 'go2_core' build argument 'cmake_args' from command line to 'None'
[0.254s] Level 5:colcon.colcon_core.verb:set package 'go2_core' build argument 'cmake_target' from command line to 'None'
[0.254s] Level 5:colcon.colcon_core.verb:set package 'go2_core' build argument 'cmake_target_skip_unavailable' from command line to 'False'
[0.254s] Level 5:colcon.colcon_core.verb:set package 'go2_core' build argument 'cmake_clean_cache' from command line to 'False'
[0.254s] Level 5:colcon.colcon_core.verb:set package 'go2_core' build argument 'cmake_clean_first' from command line to 'False'
[0.254s] Level 5:colcon.colcon_core.verb:set package 'go2_core' build argument 'cmake_force_configure' from command line to 'False'
[0.254s] Level 5:colcon.colcon_core.verb:set package 'go2_core' build argument 'ament_cmake_args' from command line to 'None'
[0.254s] Level 5:colcon.colcon_core.verb:set package 'go2_core' build argument 'catkin_cmake_args' from command line to 'None'
[0.254s] Level 5:colcon.colcon_core.verb:set package 'go2_core' build argument 'catkin_skip_building_tests' from command line to 'False'
[0.254s] DEBUG:colcon.colcon_core.verb:Building package 'go2_core' with the following arguments: {'ament_cmake_args': None, 'build_base': '/home/ayi/unitree_go2_ws/build/go2_core', 'catkin_cmake_args': None, 'catkin_skip_building_tests': False, 'cmake_args': None, 'cmake_clean_cache': False, 'cmake_clean_first': False, 'cmake_force_configure': False, 'cmake_target': None, 'cmake_target_skip_unavailable': False, 'install_base': '/home/ayi/unitree_go2_ws/install/go2_core', 'merge_install': False, 'path': '/home/ayi/unitree_go2_ws/src/base/go2_core', 'symlink_install': False, 'test_result_base': None}
[0.254s] Level 5:colcon.colcon_core.verb:set package 'go2_description' build argument 'cmake_args' from command line to 'None'
[0.254s] Level 5:colcon.colcon_core.verb:set package 'go2_description' build argument 'cmake_target' from command line to 'None'
[0.254s] Level 5:colcon.colcon_core.verb:set package 'go2_description' build argument 'cmake_target_skip_unavailable' from command line to 'False'
[0.254s] Level 5:colcon.colcon_core.verb:set package 'go2_description' build argument 'cmake_clean_cache' from command line to 'False'
[0.254s] Level 5:colcon.colcon_core.verb:set package 'go2_description' build argument 'cmake_clean_first' from command line to 'False'
[0.254s] Level 5:colcon.colcon_core.verb:set package 'go2_description' build argument 'cmake_force_configure' from command line to 'False'
[0.254s] Level 5:colcon.colcon_core.verb:set package 'go2_description' build argument 'ament_cmake_args' from command line to 'None'
[0.254s] Level 5:colcon.colcon_core.verb:set package 'go2_description' build argument 'catkin_cmake_args' from command line to 'None'
[0.254s] Level 5:colcon.colcon_core.verb:set package 'go2_description' build argument 'catkin_skip_building_tests' from command line to 'False'
[0.254s] DEBUG:colcon.colcon_core.verb:Building package 'go2_description' with the following arguments: {'ament_cmake_args': None, 'build_base': '/home/ayi/unitree_go2_ws/build/go2_description', 'catkin_cmake_args': None, 'catkin_skip_building_tests': False, 'cmake_args': None, 'cmake_clean_cache': False, 'cmake_clean_first': False, 'cmake_force_configure': False, 'cmake_target': None, 'cmake_target_skip_unavailable': False, 'install_base': '/home/ayi/unitree_go2_ws/install/go2_description', 'merge_install': False, 'path': '/home/ayi/unitree_go2_ws/src/go2_description', 'symlink_install': False, 'test_result_base': None}
[0.254s] Level 5:colcon.colcon_core.verb:set package 'go2_driver_py' build argument 'cmake_args' from command line to 'None'
[0.254s] Level 5:colcon.colcon_core.verb:set package 'go2_driver_py' build argument 'cmake_target' from command line to 'None'
[0.254s] Level 5:colcon.colcon_core.verb:set package 'go2_driver_py' build argument 'cmake_target_skip_unavailable' from command line to 'False'
[0.254s] Level 5:colcon.colcon_core.verb:set package 'go2_driver_py' build argument 'cmake_clean_cache' from command line to 'False'
[0.254s] Level 5:colcon.colcon_core.verb:set package 'go2_driver_py' build argument 'cmake_clean_first' from command line to 'False'
[0.254s] Level 5:colcon.colcon_core.verb:set package 'go2_driver_py' build argument 'cmake_force_configure' from command line to 'False'
[0.254s] Level 5:colcon.colcon_core.verb:set package 'go2_driver_py' build argument 'ament_cmake_args' from command line to 'None'
[0.254s] Level 5:colcon.colcon_core.verb:set package 'go2_driver_py' build argument 'catkin_cmake_args' from command line to 'None'
[0.254s] Level 5:colcon.colcon_core.verb:set package 'go2_driver_py' build argument 'catkin_skip_building_tests' from command line to 'False'
[0.254s] DEBUG:colcon.colcon_core.verb:Building package 'go2_driver_py' with the following arguments: {'ament_cmake_args': None, 'build_base': '/home/ayi/unitree_go2_ws/build/go2_driver_py', 'catkin_cmake_args': None, 'catkin_skip_building_tests': False, 'cmake_args': None, 'cmake_clean_cache': False, 'cmake_clean_first': False, 'cmake_force_configure': False, 'cmake_target': None, 'cmake_target_skip_unavailable': False, 'install_base': '/home/ayi/unitree_go2_ws/install/go2_driver_py', 'merge_install': False, 'path': '/home/ayi/unitree_go2_ws/src/base/go2_driver_py', 'symlink_install': False, 'test_result_base': None}
[0.255s] Level 5:colcon.colcon_core.verb:set package 'go2_perception' build argument 'cmake_args' from command line to 'None'
[0.255s] Level 5:colcon.colcon_core.verb:set package 'go2_perception' build argument 'cmake_target' from command line to 'None'
[0.255s] Level 5:colcon.colcon_core.verb:set package 'go2_perception' build argument 'cmake_target_skip_unavailable' from command line to 'False'
[0.255s] Level 5:colcon.colcon_core.verb:set package 'go2_perception' build argument 'cmake_clean_cache' from command line to 'False'
[0.255s] Level 5:colcon.colcon_core.verb:set package 'go2_perception' build argument 'cmake_clean_first' from command line to 'False'
[0.255s] Level 5:colcon.colcon_core.verb:set package 'go2_perception' build argument 'cmake_force_configure' from command line to 'False'
[0.255s] Level 5:colcon.colcon_core.verb:set package 'go2_perception' build argument 'ament_cmake_args' from command line to 'None'
[0.255s] Level 5:colcon.colcon_core.verb:set package 'go2_perception' build argument 'catkin_cmake_args' from command line to 'None'
[0.255s] Level 5:colcon.colcon_core.verb:set package 'go2_perception' build argument 'catkin_skip_building_tests' from command line to 'False'
[0.255s] DEBUG:colcon.colcon_core.verb:Building package 'go2_perception' with the following arguments: {'ament_cmake_args': None, 'build_base': '/home/ayi/unitree_go2_ws/build/go2_perception', 'catkin_cmake_args': None, 'catkin_skip_building_tests': False, 'cmake_args': None, 'cmake_clean_cache': False, 'cmake_clean_first': False, 'cmake_force_configure': False, 'cmake_target': None, 'cmake_target_skip_unavailable': False, 'install_base': '/home/ayi/unitree_go2_ws/install/go2_perception', 'merge_install': False, 'path': '/home/ayi/unitree_go2_ws/src/go2_perception', 'symlink_install': False, 'test_result_base': None}
[0.255s] Level 5:colcon.colcon_core.verb:set package 'go2_slam' build argument 'cmake_args' from command line to 'None'
[0.255s] Level 5:colcon.colcon_core.verb:set package 'go2_slam' build argument 'cmake_target' from command line to 'None'
[0.255s] Level 5:colcon.colcon_core.verb:set package 'go2_slam' build argument 'cmake_target_skip_unavailable' from command line to 'False'
[0.255s] Level 5:colcon.colcon_core.verb:set package 'go2_slam' build argument 'cmake_clean_cache' from command line to 'False'
[0.255s] Level 5:colcon.colcon_core.verb:set package 'go2_slam' build argument 'cmake_clean_first' from command line to 'False'
[0.255s] Level 5:colcon.colcon_core.verb:set package 'go2_slam' build argument 'cmake_force_configure' from command line to 'False'
[0.255s] Level 5:colcon.colcon_core.verb:set package 'go2_slam' build argument 'ament_cmake_args' from command line to 'None'
[0.255s] Level 5:colcon.colcon_core.verb:set package 'go2_slam' build argument 'catkin_cmake_args' from command line to 'None'
[0.255s] Level 5:colcon.colcon_core.verb:set package 'go2_slam' build argument 'catkin_skip_building_tests' from command line to 'False'
[0.255s] DEBUG:colcon.colcon_core.verb:Building package 'go2_slam' with the following arguments: {'ament_cmake_args': None, 'build_base': '/home/ayi/unitree_go2_ws/build/go2_slam', 'catkin_cmake_args': None, 'catkin_skip_building_tests': False, 'cmake_args': None, 'cmake_clean_cache': False, 'cmake_clean_first': False, 'cmake_force_configure': False, 'cmake_target': None, 'cmake_target_skip_unavailable': False, 'install_base': '/home/ayi/unitree_go2_ws/install/go2_slam', 'merge_install': False, 'path': '/home/ayi/unitree_go2_ws/src/go2_slam', 'symlink_install': False, 'test_result_base': None}
[0.255s] Level 5:colcon.colcon_core.verb:set package 'go2_twist_bridge_py' build argument 'cmake_args' from command line to 'None'
[0.256s] Level 5:colcon.colcon_core.verb:set package 'go2_twist_bridge_py' build argument 'cmake_target' from command line to 'None'
[0.256s] Level 5:colcon.colcon_core.verb:set package 'go2_twist_bridge_py' build argument 'cmake_target_skip_unavailable' from command line to 'False'
[0.256s] Level 5:colcon.colcon_core.verb:set package 'go2_twist_bridge_py' build argument 'cmake_clean_cache' from command line to 'False'
[0.256s] Level 5:colcon.colcon_core.verb:set package 'go2_twist_bridge_py' build argument 'cmake_clean_first' from command line to 'False'
[0.256s] Level 5:colcon.colcon_core.verb:set package 'go2_twist_bridge_py' build argument 'cmake_force_configure' from command line to 'False'
[0.256s] Level 5:colcon.colcon_core.verb:set package 'go2_twist_bridge_py' build argument 'ament_cmake_args' from command line to 'None'
[0.256s] Level 5:colcon.colcon_core.verb:set package 'go2_twist_bridge_py' build argument 'catkin_cmake_args' from command line to 'None'
[0.256s] Level 5:colcon.colcon_core.verb:set package 'go2_twist_bridge_py' build argument 'catkin_skip_building_tests' from command line to 'False'
[0.256s] DEBUG:colcon.colcon_core.verb:Building package 'go2_twist_bridge_py' with the following arguments: {'ament_cmake_args': None, 'build_base': '/home/ayi/unitree_go2_ws/build/go2_twist_bridge_py', 'catkin_cmake_args': None, 'catkin_skip_building_tests': False, 'cmake_args': None, 'cmake_clean_cache': False, 'cmake_clean_first': False, 'cmake_force_configure': False, 'cmake_target': None, 'cmake_target_skip_unavailable': False, 'install_base': '/home/ayi/unitree_go2_ws/install/go2_twist_bridge_py', 'merge_install': False, 'path': '/home/ayi/unitree_go2_ws/src/base/go2_twist_bridge_py', 'symlink_install': False, 'test_result_base': None}
[0.256s] INFO:colcon.colcon_core.executor:Executing jobs using 'parallel' executor
[0.256s] DEBUG:colcon.colcon_parallel_executor.executor.parallel:run_until_complete
[0.257s] INFO:colcon.colcon_ros.task.ament_python.build:Building ROS package in '/home/ayi/unitree_go2_ws/src/base/go2_core' with build type 'ament_python'
[0.257s] Level 1:colcon.colcon_core.shell:create_environment_hook('go2_core', 'ament_prefix_path')
[0.259s] INFO:colcon.colcon_core.plugin_system:Skipping extension 'colcon_core.shell.bat': Not used on non-Windows systems
[0.259s] INFO:colcon.colcon_core.shell:Creating environment hook '/home/ayi/unitree_go2_ws/install/go2_core/share/go2_core/hook/ament_prefix_path.ps1'
[0.259s] INFO:colcon.colcon_core.shell:Creating environment descriptor '/home/ayi/unitree_go2_ws/install/go2_core/share/go2_core/hook/ament_prefix_path.dsv'
[0.260s] INFO:colcon.colcon_core.shell:Creating environment hook '/home/ayi/unitree_go2_ws/install/go2_core/share/go2_core/hook/ament_prefix_path.sh'
[0.261s] INFO:colcon.colcon_core.shell:Skip shell extension 'powershell' for command environment: Not usable outside of PowerShell
[0.261s] DEBUG:colcon.colcon_core.shell:Skip shell extension 'dsv' for command environment
[0.265s] INFO:colcon.colcon_ros.task.ament_cmake.build:Building ROS package in '/home/ayi/unitree_go2_ws/src/go2_description' with build type 'ament_cmake'
[0.265s] INFO:colcon.colcon_cmake.task.cmake.build:Building CMake package in '/home/ayi/unitree_go2_ws/src/go2_description'
[0.266s] INFO:colcon.colcon_core.shell:Skip shell extension 'powershell' for command environment: Not usable outside of PowerShell
[0.266s] DEBUG:colcon.colcon_core.shell:Skip shell extension 'dsv' for command environment
[0.451s] INFO:colcon.colcon_core.task.python.build:Building Python package in '/home/ayi/unitree_go2_ws/src/base/go2_core'
[0.452s] INFO:colcon.colcon_core.shell:Skip shell extension 'powershell' for command environment: Not usable outside of PowerShell
[0.452s] DEBUG:colcon.colcon_core.shell:Skip shell extension 'dsv' for command environment
[0.461s] DEBUG:colcon.colcon_core.event_handler.log_command:Invoking command in '/home/ayi/unitree_go2_ws/build/go2_description': CMAKE_PREFIX_PATH=${CMAKE_PREFIX_PATH}:/home/ayi/unitree_go2_ws/install/go2_twist_bridge_py:/home/ayi/unitree_go2_ws/install/go2_driver_py:/home/ayi/unitree_go2_ws/install/go2_core:/home/ayi/dev_ws/install/learning_urdf:/home/ayi/dev_ws/install/learning_topic:/home/ayi/dev_ws/install/learning_tf:/home/ayi/dev_ws/install/learning_service:/home/ayi/dev_ws/install/learning_qos:/home/ayi/dev_ws/install/learning_pkg_python:/home/ayi/dev_ws/install/learning_parameter:/home/ayi/dev_ws/install/learning_node:/home/ayi/dev_ws/install/learning_launch:/home/ayi/dev_ws/install/learning_action:/home/ayi/dev_ws/install/learning_gazebo_harmonic:/home/ayi/dev_ws/install/learning_gazebo:/home/ayi/dev_ws/install/learning_cv:/opt/ros/humble /usr/bin/cmake --build /home/ayi/unitree_go2_ws/build/go2_description -- -j2 -l2
[0.497s] DEBUG:colcon.colcon_core.event_handler.log_command:Invoked command in '/home/ayi/unitree_go2_ws/build/go2_description' returned '0': CMAKE_PREFIX_PATH=${CMAKE_PREFIX_PATH}:/home/ayi/unitree_go2_ws/install/go2_twist_bridge_py:/home/ayi/unitree_go2_ws/install/go2_driver_py:/home/ayi/unitree_go2_ws/install/go2_core:/home/ayi/dev_ws/install/learning_urdf:/home/ayi/dev_ws/install/learning_topic:/home/ayi/dev_ws/install/learning_tf:/home/ayi/dev_ws/install/learning_service:/home/ayi/dev_ws/install/learning_qos:/home/ayi/dev_ws/install/learning_pkg_python:/home/ayi/dev_ws/install/learning_parameter:/home/ayi/dev_ws/install/learning_node:/home/ayi/dev_ws/install/learning_launch:/home/ayi/dev_ws/install/learning_action:/home/ayi/dev_ws/install/learning_gazebo_harmonic:/home/ayi/dev_ws/install/learning_gazebo:/home/ayi/dev_ws/install/learning_cv:/opt/ros/humble /usr/bin/cmake --build /home/ayi/unitree_go2_ws/build/go2_description -- -j2 -l2
[0.507s] DEBUG:colcon.colcon_core.event_handler.log_command:Invoking command in '/home/ayi/unitree_go2_ws/build/go2_description': CMAKE_PREFIX_PATH=${CMAKE_PREFIX_PATH}:/home/ayi/unitree_go2_ws/install/go2_twist_bridge_py:/home/ayi/unitree_go2_ws/install/go2_driver_py:/home/ayi/unitree_go2_ws/install/go2_core:/home/ayi/dev_ws/install/learning_urdf:/home/ayi/dev_ws/install/learning_topic:/home/ayi/dev_ws/install/learning_tf:/home/ayi/dev_ws/install/learning_service:/home/ayi/dev_ws/install/learning_qos:/home/ayi/dev_ws/install/learning_pkg_python:/home/ayi/dev_ws/install/learning_parameter:/home/ayi/dev_ws/install/learning_node:/home/ayi/dev_ws/install/learning_launch:/home/ayi/dev_ws/install/learning_action:/home/ayi/dev_ws/install/learning_gazebo_harmonic:/home/ayi/dev_ws/install/learning_gazebo:/home/ayi/dev_ws/install/learning_cv:/opt/ros/humble /usr/bin/cmake --install /home/ayi/unitree_go2_ws/build/go2_description
[0.516s] Level 1:colcon.colcon_core.environment:create_environment_scripts_only(go2_description)
[0.521s] Level 1:colcon.colcon_core.environment:checking '/home/ayi/unitree_go2_ws/install/go2_description' for CMake module files
[0.526s] Level 1:colcon.colcon_core.environment:checking '/home/ayi/unitree_go2_ws/install/go2_description' for CMake config files
[0.526s] Level 1:colcon.colcon_core.shell:create_environment_hook('go2_description', 'cmake_prefix_path')
[0.526s] INFO:colcon.colcon_core.shell:Creating environment hook '/home/ayi/unitree_go2_ws/install/go2_description/share/go2_description/hook/cmake_prefix_path.ps1'
[0.527s] INFO:colcon.colcon_core.shell:Creating environment descriptor '/home/ayi/unitree_go2_ws/install/go2_description/share/go2_description/hook/cmake_prefix_path.dsv'
[0.528s] DEBUG:colcon.colcon_core.event_handler.log_command:Invoked command in '/home/ayi/unitree_go2_ws/build/go2_description' returned '0': CMAKE_PREFIX_PATH=${CMAKE_PREFIX_PATH}:/home/ayi/unitree_go2_ws/install/go2_twist_bridge_py:/home/ayi/unitree_go2_ws/install/go2_driver_py:/home/ayi/unitree_go2_ws/install/go2_core:/home/ayi/dev_ws/install/learning_urdf:/home/ayi/dev_ws/install/learning_topic:/home/ayi/dev_ws/install/learning_tf:/home/ayi/dev_ws/install/learning_service:/home/ayi/dev_ws/install/learning_qos:/home/ayi/dev_ws/install/learning_pkg_python:/home/ayi/dev_ws/install/learning_parameter:/home/ayi/dev_ws/install/learning_node:/home/ayi/dev_ws/install/learning_launch:/home/ayi/dev_ws/install/learning_action:/home/ayi/dev_ws/install/learning_gazebo_harmonic:/home/ayi/dev_ws/install/learning_gazebo:/home/ayi/dev_ws/install/learning_cv:/opt/ros/humble /usr/bin/cmake --install /home/ayi/unitree_go2_ws/build/go2_description
[0.529s] INFO:colcon.colcon_core.shell:Creating environment hook '/home/ayi/unitree_go2_ws/install/go2_description/share/go2_description/hook/cmake_prefix_path.sh'
[0.530s] Level 1:colcon.colcon_core.environment:checking '/home/ayi/unitree_go2_ws/install/go2_description/bin'
[0.530s] Level 1:colcon.colcon_core.environment:checking '/home/ayi/unitree_go2_ws/install/go2_description/lib/pkgconfig/go2_description.pc'
[0.530s] Level 1:colcon.colcon_core.environment:checking '/home/ayi/unitree_go2_ws/install/go2_description/lib/python3.10/site-packages'
[0.531s] Level 1:colcon.colcon_core.environment:checking '/home/ayi/unitree_go2_ws/install/go2_description/bin'
[0.531s] INFO:colcon.colcon_core.shell:Creating package script '/home/ayi/unitree_go2_ws/install/go2_description/share/go2_description/package.ps1'
[0.532s] INFO:colcon.colcon_core.shell:Creating package descriptor '/home/ayi/unitree_go2_ws/install/go2_description/share/go2_description/package.dsv'
[0.532s] INFO:colcon.colcon_core.shell:Creating package script '/home/ayi/unitree_go2_ws/install/go2_description/share/go2_description/package.sh'
[0.533s] INFO:colcon.colcon_core.shell:Creating package script '/home/ayi/unitree_go2_ws/install/go2_description/share/go2_description/package.bash'
[0.533s] INFO:colcon.colcon_core.shell:Creating package script '/home/ayi/unitree_go2_ws/install/go2_description/share/go2_description/package.zsh'
[0.534s] Level 1:colcon.colcon_core.environment:create_file_with_runtime_dependencies(/home/ayi/unitree_go2_ws/install/go2_description/share/colcon-core/packages/go2_description)
[0.535s] Level 1:colcon.colcon_core.environment:create_environment_scripts_only(go2_description)
[0.535s] Level 1:colcon.colcon_core.environment:checking '/home/ayi/unitree_go2_ws/install/go2_description' for CMake module files
[0.535s] Level 1:colcon.colcon_core.environment:checking '/home/ayi/unitree_go2_ws/install/go2_description' for CMake config files
[0.536s] Level 1:colcon.colcon_core.shell:create_environment_hook('go2_description', 'cmake_prefix_path')
[0.536s] INFO:colcon.colcon_core.shell:Creating environment hook '/home/ayi/unitree_go2_ws/install/go2_description/share/go2_description/hook/cmake_prefix_path.ps1'
[0.536s] INFO:colcon.colcon_core.shell:Creating environment descriptor '/home/ayi/unitree_go2_ws/install/go2_description/share/go2_description/hook/cmake_prefix_path.dsv'
[0.537s] INFO:colcon.colcon_core.shell:Creating environment hook '/home/ayi/unitree_go2_ws/install/go2_description/share/go2_description/hook/cmake_prefix_path.sh'
[0.537s] Level 1:colcon.colcon_core.environment:checking '/home/ayi/unitree_go2_ws/install/go2_description/bin'
[0.537s] Level 1:colcon.colcon_core.environment:checking '/home/ayi/unitree_go2_ws/install/go2_description/lib/pkgconfig/go2_description.pc'
[0.537s] Level 1:colcon.colcon_core.environment:checking '/home/ayi/unitree_go2_ws/install/go2_description/lib/python3.10/site-packages'
[0.537s] Level 1:colcon.colcon_core.environment:checking '/home/ayi/unitree_go2_ws/install/go2_description/bin'
[0.538s] INFO:colcon.colcon_core.shell:Creating package script '/home/ayi/unitree_go2_ws/install/go2_description/share/go2_description/package.ps1'
[0.538s] INFO:colcon.colcon_core.shell:Creating package descriptor '/home/ayi/unitree_go2_ws/install/go2_description/share/go2_description/package.dsv'
[0.539s] INFO:colcon.colcon_core.shell:Creating package script '/home/ayi/unitree_go2_ws/install/go2_description/share/go2_description/package.sh'
[0.539s] INFO:colcon.colcon_core.shell:Creating package script '/home/ayi/unitree_go2_ws/install/go2_description/share/go2_description/package.bash'
[0.540s] INFO:colcon.colcon_core.shell:Creating package script '/home/ayi/unitree_go2_ws/install/go2_description/share/go2_description/package.zsh'
[0.540s] Level 1:colcon.colcon_core.environment:create_file_with_runtime_dependencies(/home/ayi/unitree_go2_ws/install/go2_description/share/colcon-core/packages/go2_description)
[0.541s] INFO:colcon.colcon_ros.task.ament_python.build:Building ROS package in '/home/ayi/unitree_go2_ws/src/base/go2_driver_py' with build type 'ament_python'
[0.541s] Level 1:colcon.colcon_core.shell:create_environment_hook('go2_driver_py', 'ament_prefix_path')
[0.542s] INFO:colcon.colcon_core.shell:Creating environment hook '/home/ayi/unitree_go2_ws/install/go2_driver_py/share/go2_driver_py/hook/ament_prefix_path.ps1'
[0.542s] INFO:colcon.colcon_core.shell:Creating environment descriptor '/home/ayi/unitree_go2_ws/install/go2_driver_py/share/go2_driver_py/hook/ament_prefix_path.dsv'
[0.542s] INFO:colcon.colcon_core.shell:Creating environment hook '/home/ayi/unitree_go2_ws/install/go2_driver_py/share/go2_driver_py/hook/ament_prefix_path.sh'
[0.543s] INFO:colcon.colcon_core.shell:Skip shell extension 'powershell' for command environment: Not usable outside of PowerShell
[0.543s] DEBUG:colcon.colcon_core.shell:Skip shell extension 'dsv' for command environment
[0.770s] INFO:colcon.colcon_core.task.python.build:Building Python package in '/home/ayi/unitree_go2_ws/src/base/go2_driver_py'
[0.771s] INFO:colcon.colcon_core.shell:Skip shell extension 'powershell' for command environment: Not usable outside of PowerShell
[0.771s] DEBUG:colcon.colcon_core.shell:Skip shell extension 'dsv' for command environment
[0.783s] DEBUG:colcon.colcon_core.event_handler.log_command:Invoking command in '/home/ayi/unitree_go2_ws/src/base/go2_core': PYTHONPATH=/home/ayi/unitree_go2_ws/build/go2_core/prefix_override:/usr/lib/python3/dist-packages/colcon_core/task/python/colcon_distutils_commands:/home/ayi/unitree_go2_ws/install/go2_core/lib/python3.10/site-packages:${PYTHONPATH} /usr/bin/python3 -W ignore:setup.py install is deprecated -W ignore:easy_install command is deprecated setup.py egg_info --egg-base ../../../build/go2_core build --build-base /home/ayi/unitree_go2_ws/build/go2_core/build install --record /home/ayi/unitree_go2_ws/build/go2_core/install.log --single-version-externally-managed install_data
[1.008s] Level 1:colcon.colcon_core.environment:checking '/home/ayi/unitree_go2_ws/install/go2_core' for CMake module files
[1.009s] DEBUG:colcon.colcon_core.event_handler.log_command:Invoked command in '/home/ayi/unitree_go2_ws/src/base/go2_core' returned '0': PYTHONPATH=/home/ayi/unitree_go2_ws/build/go2_core/prefix_override:/usr/lib/python3/dist-packages/colcon_core/task/python/colcon_distutils_commands:/home/ayi/unitree_go2_ws/install/go2_core/lib/python3.10/site-packages:${PYTHONPATH} /usr/bin/python3 -W ignore:setup.py install is deprecated -W ignore:easy_install command is deprecated setup.py egg_info --egg-base ../../../build/go2_core build --build-base /home/ayi/unitree_go2_ws/build/go2_core/build install --record /home/ayi/unitree_go2_ws/build/go2_core/install.log --single-version-externally-managed install_data
[1.009s] Level 1:colcon.colcon_core.environment:checking '/home/ayi/unitree_go2_ws/install/go2_core' for CMake config files
[1.010s] Level 1:colcon.colcon_core.environment:checking '/home/ayi/unitree_go2_ws/install/go2_core/lib'
[1.010s] Level 1:colcon.colcon_core.environment:checking '/home/ayi/unitree_go2_ws/install/go2_core/bin'
[1.010s] Level 1:colcon.colcon_core.environment:checking '/home/ayi/unitree_go2_ws/install/go2_core/lib/pkgconfig/go2_core.pc'
[1.010s] Level 1:colcon.colcon_core.environment:checking '/home/ayi/unitree_go2_ws/install/go2_core/lib/python3.10/site-packages'
[1.010s] Level 1:colcon.colcon_core.shell:create_environment_hook('go2_core', 'pythonpath')
[1.011s] INFO:colcon.colcon_core.shell:Creating environment hook '/home/ayi/unitree_go2_ws/install/go2_core/share/go2_core/hook/pythonpath.ps1'
[1.011s] INFO:colcon.colcon_core.shell:Creating environment descriptor '/home/ayi/unitree_go2_ws/install/go2_core/share/go2_core/hook/pythonpath.dsv'
[1.012s] INFO:colcon.colcon_core.shell:Creating environment hook '/home/ayi/unitree_go2_ws/install/go2_core/share/go2_core/hook/pythonpath.sh'
[1.012s] Level 1:colcon.colcon_core.environment:checking '/home/ayi/unitree_go2_ws/install/go2_core/bin'
[1.012s] Level 1:colcon.colcon_core.environment:create_environment_scripts_only(go2_core)
[1.013s] INFO:colcon.colcon_core.shell:Creating package script '/home/ayi/unitree_go2_ws/install/go2_core/share/go2_core/package.ps1'
[1.013s] INFO:colcon.colcon_core.shell:Creating package descriptor '/home/ayi/unitree_go2_ws/install/go2_core/share/go2_core/package.dsv'
[1.014s] INFO:colcon.colcon_core.shell:Creating package script '/home/ayi/unitree_go2_ws/install/go2_core/share/go2_core/package.sh'
[1.014s] INFO:colcon.colcon_core.shell:Creating package script '/home/ayi/unitree_go2_ws/install/go2_core/share/go2_core/package.bash'
[1.016s] INFO:colcon.colcon_core.shell:Creating package script '/home/ayi/unitree_go2_ws/install/go2_core/share/go2_core/package.zsh'
[1.016s] Level 1:colcon.colcon_core.environment:create_file_with_runtime_dependencies(/home/ayi/unitree_go2_ws/install/go2_core/share/colcon-core/packages/go2_core)
[1.017s] INFO:colcon.colcon_ros.task.ament_cmake.build:Building ROS package in '/home/ayi/unitree_go2_ws/src/go2_perception' with build type 'ament_cmake'
[1.017s] INFO:colcon.colcon_cmake.task.cmake.build:Building CMake package in '/home/ayi/unitree_go2_ws/src/go2_perception'
[1.017s] INFO:colcon.colcon_core.shell:Skip shell extension 'powershell' for command environment: Not usable outside of PowerShell
[1.017s] DEBUG:colcon.colcon_core.shell:Skip shell extension 'dsv' for command environment
[1.031s] DEBUG:colcon.colcon_core.event_handler.log_command:Invoking command in '/home/ayi/unitree_go2_ws/build/go2_perception': CMAKE_PREFIX_PATH=${CMAKE_PREFIX_PATH}:/home/ayi/unitree_go2_ws/install/go2_twist_bridge_py:/home/ayi/unitree_go2_ws/install/go2_driver_py:/home/ayi/unitree_go2_ws/install/go2_core:/home/ayi/dev_ws/install/learning_urdf:/home/ayi/dev_ws/install/learning_topic:/home/ayi/dev_ws/install/learning_tf:/home/ayi/dev_ws/install/learning_service:/home/ayi/dev_ws/install/learning_qos:/home/ayi/dev_ws/install/learning_pkg_python:/home/ayi/dev_ws/install/learning_parameter:/home/ayi/dev_ws/install/learning_node:/home/ayi/dev_ws/install/learning_launch:/home/ayi/dev_ws/install/learning_action:/home/ayi/dev_ws/install/learning_gazebo_harmonic:/home/ayi/dev_ws/install/learning_gazebo:/home/ayi/dev_ws/install/learning_cv:/opt/ros/humble /usr/bin/cmake --build /home/ayi/unitree_go2_ws/build/go2_perception -- -j2 -l2
[1.070s] DEBUG:colcon.colcon_core.event_handler.log_command:Invoking command in '/home/ayi/unitree_go2_ws/src/base/go2_driver_py': PYTHONPATH=/home/ayi/unitree_go2_ws/build/go2_driver_py/prefix_override:/usr/lib/python3/dist-packages/colcon_core/task/python/colcon_distutils_commands:/home/ayi/unitree_go2_ws/install/go2_driver_py/lib/python3.10/site-packages:${PYTHONPATH} /usr/bin/python3 -W ignore:setup.py install is deprecated -W ignore:easy_install command is deprecated setup.py egg_info --egg-base ../../../build/go2_driver_py build --build-base /home/ayi/unitree_go2_ws/build/go2_driver_py/build install --record /home/ayi/unitree_go2_ws/build/go2_driver_py/install.log --single-version-externally-managed install_data
[1.134s] DEBUG:colcon.colcon_core.event_handler.log_command:Invoked command in '/home/ayi/unitree_go2_ws/build/go2_perception' returned '0': CMAKE_PREFIX_PATH=${CMAKE_PREFIX_PATH}:/home/ayi/unitree_go2_ws/install/go2_twist_bridge_py:/home/ayi/unitree_go2_ws/install/go2_driver_py:/home/ayi/unitree_go2_ws/install/go2_core:/home/ayi/dev_ws/install/learning_urdf:/home/ayi/dev_ws/install/learning_topic:/home/ayi/dev_ws/install/learning_tf:/home/ayi/dev_ws/install/learning_service:/home/ayi/dev_ws/install/learning_qos:/home/ayi/dev_ws/install/learning_pkg_python:/home/ayi/dev_ws/install/learning_parameter:/home/ayi/dev_ws/install/learning_node:/home/ayi/dev_ws/install/learning_launch:/home/ayi/dev_ws/install/learning_action:/home/ayi/dev_ws/install/learning_gazebo_harmonic:/home/ayi/dev_ws/install/learning_gazebo:/home/ayi/dev_ws/install/learning_cv:/opt/ros/humble /usr/bin/cmake --build /home/ayi/unitree_go2_ws/build/go2_perception -- -j2 -l2
[1.137s] DEBUG:colcon.colcon_core.event_handler.log_command:Invoking command in '/home/ayi/unitree_go2_ws/build/go2_perception': CMAKE_PREFIX_PATH=${CMAKE_PREFIX_PATH}:/home/ayi/unitree_go2_ws/install/go2_twist_bridge_py:/home/ayi/unitree_go2_ws/install/go2_driver_py:/home/ayi/unitree_go2_ws/install/go2_core:/home/ayi/dev_ws/install/learning_urdf:/home/ayi/dev_ws/install/learning_topic:/home/ayi/dev_ws/install/learning_tf:/home/ayi/dev_ws/install/learning_service:/home/ayi/dev_ws/install/learning_qos:/home/ayi/dev_ws/install/learning_pkg_python:/home/ayi/dev_ws/install/learning_parameter:/home/ayi/dev_ws/install/learning_node:/home/ayi/dev_ws/install/learning_launch:/home/ayi/dev_ws/install/learning_action:/home/ayi/dev_ws/install/learning_gazebo_harmonic:/home/ayi/dev_ws/install/learning_gazebo:/home/ayi/dev_ws/install/learning_cv:/opt/ros/humble /usr/bin/cmake --install /home/ayi/unitree_go2_ws/build/go2_perception
[1.149s] Level 1:colcon.colcon_core.environment:create_environment_scripts_only(go2_perception)
[1.149s] DEBUG:colcon.colcon_core.event_handler.log_command:Invoked command in '/home/ayi/unitree_go2_ws/build/go2_perception' returned '0': CMAKE_PREFIX_PATH=${CMAKE_PREFIX_PATH}:/home/ayi/unitree_go2_ws/install/go2_twist_bridge_py:/home/ayi/unitree_go2_ws/install/go2_driver_py:/home/ayi/unitree_go2_ws/install/go2_core:/home/ayi/dev_ws/install/learning_urdf:/home/ayi/dev_ws/install/learning_topic:/home/ayi/dev_ws/install/learning_tf:/home/ayi/dev_ws/install/learning_service:/home/ayi/dev_ws/install/learning_qos:/home/ayi/dev_ws/install/learning_pkg_python:/home/ayi/dev_ws/install/learning_parameter:/home/ayi/dev_ws/install/learning_node:/home/ayi/dev_ws/install/learning_launch:/home/ayi/dev_ws/install/learning_action:/home/ayi/dev_ws/install/learning_gazebo_harmonic:/home/ayi/dev_ws/install/learning_gazebo:/home/ayi/dev_ws/install/learning_cv:/opt/ros/humble /usr/bin/cmake --install /home/ayi/unitree_go2_ws/build/go2_perception
[1.150s] Level 1:colcon.colcon_core.environment:checking '/home/ayi/unitree_go2_ws/install/go2_perception' for CMake module files
[1.150s] Level 1:colcon.colcon_core.environment:checking '/home/ayi/unitree_go2_ws/install/go2_perception' for CMake config files
[1.150s] Level 1:colcon.colcon_core.shell:create_environment_hook('go2_perception', 'cmake_prefix_path')
[1.150s] INFO:colcon.colcon_core.shell:Creating environment hook '/home/ayi/unitree_go2_ws/install/go2_perception/share/go2_perception/hook/cmake_prefix_path.ps1'
[1.151s] INFO:colcon.colcon_core.shell:Creating environment descriptor '/home/ayi/unitree_go2_ws/install/go2_perception/share/go2_perception/hook/cmake_prefix_path.dsv'
[1.151s] INFO:colcon.colcon_core.shell:Creating environment hook '/home/ayi/unitree_go2_ws/install/go2_perception/share/go2_perception/hook/cmake_prefix_path.sh'
[1.152s] Level 1:colcon.colcon_core.environment:checking '/home/ayi/unitree_go2_ws/install/go2_perception/lib'
[1.152s] Level 1:colcon.colcon_core.shell:create_environment_hook('go2_perception', 'ld_library_path_lib')
[1.152s] INFO:colcon.colcon_core.shell:Creating environment hook '/home/ayi/unitree_go2_ws/install/go2_perception/share/go2_perception/hook/ld_library_path_lib.ps1'
[1.153s] INFO:colcon.colcon_core.shell:Creating environment descriptor '/home/ayi/unitree_go2_ws/install/go2_perception/share/go2_perception/hook/ld_library_path_lib.dsv'
[1.153s] INFO:colcon.colcon_core.shell:Creating environment hook '/home/ayi/unitree_go2_ws/install/go2_perception/share/go2_perception/hook/ld_library_path_lib.sh'
[1.154s] Level 1:colcon.colcon_core.environment:checking '/home/ayi/unitree_go2_ws/install/go2_perception/bin'
[1.154s] Level 1:colcon.colcon_core.environment:checking '/home/ayi/unitree_go2_ws/install/go2_perception/lib/pkgconfig/go2_perception.pc'
[1.154s] Level 1:colcon.colcon_core.environment:checking '/home/ayi/unitree_go2_ws/install/go2_perception/lib/python3.10/site-packages'
[1.154s] Level 1:colcon.colcon_core.environment:checking '/home/ayi/unitree_go2_ws/install/go2_perception/bin'
[1.154s] INFO:colcon.colcon_core.shell:Creating package script '/home/ayi/unitree_go2_ws/install/go2_perception/share/go2_perception/package.ps1'
[1.155s] INFO:colcon.colcon_core.shell:Creating package descriptor '/home/ayi/unitree_go2_ws/install/go2_perception/share/go2_perception/package.dsv'
[1.155s] INFO:colcon.colcon_core.shell:Creating package script '/home/ayi/unitree_go2_ws/install/go2_perception/share/go2_perception/package.sh'
[1.156s] INFO:colcon.colcon_core.shell:Creating package script '/home/ayi/unitree_go2_ws/install/go2_perception/share/go2_perception/package.bash'
[1.156s] INFO:colcon.colcon_core.shell:Creating package script '/home/ayi/unitree_go2_ws/install/go2_perception/share/go2_perception/package.zsh'
[1.157s] Level 1:colcon.colcon_core.environment:create_file_with_runtime_dependencies(/home/ayi/unitree_go2_ws/install/go2_perception/share/colcon-core/packages/go2_perception)
[1.158s] Level 1:colcon.colcon_core.environment:create_environment_scripts_only(go2_perception)
[1.159s] Level 1:colcon.colcon_core.environment:checking '/home/ayi/unitree_go2_ws/install/go2_perception' for CMake module files
[1.159s] Level 1:colcon.colcon_core.environment:checking '/home/ayi/unitree_go2_ws/install/go2_perception' for CMake config files
[1.159s] Level 1:colcon.colcon_core.shell:create_environment_hook('go2_perception', 'cmake_prefix_path')
[1.159s] INFO:colcon.colcon_core.shell:Creating environment hook '/home/ayi/unitree_go2_ws/install/go2_perception/share/go2_perception/hook/cmake_prefix_path.ps1'
[1.160s] INFO:colcon.colcon_core.shell:Creating environment descriptor '/home/ayi/unitree_go2_ws/install/go2_perception/share/go2_perception/hook/cmake_prefix_path.dsv'
[1.160s] INFO:colcon.colcon_core.shell:Creating environment hook '/home/ayi/unitree_go2_ws/install/go2_perception/share/go2_perception/hook/cmake_prefix_path.sh'
[1.161s] Level 1:colcon.colcon_core.environment:checking '/home/ayi/unitree_go2_ws/install/go2_perception/lib'
[1.161s] Level 1:colcon.colcon_core.shell:create_environment_hook('go2_perception', 'ld_library_path_lib')
[1.161s] INFO:colcon.colcon_core.shell:Creating environment hook '/home/ayi/unitree_go2_ws/install/go2_perception/share/go2_perception/hook/ld_library_path_lib.ps1'
[1.162s] INFO:colcon.colcon_core.shell:Creating environment descriptor '/home/ayi/unitree_go2_ws/install/go2_perception/share/go2_perception/hook/ld_library_path_lib.dsv'
[1.162s] INFO:colcon.colcon_core.shell:Creating environment hook '/home/ayi/unitree_go2_ws/install/go2_perception/share/go2_perception/hook/ld_library_path_lib.sh'
[1.162s] Level 1:colcon.colcon_core.environment:checking '/home/ayi/unitree_go2_ws/install/go2_perception/bin'
[1.163s] Level 1:colcon.colcon_core.environment:checking '/home/ayi/unitree_go2_ws/install/go2_perception/lib/pkgconfig/go2_perception.pc'
[1.163s] Level 1:colcon.colcon_core.environment:checking '/home/ayi/unitree_go2_ws/install/go2_perception/lib/python3.10/site-packages'
[1.163s] Level 1:colcon.colcon_core.environment:checking '/home/ayi/unitree_go2_ws/install/go2_perception/bin'
[1.163s] INFO:colcon.colcon_core.shell:Creating package script '/home/ayi/unitree_go2_ws/install/go2_perception/share/go2_perception/package.ps1'
[1.164s] INFO:colcon.colcon_core.shell:Creating package descriptor '/home/ayi/unitree_go2_ws/install/go2_perception/share/go2_perception/package.dsv'
[1.164s] INFO:colcon.colcon_core.shell:Creating package script '/home/ayi/unitree_go2_ws/install/go2_perception/share/go2_perception/package.sh'
[1.165s] INFO:colcon.colcon_core.shell:Creating package script '/home/ayi/unitree_go2_ws/install/go2_perception/share/go2_perception/package.bash'
[1.165s] INFO:colcon.colcon_core.shell:Creating package script '/home/ayi/unitree_go2_ws/install/go2_perception/share/go2_perception/package.zsh'
[1.166s] Level 1:colcon.colcon_core.environment:create_file_with_runtime_dependencies(/home/ayi/unitree_go2_ws/install/go2_perception/share/colcon-core/packages/go2_perception)
[1.166s] INFO:colcon.colcon_ros.task.ament_cmake.build:Building ROS package in '/home/ayi/unitree_go2_ws/src/go2_slam' with build type 'ament_cmake'
[1.167s] INFO:colcon.colcon_cmake.task.cmake.build:Building CMake package in '/home/ayi/unitree_go2_ws/src/go2_slam'
[1.167s] INFO:colcon.colcon_core.shell:Skip shell extension 'powershell' for command environment: Not usable outside of PowerShell
[1.167s] DEBUG:colcon.colcon_core.shell:Skip shell extension 'dsv' for command environment
[1.179s] DEBUG:colcon.colcon_core.event_handler.log_command:Invoking command in '/home/ayi/unitree_go2_ws/build/go2_slam': CMAKE_PREFIX_PATH=${CMAKE_PREFIX_PATH}:/home/ayi/unitree_go2_ws/install/go2_twist_bridge_py:/home/ayi/unitree_go2_ws/install/go2_driver_py:/home/ayi/unitree_go2_ws/install/go2_core:/home/ayi/dev_ws/install/learning_urdf:/home/ayi/dev_ws/install/learning_topic:/home/ayi/dev_ws/install/learning_tf:/home/ayi/dev_ws/install/learning_service:/home/ayi/dev_ws/install/learning_qos:/home/ayi/dev_ws/install/learning_pkg_python:/home/ayi/dev_ws/install/learning_parameter:/home/ayi/dev_ws/install/learning_node:/home/ayi/dev_ws/install/learning_launch:/home/ayi/dev_ws/install/learning_action:/home/ayi/dev_ws/install/learning_gazebo_harmonic:/home/ayi/dev_ws/install/learning_gazebo:/home/ayi/dev_ws/install/learning_cv:/opt/ros/humble /usr/bin/cmake --build /home/ayi/unitree_go2_ws/build/go2_slam -- -j2 -l2
[1.210s] DEBUG:colcon.colcon_core.event_handler.log_command:Invoked command in '/home/ayi/unitree_go2_ws/build/go2_slam' returned '0': CMAKE_PREFIX_PATH=${CMAKE_PREFIX_PATH}:/home/ayi/unitree_go2_ws/install/go2_twist_bridge_py:/home/ayi/unitree_go2_ws/install/go2_driver_py:/home/ayi/unitree_go2_ws/install/go2_core:/home/ayi/dev_ws/install/learning_urdf:/home/ayi/dev_ws/install/learning_topic:/home/ayi/dev_ws/install/learning_tf:/home/ayi/dev_ws/install/learning_service:/home/ayi/dev_ws/install/learning_qos:/home/ayi/dev_ws/install/learning_pkg_python:/home/ayi/dev_ws/install/learning_parameter:/home/ayi/dev_ws/install/learning_node:/home/ayi/dev_ws/install/learning_launch:/home/ayi/dev_ws/install/learning_action:/home/ayi/dev_ws/install/learning_gazebo_harmonic:/home/ayi/dev_ws/install/learning_gazebo:/home/ayi/dev_ws/install/learning_cv:/opt/ros/humble /usr/bin/cmake --build /home/ayi/unitree_go2_ws/build/go2_slam -- -j2 -l2
[1.212s] DEBUG:colcon.colcon_core.event_handler.log_command:Invoking command in '/home/ayi/unitree_go2_ws/build/go2_slam': CMAKE_PREFIX_PATH=${CMAKE_PREFIX_PATH}:/home/ayi/unitree_go2_ws/install/go2_twist_bridge_py:/home/ayi/unitree_go2_ws/install/go2_driver_py:/home/ayi/unitree_go2_ws/install/go2_core:/home/ayi/dev_ws/install/learning_urdf:/home/ayi/dev_ws/install/learning_topic:/home/ayi/dev_ws/install/learning_tf:/home/ayi/dev_ws/install/learning_service:/home/ayi/dev_ws/install/learning_qos:/home/ayi/dev_ws/install/learning_pkg_python:/home/ayi/dev_ws/install/learning_parameter:/home/ayi/dev_ws/install/learning_node:/home/ayi/dev_ws/install/learning_launch:/home/ayi/dev_ws/install/learning_action:/home/ayi/dev_ws/install/learning_gazebo_harmonic:/home/ayi/dev_ws/install/learning_gazebo:/home/ayi/dev_ws/install/learning_cv:/opt/ros/humble /usr/bin/cmake --install /home/ayi/unitree_go2_ws/build/go2_slam
[1.224s] Level 1:colcon.colcon_core.environment:create_environment_scripts_only(go2_slam)
[1.224s] Level 1:colcon.colcon_core.environment:checking '/home/ayi/unitree_go2_ws/install/go2_slam' for CMake module files
[1.224s] Level 1:colcon.colcon_core.environment:checking '/home/ayi/unitree_go2_ws/install/go2_slam' for CMake config files
[1.224s] DEBUG:colcon.colcon_core.event_handler.log_command:Invoked command in '/home/ayi/unitree_go2_ws/build/go2_slam' returned '0': CMAKE_PREFIX_PATH=${CMAKE_PREFIX_PATH}:/home/ayi/unitree_go2_ws/install/go2_twist_bridge_py:/home/ayi/unitree_go2_ws/install/go2_driver_py:/home/ayi/unitree_go2_ws/install/go2_core:/home/ayi/dev_ws/install/learning_urdf:/home/ayi/dev_ws/install/learning_topic:/home/ayi/dev_ws/install/learning_tf:/home/ayi/dev_ws/install/learning_service:/home/ayi/dev_ws/install/learning_qos:/home/ayi/dev_ws/install/learning_pkg_python:/home/ayi/dev_ws/install/learning_parameter:/home/ayi/dev_ws/install/learning_node:/home/ayi/dev_ws/install/learning_launch:/home/ayi/dev_ws/install/learning_action:/home/ayi/dev_ws/install/learning_gazebo_harmonic:/home/ayi/dev_ws/install/learning_gazebo:/home/ayi/dev_ws/install/learning_cv:/opt/ros/humble /usr/bin/cmake --install /home/ayi/unitree_go2_ws/build/go2_slam
[1.225s] Level 1:colcon.colcon_core.shell:create_environment_hook('go2_slam', 'cmake_prefix_path')
[1.225s] INFO:colcon.colcon_core.shell:Creating environment hook '/home/ayi/unitree_go2_ws/install/go2_slam/share/go2_slam/hook/cmake_prefix_path.ps1'
[1.226s] INFO:colcon.colcon_core.shell:Creating environment descriptor '/home/ayi/unitree_go2_ws/install/go2_slam/share/go2_slam/hook/cmake_prefix_path.dsv'
[1.226s] INFO:colcon.colcon_core.shell:Creating environment hook '/home/ayi/unitree_go2_ws/install/go2_slam/share/go2_slam/hook/cmake_prefix_path.sh'
[1.227s] Level 1:colcon.colcon_core.environment:checking '/home/ayi/unitree_go2_ws/install/go2_slam/bin'
[1.227s] Level 1:colcon.colcon_core.environment:checking '/home/ayi/unitree_go2_ws/install/go2_slam/lib/pkgconfig/go2_slam.pc'
[1.227s] Level 1:colcon.colcon_core.environment:checking '/home/ayi/unitree_go2_ws/install/go2_slam/lib/python3.10/site-packages'
[1.227s] Level 1:colcon.colcon_core.environment:checking '/home/ayi/unitree_go2_ws/install/go2_slam/bin'
[1.228s] INFO:colcon.colcon_core.shell:Creating package script '/home/ayi/unitree_go2_ws/install/go2_slam/share/go2_slam/package.ps1'
[1.228s] INFO:colcon.colcon_core.shell:Creating package descriptor '/home/ayi/unitree_go2_ws/install/go2_slam/share/go2_slam/package.dsv'
[1.229s] INFO:colcon.colcon_core.shell:Creating package script '/home/ayi/unitree_go2_ws/install/go2_slam/share/go2_slam/package.sh'
[1.229s] INFO:colcon.colcon_core.shell:Creating package script '/home/ayi/unitree_go2_ws/install/go2_slam/share/go2_slam/package.bash'
[1.230s] INFO:colcon.colcon_core.shell:Creating package script '/home/ayi/unitree_go2_ws/install/go2_slam/share/go2_slam/package.zsh'
[1.230s] Level 1:colcon.colcon_core.environment:create_file_with_runtime_dependencies(/home/ayi/unitree_go2_ws/install/go2_slam/share/colcon-core/packages/go2_slam)
[1.231s] Level 1:colcon.colcon_core.environment:create_environment_scripts_only(go2_slam)
[1.231s] Level 1:colcon.colcon_core.environment:checking '/home/ayi/unitree_go2_ws/install/go2_slam' for CMake module files
[1.231s] Level 1:colcon.colcon_core.environment:checking '/home/ayi/unitree_go2_ws/install/go2_slam' for CMake config files
[1.231s] Level 1:colcon.colcon_core.shell:create_environment_hook('go2_slam', 'cmake_prefix_path')
[1.231s] INFO:colcon.colcon_core.shell:Creating environment hook '/home/ayi/unitree_go2_ws/install/go2_slam/share/go2_slam/hook/cmake_prefix_path.ps1'
[1.232s] INFO:colcon.colcon_core.shell:Creating environment descriptor '/home/ayi/unitree_go2_ws/install/go2_slam/share/go2_slam/hook/cmake_prefix_path.dsv'
[1.232s] INFO:colcon.colcon_core.shell:Creating environment hook '/home/ayi/unitree_go2_ws/install/go2_slam/share/go2_slam/hook/cmake_prefix_path.sh'
[1.233s] Level 1:colcon.colcon_core.environment:checking '/home/ayi/unitree_go2_ws/install/go2_slam/bin'
[1.233s] Level 1:colcon.colcon_core.environment:checking '/home/ayi/unitree_go2_ws/install/go2_slam/lib/pkgconfig/go2_slam.pc'
[1.233s] Level 1:colcon.colcon_core.environment:checking '/home/ayi/unitree_go2_ws/install/go2_slam/lib/python3.10/site-packages'
[1.233s] Level 1:colcon.colcon_core.environment:checking '/home/ayi/unitree_go2_ws/install/go2_slam/bin'
[1.233s] INFO:colcon.colcon_core.shell:Creating package script '/home/ayi/unitree_go2_ws/install/go2_slam/share/go2_slam/package.ps1'
[1.234s] INFO:colcon.colcon_core.shell:Creating package descriptor '/home/ayi/unitree_go2_ws/install/go2_slam/share/go2_slam/package.dsv'
[1.234s] INFO:colcon.colcon_core.shell:Creating package script '/home/ayi/unitree_go2_ws/install/go2_slam/share/go2_slam/package.sh'
[1.235s] INFO:colcon.colcon_core.shell:Creating package script '/home/ayi/unitree_go2_ws/install/go2_slam/share/go2_slam/package.bash'
[1.235s] INFO:colcon.colcon_core.shell:Creating package script '/home/ayi/unitree_go2_ws/install/go2_slam/share/go2_slam/package.zsh'
[1.236s] Level 1:colcon.colcon_core.environment:create_file_with_runtime_dependencies(/home/ayi/unitree_go2_ws/install/go2_slam/share/colcon-core/packages/go2_slam)
[1.236s] INFO:colcon.colcon_ros.task.ament_python.build:Building ROS package in '/home/ayi/unitree_go2_ws/src/base/go2_twist_bridge_py' with build type 'ament_python'
[1.237s] Level 1:colcon.colcon_core.shell:create_environment_hook('go2_twist_bridge_py', 'ament_prefix_path')
[1.237s] INFO:colcon.colcon_core.shell:Creating environment hook '/home/ayi/unitree_go2_ws/install/go2_twist_bridge_py/share/go2_twist_bridge_py/hook/ament_prefix_path.ps1'
[1.238s] INFO:colcon.colcon_core.shell:Creating environment descriptor '/home/ayi/unitree_go2_ws/install/go2_twist_bridge_py/share/go2_twist_bridge_py/hook/ament_prefix_path.dsv'
[1.238s] INFO:colcon.colcon_core.shell:Creating environment hook '/home/ayi/unitree_go2_ws/install/go2_twist_bridge_py/share/go2_twist_bridge_py/hook/ament_prefix_path.sh'
[1.239s] INFO:colcon.colcon_core.shell:Skip shell extension 'powershell' for command environment: Not usable outside of PowerShell
[1.239s] DEBUG:colcon.colcon_core.shell:Skip shell extension 'dsv' for command environment
[1.474s] INFO:colcon.colcon_core.task.python.build:Building Python package in '/home/ayi/unitree_go2_ws/src/base/go2_twist_bridge_py'
[1.474s] INFO:colcon.colcon_core.shell:Skip shell extension 'powershell' for command environment: Not usable outside of PowerShell
[1.474s] DEBUG:colcon.colcon_core.shell:Skip shell extension 'dsv' for command environment
[1.484s] Level 1:colcon.colcon_core.environment:checking '/home/ayi/unitree_go2_ws/install/go2_driver_py' for CMake module files
[1.484s] Level 1:colcon.colcon_core.environment:checking '/home/ayi/unitree_go2_ws/install/go2_driver_py' for CMake config files
[1.485s] Level 1:colcon.colcon_core.environment:checking '/home/ayi/unitree_go2_ws/install/go2_driver_py/lib'
[1.486s] Level 1:colcon.colcon_core.environment:checking '/home/ayi/unitree_go2_ws/install/go2_driver_py/bin'
[1.486s] Level 1:colcon.colcon_core.environment:checking '/home/ayi/unitree_go2_ws/install/go2_driver_py/lib/pkgconfig/go2_driver_py.pc'
[1.486s] Level 1:colcon.colcon_core.environment:checking '/home/ayi/unitree_go2_ws/install/go2_driver_py/lib/python3.10/site-packages'
[1.486s] Level 1:colcon.colcon_core.shell:create_environment_hook('go2_driver_py', 'pythonpath')
[1.486s] INFO:colcon.colcon_core.shell:Creating environment hook '/home/ayi/unitree_go2_ws/install/go2_driver_py/share/go2_driver_py/hook/pythonpath.ps1'
[1.486s] DEBUG:colcon.colcon_core.event_handler.log_command:Invoked command in '/home/ayi/unitree_go2_ws/src/base/go2_driver_py' returned '0': PYTHONPATH=/home/ayi/unitree_go2_ws/build/go2_driver_py/prefix_override:/usr/lib/python3/dist-packages/colcon_core/task/python/colcon_distutils_commands:/home/ayi/unitree_go2_ws/install/go2_driver_py/lib/python3.10/site-packages:${PYTHONPATH} /usr/bin/python3 -W ignore:setup.py install is deprecated -W ignore:easy_install command is deprecated setup.py egg_info --egg-base ../../../build/go2_driver_py build --build-base /home/ayi/unitree_go2_ws/build/go2_driver_py/build install --record /home/ayi/unitree_go2_ws/build/go2_driver_py/install.log --single-version-externally-managed install_data
[1.487s] INFO:colcon.colcon_core.shell:Creating environment descriptor '/home/ayi/unitree_go2_ws/install/go2_driver_py/share/go2_driver_py/hook/pythonpath.dsv'
[1.487s] INFO:colcon.colcon_core.shell:Creating environment hook '/home/ayi/unitree_go2_ws/install/go2_driver_py/share/go2_driver_py/hook/pythonpath.sh'
[1.488s] Level 1:colcon.colcon_core.environment:checking '/home/ayi/unitree_go2_ws/install/go2_driver_py/bin'
[1.488s] Level 1:colcon.colcon_core.environment:create_environment_scripts_only(go2_driver_py)
[1.488s] INFO:colcon.colcon_core.shell:Creating package script '/home/ayi/unitree_go2_ws/install/go2_driver_py/share/go2_driver_py/package.ps1'
[1.489s] INFO:colcon.colcon_core.shell:Creating package descriptor '/home/ayi/unitree_go2_ws/install/go2_driver_py/share/go2_driver_py/package.dsv'
[1.490s] INFO:colcon.colcon_core.shell:Creating package script '/home/ayi/unitree_go2_ws/install/go2_driver_py/share/go2_driver_py/package.sh'
[1.490s] INFO:colcon.colcon_core.shell:Creating package script '/home/ayi/unitree_go2_ws/install/go2_driver_py/share/go2_driver_py/package.bash'
[1.491s] INFO:colcon.colcon_core.shell:Creating package script '/home/ayi/unitree_go2_ws/install/go2_driver_py/share/go2_driver_py/package.zsh'
[1.491s] Level 1:colcon.colcon_core.environment:create_file_with_runtime_dependencies(/home/ayi/unitree_go2_ws/install/go2_driver_py/share/colcon-core/packages/go2_driver_py)
[1.833s] DEBUG:colcon.colcon_core.event_handler.log_command:Invoking command in '/home/ayi/unitree_go2_ws/src/base/go2_twist_bridge_py': PYTHONPATH=/home/ayi/unitree_go2_ws/build/go2_twist_bridge_py/prefix_override:/usr/lib/python3/dist-packages/colcon_core/task/python/colcon_distutils_commands:/home/ayi/unitree_go2_ws/install/go2_twist_bridge_py/lib/python3.10/site-packages:${PYTHONPATH} /usr/bin/python3 -W ignore:setup.py install is deprecated -W ignore:easy_install command is deprecated setup.py egg_info --egg-base ../../../build/go2_twist_bridge_py build --build-base /home/ayi/unitree_go2_ws/build/go2_twist_bridge_py/build install --record /home/ayi/unitree_go2_ws/build/go2_twist_bridge_py/install.log --single-version-externally-managed install_data
[2.107s] Level 1:colcon.colcon_core.environment:checking '/home/ayi/unitree_go2_ws/install/go2_twist_bridge_py' for CMake module files
[2.108s] DEBUG:colcon.colcon_core.event_handler.log_command:Invoked command in '/home/ayi/unitree_go2_ws/src/base/go2_twist_bridge_py' returned '0': PYTHONPATH=/home/ayi/unitree_go2_ws/build/go2_twist_bridge_py/prefix_override:/usr/lib/python3/dist-packages/colcon_core/task/python/colcon_distutils_commands:/home/ayi/unitree_go2_ws/install/go2_twist_bridge_py/lib/python3.10/site-packages:${PYTHONPATH} /usr/bin/python3 -W ignore:setup.py install is deprecated -W ignore:easy_install command is deprecated setup.py egg_info --egg-base ../../../build/go2_twist_bridge_py build --build-base /home/ayi/unitree_go2_ws/build/go2_twist_bridge_py/build install --record /home/ayi/unitree_go2_ws/build/go2_twist_bridge_py/install.log --single-version-externally-managed install_data
[2.108s] Level 1:colcon.colcon_core.environment:checking '/home/ayi/unitree_go2_ws/install/go2_twist_bridge_py' for CMake config files
[2.109s] Level 1:colcon.colcon_core.environment:checking '/home/ayi/unitree_go2_ws/install/go2_twist_bridge_py/lib'
[2.109s] Level 1:colcon.colcon_core.environment:checking '/home/ayi/unitree_go2_ws/install/go2_twist_bridge_py/bin'
[2.109s] Level 1:colcon.colcon_core.environment:checking '/home/ayi/unitree_go2_ws/install/go2_twist_bridge_py/lib/pkgconfig/go2_twist_bridge_py.pc'
[2.109s] Level 1:colcon.colcon_core.environment:checking '/home/ayi/unitree_go2_ws/install/go2_twist_bridge_py/lib/python3.10/site-packages'
[2.109s] Level 1:colcon.colcon_core.shell:create_environment_hook('go2_twist_bridge_py', 'pythonpath')
[2.110s] INFO:colcon.colcon_core.shell:Creating environment hook '/home/ayi/unitree_go2_ws/install/go2_twist_bridge_py/share/go2_twist_bridge_py/hook/pythonpath.ps1'
[2.111s] INFO:colcon.colcon_core.shell:Creating environment descriptor '/home/ayi/unitree_go2_ws/install/go2_twist_bridge_py/share/go2_twist_bridge_py/hook/pythonpath.dsv'
[2.113s] INFO:colcon.colcon_core.shell:Creating environment hook '/home/ayi/unitree_go2_ws/install/go2_twist_bridge_py/share/go2_twist_bridge_py/hook/pythonpath.sh'
[2.113s] Level 1:colcon.colcon_core.environment:checking '/home/ayi/unitree_go2_ws/install/go2_twist_bridge_py/bin'
[2.113s] Level 1:colcon.colcon_core.environment:create_environment_scripts_only(go2_twist_bridge_py)
[2.113s] INFO:colcon.colcon_core.shell:Creating package script '/home/ayi/unitree_go2_ws/install/go2_twist_bridge_py/share/go2_twist_bridge_py/package.ps1'
[2.114s] INFO:colcon.colcon_core.shell:Creating package descriptor '/home/ayi/unitree_go2_ws/install/go2_twist_bridge_py/share/go2_twist_bridge_py/package.dsv'
[2.114s] INFO:colcon.colcon_core.shell:Creating package script '/home/ayi/unitree_go2_ws/install/go2_twist_bridge_py/share/go2_twist_bridge_py/package.sh'
[2.115s] INFO:colcon.colcon_core.shell:Creating package script '/home/ayi/unitree_go2_ws/install/go2_twist_bridge_py/share/go2_twist_bridge_py/package.bash'
[2.115s] INFO:colcon.colcon_core.shell:Creating package script '/home/ayi/unitree_go2_ws/install/go2_twist_bridge_py/share/go2_twist_bridge_py/package.zsh'
[2.115s] Level 1:colcon.colcon_core.environment:create_file_with_runtime_dependencies(/home/ayi/unitree_go2_ws/install/go2_twist_bridge_py/share/colcon-core/packages/go2_twist_bridge_py)
[2.116s] DEBUG:colcon.colcon_parallel_executor.executor.parallel:closing loop
[2.116s] DEBUG:colcon.colcon_parallel_executor.executor.parallel:loop closed
[2.116s] DEBUG:colcon.colcon_parallel_executor.executor.parallel:run_until_complete finished with '0'
[2.116s] DEBUG:colcon.colcon_core.event_reactor:joining thread
[2.123s] INFO:colcon.colcon_core.plugin_system:Skipping extension 'colcon_notification.desktop_notification.terminal_notifier': Not used on non-Darwin systems
[2.123s] INFO:colcon.colcon_core.plugin_system:Skipping extension 'colcon_notification.desktop_notification.win32': Not used on non-Windows systems
[2.123s] INFO:colcon.colcon_notification.desktop_notification:Sending desktop notification using 'notify2'
[2.139s] DEBUG:colcon.colcon_core.event_reactor:joined thread
[2.139s] INFO:colcon.colcon_core.shell:Creating prefix script '/home/ayi/unitree_go2_ws/install/local_setup.ps1'
[2.142s] INFO:colcon.colcon_core.shell:Creating prefix util module '/home/ayi/unitree_go2_ws/install/_local_setup_util_ps1.py'
[2.143s] INFO:colcon.colcon_core.shell:Creating prefix chain script '/home/ayi/unitree_go2_ws/install/setup.ps1'
[2.149s] INFO:colcon.colcon_core.shell:Creating prefix script '/home/ayi/unitree_go2_ws/install/local_setup.sh'
[2.151s] INFO:colcon.colcon_core.shell:Creating prefix util module '/home/ayi/unitree_go2_ws/install/_local_setup_util_sh.py'
[2.152s] INFO:colcon.colcon_core.shell:Creating prefix chain script '/home/ayi/unitree_go2_ws/install/setup.sh'
[2.154s] INFO:colcon.colcon_core.shell:Creating prefix script '/home/ayi/unitree_go2_ws/install/local_setup.bash'
[2.154s] INFO:colcon.colcon_core.shell:Creating prefix chain script '/home/ayi/unitree_go2_ws/install/setup.bash'
[2.156s] INFO:colcon.colcon_core.shell:Creating prefix script '/home/ayi/unitree_go2_ws/install/local_setup.zsh'
[2.157s] INFO:colcon.colcon_core.shell:Creating prefix chain script '/home/ayi/unitree_go2_ws/install/setup.zsh'
