[1.153s] Invoking command in '/home/ayi/unitree_go2_ws/src/go2_camera': PYTHONPATH=/home/ayi/unitree_go2_ws/build/go2_camera/prefix_override:/usr/lib/python3/dist-packages/colcon_core/task/python/colcon_distutils_commands:/home/ayi/unitree_go2_ws/install/go2_camera/lib/python3.10/site-packages:${PYTHONPATH} /usr/bin/python3 -W ignore:setup.py install is deprecated -W ignore:easy_install command is deprecated setup.py egg_info --egg-base ../../build/go2_camera build --build-base /home/ayi/unitree_go2_ws/build/go2_camera/build install --record /home/ayi/unitree_go2_ws/build/go2_camera/install.log --single-version-externally-managed install_data
[1.341s] running egg_info
[1.341s] writing ../../build/go2_camera/go2_camera.egg-info/PKG-INFO
[1.342s] writing dependency_links to ../../build/go2_camera/go2_camera.egg-info/dependency_links.txt
[1.342s] writing entry points to ../../build/go2_camera/go2_camera.egg-info/entry_points.txt
[1.343s] writing requirements to ../../build/go2_camera/go2_camera.egg-info/requires.txt
[1.343s] writing top-level names to ../../build/go2_camera/go2_camera.egg-info/top_level.txt
[1.344s] reading manifest file '../../build/go2_camera/go2_camera.egg-info/SOURCES.txt'
[1.347s] writing manifest file '../../build/go2_camera/go2_camera.egg-info/SOURCES.txt'
[1.349s] running build
[1.349s] running build_py
[1.349s] running install
[1.349s] running install_lib
[1.349s] running install_data
[1.349s] running install_egg_info
[1.351s] removing '/home/ayi/unitree_go2_ws/install/go2_camera/lib/python3.10/site-packages/go2_camera-0.0.0-py3.10.egg-info' (and everything under it)
[1.354s] Copying ../../build/go2_camera/go2_camera.egg-info to /home/ayi/unitree_go2_ws/install/go2_camera/lib/python3.10/site-packages/go2_camera-0.0.0-py3.10.egg-info
[1.357s] running install_scripts
[1.378s] Installing camera_opencv script to /home/ayi/unitree_go2_ws/install/go2_camera/lib/go2_camera
[1.378s] Installing go2_video script to /home/ayi/unitree_go2_ws/install/go2_camera/lib/go2_camera
[1.379s] writing list of installed files to '/home/ayi/unitree_go2_ws/build/go2_camera/install.log'
[1.394s] Invoked command in '/home/ayi/unitree_go2_ws/src/go2_camera' returned '0': PYTHONPATH=/home/ayi/unitree_go2_ws/build/go2_camera/prefix_override:/usr/lib/python3/dist-packages/colcon_core/task/python/colcon_distutils_commands:/home/ayi/unitree_go2_ws/install/go2_camera/lib/python3.10/site-packages:${PYTHONPATH} /usr/bin/python3 -W ignore:setup.py install is deprecated -W ignore:easy_install command is deprecated setup.py egg_info --egg-base ../../build/go2_camera build --build-base /home/ayi/unitree_go2_ws/build/go2_camera/build install --record /home/ayi/unitree_go2_ws/build/go2_camera/install.log --single-version-externally-managed install_data
