[0.023s] Invoking command in '/home/ayi/unitree_go2_ws/build/go2_cartographer': CMAKE_PREFIX_PATH=${CMAKE_PREFIX_PATH}:/home/ayi/unitree_go2_ws/install/go2_twist_bridge_py:/home/ayi/unitree_go2_ws/install/go2_navigation:/home/ayi/unitree_go2_ws/install/go2_driver_py:/home/ayi/unitree_go2_ws/install/go2_core:/home/ayi/dev_ws/install/learning_urdf:/home/ayi/dev_ws/install/learning_topic:/home/ayi/dev_ws/install/learning_tf:/home/ayi/dev_ws/install/learning_service:/home/ayi/dev_ws/install/learning_qos:/home/ayi/dev_ws/install/learning_pkg_python:/home/ayi/dev_ws/install/learning_parameter:/home/ayi/dev_ws/install/learning_node:/home/ayi/dev_ws/install/learning_launch:/home/ayi/dev_ws/install/learning_action:/home/ayi/dev_ws/install/learning_gazebo_harmonic:/home/ayi/dev_ws/install/learning_gazebo:/home/ayi/dev_ws/install/learning_cv:/opt/ros/humble /usr/bin/cmake --build /home/ayi/unitree_go2_ws/build/go2_cartographer -- -j2 -l2
[0.211s] Invoked command in '/home/ayi/unitree_go2_ws/build/go2_cartographer' returned '0': CMAKE_PREFIX_PATH=${CMAKE_PREFIX_PATH}:/home/ayi/unitree_go2_ws/install/go2_twist_bridge_py:/home/ayi/unitree_go2_ws/install/go2_navigation:/home/ayi/unitree_go2_ws/install/go2_driver_py:/home/ayi/unitree_go2_ws/install/go2_core:/home/ayi/dev_ws/install/learning_urdf:/home/ayi/dev_ws/install/learning_topic:/home/ayi/dev_ws/install/learning_tf:/home/ayi/dev_ws/install/learning_service:/home/ayi/dev_ws/install/learning_qos:/home/ayi/dev_ws/install/learning_pkg_python:/home/ayi/dev_ws/install/learning_parameter:/home/ayi/dev_ws/install/learning_node:/home/ayi/dev_ws/install/learning_launch:/home/ayi/dev_ws/install/learning_action:/home/ayi/dev_ws/install/learning_gazebo_harmonic:/home/ayi/dev_ws/install/learning_gazebo:/home/ayi/dev_ws/install/learning_cv:/opt/ros/humble /usr/bin/cmake --build /home/ayi/unitree_go2_ws/build/go2_cartographer -- -j2 -l2
[0.218s] Invoking command in '/home/ayi/unitree_go2_ws/build/go2_cartographer': CMAKE_PREFIX_PATH=${CMAKE_PREFIX_PATH}:/home/ayi/unitree_go2_ws/install/go2_twist_bridge_py:/home/ayi/unitree_go2_ws/install/go2_navigation:/home/ayi/unitree_go2_ws/install/go2_driver_py:/home/ayi/unitree_go2_ws/install/go2_core:/home/ayi/dev_ws/install/learning_urdf:/home/ayi/dev_ws/install/learning_topic:/home/ayi/dev_ws/install/learning_tf:/home/ayi/dev_ws/install/learning_service:/home/ayi/dev_ws/install/learning_qos:/home/ayi/dev_ws/install/learning_pkg_python:/home/ayi/dev_ws/install/learning_parameter:/home/ayi/dev_ws/install/learning_node:/home/ayi/dev_ws/install/learning_launch:/home/ayi/dev_ws/install/learning_action:/home/ayi/dev_ws/install/learning_gazebo_harmonic:/home/ayi/dev_ws/install/learning_gazebo:/home/ayi/dev_ws/install/learning_cv:/opt/ros/humble /usr/bin/cmake --install /home/ayi/unitree_go2_ws/build/go2_cartographer
[0.229s] -- Install configuration: ""
[0.229s] -- Up-to-date: /home/ayi/unitree_go2_ws/install/go2_cartographer/share/go2_cartographer/config
[0.229s] -- Up-to-date: /home/ayi/unitree_go2_ws/install/go2_cartographer/share/go2_cartographer/config/go2_3d.lua
[0.229s] -- Up-to-date: /home/ayi/unitree_go2_ws/install/go2_cartographer/share/go2_cartographer/launch
[0.229s] -- Up-to-date: /home/ayi/unitree_go2_ws/install/go2_cartographer/share/go2_cartographer/launch/go2_cartographer.launch.py
[0.229s] -- Up-to-date: /home/ayi/unitree_go2_ws/install/go2_cartographer/share/go2_cartographer/rviz
[0.229s] -- Up-to-date: /home/ayi/unitree_go2_ws/install/go2_cartographer/share/ament_index/resource_index/package_run_dependencies/go2_cartographer
[0.229s] -- Up-to-date: /home/ayi/unitree_go2_ws/install/go2_cartographer/share/ament_index/resource_index/parent_prefix_path/go2_cartographer
[0.229s] -- Up-to-date: /home/ayi/unitree_go2_ws/install/go2_cartographer/share/go2_cartographer/environment/ament_prefix_path.sh
[0.229s] -- Up-to-date: /home/ayi/unitree_go2_ws/install/go2_cartographer/share/go2_cartographer/environment/ament_prefix_path.dsv
[0.229s] -- Up-to-date: /home/ayi/unitree_go2_ws/install/go2_cartographer/share/go2_cartographer/environment/path.sh
[0.229s] -- Up-to-date: /home/ayi/unitree_go2_ws/install/go2_cartographer/share/go2_cartographer/environment/path.dsv
[0.230s] -- Up-to-date: /home/ayi/unitree_go2_ws/install/go2_cartographer/share/go2_cartographer/local_setup.bash
[0.230s] -- Up-to-date: /home/ayi/unitree_go2_ws/install/go2_cartographer/share/go2_cartographer/local_setup.sh
[0.231s] -- Up-to-date: /home/ayi/unitree_go2_ws/install/go2_cartographer/share/go2_cartographer/local_setup.zsh
[0.231s] -- Up-to-date: /home/ayi/unitree_go2_ws/install/go2_cartographer/share/go2_cartographer/local_setup.dsv
[0.231s] -- Installing: /home/ayi/unitree_go2_ws/install/go2_cartographer/share/go2_cartographer/package.dsv
[0.231s] -- Up-to-date: /home/ayi/unitree_go2_ws/install/go2_cartographer/share/ament_index/resource_index/packages/go2_cartographer
[0.231s] -- Up-to-date: /home/ayi/unitree_go2_ws/install/go2_cartographer/share/go2_cartographer/cmake/go2_cartographerConfig.cmake
[0.231s] -- Up-to-date: /home/ayi/unitree_go2_ws/install/go2_cartographer/share/go2_cartographer/cmake/go2_cartographerConfig-version.cmake
[0.231s] -- Up-to-date: /home/ayi/unitree_go2_ws/install/go2_cartographer/share/go2_cartographer/package.xml
[0.237s] Invoked command in '/home/ayi/unitree_go2_ws/build/go2_cartographer' returned '0': CMAKE_PREFIX_PATH=${CMAKE_PREFIX_PATH}:/home/ayi/unitree_go2_ws/install/go2_twist_bridge_py:/home/ayi/unitree_go2_ws/install/go2_navigation:/home/ayi/unitree_go2_ws/install/go2_driver_py:/home/ayi/unitree_go2_ws/install/go2_core:/home/ayi/dev_ws/install/learning_urdf:/home/ayi/dev_ws/install/learning_topic:/home/ayi/dev_ws/install/learning_tf:/home/ayi/dev_ws/install/learning_service:/home/ayi/dev_ws/install/learning_qos:/home/ayi/dev_ws/install/learning_pkg_python:/home/ayi/dev_ws/install/learning_parameter:/home/ayi/dev_ws/install/learning_node:/home/ayi/dev_ws/install/learning_launch:/home/ayi/dev_ws/install/learning_action:/home/ayi/dev_ws/install/learning_gazebo_harmonic:/home/ayi/dev_ws/install/learning_gazebo:/home/ayi/dev_ws/install/learning_cv:/opt/ros/humble /usr/bin/cmake --install /home/ayi/unitree_go2_ws/build/go2_cartographer
