[0.079s] DEBUG:colcon:Command line arguments: ['/usr/bin/colcon', 'build']
[0.079s] DEBUG:colcon:Parsed command line arguments: Namespace(log_base=None, log_level=None, verb_name='build', build_base='build', install_base='install', merge_install=False, symlink_install=False, test_result_base=None, continue_on_error=False, executor='parallel', parallel_workers=2, event_handlers=None, ignore_user_meta=False, metas=['./colcon.meta'], base_paths=['.'], packages_ignore=None, packages_ignore_regex=None, paths=None, packages_up_to=None, packages_up_to_regex=None, packages_above=None, packages_above_and_dependencies=None, packages_above_depth=None, packages_select_by_dep=None, packages_skip_by_dep=None, packages_skip_up_to=None, packages_select_build_failed=False, packages_skip_build_finished=False, packages_select_test_failures=False, packages_skip_test_passed=False, packages_select=None, packages_skip=None, packages_select_regex=None, packages_skip_regex=None, packages_start=None, packages_end=None, allow_overriding=[], cmake_args=None, cmake_target=None, cmake_target_skip_unavailable=False, cmake_clean_cache=False, cmake_clean_first=False, cmake_force_configure=False, ament_cmake_args=None, catkin_cmake_args=None, catkin_skip_building_tests=False, verb_parser=<colcon_defaults.argument_parser.defaults.DefaultArgumentsDecorator object at 0x718e5f9ffdc0>, verb_extension=<colcon_core.verb.build.BuildVerb object at 0x718e5fbf9960>, main=<bound method BuildVerb.main of <colcon_core.verb.build.BuildVerb object at 0x718e5fbf9960>>)
[0.194s] Level 1:colcon.colcon_core.package_discovery:discover_packages(colcon_meta) check parameters
[0.194s] Level 1:colcon.colcon_core.package_discovery:discover_packages(recursive) check parameters
[0.194s] Level 1:colcon.colcon_core.package_discovery:discover_packages(ignore) check parameters
[0.194s] Level 1:colcon.colcon_core.package_discovery:discover_packages(path) check parameters
[0.194s] Level 1:colcon.colcon_core.package_discovery:discover_packages(colcon_meta) discover
[0.194s] Level 1:colcon.colcon_core.package_discovery:discover_packages(recursive) discover
[0.194s] INFO:colcon.colcon_core.package_discovery:Crawling recursively for packages in '/home/ayi/unitree_go2_ws'
[0.195s] Level 1:colcon.colcon_core.package_identification:_identify(.) by extensions ['ignore', 'ignore_ament_install']
[0.195s] Level 1:colcon.colcon_core.package_identification:_identify(.) by extension 'ignore'
[0.195s] Level 1:colcon.colcon_core.package_identification:_identify(.) by extension 'ignore_ament_install'
[0.195s] Level 1:colcon.colcon_core.package_identification:_identify(.) by extensions ['colcon_pkg']
[0.195s] Level 1:colcon.colcon_core.package_identification:_identify(.) by extension 'colcon_pkg'
[0.195s] Level 1:colcon.colcon_core.package_identification:_identify(.) by extensions ['colcon_meta']
[0.195s] Level 1:colcon.colcon_core.package_identification:_identify(.) by extension 'colcon_meta'
[0.195s] Level 1:colcon.colcon_core.package_identification:_identify(.) by extensions ['ros']
[0.195s] Level 1:colcon.colcon_core.package_identification:_identify(.) by extension 'ros'
[0.202s] Level 1:colcon.colcon_core.package_identification:_identify(.) by extensions ['cmake', 'python']
[0.202s] Level 1:colcon.colcon_core.package_identification:_identify(.) by extension 'cmake'
[0.202s] Level 1:colcon.colcon_core.package_identification:_identify(.) by extension 'python'
[0.202s] Level 1:colcon.colcon_core.package_identification:_identify(.) by extensions ['python_setup_py']
[0.202s] Level 1:colcon.colcon_core.package_identification:_identify(.) by extension 'python_setup_py'
[0.202s] Level 1:colcon.colcon_core.package_identification:_identify(build) by extensions ['ignore', 'ignore_ament_install']
[0.202s] Level 1:colcon.colcon_core.package_identification:_identify(build) by extension 'ignore'
[0.202s] Level 1:colcon.colcon_core.package_identification:_identify(build) ignored
[0.203s] Level 1:colcon.colcon_core.package_identification:_identify(install) by extensions ['ignore', 'ignore_ament_install']
[0.203s] Level 1:colcon.colcon_core.package_identification:_identify(install) by extension 'ignore'
[0.203s] Level 1:colcon.colcon_core.package_identification:_identify(install) ignored
[0.203s] Level 1:colcon.colcon_core.package_identification:_identify(log) by extensions ['ignore', 'ignore_ament_install']
[0.203s] Level 1:colcon.colcon_core.package_identification:_identify(log) by extension 'ignore'
[0.203s] Level 1:colcon.colcon_core.package_identification:_identify(log) ignored
[0.203s] Level 1:colcon.colcon_core.package_identification:_identify(src) by extensions ['ignore', 'ignore_ament_install']
[0.203s] Level 1:colcon.colcon_core.package_identification:_identify(src) by extension 'ignore'
[0.203s] Level 1:colcon.colcon_core.package_identification:_identify(src) by extension 'ignore_ament_install'
[0.203s] Level 1:colcon.colcon_core.package_identification:_identify(src) by extensions ['colcon_pkg']
[0.203s] Level 1:colcon.colcon_core.package_identification:_identify(src) by extension 'colcon_pkg'
[0.203s] Level 1:colcon.colcon_core.package_identification:_identify(src) by extensions ['colcon_meta']
[0.203s] Level 1:colcon.colcon_core.package_identification:_identify(src) by extension 'colcon_meta'
[0.203s] Level 1:colcon.colcon_core.package_identification:_identify(src) by extensions ['ros']
[0.203s] Level 1:colcon.colcon_core.package_identification:_identify(src) by extension 'ros'
[0.203s] Level 1:colcon.colcon_core.package_identification:_identify(src) by extensions ['cmake', 'python']
[0.203s] Level 1:colcon.colcon_core.package_identification:_identify(src) by extension 'cmake'
[0.203s] Level 1:colcon.colcon_core.package_identification:_identify(src) by extension 'python'
[0.203s] Level 1:colcon.colcon_core.package_identification:_identify(src) by extensions ['python_setup_py']
[0.203s] Level 1:colcon.colcon_core.package_identification:_identify(src) by extension 'python_setup_py'
[0.203s] Level 1:colcon.colcon_core.package_identification:_identify(src/base) by extensions ['ignore', 'ignore_ament_install']
[0.203s] Level 1:colcon.colcon_core.package_identification:_identify(src/base) by extension 'ignore'
[0.203s] Level 1:colcon.colcon_core.package_identification:_identify(src/base) by extension 'ignore_ament_install'
[0.203s] Level 1:colcon.colcon_core.package_identification:_identify(src/base) by extensions ['colcon_pkg']
[0.203s] Level 1:colcon.colcon_core.package_identification:_identify(src/base) by extension 'colcon_pkg'
[0.203s] Level 1:colcon.colcon_core.package_identification:_identify(src/base) by extensions ['colcon_meta']
[0.203s] Level 1:colcon.colcon_core.package_identification:_identify(src/base) by extension 'colcon_meta'
[0.203s] Level 1:colcon.colcon_core.package_identification:_identify(src/base) by extensions ['ros']
[0.203s] Level 1:colcon.colcon_core.package_identification:_identify(src/base) by extension 'ros'
[0.204s] Level 1:colcon.colcon_core.package_identification:_identify(src/base) by extensions ['cmake', 'python']
[0.204s] Level 1:colcon.colcon_core.package_identification:_identify(src/base) by extension 'cmake'
[0.204s] Level 1:colcon.colcon_core.package_identification:_identify(src/base) by extension 'python'
[0.204s] Level 1:colcon.colcon_core.package_identification:_identify(src/base) by extensions ['python_setup_py']
[0.204s] Level 1:colcon.colcon_core.package_identification:_identify(src/base) by extension 'python_setup_py'
[0.204s] Level 1:colcon.colcon_core.package_identification:_identify(src/base/go2_core) by extensions ['ignore', 'ignore_ament_install']
[0.204s] Level 1:colcon.colcon_core.package_identification:_identify(src/base/go2_core) by extension 'ignore'
[0.204s] Level 1:colcon.colcon_core.package_identification:_identify(src/base/go2_core) by extension 'ignore_ament_install'
[0.204s] Level 1:colcon.colcon_core.package_identification:_identify(src/base/go2_core) by extensions ['colcon_pkg']
[0.204s] Level 1:colcon.colcon_core.package_identification:_identify(src/base/go2_core) by extension 'colcon_pkg'
[0.204s] Level 1:colcon.colcon_core.package_identification:_identify(src/base/go2_core) by extensions ['colcon_meta']
[0.204s] Level 1:colcon.colcon_core.package_identification:_identify(src/base/go2_core) by extension 'colcon_meta'
[0.204s] Level 1:colcon.colcon_core.package_identification:_identify(src/base/go2_core) by extensions ['ros']
[0.204s] Level 1:colcon.colcon_core.package_identification:_identify(src/base/go2_core) by extension 'ros'
[0.206s] DEBUG:colcon.colcon_core.package_identification:Package 'src/base/go2_core' with type 'ros.ament_python' and name 'go2_core'
[0.206s] Level 1:colcon.colcon_core.package_identification:_identify(src/base/go2_driver) by extensions ['ignore', 'ignore_ament_install']
[0.206s] Level 1:colcon.colcon_core.package_identification:_identify(src/base/go2_driver) by extension 'ignore'
[0.207s] Level 1:colcon.colcon_core.package_identification:_identify(src/base/go2_driver) by extension 'ignore_ament_install'
[0.207s] Level 1:colcon.colcon_core.package_identification:_identify(src/base/go2_driver) by extensions ['colcon_pkg']
[0.207s] Level 1:colcon.colcon_core.package_identification:_identify(src/base/go2_driver) by extension 'colcon_pkg'
[0.207s] Level 1:colcon.colcon_core.package_identification:_identify(src/base/go2_driver) by extensions ['colcon_meta']
[0.207s] Level 1:colcon.colcon_core.package_identification:_identify(src/base/go2_driver) by extension 'colcon_meta'
[0.207s] Level 1:colcon.colcon_core.package_identification:_identify(src/base/go2_driver) by extensions ['ros']
[0.207s] Level 1:colcon.colcon_core.package_identification:_identify(src/base/go2_driver) by extension 'ros'
[0.207s] DEBUG:colcon.colcon_core.package_identification:Package 'src/base/go2_driver' with type 'ros.ament_cmake' and name 'go2_driver'
[0.207s] Level 1:colcon.colcon_core.package_identification:_identify(src/base/go2_twist_bridge) by extensions ['ignore', 'ignore_ament_install']
[0.207s] Level 1:colcon.colcon_core.package_identification:_identify(src/base/go2_twist_bridge) by extension 'ignore'
[0.207s] Level 1:colcon.colcon_core.package_identification:_identify(src/base/go2_twist_bridge) by extension 'ignore_ament_install'
[0.207s] Level 1:colcon.colcon_core.package_identification:_identify(src/base/go2_twist_bridge) by extensions ['colcon_pkg']
[0.207s] Level 1:colcon.colcon_core.package_identification:_identify(src/base/go2_twist_bridge) by extension 'colcon_pkg'
[0.207s] Level 1:colcon.colcon_core.package_identification:_identify(src/base/go2_twist_bridge) by extensions ['colcon_meta']
[0.207s] Level 1:colcon.colcon_core.package_identification:_identify(src/base/go2_twist_bridge) by extension 'colcon_meta'
[0.208s] Level 1:colcon.colcon_core.package_identification:_identify(src/base/go2_twist_bridge) by extensions ['ros']
[0.208s] Level 1:colcon.colcon_core.package_identification:_identify(src/base/go2_twist_bridge) by extension 'ros'
[0.208s] DEBUG:colcon.colcon_core.package_identification:Package 'src/base/go2_twist_bridge' with type 'ros.ament_cmake' and name 'go2_twist_bridge'
[0.208s] Level 1:colcon.colcon_core.package_identification:_identify(src/go2_description) by extensions ['ignore', 'ignore_ament_install']
[0.208s] Level 1:colcon.colcon_core.package_identification:_identify(src/go2_description) by extension 'ignore'
[0.208s] Level 1:colcon.colcon_core.package_identification:_identify(src/go2_description) by extension 'ignore_ament_install'
[0.208s] Level 1:colcon.colcon_core.package_identification:_identify(src/go2_description) by extensions ['colcon_pkg']
[0.208s] Level 1:colcon.colcon_core.package_identification:_identify(src/go2_description) by extension 'colcon_pkg'
[0.208s] Level 1:colcon.colcon_core.package_identification:_identify(src/go2_description) by extensions ['colcon_meta']
[0.208s] Level 1:colcon.colcon_core.package_identification:_identify(src/go2_description) by extension 'colcon_meta'
[0.209s] Level 1:colcon.colcon_core.package_identification:_identify(src/go2_description) by extensions ['ros']
[0.209s] Level 1:colcon.colcon_core.package_identification:_identify(src/go2_description) by extension 'ros'
[0.209s] DEBUG:colcon.colcon_core.package_identification:Package 'src/go2_description' with type 'ros.ament_cmake' and name 'go2_description'
[0.209s] Level 1:colcon.colcon_core.package_identification:_identify(src/go2_navigation) by extensions ['ignore', 'ignore_ament_install']
[0.209s] Level 1:colcon.colcon_core.package_identification:_identify(src/go2_navigation) by extension 'ignore'
[0.209s] Level 1:colcon.colcon_core.package_identification:_identify(src/go2_navigation) by extension 'ignore_ament_install'
[0.209s] Level 1:colcon.colcon_core.package_identification:_identify(src/go2_navigation) by extensions ['colcon_pkg']
[0.209s] Level 1:colcon.colcon_core.package_identification:_identify(src/go2_navigation) by extension 'colcon_pkg'
[0.209s] Level 1:colcon.colcon_core.package_identification:_identify(src/go2_navigation) by extensions ['colcon_meta']
[0.209s] Level 1:colcon.colcon_core.package_identification:_identify(src/go2_navigation) by extension 'colcon_meta'
[0.209s] Level 1:colcon.colcon_core.package_identification:_identify(src/go2_navigation) by extensions ['ros']
[0.209s] Level 1:colcon.colcon_core.package_identification:_identify(src/go2_navigation) by extension 'ros'
[0.210s] DEBUG:colcon.colcon_core.package_identification:Package 'src/go2_navigation' with type 'ros.ament_python' and name 'go2_navigation'
[0.210s] Level 1:colcon.colcon_core.package_identification:_identify(src/go2_perception) by extensions ['ignore', 'ignore_ament_install']
[0.210s] Level 1:colcon.colcon_core.package_identification:_identify(src/go2_perception) by extension 'ignore'
[0.210s] Level 1:colcon.colcon_core.package_identification:_identify(src/go2_perception) by extension 'ignore_ament_install'
[0.210s] Level 1:colcon.colcon_core.package_identification:_identify(src/go2_perception) by extensions ['colcon_pkg']
[0.210s] Level 1:colcon.colcon_core.package_identification:_identify(src/go2_perception) by extension 'colcon_pkg'
[0.210s] Level 1:colcon.colcon_core.package_identification:_identify(src/go2_perception) by extensions ['colcon_meta']
[0.210s] Level 1:colcon.colcon_core.package_identification:_identify(src/go2_perception) by extension 'colcon_meta'
[0.210s] Level 1:colcon.colcon_core.package_identification:_identify(src/go2_perception) by extensions ['ros']
[0.210s] Level 1:colcon.colcon_core.package_identification:_identify(src/go2_perception) by extension 'ros'
[0.211s] DEBUG:colcon.colcon_core.package_identification:Package 'src/go2_perception' with type 'ros.ament_cmake' and name 'go2_perception'
[0.211s] Level 1:colcon.colcon_core.package_identification:_identify(src/go2_slam) by extensions ['ignore', 'ignore_ament_install']
[0.211s] Level 1:colcon.colcon_core.package_identification:_identify(src/go2_slam) by extension 'ignore'
[0.211s] Level 1:colcon.colcon_core.package_identification:_identify(src/go2_slam) by extension 'ignore_ament_install'
[0.211s] Level 1:colcon.colcon_core.package_identification:_identify(src/go2_slam) by extensions ['colcon_pkg']
[0.211s] Level 1:colcon.colcon_core.package_identification:_identify(src/go2_slam) by extension 'colcon_pkg'
[0.211s] Level 1:colcon.colcon_core.package_identification:_identify(src/go2_slam) by extensions ['colcon_meta']
[0.211s] Level 1:colcon.colcon_core.package_identification:_identify(src/go2_slam) by extension 'colcon_meta'
[0.211s] Level 1:colcon.colcon_core.package_identification:_identify(src/go2_slam) by extensions ['ros']
[0.211s] Level 1:colcon.colcon_core.package_identification:_identify(src/go2_slam) by extension 'ros'
[0.211s] DEBUG:colcon.colcon_core.package_identification:Package 'src/go2_slam' with type 'ros.ament_cmake' and name 'go2_slam'
[0.211s] Level 1:colcon.colcon_core.package_discovery:discover_packages(recursive) using defaults
[0.211s] Level 1:colcon.colcon_core.package_discovery:discover_packages(ignore) discover
[0.212s] Level 1:colcon.colcon_core.package_discovery:discover_packages(ignore) using defaults
[0.212s] Level 1:colcon.colcon_core.package_discovery:discover_packages(path) discover
[0.212s] Level 1:colcon.colcon_core.package_discovery:discover_packages(path) using defaults
[0.233s] Level 1:colcon.colcon_core.package_discovery:discover_packages(prefix_path) check parameters
[0.233s] Level 1:colcon.colcon_core.package_discovery:discover_packages(prefix_path) discover
[0.235s] DEBUG:colcon.colcon_installed_package_information.package_discovery:Found 9 installed packages in /home/ayi/unitree_go2_ws/install
[0.236s] DEBUG:colcon.colcon_installed_package_information.package_discovery:Found 5 installed packages in /home/ayi/go2_work/unitree_ros2/cyclonedds_ws/install
[0.237s] DEBUG:colcon.colcon_installed_package_information.package_discovery:Found 21 installed packages in /home/ayi/dev_ws/install
[0.238s] DEBUG:colcon.colcon_installed_package_information.package_discovery:Found 379 installed packages in /opt/ros/humble
[0.240s] Level 1:colcon.colcon_core.package_discovery:discover_packages(prefix_path) using defaults
[0.270s] Level 5:colcon.colcon_core.verb:set package 'go2_core' build argument 'cmake_args' from command line to 'None'
[0.271s] Level 5:colcon.colcon_core.verb:set package 'go2_core' build argument 'cmake_target' from command line to 'None'
[0.271s] Level 5:colcon.colcon_core.verb:set package 'go2_core' build argument 'cmake_target_skip_unavailable' from command line to 'False'
[0.271s] Level 5:colcon.colcon_core.verb:set package 'go2_core' build argument 'cmake_clean_cache' from command line to 'False'
[0.271s] Level 5:colcon.colcon_core.verb:set package 'go2_core' build argument 'cmake_clean_first' from command line to 'False'
[0.271s] Level 5:colcon.colcon_core.verb:set package 'go2_core' build argument 'cmake_force_configure' from command line to 'False'
[0.271s] Level 5:colcon.colcon_core.verb:set package 'go2_core' build argument 'ament_cmake_args' from command line to 'None'
[0.271s] Level 5:colcon.colcon_core.verb:set package 'go2_core' build argument 'catkin_cmake_args' from command line to 'None'
[0.271s] Level 5:colcon.colcon_core.verb:set package 'go2_core' build argument 'catkin_skip_building_tests' from command line to 'False'
[0.271s] DEBUG:colcon.colcon_core.verb:Building package 'go2_core' with the following arguments: {'ament_cmake_args': None, 'build_base': '/home/ayi/unitree_go2_ws/build/go2_core', 'catkin_cmake_args': None, 'catkin_skip_building_tests': False, 'cmake_args': None, 'cmake_clean_cache': False, 'cmake_clean_first': False, 'cmake_force_configure': False, 'cmake_target': None, 'cmake_target_skip_unavailable': False, 'install_base': '/home/ayi/unitree_go2_ws/install/go2_core', 'merge_install': False, 'path': '/home/ayi/unitree_go2_ws/src/base/go2_core', 'symlink_install': False, 'test_result_base': None}
[0.271s] Level 5:colcon.colcon_core.verb:set package 'go2_description' build argument 'cmake_args' from command line to 'None'
[0.271s] Level 5:colcon.colcon_core.verb:set package 'go2_description' build argument 'cmake_target' from command line to 'None'
[0.271s] Level 5:colcon.colcon_core.verb:set package 'go2_description' build argument 'cmake_target_skip_unavailable' from command line to 'False'
[0.271s] Level 5:colcon.colcon_core.verb:set package 'go2_description' build argument 'cmake_clean_cache' from command line to 'False'
[0.271s] Level 5:colcon.colcon_core.verb:set package 'go2_description' build argument 'cmake_clean_first' from command line to 'False'
[0.271s] Level 5:colcon.colcon_core.verb:set package 'go2_description' build argument 'cmake_force_configure' from command line to 'False'
[0.271s] Level 5:colcon.colcon_core.verb:set package 'go2_description' build argument 'ament_cmake_args' from command line to 'None'
[0.271s] Level 5:colcon.colcon_core.verb:set package 'go2_description' build argument 'catkin_cmake_args' from command line to 'None'
[0.271s] Level 5:colcon.colcon_core.verb:set package 'go2_description' build argument 'catkin_skip_building_tests' from command line to 'False'
[0.271s] DEBUG:colcon.colcon_core.verb:Building package 'go2_description' with the following arguments: {'ament_cmake_args': None, 'build_base': '/home/ayi/unitree_go2_ws/build/go2_description', 'catkin_cmake_args': None, 'catkin_skip_building_tests': False, 'cmake_args': None, 'cmake_clean_cache': False, 'cmake_clean_first': False, 'cmake_force_configure': False, 'cmake_target': None, 'cmake_target_skip_unavailable': False, 'install_base': '/home/ayi/unitree_go2_ws/install/go2_description', 'merge_install': False, 'path': '/home/ayi/unitree_go2_ws/src/go2_description', 'symlink_install': False, 'test_result_base': None}
[0.272s] Level 5:colcon.colcon_core.verb:set package 'go2_driver' build argument 'cmake_args' from command line to 'None'
[0.272s] Level 5:colcon.colcon_core.verb:set package 'go2_driver' build argument 'cmake_target' from command line to 'None'
[0.272s] Level 5:colcon.colcon_core.verb:set package 'go2_driver' build argument 'cmake_target_skip_unavailable' from command line to 'False'
[0.272s] Level 5:colcon.colcon_core.verb:set package 'go2_driver' build argument 'cmake_clean_cache' from command line to 'False'
[0.272s] Level 5:colcon.colcon_core.verb:set package 'go2_driver' build argument 'cmake_clean_first' from command line to 'False'
[0.272s] Level 5:colcon.colcon_core.verb:set package 'go2_driver' build argument 'cmake_force_configure' from command line to 'False'
[0.272s] Level 5:colcon.colcon_core.verb:set package 'go2_driver' build argument 'ament_cmake_args' from command line to 'None'
[0.272s] Level 5:colcon.colcon_core.verb:set package 'go2_driver' build argument 'catkin_cmake_args' from command line to 'None'
[0.272s] Level 5:colcon.colcon_core.verb:set package 'go2_driver' build argument 'catkin_skip_building_tests' from command line to 'False'
[0.272s] DEBUG:colcon.colcon_core.verb:Building package 'go2_driver' with the following arguments: {'ament_cmake_args': None, 'build_base': '/home/ayi/unitree_go2_ws/build/go2_driver', 'catkin_cmake_args': None, 'catkin_skip_building_tests': False, 'cmake_args': None, 'cmake_clean_cache': False, 'cmake_clean_first': False, 'cmake_force_configure': False, 'cmake_target': None, 'cmake_target_skip_unavailable': False, 'install_base': '/home/ayi/unitree_go2_ws/install/go2_driver', 'merge_install': False, 'path': '/home/ayi/unitree_go2_ws/src/base/go2_driver', 'symlink_install': False, 'test_result_base': None}
[0.272s] Level 5:colcon.colcon_core.verb:set package 'go2_navigation' build argument 'cmake_args' from command line to 'None'
[0.272s] Level 5:colcon.colcon_core.verb:set package 'go2_navigation' build argument 'cmake_target' from command line to 'None'
[0.272s] Level 5:colcon.colcon_core.verb:set package 'go2_navigation' build argument 'cmake_target_skip_unavailable' from command line to 'False'
[0.272s] Level 5:colcon.colcon_core.verb:set package 'go2_navigation' build argument 'cmake_clean_cache' from command line to 'False'
[0.272s] Level 5:colcon.colcon_core.verb:set package 'go2_navigation' build argument 'cmake_clean_first' from command line to 'False'
[0.272s] Level 5:colcon.colcon_core.verb:set package 'go2_navigation' build argument 'cmake_force_configure' from command line to 'False'
[0.272s] Level 5:colcon.colcon_core.verb:set package 'go2_navigation' build argument 'ament_cmake_args' from command line to 'None'
[0.272s] Level 5:colcon.colcon_core.verb:set package 'go2_navigation' build argument 'catkin_cmake_args' from command line to 'None'
[0.272s] Level 5:colcon.colcon_core.verb:set package 'go2_navigation' build argument 'catkin_skip_building_tests' from command line to 'False'
[0.272s] DEBUG:colcon.colcon_core.verb:Building package 'go2_navigation' with the following arguments: {'ament_cmake_args': None, 'build_base': '/home/ayi/unitree_go2_ws/build/go2_navigation', 'catkin_cmake_args': None, 'catkin_skip_building_tests': False, 'cmake_args': None, 'cmake_clean_cache': False, 'cmake_clean_first': False, 'cmake_force_configure': False, 'cmake_target': None, 'cmake_target_skip_unavailable': False, 'install_base': '/home/ayi/unitree_go2_ws/install/go2_navigation', 'merge_install': False, 'path': '/home/ayi/unitree_go2_ws/src/go2_navigation', 'symlink_install': False, 'test_result_base': None}
[0.272s] Level 5:colcon.colcon_core.verb:set package 'go2_perception' build argument 'cmake_args' from command line to 'None'
[0.272s] Level 5:colcon.colcon_core.verb:set package 'go2_perception' build argument 'cmake_target' from command line to 'None'
[0.273s] Level 5:colcon.colcon_core.verb:set package 'go2_perception' build argument 'cmake_target_skip_unavailable' from command line to 'False'
[0.273s] Level 5:colcon.colcon_core.verb:set package 'go2_perception' build argument 'cmake_clean_cache' from command line to 'False'
[0.273s] Level 5:colcon.colcon_core.verb:set package 'go2_perception' build argument 'cmake_clean_first' from command line to 'False'
[0.273s] Level 5:colcon.colcon_core.verb:set package 'go2_perception' build argument 'cmake_force_configure' from command line to 'False'
[0.273s] Level 5:colcon.colcon_core.verb:set package 'go2_perception' build argument 'ament_cmake_args' from command line to 'None'
[0.273s] Level 5:colcon.colcon_core.verb:set package 'go2_perception' build argument 'catkin_cmake_args' from command line to 'None'
[0.273s] Level 5:colcon.colcon_core.verb:set package 'go2_perception' build argument 'catkin_skip_building_tests' from command line to 'False'
[0.273s] DEBUG:colcon.colcon_core.verb:Building package 'go2_perception' with the following arguments: {'ament_cmake_args': None, 'build_base': '/home/ayi/unitree_go2_ws/build/go2_perception', 'catkin_cmake_args': None, 'catkin_skip_building_tests': False, 'cmake_args': None, 'cmake_clean_cache': False, 'cmake_clean_first': False, 'cmake_force_configure': False, 'cmake_target': None, 'cmake_target_skip_unavailable': False, 'install_base': '/home/ayi/unitree_go2_ws/install/go2_perception', 'merge_install': False, 'path': '/home/ayi/unitree_go2_ws/src/go2_perception', 'symlink_install': False, 'test_result_base': None}
[0.273s] Level 5:colcon.colcon_core.verb:set package 'go2_slam' build argument 'cmake_args' from command line to 'None'
[0.273s] Level 5:colcon.colcon_core.verb:set package 'go2_slam' build argument 'cmake_target' from command line to 'None'
[0.273s] Level 5:colcon.colcon_core.verb:set package 'go2_slam' build argument 'cmake_target_skip_unavailable' from command line to 'False'
[0.273s] Level 5:colcon.colcon_core.verb:set package 'go2_slam' build argument 'cmake_clean_cache' from command line to 'False'
[0.273s] Level 5:colcon.colcon_core.verb:set package 'go2_slam' build argument 'cmake_clean_first' from command line to 'False'
[0.273s] Level 5:colcon.colcon_core.verb:set package 'go2_slam' build argument 'cmake_force_configure' from command line to 'False'
[0.273s] Level 5:colcon.colcon_core.verb:set package 'go2_slam' build argument 'ament_cmake_args' from command line to 'None'
[0.273s] Level 5:colcon.colcon_core.verb:set package 'go2_slam' build argument 'catkin_cmake_args' from command line to 'None'
[0.273s] Level 5:colcon.colcon_core.verb:set package 'go2_slam' build argument 'catkin_skip_building_tests' from command line to 'False'
[0.273s] DEBUG:colcon.colcon_core.verb:Building package 'go2_slam' with the following arguments: {'ament_cmake_args': None, 'build_base': '/home/ayi/unitree_go2_ws/build/go2_slam', 'catkin_cmake_args': None, 'catkin_skip_building_tests': False, 'cmake_args': None, 'cmake_clean_cache': False, 'cmake_clean_first': False, 'cmake_force_configure': False, 'cmake_target': None, 'cmake_target_skip_unavailable': False, 'install_base': '/home/ayi/unitree_go2_ws/install/go2_slam', 'merge_install': False, 'path': '/home/ayi/unitree_go2_ws/src/go2_slam', 'symlink_install': False, 'test_result_base': None}
[0.273s] Level 5:colcon.colcon_core.verb:set package 'go2_twist_bridge' build argument 'cmake_args' from command line to 'None'
[0.273s] Level 5:colcon.colcon_core.verb:set package 'go2_twist_bridge' build argument 'cmake_target' from command line to 'None'
[0.273s] Level 5:colcon.colcon_core.verb:set package 'go2_twist_bridge' build argument 'cmake_target_skip_unavailable' from command line to 'False'
[0.273s] Level 5:colcon.colcon_core.verb:set package 'go2_twist_bridge' build argument 'cmake_clean_cache' from command line to 'False'
[0.273s] Level 5:colcon.colcon_core.verb:set package 'go2_twist_bridge' build argument 'cmake_clean_first' from command line to 'False'
[0.273s] Level 5:colcon.colcon_core.verb:set package 'go2_twist_bridge' build argument 'cmake_force_configure' from command line to 'False'
[0.273s] Level 5:colcon.colcon_core.verb:set package 'go2_twist_bridge' build argument 'ament_cmake_args' from command line to 'None'
[0.273s] Level 5:colcon.colcon_core.verb:set package 'go2_twist_bridge' build argument 'catkin_cmake_args' from command line to 'None'
[0.273s] Level 5:colcon.colcon_core.verb:set package 'go2_twist_bridge' build argument 'catkin_skip_building_tests' from command line to 'False'
[0.273s] DEBUG:colcon.colcon_core.verb:Building package 'go2_twist_bridge' with the following arguments: {'ament_cmake_args': None, 'build_base': '/home/ayi/unitree_go2_ws/build/go2_twist_bridge', 'catkin_cmake_args': None, 'catkin_skip_building_tests': False, 'cmake_args': None, 'cmake_clean_cache': False, 'cmake_clean_first': False, 'cmake_force_configure': False, 'cmake_target': None, 'cmake_target_skip_unavailable': False, 'install_base': '/home/ayi/unitree_go2_ws/install/go2_twist_bridge', 'merge_install': False, 'path': '/home/ayi/unitree_go2_ws/src/base/go2_twist_bridge', 'symlink_install': False, 'test_result_base': None}
[0.273s] INFO:colcon.colcon_core.executor:Executing jobs using 'parallel' executor
[0.274s] DEBUG:colcon.colcon_parallel_executor.executor.parallel:run_until_complete
[0.275s] INFO:colcon.colcon_ros.task.ament_python.build:Building ROS package in '/home/ayi/unitree_go2_ws/src/base/go2_core' with build type 'ament_python'
[0.275s] Level 1:colcon.colcon_core.shell:create_environment_hook('go2_core', 'ament_prefix_path')
[0.276s] INFO:colcon.colcon_core.plugin_system:Skipping extension 'colcon_core.shell.bat': Not used on non-Windows systems
[0.277s] INFO:colcon.colcon_core.shell:Creating environment hook '/home/ayi/unitree_go2_ws/install/go2_core/share/go2_core/hook/ament_prefix_path.ps1'
[0.277s] INFO:colcon.colcon_core.shell:Creating environment descriptor '/home/ayi/unitree_go2_ws/install/go2_core/share/go2_core/hook/ament_prefix_path.dsv'
[0.278s] INFO:colcon.colcon_core.shell:Creating environment hook '/home/ayi/unitree_go2_ws/install/go2_core/share/go2_core/hook/ament_prefix_path.sh'
[0.278s] INFO:colcon.colcon_core.shell:Skip shell extension 'powershell' for command environment: Not usable outside of PowerShell
[0.278s] DEBUG:colcon.colcon_core.shell:Skip shell extension 'dsv' for command environment
[0.282s] INFO:colcon.colcon_ros.task.ament_cmake.build:Building ROS package in '/home/ayi/unitree_go2_ws/src/go2_description' with build type 'ament_cmake'
[0.283s] INFO:colcon.colcon_cmake.task.cmake.build:Building CMake package in '/home/ayi/unitree_go2_ws/src/go2_description'
[0.283s] INFO:colcon.colcon_core.shell:Skip shell extension 'powershell' for command environment: Not usable outside of PowerShell
[0.283s] DEBUG:colcon.colcon_core.shell:Skip shell extension 'dsv' for command environment
[0.478s] INFO:colcon.colcon_core.task.python.build:Building Python package in '/home/ayi/unitree_go2_ws/src/base/go2_core'
[0.478s] INFO:colcon.colcon_core.shell:Skip shell extension 'powershell' for command environment: Not usable outside of PowerShell
[0.478s] DEBUG:colcon.colcon_core.shell:Skip shell extension 'dsv' for command environment
[0.492s] DEBUG:colcon.colcon_core.event_handler.log_command:Invoking command in '/home/ayi/unitree_go2_ws/build/go2_description': CMAKE_PREFIX_PATH=${CMAKE_PREFIX_PATH}:/home/ayi/unitree_go2_ws/install/go2_twist_bridge_py:/home/ayi/unitree_go2_ws/install/go2_navigation:/home/ayi/unitree_go2_ws/install/go2_driver_py:/home/ayi/unitree_go2_ws/install/go2_core:/home/ayi/dev_ws/install/learning_urdf:/home/ayi/dev_ws/install/learning_topic:/home/ayi/dev_ws/install/learning_tf:/home/ayi/dev_ws/install/learning_service:/home/ayi/dev_ws/install/learning_qos:/home/ayi/dev_ws/install/learning_pkg_python:/home/ayi/dev_ws/install/learning_parameter:/home/ayi/dev_ws/install/learning_node:/home/ayi/dev_ws/install/learning_launch:/home/ayi/dev_ws/install/learning_action:/home/ayi/dev_ws/install/learning_gazebo_harmonic:/home/ayi/dev_ws/install/learning_gazebo:/home/ayi/dev_ws/install/learning_cv:/opt/ros/humble /usr/bin/cmake --build /home/ayi/unitree_go2_ws/build/go2_description -- -j2 -l2
[0.543s] DEBUG:colcon.colcon_core.event_handler.log_command:Invoked command in '/home/ayi/unitree_go2_ws/build/go2_description' returned '0': CMAKE_PREFIX_PATH=${CMAKE_PREFIX_PATH}:/home/ayi/unitree_go2_ws/install/go2_twist_bridge_py:/home/ayi/unitree_go2_ws/install/go2_navigation:/home/ayi/unitree_go2_ws/install/go2_driver_py:/home/ayi/unitree_go2_ws/install/go2_core:/home/ayi/dev_ws/install/learning_urdf:/home/ayi/dev_ws/install/learning_topic:/home/ayi/dev_ws/install/learning_tf:/home/ayi/dev_ws/install/learning_service:/home/ayi/dev_ws/install/learning_qos:/home/ayi/dev_ws/install/learning_pkg_python:/home/ayi/dev_ws/install/learning_parameter:/home/ayi/dev_ws/install/learning_node:/home/ayi/dev_ws/install/learning_launch:/home/ayi/dev_ws/install/learning_action:/home/ayi/dev_ws/install/learning_gazebo_harmonic:/home/ayi/dev_ws/install/learning_gazebo:/home/ayi/dev_ws/install/learning_cv:/opt/ros/humble /usr/bin/cmake --build /home/ayi/unitree_go2_ws/build/go2_description -- -j2 -l2
[0.551s] DEBUG:colcon.colcon_core.event_handler.log_command:Invoking command in '/home/ayi/unitree_go2_ws/build/go2_description': CMAKE_PREFIX_PATH=${CMAKE_PREFIX_PATH}:/home/ayi/unitree_go2_ws/install/go2_twist_bridge_py:/home/ayi/unitree_go2_ws/install/go2_navigation:/home/ayi/unitree_go2_ws/install/go2_driver_py:/home/ayi/unitree_go2_ws/install/go2_core:/home/ayi/dev_ws/install/learning_urdf:/home/ayi/dev_ws/install/learning_topic:/home/ayi/dev_ws/install/learning_tf:/home/ayi/dev_ws/install/learning_service:/home/ayi/dev_ws/install/learning_qos:/home/ayi/dev_ws/install/learning_pkg_python:/home/ayi/dev_ws/install/learning_parameter:/home/ayi/dev_ws/install/learning_node:/home/ayi/dev_ws/install/learning_launch:/home/ayi/dev_ws/install/learning_action:/home/ayi/dev_ws/install/learning_gazebo_harmonic:/home/ayi/dev_ws/install/learning_gazebo:/home/ayi/dev_ws/install/learning_cv:/opt/ros/humble /usr/bin/cmake --install /home/ayi/unitree_go2_ws/build/go2_description
[0.566s] Level 1:colcon.colcon_core.environment:create_environment_scripts_only(go2_description)
[0.583s] Level 1:colcon.colcon_core.environment:checking '/home/ayi/unitree_go2_ws/install/go2_description' for CMake module files
[0.584s] Level 1:colcon.colcon_core.environment:checking '/home/ayi/unitree_go2_ws/install/go2_description' for CMake config files
[0.584s] Level 1:colcon.colcon_core.shell:create_environment_hook('go2_description', 'cmake_prefix_path')
[0.584s] INFO:colcon.colcon_core.shell:Creating environment hook '/home/ayi/unitree_go2_ws/install/go2_description/share/go2_description/hook/cmake_prefix_path.ps1'
[0.585s] INFO:colcon.colcon_core.shell:Creating environment descriptor '/home/ayi/unitree_go2_ws/install/go2_description/share/go2_description/hook/cmake_prefix_path.dsv'
[0.591s] DEBUG:colcon.colcon_core.event_handler.log_command:Invoked command in '/home/ayi/unitree_go2_ws/build/go2_description' returned '0': CMAKE_PREFIX_PATH=${CMAKE_PREFIX_PATH}:/home/ayi/unitree_go2_ws/install/go2_twist_bridge_py:/home/ayi/unitree_go2_ws/install/go2_navigation:/home/ayi/unitree_go2_ws/install/go2_driver_py:/home/ayi/unitree_go2_ws/install/go2_core:/home/ayi/dev_ws/install/learning_urdf:/home/ayi/dev_ws/install/learning_topic:/home/ayi/dev_ws/install/learning_tf:/home/ayi/dev_ws/install/learning_service:/home/ayi/dev_ws/install/learning_qos:/home/ayi/dev_ws/install/learning_pkg_python:/home/ayi/dev_ws/install/learning_parameter:/home/ayi/dev_ws/install/learning_node:/home/ayi/dev_ws/install/learning_launch:/home/ayi/dev_ws/install/learning_action:/home/ayi/dev_ws/install/learning_gazebo_harmonic:/home/ayi/dev_ws/install/learning_gazebo:/home/ayi/dev_ws/install/learning_cv:/opt/ros/humble /usr/bin/cmake --install /home/ayi/unitree_go2_ws/build/go2_description
[0.593s] INFO:colcon.colcon_core.shell:Creating environment hook '/home/ayi/unitree_go2_ws/install/go2_description/share/go2_description/hook/cmake_prefix_path.sh'
[0.594s] Level 1:colcon.colcon_core.environment:checking '/home/ayi/unitree_go2_ws/install/go2_description/bin'
[0.594s] Level 1:colcon.colcon_core.environment:checking '/home/ayi/unitree_go2_ws/install/go2_description/lib/pkgconfig/go2_description.pc'
[0.594s] Level 1:colcon.colcon_core.environment:checking '/home/ayi/unitree_go2_ws/install/go2_description/lib/python3.10/site-packages'
[0.594s] Level 1:colcon.colcon_core.environment:checking '/home/ayi/unitree_go2_ws/install/go2_description/bin'
[0.594s] INFO:colcon.colcon_core.shell:Creating package script '/home/ayi/unitree_go2_ws/install/go2_description/share/go2_description/package.ps1'
[0.595s] INFO:colcon.colcon_core.shell:Creating package descriptor '/home/ayi/unitree_go2_ws/install/go2_description/share/go2_description/package.dsv'
[0.596s] INFO:colcon.colcon_core.shell:Creating package script '/home/ayi/unitree_go2_ws/install/go2_description/share/go2_description/package.sh'
[0.596s] INFO:colcon.colcon_core.shell:Creating package script '/home/ayi/unitree_go2_ws/install/go2_description/share/go2_description/package.bash'
[0.597s] INFO:colcon.colcon_core.shell:Creating package script '/home/ayi/unitree_go2_ws/install/go2_description/share/go2_description/package.zsh'
[0.597s] Level 1:colcon.colcon_core.environment:create_file_with_runtime_dependencies(/home/ayi/unitree_go2_ws/install/go2_description/share/colcon-core/packages/go2_description)
[0.598s] Level 1:colcon.colcon_core.environment:create_environment_scripts_only(go2_description)
[0.598s] Level 1:colcon.colcon_core.environment:checking '/home/ayi/unitree_go2_ws/install/go2_description' for CMake module files
[0.598s] Level 1:colcon.colcon_core.environment:checking '/home/ayi/unitree_go2_ws/install/go2_description' for CMake config files
[0.598s] Level 1:colcon.colcon_core.shell:create_environment_hook('go2_description', 'cmake_prefix_path')
[0.599s] INFO:colcon.colcon_core.shell:Creating environment hook '/home/ayi/unitree_go2_ws/install/go2_description/share/go2_description/hook/cmake_prefix_path.ps1'
[0.599s] INFO:colcon.colcon_core.shell:Creating environment descriptor '/home/ayi/unitree_go2_ws/install/go2_description/share/go2_description/hook/cmake_prefix_path.dsv'
[0.599s] INFO:colcon.colcon_core.shell:Creating environment hook '/home/ayi/unitree_go2_ws/install/go2_description/share/go2_description/hook/cmake_prefix_path.sh'
[0.600s] Level 1:colcon.colcon_core.environment:checking '/home/ayi/unitree_go2_ws/install/go2_description/bin'
[0.600s] Level 1:colcon.colcon_core.environment:checking '/home/ayi/unitree_go2_ws/install/go2_description/lib/pkgconfig/go2_description.pc'
[0.600s] Level 1:colcon.colcon_core.environment:checking '/home/ayi/unitree_go2_ws/install/go2_description/lib/python3.10/site-packages'
[0.600s] Level 1:colcon.colcon_core.environment:checking '/home/ayi/unitree_go2_ws/install/go2_description/bin'
[0.600s] INFO:colcon.colcon_core.shell:Creating package script '/home/ayi/unitree_go2_ws/install/go2_description/share/go2_description/package.ps1'
[0.601s] INFO:colcon.colcon_core.shell:Creating package descriptor '/home/ayi/unitree_go2_ws/install/go2_description/share/go2_description/package.dsv'
[0.602s] INFO:colcon.colcon_core.shell:Creating package script '/home/ayi/unitree_go2_ws/install/go2_description/share/go2_description/package.sh'
[0.605s] INFO:colcon.colcon_core.shell:Creating package script '/home/ayi/unitree_go2_ws/install/go2_description/share/go2_description/package.bash'
[0.605s] INFO:colcon.colcon_core.shell:Creating package script '/home/ayi/unitree_go2_ws/install/go2_description/share/go2_description/package.zsh'
[0.606s] Level 1:colcon.colcon_core.environment:create_file_with_runtime_dependencies(/home/ayi/unitree_go2_ws/install/go2_description/share/colcon-core/packages/go2_description)
[0.607s] INFO:colcon.colcon_ros.task.ament_cmake.build:Building ROS package in '/home/ayi/unitree_go2_ws/src/base/go2_driver' with build type 'ament_cmake'
[0.607s] INFO:colcon.colcon_cmake.task.cmake.build:Building CMake package in '/home/ayi/unitree_go2_ws/src/base/go2_driver'
[0.607s] INFO:colcon.colcon_core.shell:Skip shell extension 'powershell' for command environment: Not usable outside of PowerShell
[0.607s] DEBUG:colcon.colcon_core.shell:Skip shell extension 'dsv' for command environment
[0.619s] DEBUG:colcon.colcon_core.event_handler.log_command:Invoking command in '/home/ayi/unitree_go2_ws/build/go2_driver': CMAKE_PREFIX_PATH=${CMAKE_PREFIX_PATH}:/home/ayi/unitree_go2_ws/install/go2_twist_bridge_py:/home/ayi/unitree_go2_ws/install/go2_navigation:/home/ayi/unitree_go2_ws/install/go2_driver_py:/home/ayi/unitree_go2_ws/install/go2_core:/home/ayi/dev_ws/install/learning_urdf:/home/ayi/dev_ws/install/learning_topic:/home/ayi/dev_ws/install/learning_tf:/home/ayi/dev_ws/install/learning_service:/home/ayi/dev_ws/install/learning_qos:/home/ayi/dev_ws/install/learning_pkg_python:/home/ayi/dev_ws/install/learning_parameter:/home/ayi/dev_ws/install/learning_node:/home/ayi/dev_ws/install/learning_launch:/home/ayi/dev_ws/install/learning_action:/home/ayi/dev_ws/install/learning_gazebo_harmonic:/home/ayi/dev_ws/install/learning_gazebo:/home/ayi/dev_ws/install/learning_cv:/opt/ros/humble /usr/bin/cmake --build /home/ayi/unitree_go2_ws/build/go2_driver -- -j2 -l2
[0.785s] DEBUG:colcon.colcon_core.event_handler.log_command:Invoked command in '/home/ayi/unitree_go2_ws/build/go2_driver' returned '0': CMAKE_PREFIX_PATH=${CMAKE_PREFIX_PATH}:/home/ayi/unitree_go2_ws/install/go2_twist_bridge_py:/home/ayi/unitree_go2_ws/install/go2_navigation:/home/ayi/unitree_go2_ws/install/go2_driver_py:/home/ayi/unitree_go2_ws/install/go2_core:/home/ayi/dev_ws/install/learning_urdf:/home/ayi/dev_ws/install/learning_topic:/home/ayi/dev_ws/install/learning_tf:/home/ayi/dev_ws/install/learning_service:/home/ayi/dev_ws/install/learning_qos:/home/ayi/dev_ws/install/learning_pkg_python:/home/ayi/dev_ws/install/learning_parameter:/home/ayi/dev_ws/install/learning_node:/home/ayi/dev_ws/install/learning_launch:/home/ayi/dev_ws/install/learning_action:/home/ayi/dev_ws/install/learning_gazebo_harmonic:/home/ayi/dev_ws/install/learning_gazebo:/home/ayi/dev_ws/install/learning_cv:/opt/ros/humble /usr/bin/cmake --build /home/ayi/unitree_go2_ws/build/go2_driver -- -j2 -l2
[0.786s] DEBUG:colcon.colcon_core.event_handler.log_command:Invoking command in '/home/ayi/unitree_go2_ws/build/go2_driver': CMAKE_PREFIX_PATH=${CMAKE_PREFIX_PATH}:/home/ayi/unitree_go2_ws/install/go2_twist_bridge_py:/home/ayi/unitree_go2_ws/install/go2_navigation:/home/ayi/unitree_go2_ws/install/go2_driver_py:/home/ayi/unitree_go2_ws/install/go2_core:/home/ayi/dev_ws/install/learning_urdf:/home/ayi/dev_ws/install/learning_topic:/home/ayi/dev_ws/install/learning_tf:/home/ayi/dev_ws/install/learning_service:/home/ayi/dev_ws/install/learning_qos:/home/ayi/dev_ws/install/learning_pkg_python:/home/ayi/dev_ws/install/learning_parameter:/home/ayi/dev_ws/install/learning_node:/home/ayi/dev_ws/install/learning_launch:/home/ayi/dev_ws/install/learning_action:/home/ayi/dev_ws/install/learning_gazebo_harmonic:/home/ayi/dev_ws/install/learning_gazebo:/home/ayi/dev_ws/install/learning_cv:/opt/ros/humble /usr/bin/cmake --install /home/ayi/unitree_go2_ws/build/go2_driver
[0.800s] Level 1:colcon.colcon_core.environment:create_environment_scripts_only(go2_driver)
[0.800s] Level 1:colcon.colcon_core.environment:checking '/home/ayi/unitree_go2_ws/install/go2_driver' for CMake module files
[0.800s] Level 1:colcon.colcon_core.environment:checking '/home/ayi/unitree_go2_ws/install/go2_driver' for CMake config files
[0.801s] Level 1:colcon.colcon_core.shell:create_environment_hook('go2_driver', 'cmake_prefix_path')
[0.801s] INFO:colcon.colcon_core.shell:Creating environment hook '/home/ayi/unitree_go2_ws/install/go2_driver/share/go2_driver/hook/cmake_prefix_path.ps1'
[0.801s] INFO:colcon.colcon_core.shell:Creating environment descriptor '/home/ayi/unitree_go2_ws/install/go2_driver/share/go2_driver/hook/cmake_prefix_path.dsv'
[0.806s] INFO:colcon.colcon_core.shell:Creating environment hook '/home/ayi/unitree_go2_ws/install/go2_driver/share/go2_driver/hook/cmake_prefix_path.sh'
[0.807s] DEBUG:colcon.colcon_core.event_handler.log_command:Invoked command in '/home/ayi/unitree_go2_ws/build/go2_driver' returned '0': CMAKE_PREFIX_PATH=${CMAKE_PREFIX_PATH}:/home/ayi/unitree_go2_ws/install/go2_twist_bridge_py:/home/ayi/unitree_go2_ws/install/go2_navigation:/home/ayi/unitree_go2_ws/install/go2_driver_py:/home/ayi/unitree_go2_ws/install/go2_core:/home/ayi/dev_ws/install/learning_urdf:/home/ayi/dev_ws/install/learning_topic:/home/ayi/dev_ws/install/learning_tf:/home/ayi/dev_ws/install/learning_service:/home/ayi/dev_ws/install/learning_qos:/home/ayi/dev_ws/install/learning_pkg_python:/home/ayi/dev_ws/install/learning_parameter:/home/ayi/dev_ws/install/learning_node:/home/ayi/dev_ws/install/learning_launch:/home/ayi/dev_ws/install/learning_action:/home/ayi/dev_ws/install/learning_gazebo_harmonic:/home/ayi/dev_ws/install/learning_gazebo:/home/ayi/dev_ws/install/learning_cv:/opt/ros/humble /usr/bin/cmake --install /home/ayi/unitree_go2_ws/build/go2_driver
[0.809s] Level 1:colcon.colcon_core.environment:checking '/home/ayi/unitree_go2_ws/install/go2_driver/lib'
[0.809s] Level 1:colcon.colcon_core.environment:checking '/home/ayi/unitree_go2_ws/install/go2_driver/bin'
[0.809s] Level 1:colcon.colcon_core.environment:checking '/home/ayi/unitree_go2_ws/install/go2_driver/lib/pkgconfig/go2_driver.pc'
[0.809s] Level 1:colcon.colcon_core.environment:checking '/home/ayi/unitree_go2_ws/install/go2_driver/lib/python3.10/site-packages'
[0.809s] Level 1:colcon.colcon_core.environment:checking '/home/ayi/unitree_go2_ws/install/go2_driver/bin'
[0.809s] INFO:colcon.colcon_core.shell:Creating package script '/home/ayi/unitree_go2_ws/install/go2_driver/share/go2_driver/package.ps1'
[0.810s] INFO:colcon.colcon_core.shell:Creating package descriptor '/home/ayi/unitree_go2_ws/install/go2_driver/share/go2_driver/package.dsv'
[0.810s] INFO:colcon.colcon_core.shell:Creating package script '/home/ayi/unitree_go2_ws/install/go2_driver/share/go2_driver/package.sh'
[0.811s] INFO:colcon.colcon_core.shell:Creating package script '/home/ayi/unitree_go2_ws/install/go2_driver/share/go2_driver/package.bash'
[0.811s] INFO:colcon.colcon_core.shell:Creating package script '/home/ayi/unitree_go2_ws/install/go2_driver/share/go2_driver/package.zsh'
[0.812s] Level 1:colcon.colcon_core.environment:create_file_with_runtime_dependencies(/home/ayi/unitree_go2_ws/install/go2_driver/share/colcon-core/packages/go2_driver)
[0.812s] Level 1:colcon.colcon_core.environment:create_environment_scripts_only(go2_driver)
[0.813s] Level 1:colcon.colcon_core.environment:checking '/home/ayi/unitree_go2_ws/install/go2_driver' for CMake module files
[0.813s] Level 1:colcon.colcon_core.environment:checking '/home/ayi/unitree_go2_ws/install/go2_driver' for CMake config files
[0.813s] Level 1:colcon.colcon_core.shell:create_environment_hook('go2_driver', 'cmake_prefix_path')
[0.813s] INFO:colcon.colcon_core.shell:Creating environment hook '/home/ayi/unitree_go2_ws/install/go2_driver/share/go2_driver/hook/cmake_prefix_path.ps1'
[0.814s] INFO:colcon.colcon_core.shell:Creating environment descriptor '/home/ayi/unitree_go2_ws/install/go2_driver/share/go2_driver/hook/cmake_prefix_path.dsv'
[0.815s] INFO:colcon.colcon_core.shell:Creating environment hook '/home/ayi/unitree_go2_ws/install/go2_driver/share/go2_driver/hook/cmake_prefix_path.sh'
[0.815s] Level 1:colcon.colcon_core.environment:checking '/home/ayi/unitree_go2_ws/install/go2_driver/lib'
[0.816s] Level 1:colcon.colcon_core.environment:checking '/home/ayi/unitree_go2_ws/install/go2_driver/bin'
[0.816s] Level 1:colcon.colcon_core.environment:checking '/home/ayi/unitree_go2_ws/install/go2_driver/lib/pkgconfig/go2_driver.pc'
[0.816s] Level 1:colcon.colcon_core.environment:checking '/home/ayi/unitree_go2_ws/install/go2_driver/lib/python3.10/site-packages'
[0.816s] Level 1:colcon.colcon_core.environment:checking '/home/ayi/unitree_go2_ws/install/go2_driver/bin'
[0.816s] INFO:colcon.colcon_core.shell:Creating package script '/home/ayi/unitree_go2_ws/install/go2_driver/share/go2_driver/package.ps1'
[0.817s] INFO:colcon.colcon_core.shell:Creating package descriptor '/home/ayi/unitree_go2_ws/install/go2_driver/share/go2_driver/package.dsv'
[0.817s] INFO:colcon.colcon_core.shell:Creating package script '/home/ayi/unitree_go2_ws/install/go2_driver/share/go2_driver/package.sh'
[0.818s] INFO:colcon.colcon_core.shell:Creating package script '/home/ayi/unitree_go2_ws/install/go2_driver/share/go2_driver/package.bash'
[0.818s] INFO:colcon.colcon_core.shell:Creating package script '/home/ayi/unitree_go2_ws/install/go2_driver/share/go2_driver/package.zsh'
[0.818s] Level 1:colcon.colcon_core.environment:create_file_with_runtime_dependencies(/home/ayi/unitree_go2_ws/install/go2_driver/share/colcon-core/packages/go2_driver)
[0.822s] INFO:colcon.colcon_ros.task.ament_python.build:Building ROS package in '/home/ayi/unitree_go2_ws/src/go2_navigation' with build type 'ament_python'
[0.823s] Level 1:colcon.colcon_core.shell:create_environment_hook('go2_navigation', 'ament_prefix_path')
[0.823s] INFO:colcon.colcon_core.shell:Creating environment hook '/home/ayi/unitree_go2_ws/install/go2_navigation/share/go2_navigation/hook/ament_prefix_path.ps1'
[0.824s] INFO:colcon.colcon_core.shell:Creating environment descriptor '/home/ayi/unitree_go2_ws/install/go2_navigation/share/go2_navigation/hook/ament_prefix_path.dsv'
[0.824s] INFO:colcon.colcon_core.shell:Creating environment hook '/home/ayi/unitree_go2_ws/install/go2_navigation/share/go2_navigation/hook/ament_prefix_path.sh'
[0.824s] INFO:colcon.colcon_core.shell:Skip shell extension 'powershell' for command environment: Not usable outside of PowerShell
[0.824s] DEBUG:colcon.colcon_core.shell:Skip shell extension 'dsv' for command environment
[0.841s] DEBUG:colcon.colcon_core.event_handler.log_command:Invoking command in '/home/ayi/unitree_go2_ws/src/base/go2_core': PYTHONPATH=/home/ayi/unitree_go2_ws/build/go2_core/prefix_override:/usr/lib/python3/dist-packages/colcon_core/task/python/colcon_distutils_commands:/home/ayi/unitree_go2_ws/install/go2_core/lib/python3.10/site-packages:${PYTHONPATH} /usr/bin/python3 -W ignore:setup.py install is deprecated -W ignore:easy_install command is deprecated setup.py egg_info --egg-base ../../../build/go2_core build --build-base /home/ayi/unitree_go2_ws/build/go2_core/build install --record /home/ayi/unitree_go2_ws/build/go2_core/install.log --single-version-externally-managed install_data
[1.045s] INFO:colcon.colcon_core.task.python.build:Building Python package in '/home/ayi/unitree_go2_ws/src/go2_navigation'
[1.045s] INFO:colcon.colcon_core.shell:Skip shell extension 'powershell' for command environment: Not usable outside of PowerShell
[1.045s] DEBUG:colcon.colcon_core.shell:Skip shell extension 'dsv' for command environment
[1.124s] Level 1:colcon.colcon_core.environment:checking '/home/ayi/unitree_go2_ws/install/go2_core' for CMake module files
[1.124s] DEBUG:colcon.colcon_core.event_handler.log_command:Invoked command in '/home/ayi/unitree_go2_ws/src/base/go2_core' returned '0': PYTHONPATH=/home/ayi/unitree_go2_ws/build/go2_core/prefix_override:/usr/lib/python3/dist-packages/colcon_core/task/python/colcon_distutils_commands:/home/ayi/unitree_go2_ws/install/go2_core/lib/python3.10/site-packages:${PYTHONPATH} /usr/bin/python3 -W ignore:setup.py install is deprecated -W ignore:easy_install command is deprecated setup.py egg_info --egg-base ../../../build/go2_core build --build-base /home/ayi/unitree_go2_ws/build/go2_core/build install --record /home/ayi/unitree_go2_ws/build/go2_core/install.log --single-version-externally-managed install_data
[1.125s] Level 1:colcon.colcon_core.environment:checking '/home/ayi/unitree_go2_ws/install/go2_core' for CMake config files
[1.125s] Level 1:colcon.colcon_core.environment:checking '/home/ayi/unitree_go2_ws/install/go2_core/lib'
[1.125s] Level 1:colcon.colcon_core.environment:checking '/home/ayi/unitree_go2_ws/install/go2_core/bin'
[1.125s] Level 1:colcon.colcon_core.environment:checking '/home/ayi/unitree_go2_ws/install/go2_core/lib/pkgconfig/go2_core.pc'
[1.125s] Level 1:colcon.colcon_core.environment:checking '/home/ayi/unitree_go2_ws/install/go2_core/lib/python3.10/site-packages'
[1.125s] Level 1:colcon.colcon_core.shell:create_environment_hook('go2_core', 'pythonpath')
[1.125s] INFO:colcon.colcon_core.shell:Creating environment hook '/home/ayi/unitree_go2_ws/install/go2_core/share/go2_core/hook/pythonpath.ps1'
[1.126s] INFO:colcon.colcon_core.shell:Creating environment descriptor '/home/ayi/unitree_go2_ws/install/go2_core/share/go2_core/hook/pythonpath.dsv'
[1.126s] INFO:colcon.colcon_core.shell:Creating environment hook '/home/ayi/unitree_go2_ws/install/go2_core/share/go2_core/hook/pythonpath.sh'
[1.127s] Level 1:colcon.colcon_core.environment:checking '/home/ayi/unitree_go2_ws/install/go2_core/bin'
[1.127s] Level 1:colcon.colcon_core.environment:create_environment_scripts_only(go2_core)
[1.127s] INFO:colcon.colcon_core.shell:Creating package script '/home/ayi/unitree_go2_ws/install/go2_core/share/go2_core/package.ps1'
[1.127s] INFO:colcon.colcon_core.shell:Creating package descriptor '/home/ayi/unitree_go2_ws/install/go2_core/share/go2_core/package.dsv'
[1.128s] INFO:colcon.colcon_core.shell:Creating package script '/home/ayi/unitree_go2_ws/install/go2_core/share/go2_core/package.sh'
[1.129s] INFO:colcon.colcon_core.shell:Creating package script '/home/ayi/unitree_go2_ws/install/go2_core/share/go2_core/package.bash'
[1.129s] INFO:colcon.colcon_core.shell:Creating package script '/home/ayi/unitree_go2_ws/install/go2_core/share/go2_core/package.zsh'
[1.130s] Level 1:colcon.colcon_core.environment:create_file_with_runtime_dependencies(/home/ayi/unitree_go2_ws/install/go2_core/share/colcon-core/packages/go2_core)
[1.130s] INFO:colcon.colcon_ros.task.ament_cmake.build:Building ROS package in '/home/ayi/unitree_go2_ws/src/go2_perception' with build type 'ament_cmake'
[1.131s] INFO:colcon.colcon_cmake.task.cmake.build:Building CMake package in '/home/ayi/unitree_go2_ws/src/go2_perception'
[1.132s] INFO:colcon.colcon_core.shell:Skip shell extension 'powershell' for command environment: Not usable outside of PowerShell
[1.132s] DEBUG:colcon.colcon_core.shell:Skip shell extension 'dsv' for command environment
[1.145s] DEBUG:colcon.colcon_core.event_handler.log_command:Invoking command in '/home/ayi/unitree_go2_ws/build/go2_perception': CMAKE_PREFIX_PATH=${CMAKE_PREFIX_PATH}:/home/ayi/unitree_go2_ws/install/go2_twist_bridge_py:/home/ayi/unitree_go2_ws/install/go2_navigation:/home/ayi/unitree_go2_ws/install/go2_driver_py:/home/ayi/unitree_go2_ws/install/go2_core:/home/ayi/dev_ws/install/learning_urdf:/home/ayi/dev_ws/install/learning_topic:/home/ayi/dev_ws/install/learning_tf:/home/ayi/dev_ws/install/learning_service:/home/ayi/dev_ws/install/learning_qos:/home/ayi/dev_ws/install/learning_pkg_python:/home/ayi/dev_ws/install/learning_parameter:/home/ayi/dev_ws/install/learning_node:/home/ayi/dev_ws/install/learning_launch:/home/ayi/dev_ws/install/learning_action:/home/ayi/dev_ws/install/learning_gazebo_harmonic:/home/ayi/dev_ws/install/learning_gazebo:/home/ayi/dev_ws/install/learning_cv:/opt/ros/humble /usr/bin/cmake --build /home/ayi/unitree_go2_ws/build/go2_perception -- -j2 -l2
[1.275s] DEBUG:colcon.colcon_core.event_handler.log_command:Invoked command in '/home/ayi/unitree_go2_ws/build/go2_perception' returned '0': CMAKE_PREFIX_PATH=${CMAKE_PREFIX_PATH}:/home/ayi/unitree_go2_ws/install/go2_twist_bridge_py:/home/ayi/unitree_go2_ws/install/go2_navigation:/home/ayi/unitree_go2_ws/install/go2_driver_py:/home/ayi/unitree_go2_ws/install/go2_core:/home/ayi/dev_ws/install/learning_urdf:/home/ayi/dev_ws/install/learning_topic:/home/ayi/dev_ws/install/learning_tf:/home/ayi/dev_ws/install/learning_service:/home/ayi/dev_ws/install/learning_qos:/home/ayi/dev_ws/install/learning_pkg_python:/home/ayi/dev_ws/install/learning_parameter:/home/ayi/dev_ws/install/learning_node:/home/ayi/dev_ws/install/learning_launch:/home/ayi/dev_ws/install/learning_action:/home/ayi/dev_ws/install/learning_gazebo_harmonic:/home/ayi/dev_ws/install/learning_gazebo:/home/ayi/dev_ws/install/learning_cv:/opt/ros/humble /usr/bin/cmake --build /home/ayi/unitree_go2_ws/build/go2_perception -- -j2 -l2
[1.280s] DEBUG:colcon.colcon_core.event_handler.log_command:Invoking command in '/home/ayi/unitree_go2_ws/build/go2_perception': CMAKE_PREFIX_PATH=${CMAKE_PREFIX_PATH}:/home/ayi/unitree_go2_ws/install/go2_twist_bridge_py:/home/ayi/unitree_go2_ws/install/go2_navigation:/home/ayi/unitree_go2_ws/install/go2_driver_py:/home/ayi/unitree_go2_ws/install/go2_core:/home/ayi/dev_ws/install/learning_urdf:/home/ayi/dev_ws/install/learning_topic:/home/ayi/dev_ws/install/learning_tf:/home/ayi/dev_ws/install/learning_service:/home/ayi/dev_ws/install/learning_qos:/home/ayi/dev_ws/install/learning_pkg_python:/home/ayi/dev_ws/install/learning_parameter:/home/ayi/dev_ws/install/learning_node:/home/ayi/dev_ws/install/learning_launch:/home/ayi/dev_ws/install/learning_action:/home/ayi/dev_ws/install/learning_gazebo_harmonic:/home/ayi/dev_ws/install/learning_gazebo:/home/ayi/dev_ws/install/learning_cv:/opt/ros/humble /usr/bin/cmake --install /home/ayi/unitree_go2_ws/build/go2_perception
[1.291s] Level 1:colcon.colcon_core.environment:create_environment_scripts_only(go2_perception)
[1.291s] Level 1:colcon.colcon_core.environment:checking '/home/ayi/unitree_go2_ws/install/go2_perception' for CMake module files
[1.291s] Level 1:colcon.colcon_core.environment:checking '/home/ayi/unitree_go2_ws/install/go2_perception' for CMake config files
[1.291s] Level 1:colcon.colcon_core.shell:create_environment_hook('go2_perception', 'cmake_prefix_path')
[1.292s] INFO:colcon.colcon_core.shell:Creating environment hook '/home/ayi/unitree_go2_ws/install/go2_perception/share/go2_perception/hook/cmake_prefix_path.ps1'
[1.292s] INFO:colcon.colcon_core.shell:Creating environment descriptor '/home/ayi/unitree_go2_ws/install/go2_perception/share/go2_perception/hook/cmake_prefix_path.dsv'
[1.292s] DEBUG:colcon.colcon_core.event_handler.log_command:Invoked command in '/home/ayi/unitree_go2_ws/build/go2_perception' returned '0': CMAKE_PREFIX_PATH=${CMAKE_PREFIX_PATH}:/home/ayi/unitree_go2_ws/install/go2_twist_bridge_py:/home/ayi/unitree_go2_ws/install/go2_navigation:/home/ayi/unitree_go2_ws/install/go2_driver_py:/home/ayi/unitree_go2_ws/install/go2_core:/home/ayi/dev_ws/install/learning_urdf:/home/ayi/dev_ws/install/learning_topic:/home/ayi/dev_ws/install/learning_tf:/home/ayi/dev_ws/install/learning_service:/home/ayi/dev_ws/install/learning_qos:/home/ayi/dev_ws/install/learning_pkg_python:/home/ayi/dev_ws/install/learning_parameter:/home/ayi/dev_ws/install/learning_node:/home/ayi/dev_ws/install/learning_launch:/home/ayi/dev_ws/install/learning_action:/home/ayi/dev_ws/install/learning_gazebo_harmonic:/home/ayi/dev_ws/install/learning_gazebo:/home/ayi/dev_ws/install/learning_cv:/opt/ros/humble /usr/bin/cmake --install /home/ayi/unitree_go2_ws/build/go2_perception
[1.293s] INFO:colcon.colcon_core.shell:Creating environment hook '/home/ayi/unitree_go2_ws/install/go2_perception/share/go2_perception/hook/cmake_prefix_path.sh'
[1.293s] Level 1:colcon.colcon_core.environment:checking '/home/ayi/unitree_go2_ws/install/go2_perception/lib'
[1.294s] Level 1:colcon.colcon_core.shell:create_environment_hook('go2_perception', 'ld_library_path_lib')
[1.294s] INFO:colcon.colcon_core.shell:Creating environment hook '/home/ayi/unitree_go2_ws/install/go2_perception/share/go2_perception/hook/ld_library_path_lib.ps1'
[1.294s] INFO:colcon.colcon_core.shell:Creating environment descriptor '/home/ayi/unitree_go2_ws/install/go2_perception/share/go2_perception/hook/ld_library_path_lib.dsv'
[1.295s] INFO:colcon.colcon_core.shell:Creating environment hook '/home/ayi/unitree_go2_ws/install/go2_perception/share/go2_perception/hook/ld_library_path_lib.sh'
[1.295s] Level 1:colcon.colcon_core.environment:checking '/home/ayi/unitree_go2_ws/install/go2_perception/bin'
[1.295s] Level 1:colcon.colcon_core.environment:checking '/home/ayi/unitree_go2_ws/install/go2_perception/lib/pkgconfig/go2_perception.pc'
[1.295s] Level 1:colcon.colcon_core.environment:checking '/home/ayi/unitree_go2_ws/install/go2_perception/lib/python3.10/site-packages'
[1.295s] Level 1:colcon.colcon_core.environment:checking '/home/ayi/unitree_go2_ws/install/go2_perception/bin'
[1.296s] INFO:colcon.colcon_core.shell:Creating package script '/home/ayi/unitree_go2_ws/install/go2_perception/share/go2_perception/package.ps1'
[1.296s] INFO:colcon.colcon_core.shell:Creating package descriptor '/home/ayi/unitree_go2_ws/install/go2_perception/share/go2_perception/package.dsv'
[1.297s] INFO:colcon.colcon_core.shell:Creating package script '/home/ayi/unitree_go2_ws/install/go2_perception/share/go2_perception/package.sh'
[1.297s] INFO:colcon.colcon_core.shell:Creating package script '/home/ayi/unitree_go2_ws/install/go2_perception/share/go2_perception/package.bash'
[1.298s] INFO:colcon.colcon_core.shell:Creating package script '/home/ayi/unitree_go2_ws/install/go2_perception/share/go2_perception/package.zsh'
[1.298s] Level 1:colcon.colcon_core.environment:create_file_with_runtime_dependencies(/home/ayi/unitree_go2_ws/install/go2_perception/share/colcon-core/packages/go2_perception)
[1.299s] Level 1:colcon.colcon_core.environment:create_environment_scripts_only(go2_perception)
[1.299s] Level 1:colcon.colcon_core.environment:checking '/home/ayi/unitree_go2_ws/install/go2_perception' for CMake module files
[1.299s] Level 1:colcon.colcon_core.environment:checking '/home/ayi/unitree_go2_ws/install/go2_perception' for CMake config files
[1.299s] Level 1:colcon.colcon_core.shell:create_environment_hook('go2_perception', 'cmake_prefix_path')
[1.299s] INFO:colcon.colcon_core.shell:Creating environment hook '/home/ayi/unitree_go2_ws/install/go2_perception/share/go2_perception/hook/cmake_prefix_path.ps1'
[1.300s] INFO:colcon.colcon_core.shell:Creating environment descriptor '/home/ayi/unitree_go2_ws/install/go2_perception/share/go2_perception/hook/cmake_prefix_path.dsv'
[1.300s] INFO:colcon.colcon_core.shell:Creating environment hook '/home/ayi/unitree_go2_ws/install/go2_perception/share/go2_perception/hook/cmake_prefix_path.sh'
[1.301s] Level 1:colcon.colcon_core.environment:checking '/home/ayi/unitree_go2_ws/install/go2_perception/lib'
[1.301s] Level 1:colcon.colcon_core.shell:create_environment_hook('go2_perception', 'ld_library_path_lib')
[1.301s] INFO:colcon.colcon_core.shell:Creating environment hook '/home/ayi/unitree_go2_ws/install/go2_perception/share/go2_perception/hook/ld_library_path_lib.ps1'
[1.302s] INFO:colcon.colcon_core.shell:Creating environment descriptor '/home/ayi/unitree_go2_ws/install/go2_perception/share/go2_perception/hook/ld_library_path_lib.dsv'
[1.302s] INFO:colcon.colcon_core.shell:Creating environment hook '/home/ayi/unitree_go2_ws/install/go2_perception/share/go2_perception/hook/ld_library_path_lib.sh'
[1.303s] Level 1:colcon.colcon_core.environment:checking '/home/ayi/unitree_go2_ws/install/go2_perception/bin'
[1.303s] Level 1:colcon.colcon_core.environment:checking '/home/ayi/unitree_go2_ws/install/go2_perception/lib/pkgconfig/go2_perception.pc'
[1.303s] Level 1:colcon.colcon_core.environment:checking '/home/ayi/unitree_go2_ws/install/go2_perception/lib/python3.10/site-packages'
[1.303s] Level 1:colcon.colcon_core.environment:checking '/home/ayi/unitree_go2_ws/install/go2_perception/bin'
[1.303s] INFO:colcon.colcon_core.shell:Creating package script '/home/ayi/unitree_go2_ws/install/go2_perception/share/go2_perception/package.ps1'
[1.304s] INFO:colcon.colcon_core.shell:Creating package descriptor '/home/ayi/unitree_go2_ws/install/go2_perception/share/go2_perception/package.dsv'
[1.305s] INFO:colcon.colcon_core.shell:Creating package script '/home/ayi/unitree_go2_ws/install/go2_perception/share/go2_perception/package.sh'
[1.306s] INFO:colcon.colcon_core.shell:Creating package script '/home/ayi/unitree_go2_ws/install/go2_perception/share/go2_perception/package.bash'
[1.306s] INFO:colcon.colcon_core.shell:Creating package script '/home/ayi/unitree_go2_ws/install/go2_perception/share/go2_perception/package.zsh'
[1.307s] Level 1:colcon.colcon_core.environment:create_file_with_runtime_dependencies(/home/ayi/unitree_go2_ws/install/go2_perception/share/colcon-core/packages/go2_perception)
[1.308s] INFO:colcon.colcon_ros.task.ament_cmake.build:Building ROS package in '/home/ayi/unitree_go2_ws/src/go2_slam' with build type 'ament_cmake'
[1.309s] INFO:colcon.colcon_cmake.task.cmake.build:Building CMake package in '/home/ayi/unitree_go2_ws/src/go2_slam'
[1.309s] INFO:colcon.colcon_core.shell:Skip shell extension 'powershell' for command environment: Not usable outside of PowerShell
[1.309s] DEBUG:colcon.colcon_core.shell:Skip shell extension 'dsv' for command environment
[1.326s] DEBUG:colcon.colcon_core.event_handler.log_command:Invoking command in '/home/ayi/unitree_go2_ws/build/go2_slam': CMAKE_PREFIX_PATH=${CMAKE_PREFIX_PATH}:/home/ayi/unitree_go2_ws/install/go2_twist_bridge_py:/home/ayi/unitree_go2_ws/install/go2_navigation:/home/ayi/unitree_go2_ws/install/go2_driver_py:/home/ayi/unitree_go2_ws/install/go2_core:/home/ayi/dev_ws/install/learning_urdf:/home/ayi/dev_ws/install/learning_topic:/home/ayi/dev_ws/install/learning_tf:/home/ayi/dev_ws/install/learning_service:/home/ayi/dev_ws/install/learning_qos:/home/ayi/dev_ws/install/learning_pkg_python:/home/ayi/dev_ws/install/learning_parameter:/home/ayi/dev_ws/install/learning_node:/home/ayi/dev_ws/install/learning_launch:/home/ayi/dev_ws/install/learning_action:/home/ayi/dev_ws/install/learning_gazebo_harmonic:/home/ayi/dev_ws/install/learning_gazebo:/home/ayi/dev_ws/install/learning_cv:/opt/ros/humble /usr/bin/cmake --build /home/ayi/unitree_go2_ws/build/go2_slam -- -j2 -l2
[1.367s] DEBUG:colcon.colcon_core.event_handler.log_command:Invoked command in '/home/ayi/unitree_go2_ws/build/go2_slam' returned '0': CMAKE_PREFIX_PATH=${CMAKE_PREFIX_PATH}:/home/ayi/unitree_go2_ws/install/go2_twist_bridge_py:/home/ayi/unitree_go2_ws/install/go2_navigation:/home/ayi/unitree_go2_ws/install/go2_driver_py:/home/ayi/unitree_go2_ws/install/go2_core:/home/ayi/dev_ws/install/learning_urdf:/home/ayi/dev_ws/install/learning_topic:/home/ayi/dev_ws/install/learning_tf:/home/ayi/dev_ws/install/learning_service:/home/ayi/dev_ws/install/learning_qos:/home/ayi/dev_ws/install/learning_pkg_python:/home/ayi/dev_ws/install/learning_parameter:/home/ayi/dev_ws/install/learning_node:/home/ayi/dev_ws/install/learning_launch:/home/ayi/dev_ws/install/learning_action:/home/ayi/dev_ws/install/learning_gazebo_harmonic:/home/ayi/dev_ws/install/learning_gazebo:/home/ayi/dev_ws/install/learning_cv:/opt/ros/humble /usr/bin/cmake --build /home/ayi/unitree_go2_ws/build/go2_slam -- -j2 -l2
[1.368s] DEBUG:colcon.colcon_core.event_handler.log_command:Invoking command in '/home/ayi/unitree_go2_ws/build/go2_slam': CMAKE_PREFIX_PATH=${CMAKE_PREFIX_PATH}:/home/ayi/unitree_go2_ws/install/go2_twist_bridge_py:/home/ayi/unitree_go2_ws/install/go2_navigation:/home/ayi/unitree_go2_ws/install/go2_driver_py:/home/ayi/unitree_go2_ws/install/go2_core:/home/ayi/dev_ws/install/learning_urdf:/home/ayi/dev_ws/install/learning_topic:/home/ayi/dev_ws/install/learning_tf:/home/ayi/dev_ws/install/learning_service:/home/ayi/dev_ws/install/learning_qos:/home/ayi/dev_ws/install/learning_pkg_python:/home/ayi/dev_ws/install/learning_parameter:/home/ayi/dev_ws/install/learning_node:/home/ayi/dev_ws/install/learning_launch:/home/ayi/dev_ws/install/learning_action:/home/ayi/dev_ws/install/learning_gazebo_harmonic:/home/ayi/dev_ws/install/learning_gazebo:/home/ayi/dev_ws/install/learning_cv:/opt/ros/humble /usr/bin/cmake --install /home/ayi/unitree_go2_ws/build/go2_slam
[1.389s] Level 1:colcon.colcon_core.environment:create_environment_scripts_only(go2_slam)
[1.389s] Level 1:colcon.colcon_core.environment:checking '/home/ayi/unitree_go2_ws/install/go2_slam' for CMake module files
[1.389s] Level 1:colcon.colcon_core.environment:checking '/home/ayi/unitree_go2_ws/install/go2_slam' for CMake config files
[1.389s] Level 1:colcon.colcon_core.shell:create_environment_hook('go2_slam', 'cmake_prefix_path')
[1.389s] INFO:colcon.colcon_core.shell:Creating environment hook '/home/ayi/unitree_go2_ws/install/go2_slam/share/go2_slam/hook/cmake_prefix_path.ps1'
[1.392s] DEBUG:colcon.colcon_core.event_handler.log_command:Invoked command in '/home/ayi/unitree_go2_ws/build/go2_slam' returned '0': CMAKE_PREFIX_PATH=${CMAKE_PREFIX_PATH}:/home/ayi/unitree_go2_ws/install/go2_twist_bridge_py:/home/ayi/unitree_go2_ws/install/go2_navigation:/home/ayi/unitree_go2_ws/install/go2_driver_py:/home/ayi/unitree_go2_ws/install/go2_core:/home/ayi/dev_ws/install/learning_urdf:/home/ayi/dev_ws/install/learning_topic:/home/ayi/dev_ws/install/learning_tf:/home/ayi/dev_ws/install/learning_service:/home/ayi/dev_ws/install/learning_qos:/home/ayi/dev_ws/install/learning_pkg_python:/home/ayi/dev_ws/install/learning_parameter:/home/ayi/dev_ws/install/learning_node:/home/ayi/dev_ws/install/learning_launch:/home/ayi/dev_ws/install/learning_action:/home/ayi/dev_ws/install/learning_gazebo_harmonic:/home/ayi/dev_ws/install/learning_gazebo:/home/ayi/dev_ws/install/learning_cv:/opt/ros/humble /usr/bin/cmake --install /home/ayi/unitree_go2_ws/build/go2_slam
[1.393s] INFO:colcon.colcon_core.shell:Creating environment descriptor '/home/ayi/unitree_go2_ws/install/go2_slam/share/go2_slam/hook/cmake_prefix_path.dsv'
[1.394s] INFO:colcon.colcon_core.shell:Creating environment hook '/home/ayi/unitree_go2_ws/install/go2_slam/share/go2_slam/hook/cmake_prefix_path.sh'
[1.395s] Level 1:colcon.colcon_core.environment:checking '/home/ayi/unitree_go2_ws/install/go2_slam/bin'
[1.395s] Level 1:colcon.colcon_core.environment:checking '/home/ayi/unitree_go2_ws/install/go2_slam/lib/pkgconfig/go2_slam.pc'
[1.395s] Level 1:colcon.colcon_core.environment:checking '/home/ayi/unitree_go2_ws/install/go2_slam/lib/python3.10/site-packages'
[1.395s] Level 1:colcon.colcon_core.environment:checking '/home/ayi/unitree_go2_ws/install/go2_slam/bin'
[1.395s] INFO:colcon.colcon_core.shell:Creating package script '/home/ayi/unitree_go2_ws/install/go2_slam/share/go2_slam/package.ps1'
[1.396s] INFO:colcon.colcon_core.shell:Creating package descriptor '/home/ayi/unitree_go2_ws/install/go2_slam/share/go2_slam/package.dsv'
[1.396s] INFO:colcon.colcon_core.shell:Creating package script '/home/ayi/unitree_go2_ws/install/go2_slam/share/go2_slam/package.sh'
[1.397s] INFO:colcon.colcon_core.shell:Creating package script '/home/ayi/unitree_go2_ws/install/go2_slam/share/go2_slam/package.bash'
[1.398s] INFO:colcon.colcon_core.shell:Creating package script '/home/ayi/unitree_go2_ws/install/go2_slam/share/go2_slam/package.zsh'
[1.398s] Level 1:colcon.colcon_core.environment:create_file_with_runtime_dependencies(/home/ayi/unitree_go2_ws/install/go2_slam/share/colcon-core/packages/go2_slam)
[1.399s] Level 1:colcon.colcon_core.environment:create_environment_scripts_only(go2_slam)
[1.399s] Level 1:colcon.colcon_core.environment:checking '/home/ayi/unitree_go2_ws/install/go2_slam' for CMake module files
[1.399s] Level 1:colcon.colcon_core.environment:checking '/home/ayi/unitree_go2_ws/install/go2_slam' for CMake config files
[1.399s] Level 1:colcon.colcon_core.shell:create_environment_hook('go2_slam', 'cmake_prefix_path')
[1.400s] INFO:colcon.colcon_core.shell:Creating environment hook '/home/ayi/unitree_go2_ws/install/go2_slam/share/go2_slam/hook/cmake_prefix_path.ps1'
[1.400s] INFO:colcon.colcon_core.shell:Creating environment descriptor '/home/ayi/unitree_go2_ws/install/go2_slam/share/go2_slam/hook/cmake_prefix_path.dsv'
[1.401s] INFO:colcon.colcon_core.shell:Creating environment hook '/home/ayi/unitree_go2_ws/install/go2_slam/share/go2_slam/hook/cmake_prefix_path.sh'
[1.401s] Level 1:colcon.colcon_core.environment:checking '/home/ayi/unitree_go2_ws/install/go2_slam/bin'
[1.401s] Level 1:colcon.colcon_core.environment:checking '/home/ayi/unitree_go2_ws/install/go2_slam/lib/pkgconfig/go2_slam.pc'
[1.401s] Level 1:colcon.colcon_core.environment:checking '/home/ayi/unitree_go2_ws/install/go2_slam/lib/python3.10/site-packages'
[1.402s] Level 1:colcon.colcon_core.environment:checking '/home/ayi/unitree_go2_ws/install/go2_slam/bin'
[1.402s] INFO:colcon.colcon_core.shell:Creating package script '/home/ayi/unitree_go2_ws/install/go2_slam/share/go2_slam/package.ps1'
[1.402s] INFO:colcon.colcon_core.shell:Creating package descriptor '/home/ayi/unitree_go2_ws/install/go2_slam/share/go2_slam/package.dsv'
[1.403s] INFO:colcon.colcon_core.shell:Creating package script '/home/ayi/unitree_go2_ws/install/go2_slam/share/go2_slam/package.sh'
[1.405s] INFO:colcon.colcon_core.shell:Creating package script '/home/ayi/unitree_go2_ws/install/go2_slam/share/go2_slam/package.bash'
[1.406s] INFO:colcon.colcon_core.shell:Creating package script '/home/ayi/unitree_go2_ws/install/go2_slam/share/go2_slam/package.zsh'
[1.407s] Level 1:colcon.colcon_core.environment:create_file_with_runtime_dependencies(/home/ayi/unitree_go2_ws/install/go2_slam/share/colcon-core/packages/go2_slam)
[1.407s] INFO:colcon.colcon_ros.task.ament_cmake.build:Building ROS package in '/home/ayi/unitree_go2_ws/src/base/go2_twist_bridge' with build type 'ament_cmake'
[1.407s] INFO:colcon.colcon_cmake.task.cmake.build:Building CMake package in '/home/ayi/unitree_go2_ws/src/base/go2_twist_bridge'
[1.408s] INFO:colcon.colcon_core.shell:Skip shell extension 'powershell' for command environment: Not usable outside of PowerShell
[1.408s] DEBUG:colcon.colcon_core.shell:Skip shell extension 'dsv' for command environment
[1.430s] DEBUG:colcon.colcon_core.event_handler.log_command:Invoking command in '/home/ayi/unitree_go2_ws/build/go2_twist_bridge': CMAKE_PREFIX_PATH=${CMAKE_PREFIX_PATH}:/home/ayi/unitree_go2_ws/install/go2_twist_bridge_py:/home/ayi/unitree_go2_ws/install/go2_navigation:/home/ayi/unitree_go2_ws/install/go2_driver_py:/home/ayi/unitree_go2_ws/install/go2_core:/home/ayi/dev_ws/install/learning_urdf:/home/ayi/dev_ws/install/learning_topic:/home/ayi/dev_ws/install/learning_tf:/home/ayi/dev_ws/install/learning_service:/home/ayi/dev_ws/install/learning_qos:/home/ayi/dev_ws/install/learning_pkg_python:/home/ayi/dev_ws/install/learning_parameter:/home/ayi/dev_ws/install/learning_node:/home/ayi/dev_ws/install/learning_launch:/home/ayi/dev_ws/install/learning_action:/home/ayi/dev_ws/install/learning_gazebo_harmonic:/home/ayi/dev_ws/install/learning_gazebo:/home/ayi/dev_ws/install/learning_cv:/opt/ros/humble /usr/bin/cmake --build /home/ayi/unitree_go2_ws/build/go2_twist_bridge -- -j2 -l2
[1.435s] DEBUG:colcon.colcon_core.event_handler.log_command:Invoking command in '/home/ayi/unitree_go2_ws/src/go2_navigation': PYTHONPATH=/home/ayi/unitree_go2_ws/build/go2_navigation/prefix_override:/usr/lib/python3/dist-packages/colcon_core/task/python/colcon_distutils_commands:/home/ayi/unitree_go2_ws/install/go2_navigation/lib/python3.10/site-packages:${PYTHONPATH} /usr/bin/python3 -W ignore:setup.py install is deprecated -W ignore:easy_install command is deprecated setup.py egg_info --egg-base ../../build/go2_navigation build --build-base /home/ayi/unitree_go2_ws/build/go2_navigation/build install --record /home/ayi/unitree_go2_ws/build/go2_navigation/install.log --single-version-externally-managed install_data
[1.612s] DEBUG:colcon.colcon_core.event_handler.log_command:Invoked command in '/home/ayi/unitree_go2_ws/build/go2_twist_bridge' returned '0': CMAKE_PREFIX_PATH=${CMAKE_PREFIX_PATH}:/home/ayi/unitree_go2_ws/install/go2_twist_bridge_py:/home/ayi/unitree_go2_ws/install/go2_navigation:/home/ayi/unitree_go2_ws/install/go2_driver_py:/home/ayi/unitree_go2_ws/install/go2_core:/home/ayi/dev_ws/install/learning_urdf:/home/ayi/dev_ws/install/learning_topic:/home/ayi/dev_ws/install/learning_tf:/home/ayi/dev_ws/install/learning_service:/home/ayi/dev_ws/install/learning_qos:/home/ayi/dev_ws/install/learning_pkg_python:/home/ayi/dev_ws/install/learning_parameter:/home/ayi/dev_ws/install/learning_node:/home/ayi/dev_ws/install/learning_launch:/home/ayi/dev_ws/install/learning_action:/home/ayi/dev_ws/install/learning_gazebo_harmonic:/home/ayi/dev_ws/install/learning_gazebo:/home/ayi/dev_ws/install/learning_cv:/opt/ros/humble /usr/bin/cmake --build /home/ayi/unitree_go2_ws/build/go2_twist_bridge -- -j2 -l2
[1.612s] DEBUG:colcon.colcon_core.event_handler.log_command:Invoking command in '/home/ayi/unitree_go2_ws/build/go2_twist_bridge': CMAKE_PREFIX_PATH=${CMAKE_PREFIX_PATH}:/home/ayi/unitree_go2_ws/install/go2_twist_bridge_py:/home/ayi/unitree_go2_ws/install/go2_navigation:/home/ayi/unitree_go2_ws/install/go2_driver_py:/home/ayi/unitree_go2_ws/install/go2_core:/home/ayi/dev_ws/install/learning_urdf:/home/ayi/dev_ws/install/learning_topic:/home/ayi/dev_ws/install/learning_tf:/home/ayi/dev_ws/install/learning_service:/home/ayi/dev_ws/install/learning_qos:/home/ayi/dev_ws/install/learning_pkg_python:/home/ayi/dev_ws/install/learning_parameter:/home/ayi/dev_ws/install/learning_node:/home/ayi/dev_ws/install/learning_launch:/home/ayi/dev_ws/install/learning_action:/home/ayi/dev_ws/install/learning_gazebo_harmonic:/home/ayi/dev_ws/install/learning_gazebo:/home/ayi/dev_ws/install/learning_cv:/opt/ros/humble /usr/bin/cmake --install /home/ayi/unitree_go2_ws/build/go2_twist_bridge
[1.642s] Level 1:colcon.colcon_core.environment:create_environment_scripts_only(go2_twist_bridge)
[1.643s] Level 1:colcon.colcon_core.environment:checking '/home/ayi/unitree_go2_ws/install/go2_twist_bridge' for CMake module files
[1.643s] Level 1:colcon.colcon_core.environment:checking '/home/ayi/unitree_go2_ws/install/go2_twist_bridge' for CMake config files
[1.644s] DEBUG:colcon.colcon_core.event_handler.log_command:Invoked command in '/home/ayi/unitree_go2_ws/build/go2_twist_bridge' returned '0': CMAKE_PREFIX_PATH=${CMAKE_PREFIX_PATH}:/home/ayi/unitree_go2_ws/install/go2_twist_bridge_py:/home/ayi/unitree_go2_ws/install/go2_navigation:/home/ayi/unitree_go2_ws/install/go2_driver_py:/home/ayi/unitree_go2_ws/install/go2_core:/home/ayi/dev_ws/install/learning_urdf:/home/ayi/dev_ws/install/learning_topic:/home/ayi/dev_ws/install/learning_tf:/home/ayi/dev_ws/install/learning_service:/home/ayi/dev_ws/install/learning_qos:/home/ayi/dev_ws/install/learning_pkg_python:/home/ayi/dev_ws/install/learning_parameter:/home/ayi/dev_ws/install/learning_node:/home/ayi/dev_ws/install/learning_launch:/home/ayi/dev_ws/install/learning_action:/home/ayi/dev_ws/install/learning_gazebo_harmonic:/home/ayi/dev_ws/install/learning_gazebo:/home/ayi/dev_ws/install/learning_cv:/opt/ros/humble /usr/bin/cmake --install /home/ayi/unitree_go2_ws/build/go2_twist_bridge
[1.645s] Level 1:colcon.colcon_core.shell:create_environment_hook('go2_twist_bridge', 'cmake_prefix_path')
[1.645s] INFO:colcon.colcon_core.shell:Creating environment hook '/home/ayi/unitree_go2_ws/install/go2_twist_bridge/share/go2_twist_bridge/hook/cmake_prefix_path.ps1'
[1.647s] INFO:colcon.colcon_core.shell:Creating environment descriptor '/home/ayi/unitree_go2_ws/install/go2_twist_bridge/share/go2_twist_bridge/hook/cmake_prefix_path.dsv'
[1.648s] INFO:colcon.colcon_core.shell:Creating environment hook '/home/ayi/unitree_go2_ws/install/go2_twist_bridge/share/go2_twist_bridge/hook/cmake_prefix_path.sh'
[1.651s] Level 1:colcon.colcon_core.environment:checking '/home/ayi/unitree_go2_ws/install/go2_twist_bridge/lib'
[1.652s] Level 1:colcon.colcon_core.environment:checking '/home/ayi/unitree_go2_ws/install/go2_twist_bridge/bin'
[1.652s] Level 1:colcon.colcon_core.environment:checking '/home/ayi/unitree_go2_ws/install/go2_twist_bridge/lib/pkgconfig/go2_twist_bridge.pc'
[1.652s] Level 1:colcon.colcon_core.environment:checking '/home/ayi/unitree_go2_ws/install/go2_twist_bridge/lib/python3.10/site-packages'
[1.653s] Level 1:colcon.colcon_core.environment:checking '/home/ayi/unitree_go2_ws/install/go2_twist_bridge/bin'
[1.654s] INFO:colcon.colcon_core.shell:Creating package script '/home/ayi/unitree_go2_ws/install/go2_twist_bridge/share/go2_twist_bridge/package.ps1'
[1.658s] INFO:colcon.colcon_core.shell:Creating package descriptor '/home/ayi/unitree_go2_ws/install/go2_twist_bridge/share/go2_twist_bridge/package.dsv'
[1.658s] INFO:colcon.colcon_core.shell:Creating package script '/home/ayi/unitree_go2_ws/install/go2_twist_bridge/share/go2_twist_bridge/package.sh'
[1.659s] INFO:colcon.colcon_core.shell:Creating package script '/home/ayi/unitree_go2_ws/install/go2_twist_bridge/share/go2_twist_bridge/package.bash'
[1.661s] INFO:colcon.colcon_core.shell:Creating package script '/home/ayi/unitree_go2_ws/install/go2_twist_bridge/share/go2_twist_bridge/package.zsh'
[1.662s] Level 1:colcon.colcon_core.environment:create_file_with_runtime_dependencies(/home/ayi/unitree_go2_ws/install/go2_twist_bridge/share/colcon-core/packages/go2_twist_bridge)
[1.663s] Level 1:colcon.colcon_core.environment:create_environment_scripts_only(go2_twist_bridge)
[1.664s] Level 1:colcon.colcon_core.environment:checking '/home/ayi/unitree_go2_ws/install/go2_twist_bridge' for CMake module files
[1.664s] Level 1:colcon.colcon_core.environment:checking '/home/ayi/unitree_go2_ws/install/go2_twist_bridge' for CMake config files
[1.664s] Level 1:colcon.colcon_core.shell:create_environment_hook('go2_twist_bridge', 'cmake_prefix_path')
[1.664s] INFO:colcon.colcon_core.shell:Creating environment hook '/home/ayi/unitree_go2_ws/install/go2_twist_bridge/share/go2_twist_bridge/hook/cmake_prefix_path.ps1'
[1.668s] INFO:colcon.colcon_core.shell:Creating environment descriptor '/home/ayi/unitree_go2_ws/install/go2_twist_bridge/share/go2_twist_bridge/hook/cmake_prefix_path.dsv'
[1.669s] INFO:colcon.colcon_core.shell:Creating environment hook '/home/ayi/unitree_go2_ws/install/go2_twist_bridge/share/go2_twist_bridge/hook/cmake_prefix_path.sh'
[1.671s] Level 1:colcon.colcon_core.environment:checking '/home/ayi/unitree_go2_ws/install/go2_twist_bridge/lib'
[1.671s] Level 1:colcon.colcon_core.environment:checking '/home/ayi/unitree_go2_ws/install/go2_twist_bridge/bin'
[1.671s] Level 1:colcon.colcon_core.environment:checking '/home/ayi/unitree_go2_ws/install/go2_twist_bridge/lib/pkgconfig/go2_twist_bridge.pc'
[1.671s] Level 1:colcon.colcon_core.environment:checking '/home/ayi/unitree_go2_ws/install/go2_twist_bridge/lib/python3.10/site-packages'
[1.671s] Level 1:colcon.colcon_core.environment:checking '/home/ayi/unitree_go2_ws/install/go2_twist_bridge/bin'
[1.673s] INFO:colcon.colcon_core.shell:Creating package script '/home/ayi/unitree_go2_ws/install/go2_twist_bridge/share/go2_twist_bridge/package.ps1'
[1.674s] INFO:colcon.colcon_core.shell:Creating package descriptor '/home/ayi/unitree_go2_ws/install/go2_twist_bridge/share/go2_twist_bridge/package.dsv'
[1.676s] INFO:colcon.colcon_core.shell:Creating package script '/home/ayi/unitree_go2_ws/install/go2_twist_bridge/share/go2_twist_bridge/package.sh'
[1.677s] INFO:colcon.colcon_core.shell:Creating package script '/home/ayi/unitree_go2_ws/install/go2_twist_bridge/share/go2_twist_bridge/package.bash'
[1.678s] INFO:colcon.colcon_core.shell:Creating package script '/home/ayi/unitree_go2_ws/install/go2_twist_bridge/share/go2_twist_bridge/package.zsh'
[1.679s] Level 1:colcon.colcon_core.environment:create_file_with_runtime_dependencies(/home/ayi/unitree_go2_ws/install/go2_twist_bridge/share/colcon-core/packages/go2_twist_bridge)
[1.812s] Level 1:colcon.colcon_core.environment:checking '/home/ayi/unitree_go2_ws/install/go2_navigation' for CMake module files
[1.813s] DEBUG:colcon.colcon_core.event_handler.log_command:Invoked command in '/home/ayi/unitree_go2_ws/src/go2_navigation' returned '0': PYTHONPATH=/home/ayi/unitree_go2_ws/build/go2_navigation/prefix_override:/usr/lib/python3/dist-packages/colcon_core/task/python/colcon_distutils_commands:/home/ayi/unitree_go2_ws/install/go2_navigation/lib/python3.10/site-packages:${PYTHONPATH} /usr/bin/python3 -W ignore:setup.py install is deprecated -W ignore:easy_install command is deprecated setup.py egg_info --egg-base ../../build/go2_navigation build --build-base /home/ayi/unitree_go2_ws/build/go2_navigation/build install --record /home/ayi/unitree_go2_ws/build/go2_navigation/install.log --single-version-externally-managed install_data
[1.813s] Level 1:colcon.colcon_core.environment:checking '/home/ayi/unitree_go2_ws/install/go2_navigation' for CMake config files
[1.814s] Level 1:colcon.colcon_core.environment:checking '/home/ayi/unitree_go2_ws/install/go2_navigation/lib'
[1.814s] Level 1:colcon.colcon_core.environment:checking '/home/ayi/unitree_go2_ws/install/go2_navigation/bin'
[1.814s] Level 1:colcon.colcon_core.environment:checking '/home/ayi/unitree_go2_ws/install/go2_navigation/lib/pkgconfig/go2_navigation.pc'
[1.814s] Level 1:colcon.colcon_core.environment:checking '/home/ayi/unitree_go2_ws/install/go2_navigation/lib/python3.10/site-packages'
[1.814s] Level 1:colcon.colcon_core.shell:create_environment_hook('go2_navigation', 'pythonpath')
[1.814s] INFO:colcon.colcon_core.shell:Creating environment hook '/home/ayi/unitree_go2_ws/install/go2_navigation/share/go2_navigation/hook/pythonpath.ps1'
[1.816s] INFO:colcon.colcon_core.shell:Creating environment descriptor '/home/ayi/unitree_go2_ws/install/go2_navigation/share/go2_navigation/hook/pythonpath.dsv'
[1.817s] INFO:colcon.colcon_core.shell:Creating environment hook '/home/ayi/unitree_go2_ws/install/go2_navigation/share/go2_navigation/hook/pythonpath.sh'
[1.819s] Level 1:colcon.colcon_core.environment:checking '/home/ayi/unitree_go2_ws/install/go2_navigation/bin'
[1.819s] Level 1:colcon.colcon_core.environment:create_environment_scripts_only(go2_navigation)
[1.819s] INFO:colcon.colcon_core.shell:Creating package script '/home/ayi/unitree_go2_ws/install/go2_navigation/share/go2_navigation/package.ps1'
[1.820s] INFO:colcon.colcon_core.shell:Creating package descriptor '/home/ayi/unitree_go2_ws/install/go2_navigation/share/go2_navigation/package.dsv'
[1.820s] INFO:colcon.colcon_core.shell:Creating package script '/home/ayi/unitree_go2_ws/install/go2_navigation/share/go2_navigation/package.sh'
[1.820s] INFO:colcon.colcon_core.shell:Creating package script '/home/ayi/unitree_go2_ws/install/go2_navigation/share/go2_navigation/package.bash'
[1.821s] INFO:colcon.colcon_core.shell:Creating package script '/home/ayi/unitree_go2_ws/install/go2_navigation/share/go2_navigation/package.zsh'
[1.821s] Level 1:colcon.colcon_core.environment:create_file_with_runtime_dependencies(/home/ayi/unitree_go2_ws/install/go2_navigation/share/colcon-core/packages/go2_navigation)
[1.824s] DEBUG:colcon.colcon_parallel_executor.executor.parallel:closing loop
[1.824s] DEBUG:colcon.colcon_parallel_executor.executor.parallel:loop closed
[1.824s] DEBUG:colcon.colcon_parallel_executor.executor.parallel:run_until_complete finished with '0'
[1.824s] DEBUG:colcon.colcon_core.event_reactor:joining thread
[1.833s] INFO:colcon.colcon_core.plugin_system:Skipping extension 'colcon_notification.desktop_notification.terminal_notifier': Not used on non-Darwin systems
[1.834s] INFO:colcon.colcon_core.plugin_system:Skipping extension 'colcon_notification.desktop_notification.win32': Not used on non-Windows systems
[1.834s] INFO:colcon.colcon_notification.desktop_notification:Sending desktop notification using 'notify2'
[1.850s] DEBUG:colcon.colcon_core.event_reactor:joined thread
[1.851s] INFO:colcon.colcon_core.shell:Creating prefix script '/home/ayi/unitree_go2_ws/install/local_setup.ps1'
[1.852s] INFO:colcon.colcon_core.shell:Creating prefix util module '/home/ayi/unitree_go2_ws/install/_local_setup_util_ps1.py'
[1.857s] INFO:colcon.colcon_core.shell:Creating prefix chain script '/home/ayi/unitree_go2_ws/install/setup.ps1'
[1.860s] INFO:colcon.colcon_core.shell:Creating prefix script '/home/ayi/unitree_go2_ws/install/local_setup.sh'
[1.860s] INFO:colcon.colcon_core.shell:Creating prefix util module '/home/ayi/unitree_go2_ws/install/_local_setup_util_sh.py'
[1.861s] INFO:colcon.colcon_core.shell:Creating prefix chain script '/home/ayi/unitree_go2_ws/install/setup.sh'
[1.864s] INFO:colcon.colcon_core.shell:Creating prefix script '/home/ayi/unitree_go2_ws/install/local_setup.bash'
[1.865s] INFO:colcon.colcon_core.shell:Creating prefix chain script '/home/ayi/unitree_go2_ws/install/setup.bash'
[1.867s] INFO:colcon.colcon_core.shell:Creating prefix script '/home/ayi/unitree_go2_ws/install/local_setup.zsh'
[1.868s] INFO:colcon.colcon_core.shell:Creating prefix chain script '/home/ayi/unitree_go2_ws/install/setup.zsh'
