[0.587s] Invoking command in '/home/ayi/unitree_go2_ws/src/base/go2_twist_bridge_py': PYTHONPATH=/home/ayi/unitree_go2_ws/build/go2_twist_bridge_py/prefix_override:/usr/lib/python3/dist-packages/colcon_core/task/python/colcon_distutils_commands:/home/ayi/unitree_go2_ws/install/go2_twist_bridge_py/lib/python3.10/site-packages:${PYTHONPATH} /usr/bin/python3 -W ignore:setup.py install is deprecated -W ignore:easy_install command is deprecated setup.py egg_info --egg-base ../../../build/go2_twist_bridge_py build --build-base /home/ayi/unitree_go2_ws/build/go2_twist_bridge_py/build install --record /home/ayi/unitree_go2_ws/build/go2_twist_bridge_py/install.log --single-version-externally-managed install_data
[0.746s] running egg_info
[0.747s] creating ../../../build/go2_twist_bridge_py/go2_twist_bridge_py.egg-info
[0.747s] writing ../../../build/go2_twist_bridge_py/go2_twist_bridge_py.egg-info/PKG-INFO
[0.748s] writing dependency_links to ../../../build/go2_twist_bridge_py/go2_twist_bridge_py.egg-info/dependency_links.txt
[0.748s] writing entry points to ../../../build/go2_twist_bridge_py/go2_twist_bridge_py.egg-info/entry_points.txt
[0.748s] writing requirements to ../../../build/go2_twist_bridge_py/go2_twist_bridge_py.egg-info/requires.txt
[0.748s] writing top-level names to ../../../build/go2_twist_bridge_py/go2_twist_bridge_py.egg-info/top_level.txt
[0.748s] writing manifest file '../../../build/go2_twist_bridge_py/go2_twist_bridge_py.egg-info/SOURCES.txt'
[0.749s] reading manifest file '../../../build/go2_twist_bridge_py/go2_twist_bridge_py.egg-info/SOURCES.txt'
[0.750s] writing manifest file '../../../build/go2_twist_bridge_py/go2_twist_bridge_py.egg-info/SOURCES.txt'
[0.750s] running build
[0.750s] running build_py
[0.750s] creating /home/ayi/unitree_go2_ws/build/go2_twist_bridge_py/build
[0.750s] creating /home/ayi/unitree_go2_ws/build/go2_twist_bridge_py/build/lib
[0.750s] creating /home/ayi/unitree_go2_ws/build/go2_twist_bridge_py/build/lib/go2_twist_bridge_py
[0.750s] copying go2_twist_bridge_py/twist_bridge.py -> /home/ayi/unitree_go2_ws/build/go2_twist_bridge_py/build/lib/go2_twist_bridge_py
[0.751s] copying go2_twist_bridge_py/sport_model.py -> /home/ayi/unitree_go2_ws/build/go2_twist_bridge_py/build/lib/go2_twist_bridge_py
[0.751s] copying go2_twist_bridge_py/__init__.py -> /home/ayi/unitree_go2_ws/build/go2_twist_bridge_py/build/lib/go2_twist_bridge_py
[0.751s] running install
[0.751s] running install_lib
[0.752s] creating /home/ayi/unitree_go2_ws/install/go2_twist_bridge_py/lib/python3.10/site-packages/go2_twist_bridge_py
[0.753s] copying /home/ayi/unitree_go2_ws/build/go2_twist_bridge_py/build/lib/go2_twist_bridge_py/twist_bridge.py -> /home/ayi/unitree_go2_ws/install/go2_twist_bridge_py/lib/python3.10/site-packages/go2_twist_bridge_py
[0.753s] copying /home/ayi/unitree_go2_ws/build/go2_twist_bridge_py/build/lib/go2_twist_bridge_py/sport_model.py -> /home/ayi/unitree_go2_ws/install/go2_twist_bridge_py/lib/python3.10/site-packages/go2_twist_bridge_py
[0.753s] copying /home/ayi/unitree_go2_ws/build/go2_twist_bridge_py/build/lib/go2_twist_bridge_py/__init__.py -> /home/ayi/unitree_go2_ws/install/go2_twist_bridge_py/lib/python3.10/site-packages/go2_twist_bridge_py
[0.753s] byte-compiling /home/ayi/unitree_go2_ws/install/go2_twist_bridge_py/lib/python3.10/site-packages/go2_twist_bridge_py/twist_bridge.py to twist_bridge.cpython-310.pyc
[0.753s] byte-compiling /home/ayi/unitree_go2_ws/install/go2_twist_bridge_py/lib/python3.10/site-packages/go2_twist_bridge_py/sport_model.py to sport_model.cpython-310.pyc
[0.754s] byte-compiling /home/ayi/unitree_go2_ws/install/go2_twist_bridge_py/lib/python3.10/site-packages/go2_twist_bridge_py/__init__.py to __init__.cpython-310.pyc
[0.754s] running install_data
[0.754s] creating /home/ayi/unitree_go2_ws/install/go2_twist_bridge_py/share/ament_index
[0.755s] creating /home/ayi/unitree_go2_ws/install/go2_twist_bridge_py/share/ament_index/resource_index
[0.755s] creating /home/ayi/unitree_go2_ws/install/go2_twist_bridge_py/share/ament_index/resource_index/packages
[0.755s] copying resource/go2_twist_bridge_py -> /home/ayi/unitree_go2_ws/install/go2_twist_bridge_py/share/ament_index/resource_index/packages
[0.755s] copying package.xml -> /home/ayi/unitree_go2_ws/install/go2_twist_bridge_py/share/go2_twist_bridge_py
[0.755s] running install_egg_info
[0.756s] Copying ../../../build/go2_twist_bridge_py/go2_twist_bridge_py.egg-info to /home/ayi/unitree_go2_ws/install/go2_twist_bridge_py/lib/python3.10/site-packages/go2_twist_bridge_py-0.0.0-py3.10.egg-info
[0.756s] running install_scripts
[0.770s] Installing twist_bridge script to /home/ayi/unitree_go2_ws/install/go2_twist_bridge_py/lib/go2_twist_bridge_py
[0.770s] writing list of installed files to '/home/ayi/unitree_go2_ws/build/go2_twist_bridge_py/install.log'
[0.784s] Invoked command in '/home/ayi/unitree_go2_ws/src/base/go2_twist_bridge_py' returned '0': PYTHONPATH=/home/ayi/unitree_go2_ws/build/go2_twist_bridge_py/prefix_override:/usr/lib/python3/dist-packages/colcon_core/task/python/colcon_distutils_commands:/home/ayi/unitree_go2_ws/install/go2_twist_bridge_py/lib/python3.10/site-packages:${PYTHONPATH} /usr/bin/python3 -W ignore:setup.py install is deprecated -W ignore:easy_install command is deprecated setup.py egg_info --egg-base ../../../build/go2_twist_bridge_py build --build-base /home/ayi/unitree_go2_ws/build/go2_twist_bridge_py/build install --record /home/ayi/unitree_go2_ws/build/go2_twist_bridge_py/install.log --single-version-externally-managed install_data
