[2.625s] Invoking command in '/home/ayi/unitree_go2_ws/src/go2_application': PYTHONPATH=/home/ayi/unitree_go2_ws/build/go2_application/prefix_override:/usr/lib/python3/dist-packages/colcon_core/task/python/colcon_distutils_commands:/home/ayi/unitree_go2_ws/install/go2_application/lib/python3.10/site-packages:${PYTHONPATH} /usr/bin/python3 -W ignore:setup.py install is deprecated -W ignore:easy_install command is deprecated setup.py egg_info --egg-base ../../build/go2_application build --build-base /home/ayi/unitree_go2_ws/build/go2_application/build install --record /home/ayi/unitree_go2_ws/build/go2_application/install.log --single-version-externally-managed install_data
[4.240s] running egg_info
[4.240s] writing ../../build/go2_application/go2_application.egg-info/PKG-INFO
[4.241s] writing dependency_links to ../../build/go2_application/go2_application.egg-info/dependency_links.txt
[4.251s] writing entry points to ../../build/go2_application/go2_application.egg-info/entry_points.txt
[4.251s] writing requirements to ../../build/go2_application/go2_application.egg-info/requires.txt
[4.251s] writing top-level names to ../../build/go2_application/go2_application.egg-info/top_level.txt
[4.268s] reading manifest file '../../build/go2_application/go2_application.egg-info/SOURCES.txt'
[4.268s] adding license file 'LICENSE'
[4.274s] writing manifest file '../../build/go2_application/go2_application.egg-info/SOURCES.txt'
[4.274s] running build
[4.274s] running build_py
[4.274s] running install
[4.279s] running install_lib
[4.289s] running install_data
[4.295s] running install_egg_info
[4.303s] removing '/home/ayi/unitree_go2_ws/install/go2_application/lib/python3.10/site-packages/go2_application-0.0.0-py3.10.egg-info' (and everything under it)
[4.306s] Copying ../../build/go2_application/go2_application.egg-info to /home/ayi/unitree_go2_ws/install/go2_application/lib/python3.10/site-packages/go2_application-0.0.0-py3.10.egg-info
[4.309s] running install_scripts
[4.440s] Installing go2_partol script to /home/ayi/unitree_go2_ws/install/go2_application/lib/go2_application
[4.441s] Installing init_go2_pose script to /home/ayi/unitree_go2_ws/install/go2_application/lib/go2_application
[4.448s] writing list of installed files to '/home/ayi/unitree_go2_ws/build/go2_application/install.log'
[4.608s] Invoked command in '/home/ayi/unitree_go2_ws/src/go2_application' returned '0': PYTHONPATH=/home/ayi/unitree_go2_ws/build/go2_application/prefix_override:/usr/lib/python3/dist-packages/colcon_core/task/python/colcon_distutils_commands:/home/ayi/unitree_go2_ws/install/go2_application/lib/python3.10/site-packages:${PYTHONPATH} /usr/bin/python3 -W ignore:setup.py install is deprecated -W ignore:easy_install command is deprecated setup.py egg_info --egg-base ../../build/go2_application build --build-base /home/ayi/unitree_go2_ws/build/go2_application/build install --record /home/ayi/unitree_go2_ws/build/go2_application/install.log --single-version-externally-managed install_data
