[0.024s] Invoking command in '/home/ayi/unitree_go2_ws/build/go2_perception': CMAKE_PREFIX_PATH=${CMAKE_PREFIX_PATH}:/home/ayi/dev_ws/install/learning_urdf:/home/ayi/dev_ws/install/learning_topic:/home/ayi/dev_ws/install/learning_tf:/home/ayi/dev_ws/install/learning_service:/home/ayi/dev_ws/install/learning_qos:/home/ayi/dev_ws/install/learning_pkg_python:/home/ayi/dev_ws/install/learning_parameter:/home/ayi/dev_ws/install/learning_node:/home/ayi/dev_ws/install/learning_launch:/home/ayi/dev_ws/install/learning_action:/home/ayi/dev_ws/install/learning_gazebo_harmonic:/home/ayi/dev_ws/install/learning_gazebo:/home/ayi/dev_ws/install/learning_cv:/opt/ros/humble /usr/bin/cmake /home/ayi/unitree_go2_ws/src/go2_perception -DCMAKE_INSTALL_PREFIX=/home/ayi/unitree_go2_ws/install/go2_perception
[0.389s] -- The C compiler identification is GNU 11.4.0
[0.542s] -- The CXX compiler identification is GNU 11.4.0
[0.569s] -- Detecting C compiler ABI info
[1.062s] -- Detecting C compiler ABI info - done
[1.083s] -- Check for working C compiler: /usr/bin/cc - skipped
[1.083s] -- Detecting C compile features
[1.083s] -- Detecting C compile features - done
[1.089s] -- Detecting CXX compiler ABI info
[1.567s] -- Detecting CXX compiler ABI info - done
[1.585s] -- Check for working CXX compiler: /usr/bin/c++ - skipped
[1.585s] -- Detecting CXX compile features
[1.585s] -- Detecting CXX compile features - done
[1.599s] -- Found ament_cmake: 1.3.12 (/opt/ros/humble/share/ament_cmake/cmake)
[2.028s] -- Found Python3: /usr/bin/python3 (found version "3.10.12") found components: Interpreter 
[2.476s] -- Found laser_geometry: 2.4.0 (/opt/ros/humble/share/laser_geometry/cmake)
[2.712s] -- Found rosidl_generator_c: 3.1.7 (/opt/ros/humble/share/rosidl_generator_c/cmake)
[2.744s] -- Found rosidl_adapter: 3.1.7 (/opt/ros/humble/share/rosidl_adapter/cmake)
[2.767s] -- Found rosidl_generator_cpp: 3.1.7 (/opt/ros/humble/share/rosidl_generator_cpp/cmake)
[2.801s] -- Using all available rosidl_typesupport_c: rosidl_typesupport_fastrtps_c;rosidl_typesupport_introspection_c
[2.849s] -- Using all available rosidl_typesupport_cpp: rosidl_typesupport_fastrtps_cpp;rosidl_typesupport_introspection_cpp
[2.982s] -- Found rmw_implementation_cmake: 6.1.2 (/opt/ros/humble/share/rmw_implementation_cmake/cmake)
[2.992s] -- Found rmw_cyclonedds_cpp: 1.3.4 (/home/ayi/go2_work/unitree_ros2/cyclonedds_ws/install/rmw_cyclonedds_cpp/share/rmw_cyclonedds_cpp/cmake)
[3.031s] -- Using RMW implementation 'rmw_cyclonedds_cpp' as default
[3.069s] -- Looking for pthread.h
[3.296s] -- Looking for pthread.h - found
[3.296s] -- Performing Test CMAKE_HAVE_LIBC_PTHREAD
[3.505s] -- Performing Test CMAKE_HAVE_LIBC_PTHREAD - Success
[3.508s] -- Found Threads: TRUE  
[3.813s] -- Found message_filters: 4.3.8 (/opt/ros/humble/share/message_filters/cmake)
[3.830s] -- Found rclcpp_components: 16.0.15 (/opt/ros/humble/share/rclcpp_components/cmake)
[3.900s] -- Found tf2_ros: 0.25.16 (/opt/ros/humble/share/tf2_ros/cmake)
[4.021s] -- Found tf2_sensor_msgs: 0.25.16 (/opt/ros/humble/share/tf2_sensor_msgs/cmake)
[4.072s] -- Found ament_lint_auto: 0.12.14 (/opt/ros/humble/share/ament_lint_auto/cmake)
[4.239s] -- Added test 'copyright' to check source files copyright and LICENSE
[4.242s] -- Added test 'cppcheck' to perform static code analysis on C / C++ code
[4.243s] -- Configured cppcheck include dirs: /home/ayi/unitree_go2_ws/src/go2_perception/include
[4.243s] -- Configured cppcheck exclude dirs and/or files: 
[4.245s] -- Added test 'cpplint' to check C / C++ code against the Google style
[4.245s] -- Configured cpplint exclude dirs and/or files: 
[4.246s] -- Added test 'flake8' to check Python code syntax and style conventions
[4.247s] -- Added test 'lint_cmake' to check CMake code style
[4.250s] -- Added test 'pep257' to check Python code against some of the docstring style conventions in PEP 257
[4.250s] -- Added test 'uncrustify' to check C / C++ code style
[4.250s] -- Configured uncrustify additional arguments: 
[4.252s] -- Added test 'xmllint' to check XML markup files
[4.255s] -- Configuring done
[4.318s] -- Generating done
[4.330s] -- Build files have been written to: /home/ayi/unitree_go2_ws/build/go2_perception
[4.347s] Invoked command in '/home/ayi/unitree_go2_ws/build/go2_perception' returned '0': CMAKE_PREFIX_PATH=${CMAKE_PREFIX_PATH}:/home/ayi/dev_ws/install/learning_urdf:/home/ayi/dev_ws/install/learning_topic:/home/ayi/dev_ws/install/learning_tf:/home/ayi/dev_ws/install/learning_service:/home/ayi/dev_ws/install/learning_qos:/home/ayi/dev_ws/install/learning_pkg_python:/home/ayi/dev_ws/install/learning_parameter:/home/ayi/dev_ws/install/learning_node:/home/ayi/dev_ws/install/learning_launch:/home/ayi/dev_ws/install/learning_action:/home/ayi/dev_ws/install/learning_gazebo_harmonic:/home/ayi/dev_ws/install/learning_gazebo:/home/ayi/dev_ws/install/learning_cv:/opt/ros/humble /usr/bin/cmake /home/ayi/unitree_go2_ws/src/go2_perception -DCMAKE_INSTALL_PREFIX=/home/ayi/unitree_go2_ws/install/go2_perception
[4.347s] Invoking command in '/home/ayi/unitree_go2_ws/build/go2_perception': CMAKE_PREFIX_PATH=${CMAKE_PREFIX_PATH}:/home/ayi/dev_ws/install/learning_urdf:/home/ayi/dev_ws/install/learning_topic:/home/ayi/dev_ws/install/learning_tf:/home/ayi/dev_ws/install/learning_service:/home/ayi/dev_ws/install/learning_qos:/home/ayi/dev_ws/install/learning_pkg_python:/home/ayi/dev_ws/install/learning_parameter:/home/ayi/dev_ws/install/learning_node:/home/ayi/dev_ws/install/learning_launch:/home/ayi/dev_ws/install/learning_action:/home/ayi/dev_ws/install/learning_gazebo_harmonic:/home/ayi/dev_ws/install/learning_gazebo:/home/ayi/dev_ws/install/learning_cv:/opt/ros/humble /usr/bin/cmake --build /home/ayi/unitree_go2_ws/build/go2_perception -- -j2 -l2
[4.437s] [ 33%] [32mBuilding CXX object CMakeFiles/pointcloud_to_laserscan.dir/src/pointcloud_to_laserscan_node.cpp.o[0m
[4.441s] [ 33%] [32mBuilding CXX object CMakeFiles/pointcloud_to_laserscan_node.dir/rclcpp_components/node_main_pointcloud_to_laserscan_node.cpp.o[0m
[9.150s] [ 50%] [32m[1mLinking CXX executable pointcloud_to_laserscan_node[0m
[9.377s] [ 50%] Built target pointcloud_to_laserscan_node
[9.494s] [ 66%] [32mBuilding CXX object CMakeFiles/cloud_accumulation.dir/src/cloud_accumulation.cpp.o[0m
[22.032s] [ 83%] [32m[1mLinking CXX shared library libpointcloud_to_laserscan.so[0m
[22.552s] [100%] [32m[1mLinking CXX executable cloud_accumulation[0m
[22.971s] [100%] Built target pointcloud_to_laserscan
[23.250s] [100%] Built target cloud_accumulation
[23.273s] Invoked command in '/home/ayi/unitree_go2_ws/build/go2_perception' returned '0': CMAKE_PREFIX_PATH=${CMAKE_PREFIX_PATH}:/home/ayi/dev_ws/install/learning_urdf:/home/ayi/dev_ws/install/learning_topic:/home/ayi/dev_ws/install/learning_tf:/home/ayi/dev_ws/install/learning_service:/home/ayi/dev_ws/install/learning_qos:/home/ayi/dev_ws/install/learning_pkg_python:/home/ayi/dev_ws/install/learning_parameter:/home/ayi/dev_ws/install/learning_node:/home/ayi/dev_ws/install/learning_launch:/home/ayi/dev_ws/install/learning_action:/home/ayi/dev_ws/install/learning_gazebo_harmonic:/home/ayi/dev_ws/install/learning_gazebo:/home/ayi/dev_ws/install/learning_cv:/opt/ros/humble /usr/bin/cmake --build /home/ayi/unitree_go2_ws/build/go2_perception -- -j2 -l2
[23.277s] Invoking command in '/home/ayi/unitree_go2_ws/build/go2_perception': CMAKE_PREFIX_PATH=${CMAKE_PREFIX_PATH}:/home/ayi/dev_ws/install/learning_urdf:/home/ayi/dev_ws/install/learning_topic:/home/ayi/dev_ws/install/learning_tf:/home/ayi/dev_ws/install/learning_service:/home/ayi/dev_ws/install/learning_qos:/home/ayi/dev_ws/install/learning_pkg_python:/home/ayi/dev_ws/install/learning_parameter:/home/ayi/dev_ws/install/learning_node:/home/ayi/dev_ws/install/learning_launch:/home/ayi/dev_ws/install/learning_action:/home/ayi/dev_ws/install/learning_gazebo_harmonic:/home/ayi/dev_ws/install/learning_gazebo:/home/ayi/dev_ws/install/learning_cv:/opt/ros/humble /usr/bin/cmake --install /home/ayi/unitree_go2_ws/build/go2_perception
[23.295s] -- Install configuration: ""
[23.295s] -- Installing: /home/ayi/unitree_go2_ws/install/go2_perception/lib/go2_perception/pointcloud_to_laserscan_node
[23.297s] -- Set runtime path of "/home/ayi/unitree_go2_ws/install/go2_perception/lib/go2_perception/pointcloud_to_laserscan_node" to ""
[23.297s] -- Installing: /home/ayi/unitree_go2_ws/install/go2_perception/lib/libpointcloud_to_laserscan.so
[23.309s] -- Set runtime path of "/home/ayi/unitree_go2_ws/install/go2_perception/lib/libpointcloud_to_laserscan.so" to ""
[23.309s] -- Installing: /home/ayi/unitree_go2_ws/install/go2_perception/lib/go2_perception/cloud_accumulation
[23.314s] -- Set runtime path of "/home/ayi/unitree_go2_ws/install/go2_perception/lib/go2_perception/cloud_accumulation" to ""
[23.314s] -- Installing: /home/ayi/unitree_go2_ws/install/go2_perception/share/go2_perception/launch
[23.316s] -- Installing: /home/ayi/unitree_go2_ws/install/go2_perception/share/go2_perception/launch/go2_pointcloud.launch.py
[23.317s] -- Installing: /home/ayi/unitree_go2_ws/install/go2_perception/share/ament_index/resource_index/package_run_dependencies/go2_perception
[23.317s] -- Installing: /home/ayi/unitree_go2_ws/install/go2_perception/share/ament_index/resource_index/parent_prefix_path/go2_perception
[23.317s] -- Installing: /home/ayi/unitree_go2_ws/install/go2_perception/share/go2_perception/environment/ament_prefix_path.sh
[23.317s] -- Installing: /home/ayi/unitree_go2_ws/install/go2_perception/share/go2_perception/environment/ament_prefix_path.dsv
[23.317s] -- Installing: /home/ayi/unitree_go2_ws/install/go2_perception/share/go2_perception/environment/path.sh
[23.318s] -- Installing: /home/ayi/unitree_go2_ws/install/go2_perception/share/go2_perception/environment/path.dsv
[23.318s] -- Installing: /home/ayi/unitree_go2_ws/install/go2_perception/share/go2_perception/local_setup.bash
[23.319s] -- Installing: /home/ayi/unitree_go2_ws/install/go2_perception/share/go2_perception/local_setup.sh
[23.319s] -- Installing: /home/ayi/unitree_go2_ws/install/go2_perception/share/go2_perception/local_setup.zsh
[23.319s] -- Installing: /home/ayi/unitree_go2_ws/install/go2_perception/share/go2_perception/local_setup.dsv
[23.319s] -- Installing: /home/ayi/unitree_go2_ws/install/go2_perception/share/go2_perception/package.dsv
[23.319s] -- Installing: /home/ayi/unitree_go2_ws/install/go2_perception/share/ament_index/resource_index/packages/go2_perception
[23.322s] -- Installing: /home/ayi/unitree_go2_ws/install/go2_perception/share/ament_index/resource_index/rclcpp_components/go2_perception
[23.322s] -- Installing: /home/ayi/unitree_go2_ws/install/go2_perception/share/go2_perception/cmake/go2_perceptionConfig.cmake
[23.322s] -- Installing: /home/ayi/unitree_go2_ws/install/go2_perception/share/go2_perception/cmake/go2_perceptionConfig-version.cmake
[23.322s] -- Installing: /home/ayi/unitree_go2_ws/install/go2_perception/share/go2_perception/package.xml
[23.324s] Invoked command in '/home/ayi/unitree_go2_ws/build/go2_perception' returned '0': CMAKE_PREFIX_PATH=${CMAKE_PREFIX_PATH}:/home/ayi/dev_ws/install/learning_urdf:/home/ayi/dev_ws/install/learning_topic:/home/ayi/dev_ws/install/learning_tf:/home/ayi/dev_ws/install/learning_service:/home/ayi/dev_ws/install/learning_qos:/home/ayi/dev_ws/install/learning_pkg_python:/home/ayi/dev_ws/install/learning_parameter:/home/ayi/dev_ws/install/learning_node:/home/ayi/dev_ws/install/learning_launch:/home/ayi/dev_ws/install/learning_action:/home/ayi/dev_ws/install/learning_gazebo_harmonic:/home/ayi/dev_ws/install/learning_gazebo:/home/ayi/dev_ws/install/learning_cv:/opt/ros/humble /usr/bin/cmake --install /home/ayi/unitree_go2_ws/build/go2_perception
