running egg_info
creating ../../build/go2_camera/go2_camera.egg-info
writing ../../build/go2_camera/go2_camera.egg-info/PKG-INFO
writing dependency_links to ../../build/go2_camera/go2_camera.egg-info/dependency_links.txt
writing entry points to ../../build/go2_camera/go2_camera.egg-info/entry_points.txt
writing requirements to ../../build/go2_camera/go2_camera.egg-info/requires.txt
writing top-level names to ../../build/go2_camera/go2_camera.egg-info/top_level.txt
writing manifest file '../../build/go2_camera/go2_camera.egg-info/SOURCES.txt'
reading manifest file '../../build/go2_camera/go2_camera.egg-info/SOURCES.txt'
writing manifest file '../../build/go2_camera/go2_camera.egg-info/SOURCES.txt'
running build
running build_py
creating /home/ayi/unitree_go2_ws/build/go2_camera/build
creating /home/ayi/unitree_go2_ws/build/go2_camera/build/lib
creating /home/ayi/unitree_go2_ws/build/go2_camera/build/lib/go2_camera
copying go2_camera/go2_video.py -> /home/ayi/unitree_go2_ws/build/go2_camera/build/lib/go2_camera
copying go2_camera/camera_opencv.py -> /home/ayi/unitree_go2_ws/build/go2_camera/build/lib/go2_camera
copying go2_camera/__init__.py -> /home/ayi/unitree_go2_ws/build/go2_camera/build/lib/go2_camera
copying go2_camera/yolo_detector.py -> /home/ayi/unitree_go2_ws/build/go2_camera/build/lib/go2_camera
running install
running install_lib
creating /home/ayi/unitree_go2_ws/install/go2_camera/lib/python3.10/site-packages/go2_camera
copying /home/ayi/unitree_go2_ws/build/go2_camera/build/lib/go2_camera/go2_video.py -> /home/ayi/unitree_go2_ws/install/go2_camera/lib/python3.10/site-packages/go2_camera
copying /home/ayi/unitree_go2_ws/build/go2_camera/build/lib/go2_camera/camera_opencv.py -> /home/ayi/unitree_go2_ws/install/go2_camera/lib/python3.10/site-packages/go2_camera
copying /home/ayi/unitree_go2_ws/build/go2_camera/build/lib/go2_camera/__init__.py -> /home/ayi/unitree_go2_ws/install/go2_camera/lib/python3.10/site-packages/go2_camera
copying /home/ayi/unitree_go2_ws/build/go2_camera/build/lib/go2_camera/yolo_detector.py -> /home/ayi/unitree_go2_ws/install/go2_camera/lib/python3.10/site-packages/go2_camera
byte-compiling /home/ayi/unitree_go2_ws/install/go2_camera/lib/python3.10/site-packages/go2_camera/go2_video.py to go2_video.cpython-310.pyc
byte-compiling /home/ayi/unitree_go2_ws/install/go2_camera/lib/python3.10/site-packages/go2_camera/camera_opencv.py to camera_opencv.cpython-310.pyc
byte-compiling /home/ayi/unitree_go2_ws/install/go2_camera/lib/python3.10/site-packages/go2_camera/__init__.py to __init__.cpython-310.pyc
byte-compiling /home/ayi/unitree_go2_ws/install/go2_camera/lib/python3.10/site-packages/go2_camera/yolo_detector.py to yolo_detector.cpython-310.pyc
running install_data
creating /home/ayi/unitree_go2_ws/install/go2_camera/share/ament_index
creating /home/ayi/unitree_go2_ws/install/go2_camera/share/ament_index/resource_index
creating /home/ayi/unitree_go2_ws/install/go2_camera/share/ament_index/resource_index/packages
copying resource/go2_camera -> /home/ayi/unitree_go2_ws/install/go2_camera/share/ament_index/resource_index/packages
copying package.xml -> /home/ayi/unitree_go2_ws/install/go2_camera/share/go2_camera
creating /home/ayi/unitree_go2_ws/install/go2_camera/share/go2_camera/launch
copying launch/go2_camera.launch.py -> /home/ayi/unitree_go2_ws/install/go2_camera/share/go2_camera/launch
running install_egg_info
Copying ../../build/go2_camera/go2_camera.egg-info to /home/ayi/unitree_go2_ws/install/go2_camera/lib/python3.10/site-packages/go2_camera-0.0.0-py3.10.egg-info
running install_scripts
Installing camera_opencv script to /home/ayi/unitree_go2_ws/install/go2_camera/lib/go2_camera
Installing go2_video script to /home/ayi/unitree_go2_ws/install/go2_camera/lib/go2_camera
writing list of installed files to '/home/ayi/unitree_go2_ws/build/go2_camera/install.log'
