[0.629s] Invoking command in '/home/ayi/unitree_go2_ws/src/go2_application': PYTHONPATH=/home/ayi/unitree_go2_ws/build/go2_application/prefix_override:/usr/lib/python3/dist-packages/colcon_core/task/python/colcon_distutils_commands:/home/ayi/unitree_go2_ws/install/go2_application/lib/python3.10/site-packages:${PYTHONPATH} /usr/bin/python3 -W ignore:setup.py install is deprecated -W ignore:easy_install command is deprecated setup.py egg_info --egg-base ../../build/go2_application build --build-base /home/ayi/unitree_go2_ws/build/go2_application/build install --record /home/ayi/unitree_go2_ws/build/go2_application/install.log --single-version-externally-managed install_data
[0.845s] running egg_info
[0.846s] creating ../../build/go2_application/go2_application.egg-info
[0.846s] writing ../../build/go2_application/go2_application.egg-info/PKG-INFO
[0.847s] writing dependency_links to ../../build/go2_application/go2_application.egg-info/dependency_links.txt
[0.847s] writing entry points to ../../build/go2_application/go2_application.egg-info/entry_points.txt
[0.847s] writing requirements to ../../build/go2_application/go2_application.egg-info/requires.txt
[0.850s] writing top-level names to ../../build/go2_application/go2_application.egg-info/top_level.txt
[0.851s] writing manifest file '../../build/go2_application/go2_application.egg-info/SOURCES.txt'
[0.851s] reading manifest file '../../build/go2_application/go2_application.egg-info/SOURCES.txt'
[0.851s] adding license file 'LICENSE'
[0.851s] writing manifest file '../../build/go2_application/go2_application.egg-info/SOURCES.txt'
[0.851s] running build
[0.851s] running build_py
[0.851s] creating /home/ayi/unitree_go2_ws/build/go2_application/build
[0.852s] creating /home/ayi/unitree_go2_ws/build/go2_application/build/lib
[0.852s] creating /home/ayi/unitree_go2_ws/build/go2_application/build/lib/go2_application
[0.852s] copying go2_application/get_go2_pose.py -> /home/ayi/unitree_go2_ws/build/go2_application/build/lib/go2_application
[0.854s] copying go2_application/nav_to_pose.py -> /home/ayi/unitree_go2_ws/build/go2_application/build/lib/go2_application
[0.854s] copying go2_application/waypoint_flollower.py -> /home/ayi/unitree_go2_ws/build/go2_application/build/lib/go2_application
[0.854s] copying go2_application/init_go2_pose.py -> /home/ayi/unitree_go2_ws/build/go2_application/build/lib/go2_application
[0.854s] copying go2_application/go2_partol.py -> /home/ayi/unitree_go2_ws/build/go2_application/build/lib/go2_application
[0.854s] copying go2_application/__init__.py -> /home/ayi/unitree_go2_ws/build/go2_application/build/lib/go2_application
[0.854s] running install
[0.855s] running install_lib
[0.857s] running install_data
[0.857s] running install_egg_info
[0.861s] removing '/home/ayi/unitree_go2_ws/install/go2_application/lib/python3.10/site-packages/go2_application-0.0.0-py3.10.egg-info' (and everything under it)
[0.863s] Copying ../../build/go2_application/go2_application.egg-info to /home/ayi/unitree_go2_ws/install/go2_application/lib/python3.10/site-packages/go2_application-0.0.0-py3.10.egg-info
[0.868s] running install_scripts
[0.882s] Installing go2_partol script to /home/ayi/unitree_go2_ws/install/go2_application/lib/go2_application
[0.882s] Installing init_go2_pose script to /home/ayi/unitree_go2_ws/install/go2_application/lib/go2_application
[0.882s] writing list of installed files to '/home/ayi/unitree_go2_ws/build/go2_application/install.log'
[0.917s] Invoked command in '/home/ayi/unitree_go2_ws/src/go2_application' returned '0': PYTHONPATH=/home/ayi/unitree_go2_ws/build/go2_application/prefix_override:/usr/lib/python3/dist-packages/colcon_core/task/python/colcon_distutils_commands:/home/ayi/unitree_go2_ws/install/go2_application/lib/python3.10/site-packages:${PYTHONPATH} /usr/bin/python3 -W ignore:setup.py install is deprecated -W ignore:easy_install command is deprecated setup.py egg_info --egg-base ../../build/go2_application build --build-base /home/ayi/unitree_go2_ws/build/go2_application/build install --record /home/ayi/unitree_go2_ws/build/go2_application/install.log --single-version-externally-managed install_data
