[0.028s] Invoking command in '/home/ayi/unitree_go2_ws/build/go2_perception': CMAKE_PREFIX_PATH=${CMAKE_PREFIX_PATH}:/home/ayi/unitree_go2_ws/install/go2_twist_bridge_py:/home/ayi/unitree_go2_ws/install/go2_navigation:/home/ayi/unitree_go2_ws/install/go2_driver_py:/home/ayi/unitree_go2_ws/install/go2_core:/home/ayi/dev_ws/install/learning_urdf:/home/ayi/dev_ws/install/learning_topic:/home/ayi/dev_ws/install/learning_tf:/home/ayi/dev_ws/install/learning_service:/home/ayi/dev_ws/install/learning_qos:/home/ayi/dev_ws/install/learning_pkg_python:/home/ayi/dev_ws/install/learning_parameter:/home/ayi/dev_ws/install/learning_node:/home/ayi/dev_ws/install/learning_launch:/home/ayi/dev_ws/install/learning_action:/home/ayi/dev_ws/install/learning_gazebo_harmonic:/home/ayi/dev_ws/install/learning_gazebo:/home/ayi/dev_ws/install/learning_cv:/opt/ros/humble /usr/bin/cmake --build /home/ayi/unitree_go2_ws/build/go2_perception -- -j2 -l2
[0.131s] [35m[1mConsolidate compiler generated dependencies of target pointcloud_to_laserscan[0m
[0.180s] [ 16%] [32mBuilding CXX object CMakeFiles/pointcloud_to_laserscan.dir/src/pointcloud_to_laserscan_node.cpp.o[0m
[0.963s] In file included from [01m[K/home/ayi/unitree_go2_ws/src/go2_perception/src/pointcloud_to_laserscan_node.cpp:52[m[K:
[0.963s] [01m[K/opt/ros/humble/include/tf2_sensor_msgs/tf2_sensor_msgs.h:32:2:[m[K [01;35m[Kwarning: [m[K#warning This header is obsolete, please include tf2_sensor_msgs/tf2_sensor_msgs.hpp instead [[01;35m[K]8;;https://gcc.gnu.org/onlinedocs/gcc/Warning-Options.html#index-Wcpp-Wcpp]8;;[m[K]
[0.963s]    32 | #[01;35m[Kwarning[m[K This header is obsolete, please include tf2_sensor_msgs/tf2_sensor_msgs.hpp instead
[0.965s]       |  [01;35m[K^~~~~~~[m[K
[15.722s] [ 33%] [32m[1mLinking CXX shared library libpointcloud_to_laserscan.so[0m
[16.485s] [ 33%] Built target pointcloud_to_laserscan
[16.503s] [35m[1mConsolidate compiler generated dependencies of target pointcloud_to_laserscan_node[0m
[16.530s] [ 66%] Built target pointcloud_to_laserscan_node
[16.549s] [35m[1mConsolidate compiler generated dependencies of target cloud_accumulation[0m
[16.567s] [ 83%] [32mBuilding CXX object CMakeFiles/cloud_accumulation.dir/src/cloud_accumulation.cpp.o[0m
[23.434s] [100%] [32m[1mLinking CXX executable cloud_accumulation[0m
[23.901s] [100%] Built target cloud_accumulation
[23.919s] Invoked command in '/home/ayi/unitree_go2_ws/build/go2_perception' returned '0': CMAKE_PREFIX_PATH=${CMAKE_PREFIX_PATH}:/home/ayi/unitree_go2_ws/install/go2_twist_bridge_py:/home/ayi/unitree_go2_ws/install/go2_navigation:/home/ayi/unitree_go2_ws/install/go2_driver_py:/home/ayi/unitree_go2_ws/install/go2_core:/home/ayi/dev_ws/install/learning_urdf:/home/ayi/dev_ws/install/learning_topic:/home/ayi/dev_ws/install/learning_tf:/home/ayi/dev_ws/install/learning_service:/home/ayi/dev_ws/install/learning_qos:/home/ayi/dev_ws/install/learning_pkg_python:/home/ayi/dev_ws/install/learning_parameter:/home/ayi/dev_ws/install/learning_node:/home/ayi/dev_ws/install/learning_launch:/home/ayi/dev_ws/install/learning_action:/home/ayi/dev_ws/install/learning_gazebo_harmonic:/home/ayi/dev_ws/install/learning_gazebo:/home/ayi/dev_ws/install/learning_cv:/opt/ros/humble /usr/bin/cmake --build /home/ayi/unitree_go2_ws/build/go2_perception -- -j2 -l2
[23.927s] Invoking command in '/home/ayi/unitree_go2_ws/build/go2_perception': CMAKE_PREFIX_PATH=${CMAKE_PREFIX_PATH}:/home/ayi/unitree_go2_ws/install/go2_twist_bridge_py:/home/ayi/unitree_go2_ws/install/go2_navigation:/home/ayi/unitree_go2_ws/install/go2_driver_py:/home/ayi/unitree_go2_ws/install/go2_core:/home/ayi/dev_ws/install/learning_urdf:/home/ayi/dev_ws/install/learning_topic:/home/ayi/dev_ws/install/learning_tf:/home/ayi/dev_ws/install/learning_service:/home/ayi/dev_ws/install/learning_qos:/home/ayi/dev_ws/install/learning_pkg_python:/home/ayi/dev_ws/install/learning_parameter:/home/ayi/dev_ws/install/learning_node:/home/ayi/dev_ws/install/learning_launch:/home/ayi/dev_ws/install/learning_action:/home/ayi/dev_ws/install/learning_gazebo_harmonic:/home/ayi/dev_ws/install/learning_gazebo:/home/ayi/dev_ws/install/learning_cv:/opt/ros/humble /usr/bin/cmake --install /home/ayi/unitree_go2_ws/build/go2_perception
[23.937s] -- Install configuration: ""
[23.938s] -- Up-to-date: /home/ayi/unitree_go2_ws/install/go2_perception/lib/go2_perception/pointcloud_to_laserscan_node
[23.939s] -- Installing: /home/ayi/unitree_go2_ws/install/go2_perception/lib/libpointcloud_to_laserscan.so
[23.961s] -- Set runtime path of "/home/ayi/unitree_go2_ws/install/go2_perception/lib/libpointcloud_to_laserscan.so" to ""
[23.966s] -- Installing: /home/ayi/unitree_go2_ws/install/go2_perception/lib/go2_perception/cloud_accumulation
[23.966s] -- Set runtime path of "/home/ayi/unitree_go2_ws/install/go2_perception/lib/go2_perception/cloud_accumulation" to ""
[23.966s] -- Up-to-date: /home/ayi/unitree_go2_ws/install/go2_perception/share/go2_perception/launch
[23.966s] -- Up-to-date: /home/ayi/unitree_go2_ws/install/go2_perception/share/go2_perception/launch/go2_pointcloud.launch.py
[23.967s] -- Up-to-date: /home/ayi/unitree_go2_ws/install/go2_perception/share/ament_index/resource_index/package_run_dependencies/go2_perception
[23.967s] -- Up-to-date: /home/ayi/unitree_go2_ws/install/go2_perception/share/ament_index/resource_index/parent_prefix_path/go2_perception
[23.967s] -- Up-to-date: /home/ayi/unitree_go2_ws/install/go2_perception/share/go2_perception/environment/ament_prefix_path.sh
[23.967s] -- Up-to-date: /home/ayi/unitree_go2_ws/install/go2_perception/share/go2_perception/environment/ament_prefix_path.dsv
[23.967s] -- Up-to-date: /home/ayi/unitree_go2_ws/install/go2_perception/share/go2_perception/environment/path.sh
[23.967s] -- Up-to-date: /home/ayi/unitree_go2_ws/install/go2_perception/share/go2_perception/environment/path.dsv
[23.967s] -- Up-to-date: /home/ayi/unitree_go2_ws/install/go2_perception/share/go2_perception/local_setup.bash
[23.967s] -- Up-to-date: /home/ayi/unitree_go2_ws/install/go2_perception/share/go2_perception/local_setup.sh
[23.968s] -- Up-to-date: /home/ayi/unitree_go2_ws/install/go2_perception/share/go2_perception/local_setup.zsh
[23.968s] -- Up-to-date: /home/ayi/unitree_go2_ws/install/go2_perception/share/go2_perception/local_setup.dsv
[23.968s] -- Installing: /home/ayi/unitree_go2_ws/install/go2_perception/share/go2_perception/package.dsv
[23.968s] -- Up-to-date: /home/ayi/unitree_go2_ws/install/go2_perception/share/ament_index/resource_index/packages/go2_perception
[23.968s] -- Up-to-date: /home/ayi/unitree_go2_ws/install/go2_perception/share/ament_index/resource_index/rclcpp_components/go2_perception
[23.968s] -- Up-to-date: /home/ayi/unitree_go2_ws/install/go2_perception/share/go2_perception/cmake/go2_perceptionConfig.cmake
[23.968s] -- Up-to-date: /home/ayi/unitree_go2_ws/install/go2_perception/share/go2_perception/cmake/go2_perceptionConfig-version.cmake
[23.969s] -- Up-to-date: /home/ayi/unitree_go2_ws/install/go2_perception/share/go2_perception/package.xml
[23.970s] Invoked command in '/home/ayi/unitree_go2_ws/build/go2_perception' returned '0': CMAKE_PREFIX_PATH=${CMAKE_PREFIX_PATH}:/home/ayi/unitree_go2_ws/install/go2_twist_bridge_py:/home/ayi/unitree_go2_ws/install/go2_navigation:/home/ayi/unitree_go2_ws/install/go2_driver_py:/home/ayi/unitree_go2_ws/install/go2_core:/home/ayi/dev_ws/install/learning_urdf:/home/ayi/dev_ws/install/learning_topic:/home/ayi/dev_ws/install/learning_tf:/home/ayi/dev_ws/install/learning_service:/home/ayi/dev_ws/install/learning_qos:/home/ayi/dev_ws/install/learning_pkg_python:/home/ayi/dev_ws/install/learning_parameter:/home/ayi/dev_ws/install/learning_node:/home/ayi/dev_ws/install/learning_launch:/home/ayi/dev_ws/install/learning_action:/home/ayi/dev_ws/install/learning_gazebo_harmonic:/home/ayi/dev_ws/install/learning_gazebo:/home/ayi/dev_ws/install/learning_cv:/opt/ros/humble /usr/bin/cmake --install /home/ayi/unitree_go2_ws/build/go2_perception
