[0.536s] Invoking command in '/home/ayi/unitree_go2_ws/src/go2_application': PYTHONPATH=/home/ayi/unitree_go2_ws/build/go2_application/prefix_override:/usr/lib/python3/dist-packages/colcon_core/task/python/colcon_distutils_commands:/home/ayi/unitree_go2_ws/install/go2_application/lib/python3.10/site-packages:${PYTHONPATH} /usr/bin/python3 -W ignore:setup.py install is deprecated -W ignore:easy_install command is deprecated setup.py egg_info --egg-base ../../build/go2_application build --build-base /home/ayi/unitree_go2_ws/build/go2_application/build install --record /home/ayi/unitree_go2_ws/build/go2_application/install.log --single-version-externally-managed install_data
[0.716s] running egg_info
[0.716s] writing ../../build/go2_application/go2_application.egg-info/PKG-INFO
[0.717s] writing dependency_links to ../../build/go2_application/go2_application.egg-info/dependency_links.txt
[0.717s] writing entry points to ../../build/go2_application/go2_application.egg-info/entry_points.txt
[0.717s] writing requirements to ../../build/go2_application/go2_application.egg-info/requires.txt
[0.717s] writing top-level names to ../../build/go2_application/go2_application.egg-info/top_level.txt
[0.718s] reading manifest file '../../build/go2_application/go2_application.egg-info/SOURCES.txt'
[0.718s] adding license file 'LICENSE'
[0.719s] writing manifest file '../../build/go2_application/go2_application.egg-info/SOURCES.txt'
[0.719s] running build
[0.719s] running build_py
[0.719s] running install
[0.721s] running install_lib
[0.721s] running install_data
[0.721s] running install_egg_info
[0.722s] removing '/home/ayi/unitree_go2_ws/install/go2_application/lib/python3.10/site-packages/go2_application-0.0.0-py3.10.egg-info' (and everything under it)
[0.722s] Copying ../../build/go2_application/go2_application.egg-info to /home/ayi/unitree_go2_ws/install/go2_application/lib/python3.10/site-packages/go2_application-0.0.0-py3.10.egg-info
[0.723s] running install_scripts
[0.737s] Installing init_go2_pose script to /home/ayi/unitree_go2_ws/install/go2_application/lib/go2_application
[0.737s] writing list of installed files to '/home/ayi/unitree_go2_ws/build/go2_application/install.log'
[0.754s] Invoked command in '/home/ayi/unitree_go2_ws/src/go2_application' returned '0': PYTHONPATH=/home/ayi/unitree_go2_ws/build/go2_application/prefix_override:/usr/lib/python3/dist-packages/colcon_core/task/python/colcon_distutils_commands:/home/ayi/unitree_go2_ws/install/go2_application/lib/python3.10/site-packages:${PYTHONPATH} /usr/bin/python3 -W ignore:setup.py install is deprecated -W ignore:easy_install command is deprecated setup.py egg_info --egg-base ../../build/go2_application build --build-base /home/ayi/unitree_go2_ws/build/go2_application/build install --record /home/ayi/unitree_go2_ws/build/go2_application/install.log --single-version-externally-managed install_data
