[0.018s] Invoking command in '/home/ayi/unitree_go2_ws/build/go2_cartographer': CMAKE_PREFIX_PATH=${CMAKE_PREFIX_PATH}:/home/ayi/unitree_go2_ws/install/go2_twist_bridge_py:/home/ayi/unitree_go2_ws/install/go2_navigation:/home/ayi/unitree_go2_ws/install/go2_driver_py:/home/ayi/unitree_go2_ws/install/go2_core:/home/ayi/dev_ws/install/learning_urdf:/home/ayi/dev_ws/install/learning_topic:/home/ayi/dev_ws/install/learning_tf:/home/ayi/dev_ws/install/learning_service:/home/ayi/dev_ws/install/learning_qos:/home/ayi/dev_ws/install/learning_pkg_python:/home/ayi/dev_ws/install/learning_parameter:/home/ayi/dev_ws/install/learning_node:/home/ayi/dev_ws/install/learning_launch:/home/ayi/dev_ws/install/learning_action:/home/ayi/dev_ws/install/learning_gazebo_harmonic:/home/ayi/dev_ws/install/learning_gazebo:/home/ayi/dev_ws/install/learning_cv:/opt/ros/humble /usr/bin/cmake /home/ayi/unitree_go2_ws/src/go2_cartographer -DCMAKE_INSTALL_PREFIX=/home/ayi/unitree_go2_ws/install/go2_cartographer
[0.162s] -- The C compiler identification is GNU 11.4.0
[0.214s] -- The CXX compiler identification is GNU 11.4.0
[0.239s] -- Detecting C compiler ABI info
[0.310s] -- Detecting C compiler ABI info - done
[0.318s] -- Check for working C compiler: /usr/bin/cc - skipped
[0.322s] -- Detecting C compile features
[0.324s] -- Detecting C compile features - done
[0.332s] -- Detecting CXX compiler ABI info
[0.428s] -- Detecting CXX compiler ABI info - done
[0.437s] -- Check for working CXX compiler: /usr/bin/c++ - skipped
[0.437s] -- Detecting CXX compile features
[0.438s] -- Detecting CXX compile features - done
[0.459s] -- Found ament_cmake: 1.3.12 (/opt/ros/humble/share/ament_cmake/cmake)
[0.629s] -- Found Python3: /usr/bin/python3 (found version "3.10.12") found components: Interpreter 
[0.841s] -- Found ament_lint_auto: 0.12.14 (/opt/ros/humble/share/ament_lint_auto/cmake)
[0.964s] -- Added test 'flake8' to check Python code syntax and style conventions
[0.966s] -- Added test 'lint_cmake' to check CMake code style
[0.969s] -- Added test 'pep257' to check Python code against some of the docstring style conventions in PEP 257
[0.971s] -- Added test 'xmllint' to check XML markup files
[0.977s] -- Configuring done
[0.983s] -- Generating done
[0.985s] -- Build files have been written to: /home/ayi/unitree_go2_ws/build/go2_cartographer
[0.986s] Invoked command in '/home/ayi/unitree_go2_ws/build/go2_cartographer' returned '0': CMAKE_PREFIX_PATH=${CMAKE_PREFIX_PATH}:/home/ayi/unitree_go2_ws/install/go2_twist_bridge_py:/home/ayi/unitree_go2_ws/install/go2_navigation:/home/ayi/unitree_go2_ws/install/go2_driver_py:/home/ayi/unitree_go2_ws/install/go2_core:/home/ayi/dev_ws/install/learning_urdf:/home/ayi/dev_ws/install/learning_topic:/home/ayi/dev_ws/install/learning_tf:/home/ayi/dev_ws/install/learning_service:/home/ayi/dev_ws/install/learning_qos:/home/ayi/dev_ws/install/learning_pkg_python:/home/ayi/dev_ws/install/learning_parameter:/home/ayi/dev_ws/install/learning_node:/home/ayi/dev_ws/install/learning_launch:/home/ayi/dev_ws/install/learning_action:/home/ayi/dev_ws/install/learning_gazebo_harmonic:/home/ayi/dev_ws/install/learning_gazebo:/home/ayi/dev_ws/install/learning_cv:/opt/ros/humble /usr/bin/cmake /home/ayi/unitree_go2_ws/src/go2_cartographer -DCMAKE_INSTALL_PREFIX=/home/ayi/unitree_go2_ws/install/go2_cartographer
[0.987s] Invoking command in '/home/ayi/unitree_go2_ws/build/go2_cartographer': CMAKE_PREFIX_PATH=${CMAKE_PREFIX_PATH}:/home/ayi/unitree_go2_ws/install/go2_twist_bridge_py:/home/ayi/unitree_go2_ws/install/go2_navigation:/home/ayi/unitree_go2_ws/install/go2_driver_py:/home/ayi/unitree_go2_ws/install/go2_core:/home/ayi/dev_ws/install/learning_urdf:/home/ayi/dev_ws/install/learning_topic:/home/ayi/dev_ws/install/learning_tf:/home/ayi/dev_ws/install/learning_service:/home/ayi/dev_ws/install/learning_qos:/home/ayi/dev_ws/install/learning_pkg_python:/home/ayi/dev_ws/install/learning_parameter:/home/ayi/dev_ws/install/learning_node:/home/ayi/dev_ws/install/learning_launch:/home/ayi/dev_ws/install/learning_action:/home/ayi/dev_ws/install/learning_gazebo_harmonic:/home/ayi/dev_ws/install/learning_gazebo:/home/ayi/dev_ws/install/learning_cv:/opt/ros/humble /usr/bin/cmake --build /home/ayi/unitree_go2_ws/build/go2_cartographer -- -j2 -l2
[1.027s] Invoked command in '/home/ayi/unitree_go2_ws/build/go2_cartographer' returned '0': CMAKE_PREFIX_PATH=${CMAKE_PREFIX_PATH}:/home/ayi/unitree_go2_ws/install/go2_twist_bridge_py:/home/ayi/unitree_go2_ws/install/go2_navigation:/home/ayi/unitree_go2_ws/install/go2_driver_py:/home/ayi/unitree_go2_ws/install/go2_core:/home/ayi/dev_ws/install/learning_urdf:/home/ayi/dev_ws/install/learning_topic:/home/ayi/dev_ws/install/learning_tf:/home/ayi/dev_ws/install/learning_service:/home/ayi/dev_ws/install/learning_qos:/home/ayi/dev_ws/install/learning_pkg_python:/home/ayi/dev_ws/install/learning_parameter:/home/ayi/dev_ws/install/learning_node:/home/ayi/dev_ws/install/learning_launch:/home/ayi/dev_ws/install/learning_action:/home/ayi/dev_ws/install/learning_gazebo_harmonic:/home/ayi/dev_ws/install/learning_gazebo:/home/ayi/dev_ws/install/learning_cv:/opt/ros/humble /usr/bin/cmake --build /home/ayi/unitree_go2_ws/build/go2_cartographer -- -j2 -l2
[1.045s] Invoking command in '/home/ayi/unitree_go2_ws/build/go2_cartographer': CMAKE_PREFIX_PATH=${CMAKE_PREFIX_PATH}:/home/ayi/unitree_go2_ws/install/go2_twist_bridge_py:/home/ayi/unitree_go2_ws/install/go2_navigation:/home/ayi/unitree_go2_ws/install/go2_driver_py:/home/ayi/unitree_go2_ws/install/go2_core:/home/ayi/dev_ws/install/learning_urdf:/home/ayi/dev_ws/install/learning_topic:/home/ayi/dev_ws/install/learning_tf:/home/ayi/dev_ws/install/learning_service:/home/ayi/dev_ws/install/learning_qos:/home/ayi/dev_ws/install/learning_pkg_python:/home/ayi/dev_ws/install/learning_parameter:/home/ayi/dev_ws/install/learning_node:/home/ayi/dev_ws/install/learning_launch:/home/ayi/dev_ws/install/learning_action:/home/ayi/dev_ws/install/learning_gazebo_harmonic:/home/ayi/dev_ws/install/learning_gazebo:/home/ayi/dev_ws/install/learning_cv:/opt/ros/humble /usr/bin/cmake --install /home/ayi/unitree_go2_ws/build/go2_cartographer
[1.053s] -- Install configuration: ""
[1.054s] -- Up-to-date: /home/ayi/unitree_go2_ws/install/go2_cartographer/share/go2_cartographer/config
[1.054s] -- Up-to-date: /home/ayi/unitree_go2_ws/install/go2_cartographer/share/go2_cartographer/config/go2_3d.lua
[1.054s] -- Up-to-date: /home/ayi/unitree_go2_ws/install/go2_cartographer/share/go2_cartographer/launch
[1.055s] -- Up-to-date: /home/ayi/unitree_go2_ws/install/go2_cartographer/share/go2_cartographer/launch/go2_cartographer.launch.py
[1.057s] -- Up-to-date: /home/ayi/unitree_go2_ws/install/go2_cartographer/share/go2_cartographer/rviz
[1.057s] -- Installing: /home/ayi/unitree_go2_ws/install/go2_cartographer/share/ament_index/resource_index/package_run_dependencies/go2_cartographer
[1.057s] -- Installing: /home/ayi/unitree_go2_ws/install/go2_cartographer/share/ament_index/resource_index/parent_prefix_path/go2_cartographer
[1.057s] -- Up-to-date: /home/ayi/unitree_go2_ws/install/go2_cartographer/share/go2_cartographer/environment/ament_prefix_path.sh
[1.057s] -- Installing: /home/ayi/unitree_go2_ws/install/go2_cartographer/share/go2_cartographer/environment/ament_prefix_path.dsv
[1.064s] -- Up-to-date: /home/ayi/unitree_go2_ws/install/go2_cartographer/share/go2_cartographer/environment/path.sh
[1.064s] -- Installing: /home/ayi/unitree_go2_ws/install/go2_cartographer/share/go2_cartographer/environment/path.dsv
[1.064s] -- Installing: /home/ayi/unitree_go2_ws/install/go2_cartographer/share/go2_cartographer/local_setup.bash
[1.064s] -- Installing: /home/ayi/unitree_go2_ws/install/go2_cartographer/share/go2_cartographer/local_setup.sh
[1.064s] -- Installing: /home/ayi/unitree_go2_ws/install/go2_cartographer/share/go2_cartographer/local_setup.zsh
[1.065s] -- Installing: /home/ayi/unitree_go2_ws/install/go2_cartographer/share/go2_cartographer/local_setup.dsv
[1.065s] -- Installing: /home/ayi/unitree_go2_ws/install/go2_cartographer/share/go2_cartographer/package.dsv
[1.065s] -- Installing: /home/ayi/unitree_go2_ws/install/go2_cartographer/share/ament_index/resource_index/packages/go2_cartographer
[1.065s] -- Installing: /home/ayi/unitree_go2_ws/install/go2_cartographer/share/go2_cartographer/cmake/go2_cartographerConfig.cmake
[1.065s] -- Installing: /home/ayi/unitree_go2_ws/install/go2_cartographer/share/go2_cartographer/cmake/go2_cartographerConfig-version.cmake
[1.065s] -- Up-to-date: /home/ayi/unitree_go2_ws/install/go2_cartographer/share/go2_cartographer/package.xml
[1.066s] Invoked command in '/home/ayi/unitree_go2_ws/build/go2_cartographer' returned '0': CMAKE_PREFIX_PATH=${CMAKE_PREFIX_PATH}:/home/ayi/unitree_go2_ws/install/go2_twist_bridge_py:/home/ayi/unitree_go2_ws/install/go2_navigation:/home/ayi/unitree_go2_ws/install/go2_driver_py:/home/ayi/unitree_go2_ws/install/go2_core:/home/ayi/dev_ws/install/learning_urdf:/home/ayi/dev_ws/install/learning_topic:/home/ayi/dev_ws/install/learning_tf:/home/ayi/dev_ws/install/learning_service:/home/ayi/dev_ws/install/learning_qos:/home/ayi/dev_ws/install/learning_pkg_python:/home/ayi/dev_ws/install/learning_parameter:/home/ayi/dev_ws/install/learning_node:/home/ayi/dev_ws/install/learning_launch:/home/ayi/dev_ws/install/learning_action:/home/ayi/dev_ws/install/learning_gazebo_harmonic:/home/ayi/dev_ws/install/learning_gazebo:/home/ayi/dev_ws/install/learning_cv:/opt/ros/humble /usr/bin/cmake --install /home/ayi/unitree_go2_ws/build/go2_cartographer
