[0.023s] Invoking command in '/home/ayi/unitree_go2_ws/build/go2_driver': CMAKE_PREFIX_PATH=${CMAKE_PREFIX_PATH}:/home/ayi/unitree_go2_ws/install/go2_twist_bridge_py:/home/ayi/unitree_go2_ws/install/go2_navigation:/home/ayi/unitree_go2_ws/install/go2_driver_py:/home/ayi/unitree_go2_ws/install/go2_core:/home/ayi/unitree_go2_ws/install/go2_application:/home/ayi/dev_ws/install/learning_urdf:/home/ayi/dev_ws/install/learning_topic:/home/ayi/dev_ws/install/learning_tf:/home/ayi/dev_ws/install/learning_service:/home/ayi/dev_ws/install/learning_qos:/home/ayi/dev_ws/install/learning_pkg_python:/home/ayi/dev_ws/install/learning_parameter:/home/ayi/dev_ws/install/learning_node:/home/ayi/dev_ws/install/learning_launch:/home/ayi/dev_ws/install/learning_action:/home/ayi/dev_ws/install/learning_gazebo_harmonic:/home/ayi/dev_ws/install/learning_gazebo:/home/ayi/dev_ws/install/learning_cv:/opt/ros/humble /usr/bin/cmake /home/ayi/unitree_go2_ws/src/base/go2_driver -DCMAKE_INSTALL_PREFIX=/home/ayi/unitree_go2_ws/install/go2_driver
[0.131s] -- The C compiler identification is GNU 11.4.0
[0.200s] -- The CXX compiler identification is GNU 11.4.0
[0.208s] -- Detecting C compiler ABI info
[0.264s] -- Detecting C compiler ABI info - done
[0.269s] -- Check for working C compiler: /usr/bin/cc - skipped
[0.269s] -- Detecting C compile features
[0.269s] -- Detecting C compile features - done
[0.272s] -- Detecting CXX compiler ABI info
[0.375s] -- Detecting CXX compiler ABI info - done
[0.382s] -- Check for working CXX compiler: /usr/bin/c++ - skipped
[0.382s] -- Detecting CXX compile features
[0.382s] -- Detecting CXX compile features - done
[0.386s] -- Found ament_cmake: 1.3.12 (/opt/ros/humble/share/ament_cmake/cmake)
[0.531s] -- Found Python3: /usr/bin/python3 (found version "3.10.12") found components: Interpreter 
[0.639s] -- Found rclcpp: 16.0.15 (/opt/ros/humble/share/rclcpp/cmake)
[0.696s] -- Found rosidl_generator_c: 3.1.7 (/opt/ros/humble/share/rosidl_generator_c/cmake)
[0.704s] -- Found rosidl_adapter: 3.1.7 (/opt/ros/humble/share/rosidl_adapter/cmake)
[0.715s] -- Found rosidl_generator_cpp: 3.1.7 (/opt/ros/humble/share/rosidl_generator_cpp/cmake)
[0.729s] -- Using all available rosidl_typesupport_c: rosidl_typesupport_fastrtps_c;rosidl_typesupport_introspection_c
[0.750s] -- Using all available rosidl_typesupport_cpp: rosidl_typesupport_fastrtps_cpp;rosidl_typesupport_introspection_cpp
[0.812s] -- Found rmw_implementation_cmake: 6.1.2 (/opt/ros/humble/share/rmw_implementation_cmake/cmake)
[0.817s] -- Found rmw_cyclonedds_cpp: 1.3.4 (/home/ayi/go2_work/unitree_ros2/cyclonedds_ws/install/rmw_cyclonedds_cpp/share/rmw_cyclonedds_cpp/cmake)
[0.836s] -- Using RMW implementation 'rmw_cyclonedds_cpp' as default
[0.848s] -- Looking for pthread.h
[0.926s] -- Looking for pthread.h - found
[0.926s] -- Performing Test CMAKE_HAVE_LIBC_PTHREAD
[1.005s] -- Performing Test CMAKE_HAVE_LIBC_PTHREAD - Success
[1.006s] -- Found Threads: TRUE  
[1.059s] -- Found unitree_go: 0.0.0 (/home/ayi/go2_work/unitree_ros2/cyclonedds_ws/install/unitree_go/share/unitree_go/cmake)
[1.090s] -- Found nav_msgs: 4.9.0 (/opt/ros/humble/share/nav_msgs/cmake)
[1.105s] -- Found tf2: 0.25.16 (/opt/ros/humble/share/tf2/cmake)
[1.116s] -- Found tf2_ros: 0.25.16 (/opt/ros/humble/share/tf2_ros/cmake)
[1.340s] -- Found sensor_msgs: 4.9.0 (/opt/ros/humble/share/sensor_msgs/cmake)
[1.398s] -- Found ament_lint_auto: 0.12.14 (/opt/ros/humble/share/ament_lint_auto/cmake)
[1.498s] -- Added test 'cppcheck' to perform static code analysis on C / C++ code
[1.499s] -- Configured cppcheck include dirs: $<BUILD_INTERFACE:/home/ayi/unitree_go2_ws/src/base/go2_driver/include>
[1.501s] -- Configured cppcheck exclude dirs and/or files: 
[1.502s] -- Added test 'flake8' to check Python code syntax and style conventions
[1.506s] -- Added test 'lint_cmake' to check CMake code style
[1.508s] -- Added test 'pep257' to check Python code against some of the docstring style conventions in PEP 257
[1.509s] -- Added test 'uncrustify' to check C / C++ code style
[1.509s] -- Configured uncrustify additional arguments: 
[1.510s] -- Added test 'xmllint' to check XML markup files
[1.515s] -- Configuring done
[1.534s] -- Generating done
[1.545s] -- Build files have been written to: /home/ayi/unitree_go2_ws/build/go2_driver
[1.560s] Invoked command in '/home/ayi/unitree_go2_ws/build/go2_driver' returned '0': CMAKE_PREFIX_PATH=${CMAKE_PREFIX_PATH}:/home/ayi/unitree_go2_ws/install/go2_twist_bridge_py:/home/ayi/unitree_go2_ws/install/go2_navigation:/home/ayi/unitree_go2_ws/install/go2_driver_py:/home/ayi/unitree_go2_ws/install/go2_core:/home/ayi/unitree_go2_ws/install/go2_application:/home/ayi/dev_ws/install/learning_urdf:/home/ayi/dev_ws/install/learning_topic:/home/ayi/dev_ws/install/learning_tf:/home/ayi/dev_ws/install/learning_service:/home/ayi/dev_ws/install/learning_qos:/home/ayi/dev_ws/install/learning_pkg_python:/home/ayi/dev_ws/install/learning_parameter:/home/ayi/dev_ws/install/learning_node:/home/ayi/dev_ws/install/learning_launch:/home/ayi/dev_ws/install/learning_action:/home/ayi/dev_ws/install/learning_gazebo_harmonic:/home/ayi/dev_ws/install/learning_gazebo:/home/ayi/dev_ws/install/learning_cv:/opt/ros/humble /usr/bin/cmake /home/ayi/unitree_go2_ws/src/base/go2_driver -DCMAKE_INSTALL_PREFIX=/home/ayi/unitree_go2_ws/install/go2_driver
[1.560s] Invoking command in '/home/ayi/unitree_go2_ws/build/go2_driver': CMAKE_PREFIX_PATH=${CMAKE_PREFIX_PATH}:/home/ayi/unitree_go2_ws/install/go2_twist_bridge_py:/home/ayi/unitree_go2_ws/install/go2_navigation:/home/ayi/unitree_go2_ws/install/go2_driver_py:/home/ayi/unitree_go2_ws/install/go2_core:/home/ayi/unitree_go2_ws/install/go2_application:/home/ayi/dev_ws/install/learning_urdf:/home/ayi/dev_ws/install/learning_topic:/home/ayi/dev_ws/install/learning_tf:/home/ayi/dev_ws/install/learning_service:/home/ayi/dev_ws/install/learning_qos:/home/ayi/dev_ws/install/learning_pkg_python:/home/ayi/dev_ws/install/learning_parameter:/home/ayi/dev_ws/install/learning_node:/home/ayi/dev_ws/install/learning_launch:/home/ayi/dev_ws/install/learning_action:/home/ayi/dev_ws/install/learning_gazebo_harmonic:/home/ayi/dev_ws/install/learning_gazebo:/home/ayi/dev_ws/install/learning_cv:/opt/ros/humble /usr/bin/cmake --build /home/ayi/unitree_go2_ws/build/go2_driver -- -j2 -l2
[1.715s] [ 16%] [32mBuilding CXX object CMakeFiles/footprint_to_link.dir/src/footprint_to_link.cpp.o[0m
[1.727s] [ 33%] [32mBuilding CXX object CMakeFiles/driver.dir/src/driver.cpp.o[0m
[14.946s] [ 50%] [32m[1mLinking CXX executable footprint_to_link[0m
[15.826s] [ 50%] Built target footprint_to_link
[15.873s] [ 66%] [32mBuilding CXX object CMakeFiles/lowstate_to_imu.dir/src/lowstate_to_imu.cpp.o[0m
[23.644s] [ 83%] [32m[1mLinking CXX executable driver[0m
[24.518s] [ 83%] Built target driver
[26.905s] [100%] [32m[1mLinking CXX executable lowstate_to_imu[0m
[27.228s] [100%] Built target lowstate_to_imu
[27.240s] Invoked command in '/home/ayi/unitree_go2_ws/build/go2_driver' returned '0': CMAKE_PREFIX_PATH=${CMAKE_PREFIX_PATH}:/home/ayi/unitree_go2_ws/install/go2_twist_bridge_py:/home/ayi/unitree_go2_ws/install/go2_navigation:/home/ayi/unitree_go2_ws/install/go2_driver_py:/home/ayi/unitree_go2_ws/install/go2_core:/home/ayi/unitree_go2_ws/install/go2_application:/home/ayi/dev_ws/install/learning_urdf:/home/ayi/dev_ws/install/learning_topic:/home/ayi/dev_ws/install/learning_tf:/home/ayi/dev_ws/install/learning_service:/home/ayi/dev_ws/install/learning_qos:/home/ayi/dev_ws/install/learning_pkg_python:/home/ayi/dev_ws/install/learning_parameter:/home/ayi/dev_ws/install/learning_node:/home/ayi/dev_ws/install/learning_launch:/home/ayi/dev_ws/install/learning_action:/home/ayi/dev_ws/install/learning_gazebo_harmonic:/home/ayi/dev_ws/install/learning_gazebo:/home/ayi/dev_ws/install/learning_cv:/opt/ros/humble /usr/bin/cmake --build /home/ayi/unitree_go2_ws/build/go2_driver -- -j2 -l2
[27.241s] Invoking command in '/home/ayi/unitree_go2_ws/build/go2_driver': CMAKE_PREFIX_PATH=${CMAKE_PREFIX_PATH}:/home/ayi/unitree_go2_ws/install/go2_twist_bridge_py:/home/ayi/unitree_go2_ws/install/go2_navigation:/home/ayi/unitree_go2_ws/install/go2_driver_py:/home/ayi/unitree_go2_ws/install/go2_core:/home/ayi/unitree_go2_ws/install/go2_application:/home/ayi/dev_ws/install/learning_urdf:/home/ayi/dev_ws/install/learning_topic:/home/ayi/dev_ws/install/learning_tf:/home/ayi/dev_ws/install/learning_service:/home/ayi/dev_ws/install/learning_qos:/home/ayi/dev_ws/install/learning_pkg_python:/home/ayi/dev_ws/install/learning_parameter:/home/ayi/dev_ws/install/learning_node:/home/ayi/dev_ws/install/learning_launch:/home/ayi/dev_ws/install/learning_action:/home/ayi/dev_ws/install/learning_gazebo_harmonic:/home/ayi/dev_ws/install/learning_gazebo:/home/ayi/dev_ws/install/learning_cv:/opt/ros/humble /usr/bin/cmake --install /home/ayi/unitree_go2_ws/build/go2_driver
[27.249s] -- Install configuration: ""
[27.250s] -- Installing: /home/ayi/unitree_go2_ws/install/go2_driver/lib/go2_driver/driver
[27.267s] -- Set runtime path of "/home/ayi/unitree_go2_ws/install/go2_driver/lib/go2_driver/driver" to ""
[27.267s] -- Installing: /home/ayi/unitree_go2_ws/install/go2_driver/lib/go2_driver/footprint_to_link
[27.272s] -- Set runtime path of "/home/ayi/unitree_go2_ws/install/go2_driver/lib/go2_driver/footprint_to_link" to ""
[27.273s] -- Installing: /home/ayi/unitree_go2_ws/install/go2_driver/lib/go2_driver/lowstate_to_imu
[27.279s] -- Set runtime path of "/home/ayi/unitree_go2_ws/install/go2_driver/lib/go2_driver/lowstate_to_imu" to ""
[27.279s] -- Up-to-date: /home/ayi/unitree_go2_ws/install/go2_driver/share/go2_driver/launch
[27.294s] -- Up-to-date: /home/ayi/unitree_go2_ws/install/go2_driver/share/go2_driver/launch/driver.launch.py
[27.294s] -- Up-to-date: /home/ayi/unitree_go2_ws/install/go2_driver/share/go2_driver/params
[27.295s] -- Up-to-date: /home/ayi/unitree_go2_ws/install/go2_driver/share/go2_driver/params/driver.yaml
[27.295s] -- Up-to-date: /home/ayi/unitree_go2_ws/install/go2_driver/share/go2_driver/rviz
[27.295s] -- Up-to-date: /home/ayi/unitree_go2_ws/install/go2_driver/share/go2_driver/rviz/display.rviz
[27.295s] -- Installing: /home/ayi/unitree_go2_ws/install/go2_driver/share/ament_index/resource_index/package_run_dependencies/go2_driver
[27.296s] -- Installing: /home/ayi/unitree_go2_ws/install/go2_driver/share/ament_index/resource_index/parent_prefix_path/go2_driver
[27.297s] -- Up-to-date: /home/ayi/unitree_go2_ws/install/go2_driver/share/go2_driver/environment/ament_prefix_path.sh
[27.297s] -- Installing: /home/ayi/unitree_go2_ws/install/go2_driver/share/go2_driver/environment/ament_prefix_path.dsv
[27.298s] -- Up-to-date: /home/ayi/unitree_go2_ws/install/go2_driver/share/go2_driver/environment/path.sh
[27.298s] -- Installing: /home/ayi/unitree_go2_ws/install/go2_driver/share/go2_driver/environment/path.dsv
[27.298s] -- Installing: /home/ayi/unitree_go2_ws/install/go2_driver/share/go2_driver/local_setup.bash
[27.298s] -- Installing: /home/ayi/unitree_go2_ws/install/go2_driver/share/go2_driver/local_setup.sh
[27.298s] -- Installing: /home/ayi/unitree_go2_ws/install/go2_driver/share/go2_driver/local_setup.zsh
[27.300s] -- Installing: /home/ayi/unitree_go2_ws/install/go2_driver/share/go2_driver/local_setup.dsv
[27.300s] -- Installing: /home/ayi/unitree_go2_ws/install/go2_driver/share/go2_driver/package.dsv
[27.300s] -- Installing: /home/ayi/unitree_go2_ws/install/go2_driver/share/ament_index/resource_index/packages/go2_driver
[27.301s] -- Installing: /home/ayi/unitree_go2_ws/install/go2_driver/share/go2_driver/cmake/go2_driverConfig.cmake
[27.301s] -- Installing: /home/ayi/unitree_go2_ws/install/go2_driver/share/go2_driver/cmake/go2_driverConfig-version.cmake
[27.301s] -- Up-to-date: /home/ayi/unitree_go2_ws/install/go2_driver/share/go2_driver/package.xml
[27.305s] Invoked command in '/home/ayi/unitree_go2_ws/build/go2_driver' returned '0': CMAKE_PREFIX_PATH=${CMAKE_PREFIX_PATH}:/home/ayi/unitree_go2_ws/install/go2_twist_bridge_py:/home/ayi/unitree_go2_ws/install/go2_navigation:/home/ayi/unitree_go2_ws/install/go2_driver_py:/home/ayi/unitree_go2_ws/install/go2_core:/home/ayi/unitree_go2_ws/install/go2_application:/home/ayi/dev_ws/install/learning_urdf:/home/ayi/dev_ws/install/learning_topic:/home/ayi/dev_ws/install/learning_tf:/home/ayi/dev_ws/install/learning_service:/home/ayi/dev_ws/install/learning_qos:/home/ayi/dev_ws/install/learning_pkg_python:/home/ayi/dev_ws/install/learning_parameter:/home/ayi/dev_ws/install/learning_node:/home/ayi/dev_ws/install/learning_launch:/home/ayi/dev_ws/install/learning_action:/home/ayi/dev_ws/install/learning_gazebo_harmonic:/home/ayi/dev_ws/install/learning_gazebo:/home/ayi/dev_ws/install/learning_cv:/opt/ros/humble /usr/bin/cmake --install /home/ayi/unitree_go2_ws/build/go2_driver
