[1.843s] Invoking command in '/home/ayi/unitree_go2_ws/src/base/go2_core': PYTHONPATH=/home/ayi/unitree_go2_ws/build/go2_core/prefix_override:/usr/lib/python3/dist-packages/colcon_core/task/python/colcon_distutils_commands:/home/ayi/unitree_go2_ws/install/go2_core/lib/python3.10/site-packages:${PYTHONPATH} /usr/bin/python3 -W ignore:setup.py install is deprecated -W ignore:easy_install command is deprecated setup.py egg_info --egg-base ../../../build/go2_core build --build-base /home/ayi/unitree_go2_ws/build/go2_core/build install --record /home/ayi/unitree_go2_ws/build/go2_core/install.log --single-version-externally-managed install_data
[2.359s] running egg_info
[2.360s] creating ../../../build/go2_core/go2_core.egg-info
[2.360s] writing ../../../build/go2_core/go2_core.egg-info/PKG-INFO
[2.361s] writing dependency_links to ../../../build/go2_core/go2_core.egg-info/dependency_links.txt
[2.362s] writing entry points to ../../../build/go2_core/go2_core.egg-info/entry_points.txt
[2.362s] writing requirements to ../../../build/go2_core/go2_core.egg-info/requires.txt
[2.364s] writing top-level names to ../../../build/go2_core/go2_core.egg-info/top_level.txt
[2.365s] writing manifest file '../../../build/go2_core/go2_core.egg-info/SOURCES.txt'
[2.369s] reading manifest file '../../../build/go2_core/go2_core.egg-info/SOURCES.txt'
[2.370s] writing manifest file '../../../build/go2_core/go2_core.egg-info/SOURCES.txt'
[2.374s] running build
[2.374s] running build_py
[2.374s] creating /home/ayi/unitree_go2_ws/build/go2_core/build
[2.375s] creating /home/ayi/unitree_go2_ws/build/go2_core/build/lib
[2.375s] creating /home/ayi/unitree_go2_ws/build/go2_core/build/lib/go2_core
[2.375s] copying go2_core/__init__.py -> /home/ayi/unitree_go2_ws/build/go2_core/build/lib/go2_core
[2.375s] running install
[2.375s] running install_lib
[2.376s] running install_data
[2.377s] copying launch/go2_start.launch.py -> /home/ayi/unitree_go2_ws/install/go2_core/share/go2_core/launch
[2.378s] running install_egg_info
[2.386s] removing '/home/ayi/unitree_go2_ws/install/go2_core/lib/python3.10/site-packages/go2_core-0.0.0-py3.10.egg-info' (and everything under it)
[2.386s] Copying ../../../build/go2_core/go2_core.egg-info to /home/ayi/unitree_go2_ws/install/go2_core/lib/python3.10/site-packages/go2_core-0.0.0-py3.10.egg-info
[2.388s] running install_scripts
[2.422s] writing list of installed files to '/home/ayi/unitree_go2_ws/build/go2_core/install.log'
[2.474s] Invoked command in '/home/ayi/unitree_go2_ws/src/base/go2_core' returned '0': PYTHONPATH=/home/ayi/unitree_go2_ws/build/go2_core/prefix_override:/usr/lib/python3/dist-packages/colcon_core/task/python/colcon_distutils_commands:/home/ayi/unitree_go2_ws/install/go2_core/lib/python3.10/site-packages:${PYTHONPATH} /usr/bin/python3 -W ignore:setup.py install is deprecated -W ignore:easy_install command is deprecated setup.py egg_info --egg-base ../../../build/go2_core build --build-base /home/ayi/unitree_go2_ws/build/go2_core/build install --record /home/ayi/unitree_go2_ws/build/go2_core/install.log --single-version-externally-managed install_data
