[0.036s] Invoking command in '/home/ayi/unitree_go2_ws/build/go2_perception': CMAKE_PREFIX_PATH=${CMAKE_PREFIX_PATH}:/home/ayi/unitree_go2_ws/install/go2_twist_bridge_py:/home/ayi/unitree_go2_ws/install/go2_navigation:/home/ayi/unitree_go2_ws/install/go2_driver_py:/home/ayi/unitree_go2_ws/install/go2_core:/home/ayi/dev_ws/install/learning_urdf:/home/ayi/dev_ws/install/learning_topic:/home/ayi/dev_ws/install/learning_tf:/home/ayi/dev_ws/install/learning_service:/home/ayi/dev_ws/install/learning_qos:/home/ayi/dev_ws/install/learning_pkg_python:/home/ayi/dev_ws/install/learning_parameter:/home/ayi/dev_ws/install/learning_node:/home/ayi/dev_ws/install/learning_launch:/home/ayi/dev_ws/install/learning_action:/home/ayi/dev_ws/install/learning_gazebo_harmonic:/home/ayi/dev_ws/install/learning_gazebo:/home/ayi/dev_ws/install/learning_cv:/opt/ros/humble /usr/bin/cmake --build /home/ayi/unitree_go2_ws/build/go2_perception -- -j2 -l2
[0.179s] [35m[1mConsolidate compiler generated dependencies of target pointcloud_to_laserscan[0m
[0.209s] [ 33%] Built target pointcloud_to_laserscan_node
[0.250s] [ 50%] [32mBuilding CXX object CMakeFiles/pointcloud_to_laserscan.dir/src/pointcloud_to_laserscan_node.cpp.o[0m
[0.250s] [35m[1mConsolidate compiler generated dependencies of target cloud_accumulation[0m
[0.307s] [ 66%] [32mBuilding CXX object CMakeFiles/cloud_accumulation.dir/src/cloud_accumulation.cpp.o[0m
[8.785s] [ 83%] [32m[1mLinking CXX executable cloud_accumulation[0m
[9.320s] [ 83%] Built target cloud_accumulation
[33.629s] [100%] [32m[1mLinking CXX shared library libpointcloud_to_laserscan.so[0m
[34.038s] [100%] Built target pointcloud_to_laserscan
[34.052s] Invoked command in '/home/ayi/unitree_go2_ws/build/go2_perception' returned '0': CMAKE_PREFIX_PATH=${CMAKE_PREFIX_PATH}:/home/ayi/unitree_go2_ws/install/go2_twist_bridge_py:/home/ayi/unitree_go2_ws/install/go2_navigation:/home/ayi/unitree_go2_ws/install/go2_driver_py:/home/ayi/unitree_go2_ws/install/go2_core:/home/ayi/dev_ws/install/learning_urdf:/home/ayi/dev_ws/install/learning_topic:/home/ayi/dev_ws/install/learning_tf:/home/ayi/dev_ws/install/learning_service:/home/ayi/dev_ws/install/learning_qos:/home/ayi/dev_ws/install/learning_pkg_python:/home/ayi/dev_ws/install/learning_parameter:/home/ayi/dev_ws/install/learning_node:/home/ayi/dev_ws/install/learning_launch:/home/ayi/dev_ws/install/learning_action:/home/ayi/dev_ws/install/learning_gazebo_harmonic:/home/ayi/dev_ws/install/learning_gazebo:/home/ayi/dev_ws/install/learning_cv:/opt/ros/humble /usr/bin/cmake --build /home/ayi/unitree_go2_ws/build/go2_perception -- -j2 -l2
[34.058s] Invoking command in '/home/ayi/unitree_go2_ws/build/go2_perception': CMAKE_PREFIX_PATH=${CMAKE_PREFIX_PATH}:/home/ayi/unitree_go2_ws/install/go2_twist_bridge_py:/home/ayi/unitree_go2_ws/install/go2_navigation:/home/ayi/unitree_go2_ws/install/go2_driver_py:/home/ayi/unitree_go2_ws/install/go2_core:/home/ayi/dev_ws/install/learning_urdf:/home/ayi/dev_ws/install/learning_topic:/home/ayi/dev_ws/install/learning_tf:/home/ayi/dev_ws/install/learning_service:/home/ayi/dev_ws/install/learning_qos:/home/ayi/dev_ws/install/learning_pkg_python:/home/ayi/dev_ws/install/learning_parameter:/home/ayi/dev_ws/install/learning_node:/home/ayi/dev_ws/install/learning_launch:/home/ayi/dev_ws/install/learning_action:/home/ayi/dev_ws/install/learning_gazebo_harmonic:/home/ayi/dev_ws/install/learning_gazebo:/home/ayi/dev_ws/install/learning_cv:/opt/ros/humble /usr/bin/cmake --install /home/ayi/unitree_go2_ws/build/go2_perception
[34.065s] -- Install configuration: ""
[34.067s] -- Up-to-date: /home/ayi/unitree_go2_ws/install/go2_perception/lib/go2_perception/pointcloud_to_laserscan_node
[34.069s] -- Installing: /home/ayi/unitree_go2_ws/install/go2_perception/lib/libpointcloud_to_laserscan.so
[34.085s] -- Set runtime path of "/home/ayi/unitree_go2_ws/install/go2_perception/lib/libpointcloud_to_laserscan.so" to ""
[34.086s] -- Installing: /home/ayi/unitree_go2_ws/install/go2_perception/lib/go2_perception/cloud_accumulation
[34.092s] -- Set runtime path of "/home/ayi/unitree_go2_ws/install/go2_perception/lib/go2_perception/cloud_accumulation" to ""
[34.093s] -- Up-to-date: /home/ayi/unitree_go2_ws/install/go2_perception/share/go2_perception/launch
[34.093s] -- Up-to-date: /home/ayi/unitree_go2_ws/install/go2_perception/share/go2_perception/launch/go2_pointcloud.launch.py
[34.094s] -- Up-to-date: /home/ayi/unitree_go2_ws/install/go2_perception/share/ament_index/resource_index/package_run_dependencies/go2_perception
[34.094s] -- Up-to-date: /home/ayi/unitree_go2_ws/install/go2_perception/share/ament_index/resource_index/parent_prefix_path/go2_perception
[34.094s] -- Up-to-date: /home/ayi/unitree_go2_ws/install/go2_perception/share/go2_perception/environment/ament_prefix_path.sh
[34.094s] -- Up-to-date: /home/ayi/unitree_go2_ws/install/go2_perception/share/go2_perception/environment/ament_prefix_path.dsv
[34.095s] -- Up-to-date: /home/ayi/unitree_go2_ws/install/go2_perception/share/go2_perception/environment/path.sh
[34.095s] -- Up-to-date: /home/ayi/unitree_go2_ws/install/go2_perception/share/go2_perception/environment/path.dsv
[34.095s] -- Up-to-date: /home/ayi/unitree_go2_ws/install/go2_perception/share/go2_perception/local_setup.bash
[34.095s] -- Up-to-date: /home/ayi/unitree_go2_ws/install/go2_perception/share/go2_perception/local_setup.sh
[34.095s] -- Up-to-date: /home/ayi/unitree_go2_ws/install/go2_perception/share/go2_perception/local_setup.zsh
[34.095s] -- Up-to-date: /home/ayi/unitree_go2_ws/install/go2_perception/share/go2_perception/local_setup.dsv
[34.095s] -- Installing: /home/ayi/unitree_go2_ws/install/go2_perception/share/go2_perception/package.dsv
[34.097s] -- Up-to-date: /home/ayi/unitree_go2_ws/install/go2_perception/share/ament_index/resource_index/packages/go2_perception
[34.097s] -- Up-to-date: /home/ayi/unitree_go2_ws/install/go2_perception/share/ament_index/resource_index/rclcpp_components/go2_perception
[34.097s] -- Up-to-date: /home/ayi/unitree_go2_ws/install/go2_perception/share/go2_perception/cmake/go2_perceptionConfig.cmake
[34.097s] -- Up-to-date: /home/ayi/unitree_go2_ws/install/go2_perception/share/go2_perception/cmake/go2_perceptionConfig-version.cmake
[34.097s] -- Up-to-date: /home/ayi/unitree_go2_ws/install/go2_perception/share/go2_perception/package.xml
[34.099s] Invoked command in '/home/ayi/unitree_go2_ws/build/go2_perception' returned '0': CMAKE_PREFIX_PATH=${CMAKE_PREFIX_PATH}:/home/ayi/unitree_go2_ws/install/go2_twist_bridge_py:/home/ayi/unitree_go2_ws/install/go2_navigation:/home/ayi/unitree_go2_ws/install/go2_driver_py:/home/ayi/unitree_go2_ws/install/go2_core:/home/ayi/dev_ws/install/learning_urdf:/home/ayi/dev_ws/install/learning_topic:/home/ayi/dev_ws/install/learning_tf:/home/ayi/dev_ws/install/learning_service:/home/ayi/dev_ws/install/learning_qos:/home/ayi/dev_ws/install/learning_pkg_python:/home/ayi/dev_ws/install/learning_parameter:/home/ayi/dev_ws/install/learning_node:/home/ayi/dev_ws/install/learning_launch:/home/ayi/dev_ws/install/learning_action:/home/ayi/dev_ws/install/learning_gazebo_harmonic:/home/ayi/dev_ws/install/learning_gazebo:/home/ayi/dev_ws/install/learning_cv:/opt/ros/humble /usr/bin/cmake --install /home/ayi/unitree_go2_ws/build/go2_perception
