[0.821s] Invoking command in '/home/ayi/unitree_go2_ws/src/go2_application': PYTHONPATH=/home/ayi/unitree_go2_ws/build/go2_application/prefix_override:/usr/lib/python3/dist-packages/colcon_core/task/python/colcon_distutils_commands:/home/ayi/unitree_go2_ws/install/go2_application/lib/python3.10/site-packages:${PYTHONPATH} /usr/bin/python3 -W ignore:setup.py install is deprecated -W ignore:easy_install command is deprecated setup.py egg_info --egg-base ../../build/go2_application build --build-base /home/ayi/unitree_go2_ws/build/go2_application/build install --record /home/ayi/unitree_go2_ws/build/go2_application/install.log --single-version-externally-managed install_data
[1.166s] running egg_info
[1.167s] creating ../../build/go2_application/go2_application.egg-info
[1.167s] writing ../../build/go2_application/go2_application.egg-info/PKG-INFO
[1.167s] writing dependency_links to ../../build/go2_application/go2_application.egg-info/dependency_links.txt
[1.167s] writing entry points to ../../build/go2_application/go2_application.egg-info/entry_points.txt
[1.168s] writing requirements to ../../build/go2_application/go2_application.egg-info/requires.txt
[1.168s] writing top-level names to ../../build/go2_application/go2_application.egg-info/top_level.txt
[1.168s] writing manifest file '../../build/go2_application/go2_application.egg-info/SOURCES.txt'
[1.171s] reading manifest file '../../build/go2_application/go2_application.egg-info/SOURCES.txt'
[1.172s] adding license file 'LICENSE'
[1.172s] writing manifest file '../../build/go2_application/go2_application.egg-info/SOURCES.txt'
[1.173s] running build
[1.173s] running build_py
[1.173s] creating /home/ayi/unitree_go2_ws/build/go2_application/build
[1.173s] creating /home/ayi/unitree_go2_ws/build/go2_application/build/lib
[1.173s] creating /home/ayi/unitree_go2_ws/build/go2_application/build/lib/go2_application
[1.173s] copying go2_application/get_go2_pose.py -> /home/ayi/unitree_go2_ws/build/go2_application/build/lib/go2_application
[1.173s] copying go2_application/nav_to_pose.py -> /home/ayi/unitree_go2_ws/build/go2_application/build/lib/go2_application
[1.174s] copying go2_application/waypoint_flollower.py -> /home/ayi/unitree_go2_ws/build/go2_application/build/lib/go2_application
[1.174s] copying go2_application/init_go2_pose.py -> /home/ayi/unitree_go2_ws/build/go2_application/build/lib/go2_application
[1.174s] copying go2_application/go2_partol.py -> /home/ayi/unitree_go2_ws/build/go2_application/build/lib/go2_application
[1.174s] copying go2_application/__init__.py -> /home/ayi/unitree_go2_ws/build/go2_application/build/lib/go2_application
[1.175s] running install
[1.175s] running install_lib
[1.178s] running install_data
[1.178s] running install_egg_info
[1.182s] removing '/home/ayi/unitree_go2_ws/install/go2_application/lib/python3.10/site-packages/go2_application-0.0.0-py3.10.egg-info' (and everything under it)
[1.182s] Copying ../../build/go2_application/go2_application.egg-info to /home/ayi/unitree_go2_ws/install/go2_application/lib/python3.10/site-packages/go2_application-0.0.0-py3.10.egg-info
[1.186s] running install_scripts
[1.210s] Installing init_go2_pose script to /home/ayi/unitree_go2_ws/install/go2_application/lib/go2_application
[1.211s] writing list of installed files to '/home/ayi/unitree_go2_ws/build/go2_application/install.log'
[1.241s] Invoked command in '/home/ayi/unitree_go2_ws/src/go2_application' returned '0': PYTHONPATH=/home/ayi/unitree_go2_ws/build/go2_application/prefix_override:/usr/lib/python3/dist-packages/colcon_core/task/python/colcon_distutils_commands:/home/ayi/unitree_go2_ws/install/go2_application/lib/python3.10/site-packages:${PYTHONPATH} /usr/bin/python3 -W ignore:setup.py install is deprecated -W ignore:easy_install command is deprecated setup.py egg_info --egg-base ../../build/go2_application build --build-base /home/ayi/unitree_go2_ws/build/go2_application/build install --record /home/ayi/unitree_go2_ws/build/go2_application/install.log --single-version-externally-managed install_data
