[0.013s] Invoking command in '/home/ayi/unitree_go2_ws/build/go2_driver': CMAKE_PREFIX_PATH=${CMAKE_PREFIX_PATH}:/home/ayi/unitree_go2_ws/install/go2_twist_bridge_py:/home/ayi/unitree_go2_ws/install/go2_navigation:/home/ayi/unitree_go2_ws/install/go2_driver_py:/home/ayi/unitree_go2_ws/install/go2_core:/home/ayi/unitree_go2_ws/install/go2_application:/home/ayi/dev_ws/install/learning_urdf:/home/ayi/dev_ws/install/learning_topic:/home/ayi/dev_ws/install/learning_tf:/home/ayi/dev_ws/install/learning_service:/home/ayi/dev_ws/install/learning_qos:/home/ayi/dev_ws/install/learning_pkg_python:/home/ayi/dev_ws/install/learning_parameter:/home/ayi/dev_ws/install/learning_node:/home/ayi/dev_ws/install/learning_launch:/home/ayi/dev_ws/install/learning_action:/home/ayi/dev_ws/install/learning_gazebo_harmonic:/home/ayi/dev_ws/install/learning_gazebo:/home/ayi/dev_ws/install/learning_cv:/opt/ros/humble /usr/bin/cmake --build /home/ayi/unitree_go2_ws/build/go2_driver -- -j2 -l2
[0.050s] [35m[1mConsolidate compiler generated dependencies of target driver[0m
[0.065s] [35m[1mConsolidate compiler generated dependencies of target footprint_to_link[0m
[0.073s] [ 33%] Built target driver
[0.080s] [ 66%] Built target footprint_to_link
[0.088s] [35m[1mConsolidate compiler generated dependencies of target lowstate_to_imu[0m
[0.107s] [ 83%] [32mBuilding CXX object CMakeFiles/lowstate_to_imu.dir/src/lowstate_to_imu.cpp.o[0m
[6.647s] [100%] [32m[1mLinking CXX executable lowstate_to_imu[0m
[7.005s] [100%] Built target lowstate_to_imu
[7.016s] Invoked command in '/home/ayi/unitree_go2_ws/build/go2_driver' returned '0': CMAKE_PREFIX_PATH=${CMAKE_PREFIX_PATH}:/home/ayi/unitree_go2_ws/install/go2_twist_bridge_py:/home/ayi/unitree_go2_ws/install/go2_navigation:/home/ayi/unitree_go2_ws/install/go2_driver_py:/home/ayi/unitree_go2_ws/install/go2_core:/home/ayi/unitree_go2_ws/install/go2_application:/home/ayi/dev_ws/install/learning_urdf:/home/ayi/dev_ws/install/learning_topic:/home/ayi/dev_ws/install/learning_tf:/home/ayi/dev_ws/install/learning_service:/home/ayi/dev_ws/install/learning_qos:/home/ayi/dev_ws/install/learning_pkg_python:/home/ayi/dev_ws/install/learning_parameter:/home/ayi/dev_ws/install/learning_node:/home/ayi/dev_ws/install/learning_launch:/home/ayi/dev_ws/install/learning_action:/home/ayi/dev_ws/install/learning_gazebo_harmonic:/home/ayi/dev_ws/install/learning_gazebo:/home/ayi/dev_ws/install/learning_cv:/opt/ros/humble /usr/bin/cmake --build /home/ayi/unitree_go2_ws/build/go2_driver -- -j2 -l2
[7.017s] Invoking command in '/home/ayi/unitree_go2_ws/build/go2_driver': CMAKE_PREFIX_PATH=${CMAKE_PREFIX_PATH}:/home/ayi/unitree_go2_ws/install/go2_twist_bridge_py:/home/ayi/unitree_go2_ws/install/go2_navigation:/home/ayi/unitree_go2_ws/install/go2_driver_py:/home/ayi/unitree_go2_ws/install/go2_core:/home/ayi/unitree_go2_ws/install/go2_application:/home/ayi/dev_ws/install/learning_urdf:/home/ayi/dev_ws/install/learning_topic:/home/ayi/dev_ws/install/learning_tf:/home/ayi/dev_ws/install/learning_service:/home/ayi/dev_ws/install/learning_qos:/home/ayi/dev_ws/install/learning_pkg_python:/home/ayi/dev_ws/install/learning_parameter:/home/ayi/dev_ws/install/learning_node:/home/ayi/dev_ws/install/learning_launch:/home/ayi/dev_ws/install/learning_action:/home/ayi/dev_ws/install/learning_gazebo_harmonic:/home/ayi/dev_ws/install/learning_gazebo:/home/ayi/dev_ws/install/learning_cv:/opt/ros/humble /usr/bin/cmake --install /home/ayi/unitree_go2_ws/build/go2_driver
[7.024s] -- Install configuration: ""
[7.025s] -- Up-to-date: /home/ayi/unitree_go2_ws/install/go2_driver/lib/go2_driver/driver
[7.025s] -- Up-to-date: /home/ayi/unitree_go2_ws/install/go2_driver/lib/go2_driver/footprint_to_link
[7.026s] -- Installing: /home/ayi/unitree_go2_ws/install/go2_driver/lib/go2_driver/lowstate_to_imu
[7.030s] -- Set runtime path of "/home/ayi/unitree_go2_ws/install/go2_driver/lib/go2_driver/lowstate_to_imu" to ""
[7.030s] -- Up-to-date: /home/ayi/unitree_go2_ws/install/go2_driver/share/go2_driver/launch
[7.030s] -- Up-to-date: /home/ayi/unitree_go2_ws/install/go2_driver/share/go2_driver/launch/driver.launch.py
[7.030s] -- Up-to-date: /home/ayi/unitree_go2_ws/install/go2_driver/share/go2_driver/params
[7.030s] -- Up-to-date: /home/ayi/unitree_go2_ws/install/go2_driver/share/go2_driver/params/driver.yaml
[7.030s] -- Up-to-date: /home/ayi/unitree_go2_ws/install/go2_driver/share/go2_driver/rviz
[7.032s] -- Up-to-date: /home/ayi/unitree_go2_ws/install/go2_driver/share/go2_driver/rviz/display.rviz
[7.032s] -- Up-to-date: /home/ayi/unitree_go2_ws/install/go2_driver/share/ament_index/resource_index/package_run_dependencies/go2_driver
[7.032s] -- Up-to-date: /home/ayi/unitree_go2_ws/install/go2_driver/share/ament_index/resource_index/parent_prefix_path/go2_driver
[7.032s] -- Up-to-date: /home/ayi/unitree_go2_ws/install/go2_driver/share/go2_driver/environment/ament_prefix_path.sh
[7.032s] -- Up-to-date: /home/ayi/unitree_go2_ws/install/go2_driver/share/go2_driver/environment/ament_prefix_path.dsv
[7.032s] -- Up-to-date: /home/ayi/unitree_go2_ws/install/go2_driver/share/go2_driver/environment/path.sh
[7.032s] -- Up-to-date: /home/ayi/unitree_go2_ws/install/go2_driver/share/go2_driver/environment/path.dsv
[7.032s] -- Up-to-date: /home/ayi/unitree_go2_ws/install/go2_driver/share/go2_driver/local_setup.bash
[7.032s] -- Up-to-date: /home/ayi/unitree_go2_ws/install/go2_driver/share/go2_driver/local_setup.sh
[7.032s] -- Up-to-date: /home/ayi/unitree_go2_ws/install/go2_driver/share/go2_driver/local_setup.zsh
[7.032s] -- Up-to-date: /home/ayi/unitree_go2_ws/install/go2_driver/share/go2_driver/local_setup.dsv
[7.032s] -- Installing: /home/ayi/unitree_go2_ws/install/go2_driver/share/go2_driver/package.dsv
[7.032s] -- Up-to-date: /home/ayi/unitree_go2_ws/install/go2_driver/share/ament_index/resource_index/packages/go2_driver
[7.033s] -- Up-to-date: /home/ayi/unitree_go2_ws/install/go2_driver/share/go2_driver/cmake/go2_driverConfig.cmake
[7.033s] -- Up-to-date: /home/ayi/unitree_go2_ws/install/go2_driver/share/go2_driver/cmake/go2_driverConfig-version.cmake
[7.033s] -- Up-to-date: /home/ayi/unitree_go2_ws/install/go2_driver/share/go2_driver/package.xml
[7.039s] Invoked command in '/home/ayi/unitree_go2_ws/build/go2_driver' returned '0': CMAKE_PREFIX_PATH=${CMAKE_PREFIX_PATH}:/home/ayi/unitree_go2_ws/install/go2_twist_bridge_py:/home/ayi/unitree_go2_ws/install/go2_navigation:/home/ayi/unitree_go2_ws/install/go2_driver_py:/home/ayi/unitree_go2_ws/install/go2_core:/home/ayi/unitree_go2_ws/install/go2_application:/home/ayi/dev_ws/install/learning_urdf:/home/ayi/dev_ws/install/learning_topic:/home/ayi/dev_ws/install/learning_tf:/home/ayi/dev_ws/install/learning_service:/home/ayi/dev_ws/install/learning_qos:/home/ayi/dev_ws/install/learning_pkg_python:/home/ayi/dev_ws/install/learning_parameter:/home/ayi/dev_ws/install/learning_node:/home/ayi/dev_ws/install/learning_launch:/home/ayi/dev_ws/install/learning_action:/home/ayi/dev_ws/install/learning_gazebo_harmonic:/home/ayi/dev_ws/install/learning_gazebo:/home/ayi/dev_ws/install/learning_cv:/opt/ros/humble /usr/bin/cmake --install /home/ayi/unitree_go2_ws/build/go2_driver
