[0.007s] Invoking command in '/home/ayi/unitree_go2_ws/build/go2_driver': CMAKE_PREFIX_PATH=${CMAKE_PREFIX_PATH}:/home/ayi/unitree_go2_ws/install/go2_twist_bridge_py:/home/ayi/unitree_go2_ws/install/go2_driver_py:/home/ayi/unitree_go2_ws/install/go2_core:/home/ayi/dev_ws/install/learning_urdf:/home/ayi/dev_ws/install/learning_topic:/home/ayi/dev_ws/install/learning_tf:/home/ayi/dev_ws/install/learning_service:/home/ayi/dev_ws/install/learning_qos:/home/ayi/dev_ws/install/learning_pkg_python:/home/ayi/dev_ws/install/learning_parameter:/home/ayi/dev_ws/install/learning_node:/home/ayi/dev_ws/install/learning_launch:/home/ayi/dev_ws/install/learning_action:/home/ayi/dev_ws/install/learning_gazebo_harmonic:/home/ayi/dev_ws/install/learning_gazebo:/home/ayi/dev_ws/install/learning_cv:/opt/ros/humble /usr/bin/cmake /home/ayi/unitree_go2_ws/src/base/go2_driver -DCMAKE_INSTALL_PREFIX=/home/ayi/unitree_go2_ws/install/go2_driver
[0.163s] -- The C compiler identification is GNU 11.4.0
[0.265s] -- The CXX compiler identification is GNU 11.4.0
[0.288s] -- Detecting C compiler ABI info
[0.366s] -- Detecting C compiler ABI info - done
[0.370s] -- Check for working C compiler: /usr/bin/cc - skipped
[0.374s] -- Detecting C compile features
[0.375s] -- Detecting C compile features - done
[0.383s] -- Detecting CXX compiler ABI info
[0.478s] -- Detecting CXX compiler ABI info - done
[0.483s] -- Check for working CXX compiler: /usr/bin/c++ - skipped
[0.484s] -- Detecting CXX compile features
[0.485s] -- Detecting CXX compile features - done
[0.523s] -- Found ament_cmake: 1.3.12 (/opt/ros/humble/share/ament_cmake/cmake)
[0.834s] -- Found Python3: /usr/bin/python3 (found version "3.10.12") found components: Interpreter 
[1.149s] -- Found rclcpp: 16.0.15 (/opt/ros/humble/share/rclcpp/cmake)
[1.325s] -- Found rosidl_generator_c: 3.1.7 (/opt/ros/humble/share/rosidl_generator_c/cmake)
[1.349s] -- Found rosidl_adapter: 3.1.7 (/opt/ros/humble/share/rosidl_adapter/cmake)
[1.380s] -- Found rosidl_generator_cpp: 3.1.7 (/opt/ros/humble/share/rosidl_generator_cpp/cmake)
[1.435s] -- Using all available rosidl_typesupport_c: rosidl_typesupport_fastrtps_c;rosidl_typesupport_introspection_c
[1.491s] -- Using all available rosidl_typesupport_cpp: rosidl_typesupport_fastrtps_cpp;rosidl_typesupport_introspection_cpp
[1.630s] -- Found rmw_implementation_cmake: 6.1.2 (/opt/ros/humble/share/rmw_implementation_cmake/cmake)
[1.639s] -- Found rmw_cyclonedds_cpp: 1.3.4 (/home/ayi/go2_work/unitree_ros2/cyclonedds_ws/install/rmw_cyclonedds_cpp/share/rmw_cyclonedds_cpp/cmake)
[1.701s] -- Using RMW implementation 'rmw_cyclonedds_cpp' as default
[1.725s] -- Looking for pthread.h
[1.801s] -- Looking for pthread.h - found
[1.802s] -- Performing Test CMAKE_HAVE_LIBC_PTHREAD
[1.881s] -- Performing Test CMAKE_HAVE_LIBC_PTHREAD - Success
[1.881s] -- Found Threads: TRUE  
[1.977s] -- Found unitree_go: 0.0.0 (/home/ayi/go2_work/unitree_ros2/cyclonedds_ws/install/unitree_go/share/unitree_go/cmake)
[2.028s] -- Found nav_msgs: 4.9.0 (/opt/ros/humble/share/nav_msgs/cmake)
[2.070s] -- Found tf2: 0.25.16 (/opt/ros/humble/share/tf2/cmake)
[2.092s] -- Found tf2_ros: 0.25.16 (/opt/ros/humble/share/tf2_ros/cmake)
[2.309s] -- Found sensor_msgs: 4.9.0 (/opt/ros/humble/share/sensor_msgs/cmake)
[2.362s] -- Found ament_lint_auto: 0.12.14 (/opt/ros/humble/share/ament_lint_auto/cmake)
[2.510s] -- Added test 'cppcheck' to perform static code analysis on C / C++ code
[2.510s] -- Configured cppcheck include dirs: $<BUILD_INTERFACE:/home/ayi/unitree_go2_ws/src/base/go2_driver/include>
[2.511s] -- Configured cppcheck exclude dirs and/or files: 
[2.513s] -- Added test 'flake8' to check Python code syntax and style conventions
[2.514s] -- Added test 'lint_cmake' to check CMake code style
[2.516s] -- Added test 'pep257' to check Python code against some of the docstring style conventions in PEP 257
[2.517s] -- Added test 'uncrustify' to check C / C++ code style
[2.518s] -- Configured uncrustify additional arguments: 
[2.519s] -- Added test 'xmllint' to check XML markup files
[2.521s] -- Configuring done
[2.535s] -- Generating done
[2.541s] -- Build files have been written to: /home/ayi/unitree_go2_ws/build/go2_driver
[2.549s] Invoked command in '/home/ayi/unitree_go2_ws/build/go2_driver' returned '0': CMAKE_PREFIX_PATH=${CMAKE_PREFIX_PATH}:/home/ayi/unitree_go2_ws/install/go2_twist_bridge_py:/home/ayi/unitree_go2_ws/install/go2_driver_py:/home/ayi/unitree_go2_ws/install/go2_core:/home/ayi/dev_ws/install/learning_urdf:/home/ayi/dev_ws/install/learning_topic:/home/ayi/dev_ws/install/learning_tf:/home/ayi/dev_ws/install/learning_service:/home/ayi/dev_ws/install/learning_qos:/home/ayi/dev_ws/install/learning_pkg_python:/home/ayi/dev_ws/install/learning_parameter:/home/ayi/dev_ws/install/learning_node:/home/ayi/dev_ws/install/learning_launch:/home/ayi/dev_ws/install/learning_action:/home/ayi/dev_ws/install/learning_gazebo_harmonic:/home/ayi/dev_ws/install/learning_gazebo:/home/ayi/dev_ws/install/learning_cv:/opt/ros/humble /usr/bin/cmake /home/ayi/unitree_go2_ws/src/base/go2_driver -DCMAKE_INSTALL_PREFIX=/home/ayi/unitree_go2_ws/install/go2_driver
[2.549s] Invoking command in '/home/ayi/unitree_go2_ws/build/go2_driver': CMAKE_PREFIX_PATH=${CMAKE_PREFIX_PATH}:/home/ayi/unitree_go2_ws/install/go2_twist_bridge_py:/home/ayi/unitree_go2_ws/install/go2_driver_py:/home/ayi/unitree_go2_ws/install/go2_core:/home/ayi/dev_ws/install/learning_urdf:/home/ayi/dev_ws/install/learning_topic:/home/ayi/dev_ws/install/learning_tf:/home/ayi/dev_ws/install/learning_service:/home/ayi/dev_ws/install/learning_qos:/home/ayi/dev_ws/install/learning_pkg_python:/home/ayi/dev_ws/install/learning_parameter:/home/ayi/dev_ws/install/learning_node:/home/ayi/dev_ws/install/learning_launch:/home/ayi/dev_ws/install/learning_action:/home/ayi/dev_ws/install/learning_gazebo_harmonic:/home/ayi/dev_ws/install/learning_gazebo:/home/ayi/dev_ws/install/learning_cv:/opt/ros/humble /usr/bin/cmake --build /home/ayi/unitree_go2_ws/build/go2_driver -- -j2 -l2
[2.603s] [ 16%] [32mBuilding CXX object CMakeFiles/driver.dir/src/driver.cpp.o[0m
[2.604s] [ 33%] [32mBuilding CXX object CMakeFiles/footprint_to_link.dir/src/footprint_to_link.cpp.o[0m
[8.487s] [ 50%] [32m[1mLinking CXX executable footprint_to_link[0m
[8.855s] [ 50%] Built target footprint_to_link
[8.874s] [ 66%] [32mBuilding CXX object CMakeFiles/lowstate_to_imu.dir/src/lowstate_to_imu.cpp.o[0m
[12.717s] [ 83%] [32m[1mLinking CXX executable driver[0m
[13.299s] [ 83%] Built target driver
[14.721s] [100%] [32m[1mLinking CXX executable lowstate_to_imu[0m
[15.068s] [100%] Built target lowstate_to_imu
[15.078s] Invoked command in '/home/ayi/unitree_go2_ws/build/go2_driver' returned '0': CMAKE_PREFIX_PATH=${CMAKE_PREFIX_PATH}:/home/ayi/unitree_go2_ws/install/go2_twist_bridge_py:/home/ayi/unitree_go2_ws/install/go2_driver_py:/home/ayi/unitree_go2_ws/install/go2_core:/home/ayi/dev_ws/install/learning_urdf:/home/ayi/dev_ws/install/learning_topic:/home/ayi/dev_ws/install/learning_tf:/home/ayi/dev_ws/install/learning_service:/home/ayi/dev_ws/install/learning_qos:/home/ayi/dev_ws/install/learning_pkg_python:/home/ayi/dev_ws/install/learning_parameter:/home/ayi/dev_ws/install/learning_node:/home/ayi/dev_ws/install/learning_launch:/home/ayi/dev_ws/install/learning_action:/home/ayi/dev_ws/install/learning_gazebo_harmonic:/home/ayi/dev_ws/install/learning_gazebo:/home/ayi/dev_ws/install/learning_cv:/opt/ros/humble /usr/bin/cmake --build /home/ayi/unitree_go2_ws/build/go2_driver -- -j2 -l2
[15.079s] Invoking command in '/home/ayi/unitree_go2_ws/build/go2_driver': CMAKE_PREFIX_PATH=${CMAKE_PREFIX_PATH}:/home/ayi/unitree_go2_ws/install/go2_twist_bridge_py:/home/ayi/unitree_go2_ws/install/go2_driver_py:/home/ayi/unitree_go2_ws/install/go2_core:/home/ayi/dev_ws/install/learning_urdf:/home/ayi/dev_ws/install/learning_topic:/home/ayi/dev_ws/install/learning_tf:/home/ayi/dev_ws/install/learning_service:/home/ayi/dev_ws/install/learning_qos:/home/ayi/dev_ws/install/learning_pkg_python:/home/ayi/dev_ws/install/learning_parameter:/home/ayi/dev_ws/install/learning_node:/home/ayi/dev_ws/install/learning_launch:/home/ayi/dev_ws/install/learning_action:/home/ayi/dev_ws/install/learning_gazebo_harmonic:/home/ayi/dev_ws/install/learning_gazebo:/home/ayi/dev_ws/install/learning_cv:/opt/ros/humble /usr/bin/cmake --install /home/ayi/unitree_go2_ws/build/go2_driver
[15.086s] -- Install configuration: ""
[15.086s] -- Installing: /home/ayi/unitree_go2_ws/install/go2_driver/lib/go2_driver/driver
[15.091s] -- Set runtime path of "/home/ayi/unitree_go2_ws/install/go2_driver/lib/go2_driver/driver" to ""
[15.092s] -- Installing: /home/ayi/unitree_go2_ws/install/go2_driver/lib/go2_driver/footprint_to_link
[15.093s] -- Set runtime path of "/home/ayi/unitree_go2_ws/install/go2_driver/lib/go2_driver/footprint_to_link" to ""
[15.093s] -- Installing: /home/ayi/unitree_go2_ws/install/go2_driver/lib/go2_driver/lowstate_to_imu
[15.096s] -- Set runtime path of "/home/ayi/unitree_go2_ws/install/go2_driver/lib/go2_driver/lowstate_to_imu" to ""
[15.096s] -- Installing: /home/ayi/unitree_go2_ws/install/go2_driver/share/go2_driver/launch
[15.096s] -- Installing: /home/ayi/unitree_go2_ws/install/go2_driver/share/go2_driver/launch/driver.launch.py
[15.097s] -- Installing: /home/ayi/unitree_go2_ws/install/go2_driver/share/go2_driver/params
[15.097s] -- Installing: /home/ayi/unitree_go2_ws/install/go2_driver/share/go2_driver/params/driver.yaml
[15.097s] -- Installing: /home/ayi/unitree_go2_ws/install/go2_driver/share/go2_driver/rviz
[15.097s] -- Installing: /home/ayi/unitree_go2_ws/install/go2_driver/share/go2_driver/rviz/display.rviz
[15.097s] -- Installing: /home/ayi/unitree_go2_ws/install/go2_driver/share/ament_index/resource_index/package_run_dependencies/go2_driver
[15.097s] -- Installing: /home/ayi/unitree_go2_ws/install/go2_driver/share/ament_index/resource_index/parent_prefix_path/go2_driver
[15.097s] -- Installing: /home/ayi/unitree_go2_ws/install/go2_driver/share/go2_driver/environment/ament_prefix_path.sh
[15.097s] -- Installing: /home/ayi/unitree_go2_ws/install/go2_driver/share/go2_driver/environment/ament_prefix_path.dsv
[15.097s] -- Installing: /home/ayi/unitree_go2_ws/install/go2_driver/share/go2_driver/environment/path.sh
[15.098s] -- Installing: /home/ayi/unitree_go2_ws/install/go2_driver/share/go2_driver/environment/path.dsv
[15.098s] -- Installing: /home/ayi/unitree_go2_ws/install/go2_driver/share/go2_driver/local_setup.bash
[15.098s] -- Installing: /home/ayi/unitree_go2_ws/install/go2_driver/share/go2_driver/local_setup.sh
[15.099s] -- Installing: /home/ayi/unitree_go2_ws/install/go2_driver/share/go2_driver/local_setup.zsh
[15.099s] -- Installing: /home/ayi/unitree_go2_ws/install/go2_driver/share/go2_driver/local_setup.dsv
[15.099s] -- Installing: /home/ayi/unitree_go2_ws/install/go2_driver/share/go2_driver/package.dsv
[15.099s] -- Installing: /home/ayi/unitree_go2_ws/install/go2_driver/share/ament_index/resource_index/packages/go2_driver
[15.099s] -- Installing: /home/ayi/unitree_go2_ws/install/go2_driver/share/go2_driver/cmake/go2_driverConfig.cmake
[15.099s] -- Installing: /home/ayi/unitree_go2_ws/install/go2_driver/share/go2_driver/cmake/go2_driverConfig-version.cmake
[15.099s] -- Installing: /home/ayi/unitree_go2_ws/install/go2_driver/share/go2_driver/package.xml
[15.101s] Invoked command in '/home/ayi/unitree_go2_ws/build/go2_driver' returned '0': CMAKE_PREFIX_PATH=${CMAKE_PREFIX_PATH}:/home/ayi/unitree_go2_ws/install/go2_twist_bridge_py:/home/ayi/unitree_go2_ws/install/go2_driver_py:/home/ayi/unitree_go2_ws/install/go2_core:/home/ayi/dev_ws/install/learning_urdf:/home/ayi/dev_ws/install/learning_topic:/home/ayi/dev_ws/install/learning_tf:/home/ayi/dev_ws/install/learning_service:/home/ayi/dev_ws/install/learning_qos:/home/ayi/dev_ws/install/learning_pkg_python:/home/ayi/dev_ws/install/learning_parameter:/home/ayi/dev_ws/install/learning_node:/home/ayi/dev_ws/install/learning_launch:/home/ayi/dev_ws/install/learning_action:/home/ayi/dev_ws/install/learning_gazebo_harmonic:/home/ayi/dev_ws/install/learning_gazebo:/home/ayi/dev_ws/install/learning_cv:/opt/ros/humble /usr/bin/cmake --install /home/ayi/unitree_go2_ws/build/go2_driver
