[0.009s] Invoking command in '/home/ayi/unitree_go2_ws/build/go2_description': CMAKE_PREFIX_PATH=${CMAKE_PREFIX_PATH}:/home/ayi/unitree_go2_ws/install/go2_twist_bridge_py:/home/ayi/unitree_go2_ws/install/go2_navigation:/home/ayi/unitree_go2_ws/install/go2_driver_py:/home/ayi/unitree_go2_ws/install/go2_core:/home/ayi/unitree_go2_ws/install/go2_application:/home/ayi/dev_ws/install/learning_urdf:/home/ayi/dev_ws/install/learning_topic:/home/ayi/dev_ws/install/learning_tf:/home/ayi/dev_ws/install/learning_service:/home/ayi/dev_ws/install/learning_qos:/home/ayi/dev_ws/install/learning_pkg_python:/home/ayi/dev_ws/install/learning_parameter:/home/ayi/dev_ws/install/learning_node:/home/ayi/dev_ws/install/learning_launch:/home/ayi/dev_ws/install/learning_action:/home/ayi/dev_ws/install/learning_gazebo_harmonic:/home/ayi/dev_ws/install/learning_gazebo:/home/ayi/dev_ws/install/learning_cv:/opt/ros/humble /usr/bin/cmake /home/ayi/unitree_go2_ws/src/go2_description -DCMAKE_INSTALL_PREFIX=/home/ayi/unitree_go2_ws/install/go2_description
[0.060s] -- The C compiler identification is GNU 11.4.0
[0.105s] -- The CXX compiler identification is GNU 11.4.0
[0.114s] -- Detecting C compiler ABI info
[0.285s] -- Detecting C compiler ABI info - done
[0.297s] -- Check for working C compiler: /usr/bin/cc - skipped
[0.298s] -- Detecting C compile features
[0.300s] -- Detecting C compile features - done
[0.307s] -- Detecting CXX compiler ABI info
[0.403s] -- Detecting CXX compiler ABI info - done
[0.411s] -- Check for working CXX compiler: /usr/bin/c++ - skipped
[0.412s] -- Detecting CXX compile features
[0.413s] -- Detecting CXX compile features - done
[0.420s] -- Found ament_cmake: 1.3.12 (/opt/ros/humble/share/ament_cmake/cmake)
[0.570s] -- Found Python3: /usr/bin/python3 (found version "3.10.12") found components: Interpreter 
[0.724s] -- Found ament_lint_auto: 0.12.14 (/opt/ros/humble/share/ament_lint_auto/cmake)
[0.842s] -- Added test 'flake8' to check Python code syntax and style conventions
[0.844s] -- Added test 'lint_cmake' to check CMake code style
[0.844s] -- Added test 'pep257' to check Python code against some of the docstring style conventions in PEP 257
[0.848s] -- Added test 'xmllint' to check XML markup files
[0.851s] -- Configuring done
[0.860s] -- Generating done
[0.863s] -- Build files have been written to: /home/ayi/unitree_go2_ws/build/go2_description
[0.870s] Invoked command in '/home/ayi/unitree_go2_ws/build/go2_description' returned '0': CMAKE_PREFIX_PATH=${CMAKE_PREFIX_PATH}:/home/ayi/unitree_go2_ws/install/go2_twist_bridge_py:/home/ayi/unitree_go2_ws/install/go2_navigation:/home/ayi/unitree_go2_ws/install/go2_driver_py:/home/ayi/unitree_go2_ws/install/go2_core:/home/ayi/unitree_go2_ws/install/go2_application:/home/ayi/dev_ws/install/learning_urdf:/home/ayi/dev_ws/install/learning_topic:/home/ayi/dev_ws/install/learning_tf:/home/ayi/dev_ws/install/learning_service:/home/ayi/dev_ws/install/learning_qos:/home/ayi/dev_ws/install/learning_pkg_python:/home/ayi/dev_ws/install/learning_parameter:/home/ayi/dev_ws/install/learning_node:/home/ayi/dev_ws/install/learning_launch:/home/ayi/dev_ws/install/learning_action:/home/ayi/dev_ws/install/learning_gazebo_harmonic:/home/ayi/dev_ws/install/learning_gazebo:/home/ayi/dev_ws/install/learning_cv:/opt/ros/humble /usr/bin/cmake /home/ayi/unitree_go2_ws/src/go2_description -DCMAKE_INSTALL_PREFIX=/home/ayi/unitree_go2_ws/install/go2_description
[0.870s] Invoking command in '/home/ayi/unitree_go2_ws/build/go2_description': CMAKE_PREFIX_PATH=${CMAKE_PREFIX_PATH}:/home/ayi/unitree_go2_ws/install/go2_twist_bridge_py:/home/ayi/unitree_go2_ws/install/go2_navigation:/home/ayi/unitree_go2_ws/install/go2_driver_py:/home/ayi/unitree_go2_ws/install/go2_core:/home/ayi/unitree_go2_ws/install/go2_application:/home/ayi/dev_ws/install/learning_urdf:/home/ayi/dev_ws/install/learning_topic:/home/ayi/dev_ws/install/learning_tf:/home/ayi/dev_ws/install/learning_service:/home/ayi/dev_ws/install/learning_qos:/home/ayi/dev_ws/install/learning_pkg_python:/home/ayi/dev_ws/install/learning_parameter:/home/ayi/dev_ws/install/learning_node:/home/ayi/dev_ws/install/learning_launch:/home/ayi/dev_ws/install/learning_action:/home/ayi/dev_ws/install/learning_gazebo_harmonic:/home/ayi/dev_ws/install/learning_gazebo:/home/ayi/dev_ws/install/learning_cv:/opt/ros/humble /usr/bin/cmake --build /home/ayi/unitree_go2_ws/build/go2_description -- -j2 -l2
[0.911s] Invoked command in '/home/ayi/unitree_go2_ws/build/go2_description' returned '0': CMAKE_PREFIX_PATH=${CMAKE_PREFIX_PATH}:/home/ayi/unitree_go2_ws/install/go2_twist_bridge_py:/home/ayi/unitree_go2_ws/install/go2_navigation:/home/ayi/unitree_go2_ws/install/go2_driver_py:/home/ayi/unitree_go2_ws/install/go2_core:/home/ayi/unitree_go2_ws/install/go2_application:/home/ayi/dev_ws/install/learning_urdf:/home/ayi/dev_ws/install/learning_topic:/home/ayi/dev_ws/install/learning_tf:/home/ayi/dev_ws/install/learning_service:/home/ayi/dev_ws/install/learning_qos:/home/ayi/dev_ws/install/learning_pkg_python:/home/ayi/dev_ws/install/learning_parameter:/home/ayi/dev_ws/install/learning_node:/home/ayi/dev_ws/install/learning_launch:/home/ayi/dev_ws/install/learning_action:/home/ayi/dev_ws/install/learning_gazebo_harmonic:/home/ayi/dev_ws/install/learning_gazebo:/home/ayi/dev_ws/install/learning_cv:/opt/ros/humble /usr/bin/cmake --build /home/ayi/unitree_go2_ws/build/go2_description -- -j2 -l2
[0.915s] Invoking command in '/home/ayi/unitree_go2_ws/build/go2_description': CMAKE_PREFIX_PATH=${CMAKE_PREFIX_PATH}:/home/ayi/unitree_go2_ws/install/go2_twist_bridge_py:/home/ayi/unitree_go2_ws/install/go2_navigation:/home/ayi/unitree_go2_ws/install/go2_driver_py:/home/ayi/unitree_go2_ws/install/go2_core:/home/ayi/unitree_go2_ws/install/go2_application:/home/ayi/dev_ws/install/learning_urdf:/home/ayi/dev_ws/install/learning_topic:/home/ayi/dev_ws/install/learning_tf:/home/ayi/dev_ws/install/learning_service:/home/ayi/dev_ws/install/learning_qos:/home/ayi/dev_ws/install/learning_pkg_python:/home/ayi/dev_ws/install/learning_parameter:/home/ayi/dev_ws/install/learning_node:/home/ayi/dev_ws/install/learning_launch:/home/ayi/dev_ws/install/learning_action:/home/ayi/dev_ws/install/learning_gazebo_harmonic:/home/ayi/dev_ws/install/learning_gazebo:/home/ayi/dev_ws/install/learning_cv:/opt/ros/humble /usr/bin/cmake --install /home/ayi/unitree_go2_ws/build/go2_description
[0.925s] -- Install configuration: ""
[0.925s] -- Up-to-date: /home/ayi/unitree_go2_ws/install/go2_description/share/go2_description/launch
[0.925s] -- Up-to-date: /home/ayi/unitree_go2_ws/install/go2_description/share/go2_description/launch/display.launch.py
[0.925s] -- Up-to-date: /home/ayi/unitree_go2_ws/install/go2_description/share/go2_description/urdf
[0.925s] -- Up-to-date: /home/ayi/unitree_go2_ws/install/go2_description/share/go2_description/urdf/Normal_collision_model.png
[0.925s] -- Up-to-date: /home/ayi/unitree_go2_ws/install/go2_description/share/go2_description/urdf/go2_description.urdf
[0.929s] -- Up-to-date: /home/ayi/unitree_go2_ws/install/go2_description/share/go2_description/urdf/Amended_collision_model.png
[0.929s] -- Up-to-date: /home/ayi/unitree_go2_ws/install/go2_description/share/go2_description/urdf/.history
[0.929s] -- Up-to-date: /home/ayi/unitree_go2_ws/install/go2_description/share/go2_description/urdf/.history/go2_description_20230904193628.urdf
[0.930s] -- Up-to-date: /home/ayi/unitree_go2_ws/install/go2_description/share/go2_description/urdf/.history/go2_description_20230904144240.urdf
[0.930s] -- Up-to-date: /home/ayi/unitree_go2_ws/install/go2_description/share/go2_description/urdf/.history/go2_description_20230905112752.urdf
[0.930s] -- Up-to-date: /home/ayi/unitree_go2_ws/install/go2_description/share/go2_description/urdf/.history/go2_description_20230905115313.urdf
[0.930s] -- Up-to-date: /home/ayi/unitree_go2_ws/install/go2_description/share/go2_description/urdf/.history/go2_description_20230905112944.urdf
[0.930s] -- Up-to-date: /home/ayi/unitree_go2_ws/install/go2_description/share/go2_description/urdf/.history/go2_description_20230905115040.urdf
[0.930s] -- Up-to-date: /home/ayi/unitree_go2_ws/install/go2_description/share/go2_description/urdf/.history/go2_description_20230905112047.urdf
[0.930s] -- Up-to-date: /home/ayi/unitree_go2_ws/install/go2_description/share/go2_description/urdf/.history/go2_description_20230905113000.urdf
[0.930s] -- Up-to-date: /home/ayi/unitree_go2_ws/install/go2_description/share/go2_description/urdf/.history/go2_description_20230905112143.urdf
[0.930s] -- Up-to-date: /home/ayi/unitree_go2_ws/install/go2_description/share/go2_description/urdf/.history/go2_description_20230905113059.urdf
[0.930s] -- Up-to-date: /home/ayi/unitree_go2_ws/install/go2_description/share/go2_description/urdf/.history/go2_description_20230905115300.urdf
[0.930s] -- Up-to-date: /home/ayi/unitree_go2_ws/install/go2_description/share/go2_description/urdf/.history/go2_description_20230904193653.urdf
[0.930s] -- Up-to-date: /home/ayi/unitree_go2_ws/install/go2_description/share/go2_description/urdf/.history/go2_description_20230905115021.urdf
[0.930s] -- Up-to-date: /home/ayi/unitree_go2_ws/install/go2_description/share/go2_description/urdf/.history/go2_description_20230905112217.urdf
[0.930s] -- Up-to-date: /home/ayi/unitree_go2_ws/install/go2_description/share/go2_description/urdf/.history/go2_description_20230905114819.urdf
[0.930s] -- Up-to-date: /home/ayi/unitree_go2_ws/install/go2_description/share/go2_description/urdf/.history/go2_description_20230905113755.urdf
[0.930s] -- Up-to-date: /home/ayi/unitree_go2_ws/install/go2_description/share/go2_description/urdf/.history/go2_description_20230904193710.urdf
[0.930s] -- Up-to-date: /home/ayi/unitree_go2_ws/install/go2_description/share/go2_description/urdf/.history/go2_description_20230904193644.urdf
[0.930s] -- Up-to-date: /home/ayi/unitree_go2_ws/install/go2_description/share/go2_description/urdf/.history/go2_description_20230905113754.urdf
[0.930s] -- Up-to-date: /home/ayi/unitree_go2_ws/install/go2_description/share/go2_description/urdf/.history/go2_description_20230905113839.urdf
[0.930s] -- Up-to-date: /home/ayi/unitree_go2_ws/install/go2_description/share/go2_description/urdf/.history/go2_description_20230904193705.urdf
[0.930s] -- Up-to-date: /home/ayi/unitree_go2_ws/install/go2_description/share/go2_description/urdf/.history/go2_description_20230905115022.urdf
[0.930s] -- Up-to-date: /home/ayi/unitree_go2_ws/install/go2_description/share/go2_description/urdf/.history/go2_description_20230904193711.urdf
[0.930s] -- Up-to-date: /home/ayi/unitree_go2_ws/install/go2_description/share/go2_description/urdf/.history/go2_description_20230905114759.urdf
[0.930s] -- Up-to-date: /home/ayi/unitree_go2_ws/install/go2_description/share/go2_description/urdf/.history/go2_description_20230905115226.urdf
[0.930s] -- Up-to-date: /home/ayi/unitree_go2_ws/install/go2_description/share/go2_description/urdf/.history/go2_description_20230905113633.urdf
[0.930s] -- Up-to-date: /home/ayi/unitree_go2_ws/install/go2_description/share/go2_description/urdf/.history/go2_description_20230905113840.urdf
[0.930s] -- Up-to-date: /home/ayi/unitree_go2_ws/install/go2_description/share/go2_description/urdf/.history/go2_description_20230905112749.urdf
[0.930s] -- Up-to-date: /home/ayi/unitree_go2_ws/install/go2_description/share/go2_description/urdf/.history/go2_description_20230904182446.urdf
[0.930s] -- Up-to-date: /home/ayi/unitree_go2_ws/install/go2_description/share/go2_description/urdf/.history/go2_description_20230905112735.urdf
[0.930s] -- Up-to-date: /home/ayi/unitree_go2_ws/install/go2_description/share/go2_description/urdf/.history/go2_description_20230905115215.urdf
[0.930s] -- Up-to-date: /home/ayi/unitree_go2_ws/install/go2_description/share/go2_description/dae
[0.930s] -- Up-to-date: /home/ayi/unitree_go2_ws/install/go2_description/share/go2_description/dae/thigh.dae
[0.931s] -- Up-to-date: /home/ayi/unitree_go2_ws/install/go2_description/share/go2_description/dae/hip.dae
[0.931s] -- Up-to-date: /home/ayi/unitree_go2_ws/install/go2_description/share/go2_description/dae/thigh_mirror.dae
[0.931s] -- Up-to-date: /home/ayi/unitree_go2_ws/install/go2_description/share/go2_description/dae/calf_mirror.dae
[0.931s] -- Up-to-date: /home/ayi/unitree_go2_ws/install/go2_description/share/go2_description/dae/foot.dae
[0.931s] -- Up-to-date: /home/ayi/unitree_go2_ws/install/go2_description/share/go2_description/dae/base.dae
[0.931s] -- Up-to-date: /home/ayi/unitree_go2_ws/install/go2_description/share/go2_description/dae/calf.dae
[0.931s] -- Up-to-date: /home/ayi/unitree_go2_ws/install/go2_description/share/go2_description/meshes
[0.931s] -- Up-to-date: /home/ayi/unitree_go2_ws/install/go2_description/share/go2_description/meshes/trunk.dae
[0.941s] -- Up-to-date: /home/ayi/unitree_go2_ws/install/go2_description/share/go2_description/meshes/thigh.dae
[0.941s] -- Up-to-date: /home/ayi/unitree_go2_ws/install/go2_description/share/go2_description/meshes/hip.dae
[0.941s] -- Up-to-date: /home/ayi/unitree_go2_ws/install/go2_description/share/go2_description/meshes/thigh_mirror.dae
[0.941s] -- Up-to-date: /home/ayi/unitree_go2_ws/install/go2_description/share/go2_description/meshes/calf_mirror.dae
[0.941s] -- Up-to-date: /home/ayi/unitree_go2_ws/install/go2_description/share/go2_description/meshes/foot.dae
[0.941s] -- Up-to-date: /home/ayi/unitree_go2_ws/install/go2_description/share/go2_description/meshes/calf.dae
[0.941s] -- Installing: /home/ayi/unitree_go2_ws/install/go2_description/share/ament_index/resource_index/package_run_dependencies/go2_description
[0.941s] -- Installing: /home/ayi/unitree_go2_ws/install/go2_description/share/ament_index/resource_index/parent_prefix_path/go2_description
[0.941s] -- Up-to-date: /home/ayi/unitree_go2_ws/install/go2_description/share/go2_description/environment/ament_prefix_path.sh
[0.941s] -- Installing: /home/ayi/unitree_go2_ws/install/go2_description/share/go2_description/environment/ament_prefix_path.dsv
[0.941s] -- Up-to-date: /home/ayi/unitree_go2_ws/install/go2_description/share/go2_description/environment/path.sh
[0.942s] -- Installing: /home/ayi/unitree_go2_ws/install/go2_description/share/go2_description/environment/path.dsv
[0.949s] -- Installing: /home/ayi/unitree_go2_ws/install/go2_description/share/go2_description/local_setup.bash
[0.949s] -- Installing: /home/ayi/unitree_go2_ws/install/go2_description/share/go2_description/local_setup.sh
[0.949s] -- Installing: /home/ayi/unitree_go2_ws/install/go2_description/share/go2_description/local_setup.zsh
[0.949s] -- Installing: /home/ayi/unitree_go2_ws/install/go2_description/share/go2_description/local_setup.dsv
[0.949s] -- Installing: /home/ayi/unitree_go2_ws/install/go2_description/share/go2_description/package.dsv
[0.949s] -- Installing: /home/ayi/unitree_go2_ws/install/go2_description/share/ament_index/resource_index/packages/go2_description
[0.949s] -- Installing: /home/ayi/unitree_go2_ws/install/go2_description/share/go2_description/cmake/go2_descriptionConfig.cmake
[0.949s] -- Installing: /home/ayi/unitree_go2_ws/install/go2_description/share/go2_description/cmake/go2_descriptionConfig-version.cmake
[0.949s] -- Up-to-date: /home/ayi/unitree_go2_ws/install/go2_description/share/go2_description/package.xml
[0.949s] Invoked command in '/home/ayi/unitree_go2_ws/build/go2_description' returned '0': CMAKE_PREFIX_PATH=${CMAKE_PREFIX_PATH}:/home/ayi/unitree_go2_ws/install/go2_twist_bridge_py:/home/ayi/unitree_go2_ws/install/go2_navigation:/home/ayi/unitree_go2_ws/install/go2_driver_py:/home/ayi/unitree_go2_ws/install/go2_core:/home/ayi/unitree_go2_ws/install/go2_application:/home/ayi/dev_ws/install/learning_urdf:/home/ayi/dev_ws/install/learning_topic:/home/ayi/dev_ws/install/learning_tf:/home/ayi/dev_ws/install/learning_service:/home/ayi/dev_ws/install/learning_qos:/home/ayi/dev_ws/install/learning_pkg_python:/home/ayi/dev_ws/install/learning_parameter:/home/ayi/dev_ws/install/learning_node:/home/ayi/dev_ws/install/learning_launch:/home/ayi/dev_ws/install/learning_action:/home/ayi/dev_ws/install/learning_gazebo_harmonic:/home/ayi/dev_ws/install/learning_gazebo:/home/ayi/dev_ws/install/learning_cv:/opt/ros/humble /usr/bin/cmake --install /home/ayi/unitree_go2_ws/build/go2_description
