running egg_info
writing ../../build/go2_navigation/go2_navigation.egg-info/PKG-INFO
writing dependency_links to ../../build/go2_navigation/go2_navigation.egg-info/dependency_links.txt
writing entry points to ../../build/go2_navigation/go2_navigation.egg-info/entry_points.txt
writing requirements to ../../build/go2_navigation/go2_navigation.egg-info/requires.txt
writing top-level names to ../../build/go2_navigation/go2_navigation.egg-info/top_level.txt
reading manifest file '../../build/go2_navigation/go2_navigation.egg-info/SOURCES.txt'
writing manifest file '../../build/go2_navigation/go2_navigation.egg-info/SOURCES.txt'
running build
running build_py
running install
running install_lib
running install_data
copying maps/lab_map.yaml -> /home/ayi/unitree_go2_ws/install/go2_navigation/share/go2_navigation/maps
copying maps/lab_map.pgm -> /home/ayi/unitree_go2_ws/install/go2_navigation/share/go2_navigation/maps
running install_egg_info
removing '/home/ayi/unitree_go2_ws/install/go2_navigation/lib/python3.10/site-packages/go2_navigation-0.0.0-py3.10.egg-info' (and everything under it)
Copying ../../build/go2_navigation/go2_navigation.egg-info to /home/ayi/unitree_go2_ws/install/go2_navigation/lib/python3.10/site-packages/go2_navigation-0.0.0-py3.10.egg-info
running install_scripts
writing list of installed files to '/home/ayi/unitree_go2_ws/build/go2_navigation/install.log'
