[0.073s] DEBUG:colcon:Command line arguments: ['/usr/bin/colcon', 'build']
[0.073s] DEBUG:colcon:Parsed command line arguments: Namespace(log_base=None, log_level=None, verb_name='build', build_base='build', install_base='install', merge_install=False, symlink_install=False, test_result_base=None, continue_on_error=False, executor='parallel', parallel_workers=2, event_handlers=None, ignore_user_meta=False, metas=['./colcon.meta'], base_paths=['.'], packages_ignore=None, packages_ignore_regex=None, paths=None, packages_up_to=None, packages_up_to_regex=None, packages_above=None, packages_above_and_dependencies=None, packages_above_depth=None, packages_select_by_dep=None, packages_skip_by_dep=None, packages_skip_up_to=None, packages_select_build_failed=False, packages_skip_build_finished=False, packages_select_test_failures=False, packages_skip_test_passed=False, packages_select=None, packages_skip=None, packages_select_regex=None, packages_skip_regex=None, packages_start=None, packages_end=None, allow_overriding=[], cmake_args=None, cmake_target=None, cmake_target_skip_unavailable=False, cmake_clean_cache=False, cmake_clean_first=False, cmake_force_configure=False, ament_cmake_args=None, catkin_cmake_args=None, catkin_skip_building_tests=False, verb_parser=<colcon_defaults.argument_parser.defaults.DefaultArgumentsDecorator object at 0x73de6ae3bdc0>, verb_extension=<colcon_core.verb.build.BuildVerb object at 0x73de6aff1960>, main=<bound method BuildVerb.main of <colcon_core.verb.build.BuildVerb object at 0x73de6aff1960>>)
[0.178s] Level 1:colcon.colcon_core.package_discovery:discover_packages(colcon_meta) check parameters
[0.178s] Level 1:colcon.colcon_core.package_discovery:discover_packages(recursive) check parameters
[0.178s] Level 1:colcon.colcon_core.package_discovery:discover_packages(ignore) check parameters
[0.178s] Level 1:colcon.colcon_core.package_discovery:discover_packages(path) check parameters
[0.179s] Level 1:colcon.colcon_core.package_discovery:discover_packages(colcon_meta) discover
[0.179s] Level 1:colcon.colcon_core.package_discovery:discover_packages(recursive) discover
[0.179s] INFO:colcon.colcon_core.package_discovery:Crawling recursively for packages in '/home/ayi/unitree_go2_ws'
[0.179s] Level 1:colcon.colcon_core.package_identification:_identify(.) by extensions ['ignore', 'ignore_ament_install']
[0.179s] Level 1:colcon.colcon_core.package_identification:_identify(.) by extension 'ignore'
[0.179s] Level 1:colcon.colcon_core.package_identification:_identify(.) by extension 'ignore_ament_install'
[0.179s] Level 1:colcon.colcon_core.package_identification:_identify(.) by extensions ['colcon_pkg']
[0.179s] Level 1:colcon.colcon_core.package_identification:_identify(.) by extension 'colcon_pkg'
[0.179s] Level 1:colcon.colcon_core.package_identification:_identify(.) by extensions ['colcon_meta']
[0.179s] Level 1:colcon.colcon_core.package_identification:_identify(.) by extension 'colcon_meta'
[0.179s] Level 1:colcon.colcon_core.package_identification:_identify(.) by extensions ['ros']
[0.179s] Level 1:colcon.colcon_core.package_identification:_identify(.) by extension 'ros'
[0.186s] Level 1:colcon.colcon_core.package_identification:_identify(.) by extensions ['cmake', 'python']
[0.187s] Level 1:colcon.colcon_core.package_identification:_identify(.) by extension 'cmake'
[0.187s] Level 1:colcon.colcon_core.package_identification:_identify(.) by extension 'python'
[0.187s] Level 1:colcon.colcon_core.package_identification:_identify(.) by extensions ['python_setup_py']
[0.187s] Level 1:colcon.colcon_core.package_identification:_identify(.) by extension 'python_setup_py'
[0.187s] Level 1:colcon.colcon_core.package_identification:_identify(build) by extensions ['ignore', 'ignore_ament_install']
[0.187s] Level 1:colcon.colcon_core.package_identification:_identify(build) by extension 'ignore'
[0.187s] Level 1:colcon.colcon_core.package_identification:_identify(build) ignored
[0.187s] Level 1:colcon.colcon_core.package_identification:_identify(install) by extensions ['ignore', 'ignore_ament_install']
[0.187s] Level 1:colcon.colcon_core.package_identification:_identify(install) by extension 'ignore'
[0.187s] Level 1:colcon.colcon_core.package_identification:_identify(install) ignored
[0.187s] Level 1:colcon.colcon_core.package_identification:_identify(log) by extensions ['ignore', 'ignore_ament_install']
[0.187s] Level 1:colcon.colcon_core.package_identification:_identify(log) by extension 'ignore'
[0.187s] Level 1:colcon.colcon_core.package_identification:_identify(log) ignored
[0.187s] Level 1:colcon.colcon_core.package_identification:_identify(src) by extensions ['ignore', 'ignore_ament_install']
[0.187s] Level 1:colcon.colcon_core.package_identification:_identify(src) by extension 'ignore'
[0.187s] Level 1:colcon.colcon_core.package_identification:_identify(src) by extension 'ignore_ament_install'
[0.187s] Level 1:colcon.colcon_core.package_identification:_identify(src) by extensions ['colcon_pkg']
[0.187s] Level 1:colcon.colcon_core.package_identification:_identify(src) by extension 'colcon_pkg'
[0.187s] Level 1:colcon.colcon_core.package_identification:_identify(src) by extensions ['colcon_meta']
[0.187s] Level 1:colcon.colcon_core.package_identification:_identify(src) by extension 'colcon_meta'
[0.187s] Level 1:colcon.colcon_core.package_identification:_identify(src) by extensions ['ros']
[0.187s] Level 1:colcon.colcon_core.package_identification:_identify(src) by extension 'ros'
[0.187s] Level 1:colcon.colcon_core.package_identification:_identify(src) by extensions ['cmake', 'python']
[0.188s] Level 1:colcon.colcon_core.package_identification:_identify(src) by extension 'cmake'
[0.188s] Level 1:colcon.colcon_core.package_identification:_identify(src) by extension 'python'
[0.188s] Level 1:colcon.colcon_core.package_identification:_identify(src) by extensions ['python_setup_py']
[0.188s] Level 1:colcon.colcon_core.package_identification:_identify(src) by extension 'python_setup_py'
[0.188s] Level 1:colcon.colcon_core.package_identification:_identify(src/base) by extensions ['ignore', 'ignore_ament_install']
[0.188s] Level 1:colcon.colcon_core.package_identification:_identify(src/base) by extension 'ignore'
[0.188s] Level 1:colcon.colcon_core.package_identification:_identify(src/base) by extension 'ignore_ament_install'
[0.188s] Level 1:colcon.colcon_core.package_identification:_identify(src/base) by extensions ['colcon_pkg']
[0.188s] Level 1:colcon.colcon_core.package_identification:_identify(src/base) by extension 'colcon_pkg'
[0.188s] Level 1:colcon.colcon_core.package_identification:_identify(src/base) by extensions ['colcon_meta']
[0.188s] Level 1:colcon.colcon_core.package_identification:_identify(src/base) by extension 'colcon_meta'
[0.188s] Level 1:colcon.colcon_core.package_identification:_identify(src/base) by extensions ['ros']
[0.188s] Level 1:colcon.colcon_core.package_identification:_identify(src/base) by extension 'ros'
[0.188s] Level 1:colcon.colcon_core.package_identification:_identify(src/base) by extensions ['cmake', 'python']
[0.188s] Level 1:colcon.colcon_core.package_identification:_identify(src/base) by extension 'cmake'
[0.188s] Level 1:colcon.colcon_core.package_identification:_identify(src/base) by extension 'python'
[0.188s] Level 1:colcon.colcon_core.package_identification:_identify(src/base) by extensions ['python_setup_py']
[0.188s] Level 1:colcon.colcon_core.package_identification:_identify(src/base) by extension 'python_setup_py'
[0.188s] Level 1:colcon.colcon_core.package_identification:_identify(src/base/go2_core) by extensions ['ignore', 'ignore_ament_install']
[0.188s] Level 1:colcon.colcon_core.package_identification:_identify(src/base/go2_core) by extension 'ignore'
[0.188s] Level 1:colcon.colcon_core.package_identification:_identify(src/base/go2_core) by extension 'ignore_ament_install'
[0.188s] Level 1:colcon.colcon_core.package_identification:_identify(src/base/go2_core) by extensions ['colcon_pkg']
[0.188s] Level 1:colcon.colcon_core.package_identification:_identify(src/base/go2_core) by extension 'colcon_pkg'
[0.188s] Level 1:colcon.colcon_core.package_identification:_identify(src/base/go2_core) by extensions ['colcon_meta']
[0.188s] Level 1:colcon.colcon_core.package_identification:_identify(src/base/go2_core) by extension 'colcon_meta'
[0.188s] Level 1:colcon.colcon_core.package_identification:_identify(src/base/go2_core) by extensions ['ros']
[0.188s] Level 1:colcon.colcon_core.package_identification:_identify(src/base/go2_core) by extension 'ros'
[0.190s] DEBUG:colcon.colcon_core.package_identification:Package 'src/base/go2_core' with type 'ros.ament_python' and name 'go2_core'
[0.190s] Level 1:colcon.colcon_core.package_identification:_identify(src/base/go2_driver) by extensions ['ignore', 'ignore_ament_install']
[0.190s] Level 1:colcon.colcon_core.package_identification:_identify(src/base/go2_driver) by extension 'ignore'
[0.190s] Level 1:colcon.colcon_core.package_identification:_identify(src/base/go2_driver) by extension 'ignore_ament_install'
[0.190s] Level 1:colcon.colcon_core.package_identification:_identify(src/base/go2_driver) by extensions ['colcon_pkg']
[0.190s] Level 1:colcon.colcon_core.package_identification:_identify(src/base/go2_driver) by extension 'colcon_pkg'
[0.190s] Level 1:colcon.colcon_core.package_identification:_identify(src/base/go2_driver) by extensions ['colcon_meta']
[0.190s] Level 1:colcon.colcon_core.package_identification:_identify(src/base/go2_driver) by extension 'colcon_meta'
[0.190s] Level 1:colcon.colcon_core.package_identification:_identify(src/base/go2_driver) by extensions ['ros']
[0.190s] Level 1:colcon.colcon_core.package_identification:_identify(src/base/go2_driver) by extension 'ros'
[0.191s] DEBUG:colcon.colcon_core.package_identification:Package 'src/base/go2_driver' with type 'ros.ament_cmake' and name 'go2_driver'
[0.191s] Level 1:colcon.colcon_core.package_identification:_identify(src/base/go2_twist_bridge) by extensions ['ignore', 'ignore_ament_install']
[0.191s] Level 1:colcon.colcon_core.package_identification:_identify(src/base/go2_twist_bridge) by extension 'ignore'
[0.191s] Level 1:colcon.colcon_core.package_identification:_identify(src/base/go2_twist_bridge) by extension 'ignore_ament_install'
[0.191s] Level 1:colcon.colcon_core.package_identification:_identify(src/base/go2_twist_bridge) by extensions ['colcon_pkg']
[0.191s] Level 1:colcon.colcon_core.package_identification:_identify(src/base/go2_twist_bridge) by extension 'colcon_pkg'
[0.191s] Level 1:colcon.colcon_core.package_identification:_identify(src/base/go2_twist_bridge) by extensions ['colcon_meta']
[0.191s] Level 1:colcon.colcon_core.package_identification:_identify(src/base/go2_twist_bridge) by extension 'colcon_meta'
[0.191s] Level 1:colcon.colcon_core.package_identification:_identify(src/base/go2_twist_bridge) by extensions ['ros']
[0.191s] Level 1:colcon.colcon_core.package_identification:_identify(src/base/go2_twist_bridge) by extension 'ros'
[0.192s] DEBUG:colcon.colcon_core.package_identification:Package 'src/base/go2_twist_bridge' with type 'ros.ament_cmake' and name 'go2_twist_bridge'
[0.192s] Level 1:colcon.colcon_core.package_identification:_identify(src/go2_description) by extensions ['ignore', 'ignore_ament_install']
[0.192s] Level 1:colcon.colcon_core.package_identification:_identify(src/go2_description) by extension 'ignore'
[0.192s] Level 1:colcon.colcon_core.package_identification:_identify(src/go2_description) by extension 'ignore_ament_install'
[0.192s] Level 1:colcon.colcon_core.package_identification:_identify(src/go2_description) by extensions ['colcon_pkg']
[0.192s] Level 1:colcon.colcon_core.package_identification:_identify(src/go2_description) by extension 'colcon_pkg'
[0.192s] Level 1:colcon.colcon_core.package_identification:_identify(src/go2_description) by extensions ['colcon_meta']
[0.192s] Level 1:colcon.colcon_core.package_identification:_identify(src/go2_description) by extension 'colcon_meta'
[0.192s] Level 1:colcon.colcon_core.package_identification:_identify(src/go2_description) by extensions ['ros']
[0.192s] Level 1:colcon.colcon_core.package_identification:_identify(src/go2_description) by extension 'ros'
[0.192s] DEBUG:colcon.colcon_core.package_identification:Package 'src/go2_description' with type 'ros.ament_cmake' and name 'go2_description'
[0.192s] Level 1:colcon.colcon_core.package_identification:_identify(src/go2_navigation) by extensions ['ignore', 'ignore_ament_install']
[0.192s] Level 1:colcon.colcon_core.package_identification:_identify(src/go2_navigation) by extension 'ignore'
[0.193s] Level 1:colcon.colcon_core.package_identification:_identify(src/go2_navigation) by extension 'ignore_ament_install'
[0.193s] Level 1:colcon.colcon_core.package_identification:_identify(src/go2_navigation) by extensions ['colcon_pkg']
[0.193s] Level 1:colcon.colcon_core.package_identification:_identify(src/go2_navigation) by extension 'colcon_pkg'
[0.193s] Level 1:colcon.colcon_core.package_identification:_identify(src/go2_navigation) by extensions ['colcon_meta']
[0.193s] Level 1:colcon.colcon_core.package_identification:_identify(src/go2_navigation) by extension 'colcon_meta'
[0.193s] Level 1:colcon.colcon_core.package_identification:_identify(src/go2_navigation) by extensions ['ros']
[0.193s] Level 1:colcon.colcon_core.package_identification:_identify(src/go2_navigation) by extension 'ros'
[0.193s] DEBUG:colcon.colcon_core.package_identification:Package 'src/go2_navigation' with type 'ros.ament_python' and name 'go2_navigation'
[0.193s] Level 1:colcon.colcon_core.package_identification:_identify(src/go2_perception) by extensions ['ignore', 'ignore_ament_install']
[0.193s] Level 1:colcon.colcon_core.package_identification:_identify(src/go2_perception) by extension 'ignore'
[0.193s] Level 1:colcon.colcon_core.package_identification:_identify(src/go2_perception) by extension 'ignore_ament_install'
[0.193s] Level 1:colcon.colcon_core.package_identification:_identify(src/go2_perception) by extensions ['colcon_pkg']
[0.193s] Level 1:colcon.colcon_core.package_identification:_identify(src/go2_perception) by extension 'colcon_pkg'
[0.193s] Level 1:colcon.colcon_core.package_identification:_identify(src/go2_perception) by extensions ['colcon_meta']
[0.193s] Level 1:colcon.colcon_core.package_identification:_identify(src/go2_perception) by extension 'colcon_meta'
[0.193s] Level 1:colcon.colcon_core.package_identification:_identify(src/go2_perception) by extensions ['ros']
[0.193s] Level 1:colcon.colcon_core.package_identification:_identify(src/go2_perception) by extension 'ros'
[0.194s] DEBUG:colcon.colcon_core.package_identification:Package 'src/go2_perception' with type 'ros.ament_cmake' and name 'go2_perception'
[0.194s] Level 1:colcon.colcon_core.package_identification:_identify(src/go2_slam) by extensions ['ignore', 'ignore_ament_install']
[0.194s] Level 1:colcon.colcon_core.package_identification:_identify(src/go2_slam) by extension 'ignore'
[0.194s] Level 1:colcon.colcon_core.package_identification:_identify(src/go2_slam) by extension 'ignore_ament_install'
[0.194s] Level 1:colcon.colcon_core.package_identification:_identify(src/go2_slam) by extensions ['colcon_pkg']
[0.194s] Level 1:colcon.colcon_core.package_identification:_identify(src/go2_slam) by extension 'colcon_pkg'
[0.194s] Level 1:colcon.colcon_core.package_identification:_identify(src/go2_slam) by extensions ['colcon_meta']
[0.194s] Level 1:colcon.colcon_core.package_identification:_identify(src/go2_slam) by extension 'colcon_meta'
[0.194s] Level 1:colcon.colcon_core.package_identification:_identify(src/go2_slam) by extensions ['ros']
[0.194s] Level 1:colcon.colcon_core.package_identification:_identify(src/go2_slam) by extension 'ros'
[0.194s] DEBUG:colcon.colcon_core.package_identification:Package 'src/go2_slam' with type 'ros.ament_cmake' and name 'go2_slam'
[0.195s] Level 1:colcon.colcon_core.package_discovery:discover_packages(recursive) using defaults
[0.195s] Level 1:colcon.colcon_core.package_discovery:discover_packages(ignore) discover
[0.195s] Level 1:colcon.colcon_core.package_discovery:discover_packages(ignore) using defaults
[0.195s] Level 1:colcon.colcon_core.package_discovery:discover_packages(path) discover
[0.195s] Level 1:colcon.colcon_core.package_discovery:discover_packages(path) using defaults
[0.216s] Level 1:colcon.colcon_core.package_discovery:discover_packages(prefix_path) check parameters
[0.216s] Level 1:colcon.colcon_core.package_discovery:discover_packages(prefix_path) discover
[0.218s] DEBUG:colcon.colcon_installed_package_information.package_discovery:Found 9 installed packages in /home/ayi/unitree_go2_ws/install
[0.219s] DEBUG:colcon.colcon_installed_package_information.package_discovery:Found 5 installed packages in /home/ayi/go2_work/unitree_ros2/cyclonedds_ws/install
[0.219s] DEBUG:colcon.colcon_installed_package_information.package_discovery:Found 21 installed packages in /home/ayi/dev_ws/install
[0.220s] DEBUG:colcon.colcon_installed_package_information.package_discovery:Found 379 installed packages in /opt/ros/humble
[0.222s] Level 1:colcon.colcon_core.package_discovery:discover_packages(prefix_path) using defaults
[0.252s] Level 5:colcon.colcon_core.verb:set package 'go2_core' build argument 'cmake_args' from command line to 'None'
[0.252s] Level 5:colcon.colcon_core.verb:set package 'go2_core' build argument 'cmake_target' from command line to 'None'
[0.252s] Level 5:colcon.colcon_core.verb:set package 'go2_core' build argument 'cmake_target_skip_unavailable' from command line to 'False'
[0.252s] Level 5:colcon.colcon_core.verb:set package 'go2_core' build argument 'cmake_clean_cache' from command line to 'False'
[0.253s] Level 5:colcon.colcon_core.verb:set package 'go2_core' build argument 'cmake_clean_first' from command line to 'False'
[0.253s] Level 5:colcon.colcon_core.verb:set package 'go2_core' build argument 'cmake_force_configure' from command line to 'False'
[0.253s] Level 5:colcon.colcon_core.verb:set package 'go2_core' build argument 'ament_cmake_args' from command line to 'None'
[0.253s] Level 5:colcon.colcon_core.verb:set package 'go2_core' build argument 'catkin_cmake_args' from command line to 'None'
[0.253s] Level 5:colcon.colcon_core.verb:set package 'go2_core' build argument 'catkin_skip_building_tests' from command line to 'False'
[0.253s] DEBUG:colcon.colcon_core.verb:Building package 'go2_core' with the following arguments: {'ament_cmake_args': None, 'build_base': '/home/ayi/unitree_go2_ws/build/go2_core', 'catkin_cmake_args': None, 'catkin_skip_building_tests': False, 'cmake_args': None, 'cmake_clean_cache': False, 'cmake_clean_first': False, 'cmake_force_configure': False, 'cmake_target': None, 'cmake_target_skip_unavailable': False, 'install_base': '/home/ayi/unitree_go2_ws/install/go2_core', 'merge_install': False, 'path': '/home/ayi/unitree_go2_ws/src/base/go2_core', 'symlink_install': False, 'test_result_base': None}
[0.253s] Level 5:colcon.colcon_core.verb:set package 'go2_description' build argument 'cmake_args' from command line to 'None'
[0.253s] Level 5:colcon.colcon_core.verb:set package 'go2_description' build argument 'cmake_target' from command line to 'None'
[0.253s] Level 5:colcon.colcon_core.verb:set package 'go2_description' build argument 'cmake_target_skip_unavailable' from command line to 'False'
[0.253s] Level 5:colcon.colcon_core.verb:set package 'go2_description' build argument 'cmake_clean_cache' from command line to 'False'
[0.253s] Level 5:colcon.colcon_core.verb:set package 'go2_description' build argument 'cmake_clean_first' from command line to 'False'
[0.253s] Level 5:colcon.colcon_core.verb:set package 'go2_description' build argument 'cmake_force_configure' from command line to 'False'
[0.253s] Level 5:colcon.colcon_core.verb:set package 'go2_description' build argument 'ament_cmake_args' from command line to 'None'
[0.253s] Level 5:colcon.colcon_core.verb:set package 'go2_description' build argument 'catkin_cmake_args' from command line to 'None'
[0.253s] Level 5:colcon.colcon_core.verb:set package 'go2_description' build argument 'catkin_skip_building_tests' from command line to 'False'
[0.253s] DEBUG:colcon.colcon_core.verb:Building package 'go2_description' with the following arguments: {'ament_cmake_args': None, 'build_base': '/home/ayi/unitree_go2_ws/build/go2_description', 'catkin_cmake_args': None, 'catkin_skip_building_tests': False, 'cmake_args': None, 'cmake_clean_cache': False, 'cmake_clean_first': False, 'cmake_force_configure': False, 'cmake_target': None, 'cmake_target_skip_unavailable': False, 'install_base': '/home/ayi/unitree_go2_ws/install/go2_description', 'merge_install': False, 'path': '/home/ayi/unitree_go2_ws/src/go2_description', 'symlink_install': False, 'test_result_base': None}
[0.253s] Level 5:colcon.colcon_core.verb:set package 'go2_driver' build argument 'cmake_args' from command line to 'None'
[0.253s] Level 5:colcon.colcon_core.verb:set package 'go2_driver' build argument 'cmake_target' from command line to 'None'
[0.253s] Level 5:colcon.colcon_core.verb:set package 'go2_driver' build argument 'cmake_target_skip_unavailable' from command line to 'False'
[0.253s] Level 5:colcon.colcon_core.verb:set package 'go2_driver' build argument 'cmake_clean_cache' from command line to 'False'
[0.253s] Level 5:colcon.colcon_core.verb:set package 'go2_driver' build argument 'cmake_clean_first' from command line to 'False'
[0.253s] Level 5:colcon.colcon_core.verb:set package 'go2_driver' build argument 'cmake_force_configure' from command line to 'False'
[0.253s] Level 5:colcon.colcon_core.verb:set package 'go2_driver' build argument 'ament_cmake_args' from command line to 'None'
[0.253s] Level 5:colcon.colcon_core.verb:set package 'go2_driver' build argument 'catkin_cmake_args' from command line to 'None'
[0.253s] Level 5:colcon.colcon_core.verb:set package 'go2_driver' build argument 'catkin_skip_building_tests' from command line to 'False'
[0.253s] DEBUG:colcon.colcon_core.verb:Building package 'go2_driver' with the following arguments: {'ament_cmake_args': None, 'build_base': '/home/ayi/unitree_go2_ws/build/go2_driver', 'catkin_cmake_args': None, 'catkin_skip_building_tests': False, 'cmake_args': None, 'cmake_clean_cache': False, 'cmake_clean_first': False, 'cmake_force_configure': False, 'cmake_target': None, 'cmake_target_skip_unavailable': False, 'install_base': '/home/ayi/unitree_go2_ws/install/go2_driver', 'merge_install': False, 'path': '/home/ayi/unitree_go2_ws/src/base/go2_driver', 'symlink_install': False, 'test_result_base': None}
[0.254s] Level 5:colcon.colcon_core.verb:set package 'go2_navigation' build argument 'cmake_args' from command line to 'None'
[0.254s] Level 5:colcon.colcon_core.verb:set package 'go2_navigation' build argument 'cmake_target' from command line to 'None'
[0.254s] Level 5:colcon.colcon_core.verb:set package 'go2_navigation' build argument 'cmake_target_skip_unavailable' from command line to 'False'
[0.254s] Level 5:colcon.colcon_core.verb:set package 'go2_navigation' build argument 'cmake_clean_cache' from command line to 'False'
[0.254s] Level 5:colcon.colcon_core.verb:set package 'go2_navigation' build argument 'cmake_clean_first' from command line to 'False'
[0.254s] Level 5:colcon.colcon_core.verb:set package 'go2_navigation' build argument 'cmake_force_configure' from command line to 'False'
[0.254s] Level 5:colcon.colcon_core.verb:set package 'go2_navigation' build argument 'ament_cmake_args' from command line to 'None'
[0.254s] Level 5:colcon.colcon_core.verb:set package 'go2_navigation' build argument 'catkin_cmake_args' from command line to 'None'
[0.254s] Level 5:colcon.colcon_core.verb:set package 'go2_navigation' build argument 'catkin_skip_building_tests' from command line to 'False'
[0.254s] DEBUG:colcon.colcon_core.verb:Building package 'go2_navigation' with the following arguments: {'ament_cmake_args': None, 'build_base': '/home/ayi/unitree_go2_ws/build/go2_navigation', 'catkin_cmake_args': None, 'catkin_skip_building_tests': False, 'cmake_args': None, 'cmake_clean_cache': False, 'cmake_clean_first': False, 'cmake_force_configure': False, 'cmake_target': None, 'cmake_target_skip_unavailable': False, 'install_base': '/home/ayi/unitree_go2_ws/install/go2_navigation', 'merge_install': False, 'path': '/home/ayi/unitree_go2_ws/src/go2_navigation', 'symlink_install': False, 'test_result_base': None}
[0.254s] Level 5:colcon.colcon_core.verb:set package 'go2_perception' build argument 'cmake_args' from command line to 'None'
[0.254s] Level 5:colcon.colcon_core.verb:set package 'go2_perception' build argument 'cmake_target' from command line to 'None'
[0.254s] Level 5:colcon.colcon_core.verb:set package 'go2_perception' build argument 'cmake_target_skip_unavailable' from command line to 'False'
[0.254s] Level 5:colcon.colcon_core.verb:set package 'go2_perception' build argument 'cmake_clean_cache' from command line to 'False'
[0.254s] Level 5:colcon.colcon_core.verb:set package 'go2_perception' build argument 'cmake_clean_first' from command line to 'False'
[0.254s] Level 5:colcon.colcon_core.verb:set package 'go2_perception' build argument 'cmake_force_configure' from command line to 'False'
[0.254s] Level 5:colcon.colcon_core.verb:set package 'go2_perception' build argument 'ament_cmake_args' from command line to 'None'
[0.254s] Level 5:colcon.colcon_core.verb:set package 'go2_perception' build argument 'catkin_cmake_args' from command line to 'None'
[0.254s] Level 5:colcon.colcon_core.verb:set package 'go2_perception' build argument 'catkin_skip_building_tests' from command line to 'False'
[0.254s] DEBUG:colcon.colcon_core.verb:Building package 'go2_perception' with the following arguments: {'ament_cmake_args': None, 'build_base': '/home/ayi/unitree_go2_ws/build/go2_perception', 'catkin_cmake_args': None, 'catkin_skip_building_tests': False, 'cmake_args': None, 'cmake_clean_cache': False, 'cmake_clean_first': False, 'cmake_force_configure': False, 'cmake_target': None, 'cmake_target_skip_unavailable': False, 'install_base': '/home/ayi/unitree_go2_ws/install/go2_perception', 'merge_install': False, 'path': '/home/ayi/unitree_go2_ws/src/go2_perception', 'symlink_install': False, 'test_result_base': None}
[0.255s] Level 5:colcon.colcon_core.verb:set package 'go2_slam' build argument 'cmake_args' from command line to 'None'
[0.255s] Level 5:colcon.colcon_core.verb:set package 'go2_slam' build argument 'cmake_target' from command line to 'None'
[0.255s] Level 5:colcon.colcon_core.verb:set package 'go2_slam' build argument 'cmake_target_skip_unavailable' from command line to 'False'
[0.255s] Level 5:colcon.colcon_core.verb:set package 'go2_slam' build argument 'cmake_clean_cache' from command line to 'False'
[0.255s] Level 5:colcon.colcon_core.verb:set package 'go2_slam' build argument 'cmake_clean_first' from command line to 'False'
[0.255s] Level 5:colcon.colcon_core.verb:set package 'go2_slam' build argument 'cmake_force_configure' from command line to 'False'
[0.255s] Level 5:colcon.colcon_core.verb:set package 'go2_slam' build argument 'ament_cmake_args' from command line to 'None'
[0.255s] Level 5:colcon.colcon_core.verb:set package 'go2_slam' build argument 'catkin_cmake_args' from command line to 'None'
[0.255s] Level 5:colcon.colcon_core.verb:set package 'go2_slam' build argument 'catkin_skip_building_tests' from command line to 'False'
[0.255s] DEBUG:colcon.colcon_core.verb:Building package 'go2_slam' with the following arguments: {'ament_cmake_args': None, 'build_base': '/home/ayi/unitree_go2_ws/build/go2_slam', 'catkin_cmake_args': None, 'catkin_skip_building_tests': False, 'cmake_args': None, 'cmake_clean_cache': False, 'cmake_clean_first': False, 'cmake_force_configure': False, 'cmake_target': None, 'cmake_target_skip_unavailable': False, 'install_base': '/home/ayi/unitree_go2_ws/install/go2_slam', 'merge_install': False, 'path': '/home/ayi/unitree_go2_ws/src/go2_slam', 'symlink_install': False, 'test_result_base': None}
[0.255s] Level 5:colcon.colcon_core.verb:set package 'go2_twist_bridge' build argument 'cmake_args' from command line to 'None'
[0.255s] Level 5:colcon.colcon_core.verb:set package 'go2_twist_bridge' build argument 'cmake_target' from command line to 'None'
[0.255s] Level 5:colcon.colcon_core.verb:set package 'go2_twist_bridge' build argument 'cmake_target_skip_unavailable' from command line to 'False'
[0.255s] Level 5:colcon.colcon_core.verb:set package 'go2_twist_bridge' build argument 'cmake_clean_cache' from command line to 'False'
[0.255s] Level 5:colcon.colcon_core.verb:set package 'go2_twist_bridge' build argument 'cmake_clean_first' from command line to 'False'
[0.255s] Level 5:colcon.colcon_core.verb:set package 'go2_twist_bridge' build argument 'cmake_force_configure' from command line to 'False'
[0.255s] Level 5:colcon.colcon_core.verb:set package 'go2_twist_bridge' build argument 'ament_cmake_args' from command line to 'None'
[0.255s] Level 5:colcon.colcon_core.verb:set package 'go2_twist_bridge' build argument 'catkin_cmake_args' from command line to 'None'
[0.255s] Level 5:colcon.colcon_core.verb:set package 'go2_twist_bridge' build argument 'catkin_skip_building_tests' from command line to 'False'
[0.255s] DEBUG:colcon.colcon_core.verb:Building package 'go2_twist_bridge' with the following arguments: {'ament_cmake_args': None, 'build_base': '/home/ayi/unitree_go2_ws/build/go2_twist_bridge', 'catkin_cmake_args': None, 'catkin_skip_building_tests': False, 'cmake_args': None, 'cmake_clean_cache': False, 'cmake_clean_first': False, 'cmake_force_configure': False, 'cmake_target': None, 'cmake_target_skip_unavailable': False, 'install_base': '/home/ayi/unitree_go2_ws/install/go2_twist_bridge', 'merge_install': False, 'path': '/home/ayi/unitree_go2_ws/src/base/go2_twist_bridge', 'symlink_install': False, 'test_result_base': None}
[0.255s] INFO:colcon.colcon_core.executor:Executing jobs using 'parallel' executor
[0.256s] DEBUG:colcon.colcon_parallel_executor.executor.parallel:run_until_complete
[0.257s] INFO:colcon.colcon_ros.task.ament_python.build:Building ROS package in '/home/ayi/unitree_go2_ws/src/base/go2_core' with build type 'ament_python'
[0.257s] Level 1:colcon.colcon_core.shell:create_environment_hook('go2_core', 'ament_prefix_path')
[0.258s] INFO:colcon.colcon_core.plugin_system:Skipping extension 'colcon_core.shell.bat': Not used on non-Windows systems
[0.259s] INFO:colcon.colcon_core.shell:Creating environment hook '/home/ayi/unitree_go2_ws/install/go2_core/share/go2_core/hook/ament_prefix_path.ps1'
[0.260s] INFO:colcon.colcon_core.shell:Creating environment descriptor '/home/ayi/unitree_go2_ws/install/go2_core/share/go2_core/hook/ament_prefix_path.dsv'
[0.261s] INFO:colcon.colcon_core.shell:Creating environment hook '/home/ayi/unitree_go2_ws/install/go2_core/share/go2_core/hook/ament_prefix_path.sh'
[0.261s] INFO:colcon.colcon_core.shell:Skip shell extension 'powershell' for command environment: Not usable outside of PowerShell
[0.262s] DEBUG:colcon.colcon_core.shell:Skip shell extension 'dsv' for command environment
[0.269s] INFO:colcon.colcon_ros.task.ament_cmake.build:Building ROS package in '/home/ayi/unitree_go2_ws/src/go2_description' with build type 'ament_cmake'
[0.269s] INFO:colcon.colcon_cmake.task.cmake.build:Building CMake package in '/home/ayi/unitree_go2_ws/src/go2_description'
[0.269s] INFO:colcon.colcon_core.shell:Skip shell extension 'powershell' for command environment: Not usable outside of PowerShell
[0.270s] DEBUG:colcon.colcon_core.shell:Skip shell extension 'dsv' for command environment
[0.454s] INFO:colcon.colcon_core.task.python.build:Building Python package in '/home/ayi/unitree_go2_ws/src/base/go2_core'
[0.454s] INFO:colcon.colcon_core.shell:Skip shell extension 'powershell' for command environment: Not usable outside of PowerShell
[0.454s] DEBUG:colcon.colcon_core.shell:Skip shell extension 'dsv' for command environment
[0.464s] DEBUG:colcon.colcon_core.event_handler.log_command:Invoking command in '/home/ayi/unitree_go2_ws/build/go2_description': CMAKE_PREFIX_PATH=${CMAKE_PREFIX_PATH}:/home/ayi/unitree_go2_ws/install/go2_twist_bridge_py:/home/ayi/unitree_go2_ws/install/go2_navigation:/home/ayi/unitree_go2_ws/install/go2_driver_py:/home/ayi/unitree_go2_ws/install/go2_core:/home/ayi/dev_ws/install/learning_urdf:/home/ayi/dev_ws/install/learning_topic:/home/ayi/dev_ws/install/learning_tf:/home/ayi/dev_ws/install/learning_service:/home/ayi/dev_ws/install/learning_qos:/home/ayi/dev_ws/install/learning_pkg_python:/home/ayi/dev_ws/install/learning_parameter:/home/ayi/dev_ws/install/learning_node:/home/ayi/dev_ws/install/learning_launch:/home/ayi/dev_ws/install/learning_action:/home/ayi/dev_ws/install/learning_gazebo_harmonic:/home/ayi/dev_ws/install/learning_gazebo:/home/ayi/dev_ws/install/learning_cv:/opt/ros/humble /usr/bin/cmake --build /home/ayi/unitree_go2_ws/build/go2_description -- -j2 -l2
[0.498s] DEBUG:colcon.colcon_core.event_handler.log_command:Invoked command in '/home/ayi/unitree_go2_ws/build/go2_description' returned '0': CMAKE_PREFIX_PATH=${CMAKE_PREFIX_PATH}:/home/ayi/unitree_go2_ws/install/go2_twist_bridge_py:/home/ayi/unitree_go2_ws/install/go2_navigation:/home/ayi/unitree_go2_ws/install/go2_driver_py:/home/ayi/unitree_go2_ws/install/go2_core:/home/ayi/dev_ws/install/learning_urdf:/home/ayi/dev_ws/install/learning_topic:/home/ayi/dev_ws/install/learning_tf:/home/ayi/dev_ws/install/learning_service:/home/ayi/dev_ws/install/learning_qos:/home/ayi/dev_ws/install/learning_pkg_python:/home/ayi/dev_ws/install/learning_parameter:/home/ayi/dev_ws/install/learning_node:/home/ayi/dev_ws/install/learning_launch:/home/ayi/dev_ws/install/learning_action:/home/ayi/dev_ws/install/learning_gazebo_harmonic:/home/ayi/dev_ws/install/learning_gazebo:/home/ayi/dev_ws/install/learning_cv:/opt/ros/humble /usr/bin/cmake --build /home/ayi/unitree_go2_ws/build/go2_description -- -j2 -l2
[0.506s] DEBUG:colcon.colcon_core.event_handler.log_command:Invoking command in '/home/ayi/unitree_go2_ws/build/go2_description': CMAKE_PREFIX_PATH=${CMAKE_PREFIX_PATH}:/home/ayi/unitree_go2_ws/install/go2_twist_bridge_py:/home/ayi/unitree_go2_ws/install/go2_navigation:/home/ayi/unitree_go2_ws/install/go2_driver_py:/home/ayi/unitree_go2_ws/install/go2_core:/home/ayi/dev_ws/install/learning_urdf:/home/ayi/dev_ws/install/learning_topic:/home/ayi/dev_ws/install/learning_tf:/home/ayi/dev_ws/install/learning_service:/home/ayi/dev_ws/install/learning_qos:/home/ayi/dev_ws/install/learning_pkg_python:/home/ayi/dev_ws/install/learning_parameter:/home/ayi/dev_ws/install/learning_node:/home/ayi/dev_ws/install/learning_launch:/home/ayi/dev_ws/install/learning_action:/home/ayi/dev_ws/install/learning_gazebo_harmonic:/home/ayi/dev_ws/install/learning_gazebo:/home/ayi/dev_ws/install/learning_cv:/opt/ros/humble /usr/bin/cmake --install /home/ayi/unitree_go2_ws/build/go2_description
[0.518s] Level 1:colcon.colcon_core.environment:create_environment_scripts_only(go2_description)
[0.522s] Level 1:colcon.colcon_core.environment:checking '/home/ayi/unitree_go2_ws/install/go2_description' for CMake module files
[0.522s] Level 1:colcon.colcon_core.environment:checking '/home/ayi/unitree_go2_ws/install/go2_description' for CMake config files
[0.523s] Level 1:colcon.colcon_core.shell:create_environment_hook('go2_description', 'cmake_prefix_path')
[0.523s] INFO:colcon.colcon_core.shell:Creating environment hook '/home/ayi/unitree_go2_ws/install/go2_description/share/go2_description/hook/cmake_prefix_path.ps1'
[0.523s] INFO:colcon.colcon_core.shell:Creating environment descriptor '/home/ayi/unitree_go2_ws/install/go2_description/share/go2_description/hook/cmake_prefix_path.dsv'
[0.526s] DEBUG:colcon.colcon_core.event_handler.log_command:Invoked command in '/home/ayi/unitree_go2_ws/build/go2_description' returned '0': CMAKE_PREFIX_PATH=${CMAKE_PREFIX_PATH}:/home/ayi/unitree_go2_ws/install/go2_twist_bridge_py:/home/ayi/unitree_go2_ws/install/go2_navigation:/home/ayi/unitree_go2_ws/install/go2_driver_py:/home/ayi/unitree_go2_ws/install/go2_core:/home/ayi/dev_ws/install/learning_urdf:/home/ayi/dev_ws/install/learning_topic:/home/ayi/dev_ws/install/learning_tf:/home/ayi/dev_ws/install/learning_service:/home/ayi/dev_ws/install/learning_qos:/home/ayi/dev_ws/install/learning_pkg_python:/home/ayi/dev_ws/install/learning_parameter:/home/ayi/dev_ws/install/learning_node:/home/ayi/dev_ws/install/learning_launch:/home/ayi/dev_ws/install/learning_action:/home/ayi/dev_ws/install/learning_gazebo_harmonic:/home/ayi/dev_ws/install/learning_gazebo:/home/ayi/dev_ws/install/learning_cv:/opt/ros/humble /usr/bin/cmake --install /home/ayi/unitree_go2_ws/build/go2_description
[0.526s] INFO:colcon.colcon_core.shell:Creating environment hook '/home/ayi/unitree_go2_ws/install/go2_description/share/go2_description/hook/cmake_prefix_path.sh'
[0.527s] Level 1:colcon.colcon_core.environment:checking '/home/ayi/unitree_go2_ws/install/go2_description/bin'
[0.527s] Level 1:colcon.colcon_core.environment:checking '/home/ayi/unitree_go2_ws/install/go2_description/lib/pkgconfig/go2_description.pc'
[0.527s] Level 1:colcon.colcon_core.environment:checking '/home/ayi/unitree_go2_ws/install/go2_description/lib/python3.10/site-packages'
[0.527s] Level 1:colcon.colcon_core.environment:checking '/home/ayi/unitree_go2_ws/install/go2_description/bin'
[0.527s] INFO:colcon.colcon_core.shell:Creating package script '/home/ayi/unitree_go2_ws/install/go2_description/share/go2_description/package.ps1'
[0.528s] INFO:colcon.colcon_core.shell:Creating package descriptor '/home/ayi/unitree_go2_ws/install/go2_description/share/go2_description/package.dsv'
[0.529s] INFO:colcon.colcon_core.shell:Creating package script '/home/ayi/unitree_go2_ws/install/go2_description/share/go2_description/package.sh'
[0.530s] INFO:colcon.colcon_core.shell:Creating package script '/home/ayi/unitree_go2_ws/install/go2_description/share/go2_description/package.bash'
[0.531s] INFO:colcon.colcon_core.shell:Creating package script '/home/ayi/unitree_go2_ws/install/go2_description/share/go2_description/package.zsh'
[0.531s] Level 1:colcon.colcon_core.environment:create_file_with_runtime_dependencies(/home/ayi/unitree_go2_ws/install/go2_description/share/colcon-core/packages/go2_description)
[0.532s] Level 1:colcon.colcon_core.environment:create_environment_scripts_only(go2_description)
[0.532s] Level 1:colcon.colcon_core.environment:checking '/home/ayi/unitree_go2_ws/install/go2_description' for CMake module files
[0.532s] Level 1:colcon.colcon_core.environment:checking '/home/ayi/unitree_go2_ws/install/go2_description' for CMake config files
[0.533s] Level 1:colcon.colcon_core.shell:create_environment_hook('go2_description', 'cmake_prefix_path')
[0.533s] INFO:colcon.colcon_core.shell:Creating environment hook '/home/ayi/unitree_go2_ws/install/go2_description/share/go2_description/hook/cmake_prefix_path.ps1'
[0.533s] INFO:colcon.colcon_core.shell:Creating environment descriptor '/home/ayi/unitree_go2_ws/install/go2_description/share/go2_description/hook/cmake_prefix_path.dsv'
[0.534s] INFO:colcon.colcon_core.shell:Creating environment hook '/home/ayi/unitree_go2_ws/install/go2_description/share/go2_description/hook/cmake_prefix_path.sh'
[0.534s] Level 1:colcon.colcon_core.environment:checking '/home/ayi/unitree_go2_ws/install/go2_description/bin'
[0.535s] Level 1:colcon.colcon_core.environment:checking '/home/ayi/unitree_go2_ws/install/go2_description/lib/pkgconfig/go2_description.pc'
[0.535s] Level 1:colcon.colcon_core.environment:checking '/home/ayi/unitree_go2_ws/install/go2_description/lib/python3.10/site-packages'
[0.535s] Level 1:colcon.colcon_core.environment:checking '/home/ayi/unitree_go2_ws/install/go2_description/bin'
[0.535s] INFO:colcon.colcon_core.shell:Creating package script '/home/ayi/unitree_go2_ws/install/go2_description/share/go2_description/package.ps1'
[0.536s] INFO:colcon.colcon_core.shell:Creating package descriptor '/home/ayi/unitree_go2_ws/install/go2_description/share/go2_description/package.dsv'
[0.536s] INFO:colcon.colcon_core.shell:Creating package script '/home/ayi/unitree_go2_ws/install/go2_description/share/go2_description/package.sh'
[0.537s] INFO:colcon.colcon_core.shell:Creating package script '/home/ayi/unitree_go2_ws/install/go2_description/share/go2_description/package.bash'
[0.537s] INFO:colcon.colcon_core.shell:Creating package script '/home/ayi/unitree_go2_ws/install/go2_description/share/go2_description/package.zsh'
[0.538s] Level 1:colcon.colcon_core.environment:create_file_with_runtime_dependencies(/home/ayi/unitree_go2_ws/install/go2_description/share/colcon-core/packages/go2_description)
[0.538s] INFO:colcon.colcon_ros.task.ament_cmake.build:Building ROS package in '/home/ayi/unitree_go2_ws/src/base/go2_driver' with build type 'ament_cmake'
[0.539s] INFO:colcon.colcon_cmake.task.cmake.build:Building CMake package in '/home/ayi/unitree_go2_ws/src/base/go2_driver'
[0.539s] INFO:colcon.colcon_core.shell:Skip shell extension 'powershell' for command environment: Not usable outside of PowerShell
[0.539s] DEBUG:colcon.colcon_core.shell:Skip shell extension 'dsv' for command environment
[0.553s] DEBUG:colcon.colcon_core.event_handler.log_command:Invoking command in '/home/ayi/unitree_go2_ws/build/go2_driver': CMAKE_PREFIX_PATH=${CMAKE_PREFIX_PATH}:/home/ayi/unitree_go2_ws/install/go2_twist_bridge_py:/home/ayi/unitree_go2_ws/install/go2_navigation:/home/ayi/unitree_go2_ws/install/go2_driver_py:/home/ayi/unitree_go2_ws/install/go2_core:/home/ayi/dev_ws/install/learning_urdf:/home/ayi/dev_ws/install/learning_topic:/home/ayi/dev_ws/install/learning_tf:/home/ayi/dev_ws/install/learning_service:/home/ayi/dev_ws/install/learning_qos:/home/ayi/dev_ws/install/learning_pkg_python:/home/ayi/dev_ws/install/learning_parameter:/home/ayi/dev_ws/install/learning_node:/home/ayi/dev_ws/install/learning_launch:/home/ayi/dev_ws/install/learning_action:/home/ayi/dev_ws/install/learning_gazebo_harmonic:/home/ayi/dev_ws/install/learning_gazebo:/home/ayi/dev_ws/install/learning_cv:/opt/ros/humble /usr/bin/cmake --build /home/ayi/unitree_go2_ws/build/go2_driver -- -j2 -l2
[0.658s] DEBUG:colcon.colcon_core.event_handler.log_command:Invoked command in '/home/ayi/unitree_go2_ws/build/go2_driver' returned '0': CMAKE_PREFIX_PATH=${CMAKE_PREFIX_PATH}:/home/ayi/unitree_go2_ws/install/go2_twist_bridge_py:/home/ayi/unitree_go2_ws/install/go2_navigation:/home/ayi/unitree_go2_ws/install/go2_driver_py:/home/ayi/unitree_go2_ws/install/go2_core:/home/ayi/dev_ws/install/learning_urdf:/home/ayi/dev_ws/install/learning_topic:/home/ayi/dev_ws/install/learning_tf:/home/ayi/dev_ws/install/learning_service:/home/ayi/dev_ws/install/learning_qos:/home/ayi/dev_ws/install/learning_pkg_python:/home/ayi/dev_ws/install/learning_parameter:/home/ayi/dev_ws/install/learning_node:/home/ayi/dev_ws/install/learning_launch:/home/ayi/dev_ws/install/learning_action:/home/ayi/dev_ws/install/learning_gazebo_harmonic:/home/ayi/dev_ws/install/learning_gazebo:/home/ayi/dev_ws/install/learning_cv:/opt/ros/humble /usr/bin/cmake --build /home/ayi/unitree_go2_ws/build/go2_driver -- -j2 -l2
[0.660s] DEBUG:colcon.colcon_core.event_handler.log_command:Invoking command in '/home/ayi/unitree_go2_ws/build/go2_driver': CMAKE_PREFIX_PATH=${CMAKE_PREFIX_PATH}:/home/ayi/unitree_go2_ws/install/go2_twist_bridge_py:/home/ayi/unitree_go2_ws/install/go2_navigation:/home/ayi/unitree_go2_ws/install/go2_driver_py:/home/ayi/unitree_go2_ws/install/go2_core:/home/ayi/dev_ws/install/learning_urdf:/home/ayi/dev_ws/install/learning_topic:/home/ayi/dev_ws/install/learning_tf:/home/ayi/dev_ws/install/learning_service:/home/ayi/dev_ws/install/learning_qos:/home/ayi/dev_ws/install/learning_pkg_python:/home/ayi/dev_ws/install/learning_parameter:/home/ayi/dev_ws/install/learning_node:/home/ayi/dev_ws/install/learning_launch:/home/ayi/dev_ws/install/learning_action:/home/ayi/dev_ws/install/learning_gazebo_harmonic:/home/ayi/dev_ws/install/learning_gazebo:/home/ayi/dev_ws/install/learning_cv:/opt/ros/humble /usr/bin/cmake --install /home/ayi/unitree_go2_ws/build/go2_driver
[0.676s] Level 1:colcon.colcon_core.environment:create_environment_scripts_only(go2_driver)
[0.676s] Level 1:colcon.colcon_core.environment:checking '/home/ayi/unitree_go2_ws/install/go2_driver' for CMake module files
[0.676s] Level 1:colcon.colcon_core.environment:checking '/home/ayi/unitree_go2_ws/install/go2_driver' for CMake config files
[0.677s] Level 1:colcon.colcon_core.shell:create_environment_hook('go2_driver', 'cmake_prefix_path')
[0.677s] INFO:colcon.colcon_core.shell:Creating environment hook '/home/ayi/unitree_go2_ws/install/go2_driver/share/go2_driver/hook/cmake_prefix_path.ps1'
[0.677s] INFO:colcon.colcon_core.shell:Creating environment descriptor '/home/ayi/unitree_go2_ws/install/go2_driver/share/go2_driver/hook/cmake_prefix_path.dsv'
[0.678s] INFO:colcon.colcon_core.shell:Creating environment hook '/home/ayi/unitree_go2_ws/install/go2_driver/share/go2_driver/hook/cmake_prefix_path.sh'
[0.679s] Level 1:colcon.colcon_core.environment:checking '/home/ayi/unitree_go2_ws/install/go2_driver/lib'
[0.679s] Level 1:colcon.colcon_core.environment:checking '/home/ayi/unitree_go2_ws/install/go2_driver/bin'
[0.679s] Level 1:colcon.colcon_core.environment:checking '/home/ayi/unitree_go2_ws/install/go2_driver/lib/pkgconfig/go2_driver.pc'
[0.679s] Level 1:colcon.colcon_core.environment:checking '/home/ayi/unitree_go2_ws/install/go2_driver/lib/python3.10/site-packages'
[0.679s] Level 1:colcon.colcon_core.environment:checking '/home/ayi/unitree_go2_ws/install/go2_driver/bin'
[0.681s] INFO:colcon.colcon_core.shell:Creating package script '/home/ayi/unitree_go2_ws/install/go2_driver/share/go2_driver/package.ps1'
[0.682s] DEBUG:colcon.colcon_core.event_handler.log_command:Invoked command in '/home/ayi/unitree_go2_ws/build/go2_driver' returned '0': CMAKE_PREFIX_PATH=${CMAKE_PREFIX_PATH}:/home/ayi/unitree_go2_ws/install/go2_twist_bridge_py:/home/ayi/unitree_go2_ws/install/go2_navigation:/home/ayi/unitree_go2_ws/install/go2_driver_py:/home/ayi/unitree_go2_ws/install/go2_core:/home/ayi/dev_ws/install/learning_urdf:/home/ayi/dev_ws/install/learning_topic:/home/ayi/dev_ws/install/learning_tf:/home/ayi/dev_ws/install/learning_service:/home/ayi/dev_ws/install/learning_qos:/home/ayi/dev_ws/install/learning_pkg_python:/home/ayi/dev_ws/install/learning_parameter:/home/ayi/dev_ws/install/learning_node:/home/ayi/dev_ws/install/learning_launch:/home/ayi/dev_ws/install/learning_action:/home/ayi/dev_ws/install/learning_gazebo_harmonic:/home/ayi/dev_ws/install/learning_gazebo:/home/ayi/dev_ws/install/learning_cv:/opt/ros/humble /usr/bin/cmake --install /home/ayi/unitree_go2_ws/build/go2_driver
[0.683s] INFO:colcon.colcon_core.shell:Creating package descriptor '/home/ayi/unitree_go2_ws/install/go2_driver/share/go2_driver/package.dsv'
[0.684s] INFO:colcon.colcon_core.shell:Creating package script '/home/ayi/unitree_go2_ws/install/go2_driver/share/go2_driver/package.sh'
[0.686s] INFO:colcon.colcon_core.shell:Creating package script '/home/ayi/unitree_go2_ws/install/go2_driver/share/go2_driver/package.bash'
[0.686s] INFO:colcon.colcon_core.shell:Creating package script '/home/ayi/unitree_go2_ws/install/go2_driver/share/go2_driver/package.zsh'
[0.687s] Level 1:colcon.colcon_core.environment:create_file_with_runtime_dependencies(/home/ayi/unitree_go2_ws/install/go2_driver/share/colcon-core/packages/go2_driver)
[0.689s] Level 1:colcon.colcon_core.environment:create_environment_scripts_only(go2_driver)
[0.689s] Level 1:colcon.colcon_core.environment:checking '/home/ayi/unitree_go2_ws/install/go2_driver' for CMake module files
[0.691s] Level 1:colcon.colcon_core.environment:checking '/home/ayi/unitree_go2_ws/install/go2_driver' for CMake config files
[0.691s] Level 1:colcon.colcon_core.shell:create_environment_hook('go2_driver', 'cmake_prefix_path')
[0.692s] INFO:colcon.colcon_core.shell:Creating environment hook '/home/ayi/unitree_go2_ws/install/go2_driver/share/go2_driver/hook/cmake_prefix_path.ps1'
[0.692s] INFO:colcon.colcon_core.shell:Creating environment descriptor '/home/ayi/unitree_go2_ws/install/go2_driver/share/go2_driver/hook/cmake_prefix_path.dsv'
[0.695s] INFO:colcon.colcon_core.shell:Creating environment hook '/home/ayi/unitree_go2_ws/install/go2_driver/share/go2_driver/hook/cmake_prefix_path.sh'
[0.696s] Level 1:colcon.colcon_core.environment:checking '/home/ayi/unitree_go2_ws/install/go2_driver/lib'
[0.696s] Level 1:colcon.colcon_core.environment:checking '/home/ayi/unitree_go2_ws/install/go2_driver/bin'
[0.696s] Level 1:colcon.colcon_core.environment:checking '/home/ayi/unitree_go2_ws/install/go2_driver/lib/pkgconfig/go2_driver.pc'
[0.696s] Level 1:colcon.colcon_core.environment:checking '/home/ayi/unitree_go2_ws/install/go2_driver/lib/python3.10/site-packages'
[0.696s] Level 1:colcon.colcon_core.environment:checking '/home/ayi/unitree_go2_ws/install/go2_driver/bin'
[0.696s] INFO:colcon.colcon_core.shell:Creating package script '/home/ayi/unitree_go2_ws/install/go2_driver/share/go2_driver/package.ps1'
[0.697s] INFO:colcon.colcon_core.shell:Creating package descriptor '/home/ayi/unitree_go2_ws/install/go2_driver/share/go2_driver/package.dsv'
[0.700s] INFO:colcon.colcon_core.shell:Creating package script '/home/ayi/unitree_go2_ws/install/go2_driver/share/go2_driver/package.sh'
[0.701s] INFO:colcon.colcon_core.shell:Creating package script '/home/ayi/unitree_go2_ws/install/go2_driver/share/go2_driver/package.bash'
[0.701s] INFO:colcon.colcon_core.shell:Creating package script '/home/ayi/unitree_go2_ws/install/go2_driver/share/go2_driver/package.zsh'
[0.703s] Level 1:colcon.colcon_core.environment:create_file_with_runtime_dependencies(/home/ayi/unitree_go2_ws/install/go2_driver/share/colcon-core/packages/go2_driver)
[0.705s] INFO:colcon.colcon_ros.task.ament_python.build:Building ROS package in '/home/ayi/unitree_go2_ws/src/go2_navigation' with build type 'ament_python'
[0.705s] Level 1:colcon.colcon_core.shell:create_environment_hook('go2_navigation', 'ament_prefix_path')
[0.705s] INFO:colcon.colcon_core.shell:Creating environment hook '/home/ayi/unitree_go2_ws/install/go2_navigation/share/go2_navigation/hook/ament_prefix_path.ps1'
[0.707s] INFO:colcon.colcon_core.shell:Creating environment descriptor '/home/ayi/unitree_go2_ws/install/go2_navigation/share/go2_navigation/hook/ament_prefix_path.dsv'
[0.708s] INFO:colcon.colcon_core.shell:Creating environment hook '/home/ayi/unitree_go2_ws/install/go2_navigation/share/go2_navigation/hook/ament_prefix_path.sh'
[0.708s] INFO:colcon.colcon_core.shell:Skip shell extension 'powershell' for command environment: Not usable outside of PowerShell
[0.708s] DEBUG:colcon.colcon_core.shell:Skip shell extension 'dsv' for command environment
[0.905s] INFO:colcon.colcon_core.task.python.build:Building Python package in '/home/ayi/unitree_go2_ws/src/go2_navigation'
[0.905s] INFO:colcon.colcon_core.shell:Skip shell extension 'powershell' for command environment: Not usable outside of PowerShell
[0.905s] DEBUG:colcon.colcon_core.shell:Skip shell extension 'dsv' for command environment
[0.923s] DEBUG:colcon.colcon_core.event_handler.log_command:Invoking command in '/home/ayi/unitree_go2_ws/src/base/go2_core': PYTHONPATH=/home/ayi/unitree_go2_ws/build/go2_core/prefix_override:/usr/lib/python3/dist-packages/colcon_core/task/python/colcon_distutils_commands:/home/ayi/unitree_go2_ws/install/go2_core/lib/python3.10/site-packages:${PYTHONPATH} /usr/bin/python3 -W ignore:setup.py install is deprecated -W ignore:easy_install command is deprecated setup.py egg_info --egg-base ../../../build/go2_core build --build-base /home/ayi/unitree_go2_ws/build/go2_core/build install --record /home/ayi/unitree_go2_ws/build/go2_core/install.log --single-version-externally-managed install_data
[1.210s] Level 1:colcon.colcon_core.environment:checking '/home/ayi/unitree_go2_ws/install/go2_core' for CMake module files
[1.210s] DEBUG:colcon.colcon_core.event_handler.log_command:Invoked command in '/home/ayi/unitree_go2_ws/src/base/go2_core' returned '0': PYTHONPATH=/home/ayi/unitree_go2_ws/build/go2_core/prefix_override:/usr/lib/python3/dist-packages/colcon_core/task/python/colcon_distutils_commands:/home/ayi/unitree_go2_ws/install/go2_core/lib/python3.10/site-packages:${PYTHONPATH} /usr/bin/python3 -W ignore:setup.py install is deprecated -W ignore:easy_install command is deprecated setup.py egg_info --egg-base ../../../build/go2_core build --build-base /home/ayi/unitree_go2_ws/build/go2_core/build install --record /home/ayi/unitree_go2_ws/build/go2_core/install.log --single-version-externally-managed install_data
[1.211s] Level 1:colcon.colcon_core.environment:checking '/home/ayi/unitree_go2_ws/install/go2_core' for CMake config files
[1.211s] Level 1:colcon.colcon_core.environment:checking '/home/ayi/unitree_go2_ws/install/go2_core/lib'
[1.211s] Level 1:colcon.colcon_core.environment:checking '/home/ayi/unitree_go2_ws/install/go2_core/bin'
[1.211s] Level 1:colcon.colcon_core.environment:checking '/home/ayi/unitree_go2_ws/install/go2_core/lib/pkgconfig/go2_core.pc'
[1.211s] Level 1:colcon.colcon_core.environment:checking '/home/ayi/unitree_go2_ws/install/go2_core/lib/python3.10/site-packages'
[1.211s] Level 1:colcon.colcon_core.shell:create_environment_hook('go2_core', 'pythonpath')
[1.212s] INFO:colcon.colcon_core.shell:Creating environment hook '/home/ayi/unitree_go2_ws/install/go2_core/share/go2_core/hook/pythonpath.ps1'
[1.212s] INFO:colcon.colcon_core.shell:Creating environment descriptor '/home/ayi/unitree_go2_ws/install/go2_core/share/go2_core/hook/pythonpath.dsv'
[1.213s] INFO:colcon.colcon_core.shell:Creating environment hook '/home/ayi/unitree_go2_ws/install/go2_core/share/go2_core/hook/pythonpath.sh'
[1.213s] Level 1:colcon.colcon_core.environment:checking '/home/ayi/unitree_go2_ws/install/go2_core/bin'
[1.213s] Level 1:colcon.colcon_core.environment:create_environment_scripts_only(go2_core)
[1.214s] INFO:colcon.colcon_core.shell:Creating package script '/home/ayi/unitree_go2_ws/install/go2_core/share/go2_core/package.ps1'
[1.214s] INFO:colcon.colcon_core.shell:Creating package descriptor '/home/ayi/unitree_go2_ws/install/go2_core/share/go2_core/package.dsv'
[1.215s] INFO:colcon.colcon_core.shell:Creating package script '/home/ayi/unitree_go2_ws/install/go2_core/share/go2_core/package.sh'
[1.215s] INFO:colcon.colcon_core.shell:Creating package script '/home/ayi/unitree_go2_ws/install/go2_core/share/go2_core/package.bash'
[1.216s] INFO:colcon.colcon_core.shell:Creating package script '/home/ayi/unitree_go2_ws/install/go2_core/share/go2_core/package.zsh'
[1.216s] Level 1:colcon.colcon_core.environment:create_file_with_runtime_dependencies(/home/ayi/unitree_go2_ws/install/go2_core/share/colcon-core/packages/go2_core)
[1.217s] INFO:colcon.colcon_ros.task.ament_cmake.build:Building ROS package in '/home/ayi/unitree_go2_ws/src/go2_perception' with build type 'ament_cmake'
[1.217s] INFO:colcon.colcon_cmake.task.cmake.build:Building CMake package in '/home/ayi/unitree_go2_ws/src/go2_perception'
[1.218s] INFO:colcon.colcon_core.shell:Skip shell extension 'powershell' for command environment: Not usable outside of PowerShell
[1.218s] DEBUG:colcon.colcon_core.shell:Skip shell extension 'dsv' for command environment
[1.231s] DEBUG:colcon.colcon_core.event_handler.log_command:Invoking command in '/home/ayi/unitree_go2_ws/build/go2_perception': CMAKE_PREFIX_PATH=${CMAKE_PREFIX_PATH}:/home/ayi/unitree_go2_ws/install/go2_twist_bridge_py:/home/ayi/unitree_go2_ws/install/go2_navigation:/home/ayi/unitree_go2_ws/install/go2_driver_py:/home/ayi/unitree_go2_ws/install/go2_core:/home/ayi/dev_ws/install/learning_urdf:/home/ayi/dev_ws/install/learning_topic:/home/ayi/dev_ws/install/learning_tf:/home/ayi/dev_ws/install/learning_service:/home/ayi/dev_ws/install/learning_qos:/home/ayi/dev_ws/install/learning_pkg_python:/home/ayi/dev_ws/install/learning_parameter:/home/ayi/dev_ws/install/learning_node:/home/ayi/dev_ws/install/learning_launch:/home/ayi/dev_ws/install/learning_action:/home/ayi/dev_ws/install/learning_gazebo_harmonic:/home/ayi/dev_ws/install/learning_gazebo:/home/ayi/dev_ws/install/learning_cv:/opt/ros/humble /usr/bin/cmake --build /home/ayi/unitree_go2_ws/build/go2_perception -- -j2 -l2
[1.251s] DEBUG:colcon.colcon_core.event_handler.log_command:Invoking command in '/home/ayi/unitree_go2_ws/src/go2_navigation': PYTHONPATH=/home/ayi/unitree_go2_ws/build/go2_navigation/prefix_override:/usr/lib/python3/dist-packages/colcon_core/task/python/colcon_distutils_commands:/home/ayi/unitree_go2_ws/install/go2_navigation/lib/python3.10/site-packages:${PYTHONPATH} /usr/bin/python3 -W ignore:setup.py install is deprecated -W ignore:easy_install command is deprecated setup.py egg_info --egg-base ../../build/go2_navigation build --build-base /home/ayi/unitree_go2_ws/build/go2_navigation/build install --record /home/ayi/unitree_go2_ws/build/go2_navigation/install.log --single-version-externally-managed install_data
[1.330s] DEBUG:colcon.colcon_core.event_handler.log_command:Invoked command in '/home/ayi/unitree_go2_ws/build/go2_perception' returned '0': CMAKE_PREFIX_PATH=${CMAKE_PREFIX_PATH}:/home/ayi/unitree_go2_ws/install/go2_twist_bridge_py:/home/ayi/unitree_go2_ws/install/go2_navigation:/home/ayi/unitree_go2_ws/install/go2_driver_py:/home/ayi/unitree_go2_ws/install/go2_core:/home/ayi/dev_ws/install/learning_urdf:/home/ayi/dev_ws/install/learning_topic:/home/ayi/dev_ws/install/learning_tf:/home/ayi/dev_ws/install/learning_service:/home/ayi/dev_ws/install/learning_qos:/home/ayi/dev_ws/install/learning_pkg_python:/home/ayi/dev_ws/install/learning_parameter:/home/ayi/dev_ws/install/learning_node:/home/ayi/dev_ws/install/learning_launch:/home/ayi/dev_ws/install/learning_action:/home/ayi/dev_ws/install/learning_gazebo_harmonic:/home/ayi/dev_ws/install/learning_gazebo:/home/ayi/dev_ws/install/learning_cv:/opt/ros/humble /usr/bin/cmake --build /home/ayi/unitree_go2_ws/build/go2_perception -- -j2 -l2
[1.331s] DEBUG:colcon.colcon_core.event_handler.log_command:Invoking command in '/home/ayi/unitree_go2_ws/build/go2_perception': CMAKE_PREFIX_PATH=${CMAKE_PREFIX_PATH}:/home/ayi/unitree_go2_ws/install/go2_twist_bridge_py:/home/ayi/unitree_go2_ws/install/go2_navigation:/home/ayi/unitree_go2_ws/install/go2_driver_py:/home/ayi/unitree_go2_ws/install/go2_core:/home/ayi/dev_ws/install/learning_urdf:/home/ayi/dev_ws/install/learning_topic:/home/ayi/dev_ws/install/learning_tf:/home/ayi/dev_ws/install/learning_service:/home/ayi/dev_ws/install/learning_qos:/home/ayi/dev_ws/install/learning_pkg_python:/home/ayi/dev_ws/install/learning_parameter:/home/ayi/dev_ws/install/learning_node:/home/ayi/dev_ws/install/learning_launch:/home/ayi/dev_ws/install/learning_action:/home/ayi/dev_ws/install/learning_gazebo_harmonic:/home/ayi/dev_ws/install/learning_gazebo:/home/ayi/dev_ws/install/learning_cv:/opt/ros/humble /usr/bin/cmake --install /home/ayi/unitree_go2_ws/build/go2_perception
[1.344s] Level 1:colcon.colcon_core.environment:create_environment_scripts_only(go2_perception)
[1.344s] Level 1:colcon.colcon_core.environment:checking '/home/ayi/unitree_go2_ws/install/go2_perception' for CMake module files
[1.345s] Level 1:colcon.colcon_core.environment:checking '/home/ayi/unitree_go2_ws/install/go2_perception' for CMake config files
[1.345s] Level 1:colcon.colcon_core.shell:create_environment_hook('go2_perception', 'cmake_prefix_path')
[1.345s] INFO:colcon.colcon_core.shell:Creating environment hook '/home/ayi/unitree_go2_ws/install/go2_perception/share/go2_perception/hook/cmake_prefix_path.ps1'
[1.345s] INFO:colcon.colcon_core.shell:Creating environment descriptor '/home/ayi/unitree_go2_ws/install/go2_perception/share/go2_perception/hook/cmake_prefix_path.dsv'
[1.346s] DEBUG:colcon.colcon_core.event_handler.log_command:Invoked command in '/home/ayi/unitree_go2_ws/build/go2_perception' returned '0': CMAKE_PREFIX_PATH=${CMAKE_PREFIX_PATH}:/home/ayi/unitree_go2_ws/install/go2_twist_bridge_py:/home/ayi/unitree_go2_ws/install/go2_navigation:/home/ayi/unitree_go2_ws/install/go2_driver_py:/home/ayi/unitree_go2_ws/install/go2_core:/home/ayi/dev_ws/install/learning_urdf:/home/ayi/dev_ws/install/learning_topic:/home/ayi/dev_ws/install/learning_tf:/home/ayi/dev_ws/install/learning_service:/home/ayi/dev_ws/install/learning_qos:/home/ayi/dev_ws/install/learning_pkg_python:/home/ayi/dev_ws/install/learning_parameter:/home/ayi/dev_ws/install/learning_node:/home/ayi/dev_ws/install/learning_launch:/home/ayi/dev_ws/install/learning_action:/home/ayi/dev_ws/install/learning_gazebo_harmonic:/home/ayi/dev_ws/install/learning_gazebo:/home/ayi/dev_ws/install/learning_cv:/opt/ros/humble /usr/bin/cmake --install /home/ayi/unitree_go2_ws/build/go2_perception
[1.346s] INFO:colcon.colcon_core.shell:Creating environment hook '/home/ayi/unitree_go2_ws/install/go2_perception/share/go2_perception/hook/cmake_prefix_path.sh'
[1.347s] Level 1:colcon.colcon_core.environment:checking '/home/ayi/unitree_go2_ws/install/go2_perception/lib'
[1.347s] Level 1:colcon.colcon_core.shell:create_environment_hook('go2_perception', 'ld_library_path_lib')
[1.347s] INFO:colcon.colcon_core.shell:Creating environment hook '/home/ayi/unitree_go2_ws/install/go2_perception/share/go2_perception/hook/ld_library_path_lib.ps1'
[1.348s] INFO:colcon.colcon_core.shell:Creating environment descriptor '/home/ayi/unitree_go2_ws/install/go2_perception/share/go2_perception/hook/ld_library_path_lib.dsv'
[1.348s] INFO:colcon.colcon_core.shell:Creating environment hook '/home/ayi/unitree_go2_ws/install/go2_perception/share/go2_perception/hook/ld_library_path_lib.sh'
[1.349s] Level 1:colcon.colcon_core.environment:checking '/home/ayi/unitree_go2_ws/install/go2_perception/bin'
[1.349s] Level 1:colcon.colcon_core.environment:checking '/home/ayi/unitree_go2_ws/install/go2_perception/lib/pkgconfig/go2_perception.pc'
[1.349s] Level 1:colcon.colcon_core.environment:checking '/home/ayi/unitree_go2_ws/install/go2_perception/lib/python3.10/site-packages'
[1.349s] Level 1:colcon.colcon_core.environment:checking '/home/ayi/unitree_go2_ws/install/go2_perception/bin'
[1.350s] INFO:colcon.colcon_core.shell:Creating package script '/home/ayi/unitree_go2_ws/install/go2_perception/share/go2_perception/package.ps1'
[1.350s] INFO:colcon.colcon_core.shell:Creating package descriptor '/home/ayi/unitree_go2_ws/install/go2_perception/share/go2_perception/package.dsv'
[1.351s] INFO:colcon.colcon_core.shell:Creating package script '/home/ayi/unitree_go2_ws/install/go2_perception/share/go2_perception/package.sh'
[1.351s] INFO:colcon.colcon_core.shell:Creating package script '/home/ayi/unitree_go2_ws/install/go2_perception/share/go2_perception/package.bash'
[1.352s] INFO:colcon.colcon_core.shell:Creating package script '/home/ayi/unitree_go2_ws/install/go2_perception/share/go2_perception/package.zsh'
[1.352s] Level 1:colcon.colcon_core.environment:create_file_with_runtime_dependencies(/home/ayi/unitree_go2_ws/install/go2_perception/share/colcon-core/packages/go2_perception)
[1.353s] Level 1:colcon.colcon_core.environment:create_environment_scripts_only(go2_perception)
[1.353s] Level 1:colcon.colcon_core.environment:checking '/home/ayi/unitree_go2_ws/install/go2_perception' for CMake module files
[1.353s] Level 1:colcon.colcon_core.environment:checking '/home/ayi/unitree_go2_ws/install/go2_perception' for CMake config files
[1.354s] Level 1:colcon.colcon_core.shell:create_environment_hook('go2_perception', 'cmake_prefix_path')
[1.354s] INFO:colcon.colcon_core.shell:Creating environment hook '/home/ayi/unitree_go2_ws/install/go2_perception/share/go2_perception/hook/cmake_prefix_path.ps1'
[1.354s] INFO:colcon.colcon_core.shell:Creating environment descriptor '/home/ayi/unitree_go2_ws/install/go2_perception/share/go2_perception/hook/cmake_prefix_path.dsv'
[1.355s] INFO:colcon.colcon_core.shell:Creating environment hook '/home/ayi/unitree_go2_ws/install/go2_perception/share/go2_perception/hook/cmake_prefix_path.sh'
[1.355s] Level 1:colcon.colcon_core.environment:checking '/home/ayi/unitree_go2_ws/install/go2_perception/lib'
[1.356s] Level 1:colcon.colcon_core.shell:create_environment_hook('go2_perception', 'ld_library_path_lib')
[1.356s] INFO:colcon.colcon_core.shell:Creating environment hook '/home/ayi/unitree_go2_ws/install/go2_perception/share/go2_perception/hook/ld_library_path_lib.ps1'
[1.356s] INFO:colcon.colcon_core.shell:Creating environment descriptor '/home/ayi/unitree_go2_ws/install/go2_perception/share/go2_perception/hook/ld_library_path_lib.dsv'
[1.357s] INFO:colcon.colcon_core.shell:Creating environment hook '/home/ayi/unitree_go2_ws/install/go2_perception/share/go2_perception/hook/ld_library_path_lib.sh'
[1.358s] Level 1:colcon.colcon_core.environment:checking '/home/ayi/unitree_go2_ws/install/go2_perception/bin'
[1.358s] Level 1:colcon.colcon_core.environment:checking '/home/ayi/unitree_go2_ws/install/go2_perception/lib/pkgconfig/go2_perception.pc'
[1.358s] Level 1:colcon.colcon_core.environment:checking '/home/ayi/unitree_go2_ws/install/go2_perception/lib/python3.10/site-packages'
[1.358s] Level 1:colcon.colcon_core.environment:checking '/home/ayi/unitree_go2_ws/install/go2_perception/bin'
[1.358s] INFO:colcon.colcon_core.shell:Creating package script '/home/ayi/unitree_go2_ws/install/go2_perception/share/go2_perception/package.ps1'
[1.359s] INFO:colcon.colcon_core.shell:Creating package descriptor '/home/ayi/unitree_go2_ws/install/go2_perception/share/go2_perception/package.dsv'
[1.359s] INFO:colcon.colcon_core.shell:Creating package script '/home/ayi/unitree_go2_ws/install/go2_perception/share/go2_perception/package.sh'
[1.360s] INFO:colcon.colcon_core.shell:Creating package script '/home/ayi/unitree_go2_ws/install/go2_perception/share/go2_perception/package.bash'
[1.360s] INFO:colcon.colcon_core.shell:Creating package script '/home/ayi/unitree_go2_ws/install/go2_perception/share/go2_perception/package.zsh'
[1.361s] Level 1:colcon.colcon_core.environment:create_file_with_runtime_dependencies(/home/ayi/unitree_go2_ws/install/go2_perception/share/colcon-core/packages/go2_perception)
[1.362s] INFO:colcon.colcon_ros.task.ament_cmake.build:Building ROS package in '/home/ayi/unitree_go2_ws/src/go2_slam' with build type 'ament_cmake'
[1.363s] INFO:colcon.colcon_cmake.task.cmake.build:Building CMake package in '/home/ayi/unitree_go2_ws/src/go2_slam'
[1.363s] INFO:colcon.colcon_core.shell:Skip shell extension 'powershell' for command environment: Not usable outside of PowerShell
[1.363s] DEBUG:colcon.colcon_core.shell:Skip shell extension 'dsv' for command environment
[1.377s] DEBUG:colcon.colcon_core.event_handler.log_command:Invoking command in '/home/ayi/unitree_go2_ws/build/go2_slam': CMAKE_PREFIX_PATH=${CMAKE_PREFIX_PATH}:/home/ayi/unitree_go2_ws/install/go2_twist_bridge_py:/home/ayi/unitree_go2_ws/install/go2_navigation:/home/ayi/unitree_go2_ws/install/go2_driver_py:/home/ayi/unitree_go2_ws/install/go2_core:/home/ayi/dev_ws/install/learning_urdf:/home/ayi/dev_ws/install/learning_topic:/home/ayi/dev_ws/install/learning_tf:/home/ayi/dev_ws/install/learning_service:/home/ayi/dev_ws/install/learning_qos:/home/ayi/dev_ws/install/learning_pkg_python:/home/ayi/dev_ws/install/learning_parameter:/home/ayi/dev_ws/install/learning_node:/home/ayi/dev_ws/install/learning_launch:/home/ayi/dev_ws/install/learning_action:/home/ayi/dev_ws/install/learning_gazebo_harmonic:/home/ayi/dev_ws/install/learning_gazebo:/home/ayi/dev_ws/install/learning_cv:/opt/ros/humble /usr/bin/cmake --build /home/ayi/unitree_go2_ws/build/go2_slam -- -j2 -l2
[1.412s] DEBUG:colcon.colcon_core.event_handler.log_command:Invoked command in '/home/ayi/unitree_go2_ws/build/go2_slam' returned '0': CMAKE_PREFIX_PATH=${CMAKE_PREFIX_PATH}:/home/ayi/unitree_go2_ws/install/go2_twist_bridge_py:/home/ayi/unitree_go2_ws/install/go2_navigation:/home/ayi/unitree_go2_ws/install/go2_driver_py:/home/ayi/unitree_go2_ws/install/go2_core:/home/ayi/dev_ws/install/learning_urdf:/home/ayi/dev_ws/install/learning_topic:/home/ayi/dev_ws/install/learning_tf:/home/ayi/dev_ws/install/learning_service:/home/ayi/dev_ws/install/learning_qos:/home/ayi/dev_ws/install/learning_pkg_python:/home/ayi/dev_ws/install/learning_parameter:/home/ayi/dev_ws/install/learning_node:/home/ayi/dev_ws/install/learning_launch:/home/ayi/dev_ws/install/learning_action:/home/ayi/dev_ws/install/learning_gazebo_harmonic:/home/ayi/dev_ws/install/learning_gazebo:/home/ayi/dev_ws/install/learning_cv:/opt/ros/humble /usr/bin/cmake --build /home/ayi/unitree_go2_ws/build/go2_slam -- -j2 -l2
[1.413s] DEBUG:colcon.colcon_core.event_handler.log_command:Invoking command in '/home/ayi/unitree_go2_ws/build/go2_slam': CMAKE_PREFIX_PATH=${CMAKE_PREFIX_PATH}:/home/ayi/unitree_go2_ws/install/go2_twist_bridge_py:/home/ayi/unitree_go2_ws/install/go2_navigation:/home/ayi/unitree_go2_ws/install/go2_driver_py:/home/ayi/unitree_go2_ws/install/go2_core:/home/ayi/dev_ws/install/learning_urdf:/home/ayi/dev_ws/install/learning_topic:/home/ayi/dev_ws/install/learning_tf:/home/ayi/dev_ws/install/learning_service:/home/ayi/dev_ws/install/learning_qos:/home/ayi/dev_ws/install/learning_pkg_python:/home/ayi/dev_ws/install/learning_parameter:/home/ayi/dev_ws/install/learning_node:/home/ayi/dev_ws/install/learning_launch:/home/ayi/dev_ws/install/learning_action:/home/ayi/dev_ws/install/learning_gazebo_harmonic:/home/ayi/dev_ws/install/learning_gazebo:/home/ayi/dev_ws/install/learning_cv:/opt/ros/humble /usr/bin/cmake --install /home/ayi/unitree_go2_ws/build/go2_slam
[1.429s] Level 1:colcon.colcon_core.environment:create_environment_scripts_only(go2_slam)
[1.429s] Level 1:colcon.colcon_core.environment:checking '/home/ayi/unitree_go2_ws/install/go2_slam' for CMake module files
[1.429s] DEBUG:colcon.colcon_core.event_handler.log_command:Invoked command in '/home/ayi/unitree_go2_ws/build/go2_slam' returned '0': CMAKE_PREFIX_PATH=${CMAKE_PREFIX_PATH}:/home/ayi/unitree_go2_ws/install/go2_twist_bridge_py:/home/ayi/unitree_go2_ws/install/go2_navigation:/home/ayi/unitree_go2_ws/install/go2_driver_py:/home/ayi/unitree_go2_ws/install/go2_core:/home/ayi/dev_ws/install/learning_urdf:/home/ayi/dev_ws/install/learning_topic:/home/ayi/dev_ws/install/learning_tf:/home/ayi/dev_ws/install/learning_service:/home/ayi/dev_ws/install/learning_qos:/home/ayi/dev_ws/install/learning_pkg_python:/home/ayi/dev_ws/install/learning_parameter:/home/ayi/dev_ws/install/learning_node:/home/ayi/dev_ws/install/learning_launch:/home/ayi/dev_ws/install/learning_action:/home/ayi/dev_ws/install/learning_gazebo_harmonic:/home/ayi/dev_ws/install/learning_gazebo:/home/ayi/dev_ws/install/learning_cv:/opt/ros/humble /usr/bin/cmake --install /home/ayi/unitree_go2_ws/build/go2_slam
[1.429s] Level 1:colcon.colcon_core.environment:checking '/home/ayi/unitree_go2_ws/install/go2_slam' for CMake config files
[1.430s] Level 1:colcon.colcon_core.shell:create_environment_hook('go2_slam', 'cmake_prefix_path')
[1.430s] INFO:colcon.colcon_core.shell:Creating environment hook '/home/ayi/unitree_go2_ws/install/go2_slam/share/go2_slam/hook/cmake_prefix_path.ps1'
[1.430s] INFO:colcon.colcon_core.shell:Creating environment descriptor '/home/ayi/unitree_go2_ws/install/go2_slam/share/go2_slam/hook/cmake_prefix_path.dsv'
[1.431s] INFO:colcon.colcon_core.shell:Creating environment hook '/home/ayi/unitree_go2_ws/install/go2_slam/share/go2_slam/hook/cmake_prefix_path.sh'
[1.432s] Level 1:colcon.colcon_core.environment:checking '/home/ayi/unitree_go2_ws/install/go2_slam/bin'
[1.432s] Level 1:colcon.colcon_core.environment:checking '/home/ayi/unitree_go2_ws/install/go2_slam/lib/pkgconfig/go2_slam.pc'
[1.432s] Level 1:colcon.colcon_core.environment:checking '/home/ayi/unitree_go2_ws/install/go2_slam/lib/python3.10/site-packages'
[1.432s] Level 1:colcon.colcon_core.environment:checking '/home/ayi/unitree_go2_ws/install/go2_slam/bin'
[1.432s] INFO:colcon.colcon_core.shell:Creating package script '/home/ayi/unitree_go2_ws/install/go2_slam/share/go2_slam/package.ps1'
[1.433s] INFO:colcon.colcon_core.shell:Creating package descriptor '/home/ayi/unitree_go2_ws/install/go2_slam/share/go2_slam/package.dsv'
[1.433s] INFO:colcon.colcon_core.shell:Creating package script '/home/ayi/unitree_go2_ws/install/go2_slam/share/go2_slam/package.sh'
[1.434s] INFO:colcon.colcon_core.shell:Creating package script '/home/ayi/unitree_go2_ws/install/go2_slam/share/go2_slam/package.bash'
[1.434s] INFO:colcon.colcon_core.shell:Creating package script '/home/ayi/unitree_go2_ws/install/go2_slam/share/go2_slam/package.zsh'
[1.434s] Level 1:colcon.colcon_core.environment:create_file_with_runtime_dependencies(/home/ayi/unitree_go2_ws/install/go2_slam/share/colcon-core/packages/go2_slam)
[1.435s] Level 1:colcon.colcon_core.environment:create_environment_scripts_only(go2_slam)
[1.436s] Level 1:colcon.colcon_core.environment:checking '/home/ayi/unitree_go2_ws/install/go2_slam' for CMake module files
[1.436s] Level 1:colcon.colcon_core.environment:checking '/home/ayi/unitree_go2_ws/install/go2_slam' for CMake config files
[1.436s] Level 1:colcon.colcon_core.shell:create_environment_hook('go2_slam', 'cmake_prefix_path')
[1.436s] INFO:colcon.colcon_core.shell:Creating environment hook '/home/ayi/unitree_go2_ws/install/go2_slam/share/go2_slam/hook/cmake_prefix_path.ps1'
[1.437s] INFO:colcon.colcon_core.shell:Creating environment descriptor '/home/ayi/unitree_go2_ws/install/go2_slam/share/go2_slam/hook/cmake_prefix_path.dsv'
[1.437s] INFO:colcon.colcon_core.shell:Creating environment hook '/home/ayi/unitree_go2_ws/install/go2_slam/share/go2_slam/hook/cmake_prefix_path.sh'
[1.438s] Level 1:colcon.colcon_core.environment:checking '/home/ayi/unitree_go2_ws/install/go2_slam/bin'
[1.438s] Level 1:colcon.colcon_core.environment:checking '/home/ayi/unitree_go2_ws/install/go2_slam/lib/pkgconfig/go2_slam.pc'
[1.438s] Level 1:colcon.colcon_core.environment:checking '/home/ayi/unitree_go2_ws/install/go2_slam/lib/python3.10/site-packages'
[1.438s] Level 1:colcon.colcon_core.environment:checking '/home/ayi/unitree_go2_ws/install/go2_slam/bin'
[1.438s] INFO:colcon.colcon_core.shell:Creating package script '/home/ayi/unitree_go2_ws/install/go2_slam/share/go2_slam/package.ps1'
[1.439s] INFO:colcon.colcon_core.shell:Creating package descriptor '/home/ayi/unitree_go2_ws/install/go2_slam/share/go2_slam/package.dsv'
[1.440s] INFO:colcon.colcon_core.shell:Creating package script '/home/ayi/unitree_go2_ws/install/go2_slam/share/go2_slam/package.sh'
[1.440s] INFO:colcon.colcon_core.shell:Creating package script '/home/ayi/unitree_go2_ws/install/go2_slam/share/go2_slam/package.bash'
[1.441s] INFO:colcon.colcon_core.shell:Creating package script '/home/ayi/unitree_go2_ws/install/go2_slam/share/go2_slam/package.zsh'
[1.441s] Level 1:colcon.colcon_core.environment:create_file_with_runtime_dependencies(/home/ayi/unitree_go2_ws/install/go2_slam/share/colcon-core/packages/go2_slam)
[1.442s] INFO:colcon.colcon_ros.task.ament_cmake.build:Building ROS package in '/home/ayi/unitree_go2_ws/src/base/go2_twist_bridge' with build type 'ament_cmake'
[1.442s] INFO:colcon.colcon_cmake.task.cmake.build:Building CMake package in '/home/ayi/unitree_go2_ws/src/base/go2_twist_bridge'
[1.442s] INFO:colcon.colcon_core.shell:Skip shell extension 'powershell' for command environment: Not usable outside of PowerShell
[1.442s] DEBUG:colcon.colcon_core.shell:Skip shell extension 'dsv' for command environment
[1.452s] DEBUG:colcon.colcon_core.event_handler.log_command:Invoking command in '/home/ayi/unitree_go2_ws/build/go2_twist_bridge': CMAKE_PREFIX_PATH=${CMAKE_PREFIX_PATH}:/home/ayi/unitree_go2_ws/install/go2_twist_bridge_py:/home/ayi/unitree_go2_ws/install/go2_navigation:/home/ayi/unitree_go2_ws/install/go2_driver_py:/home/ayi/unitree_go2_ws/install/go2_core:/home/ayi/dev_ws/install/learning_urdf:/home/ayi/dev_ws/install/learning_topic:/home/ayi/dev_ws/install/learning_tf:/home/ayi/dev_ws/install/learning_service:/home/ayi/dev_ws/install/learning_qos:/home/ayi/dev_ws/install/learning_pkg_python:/home/ayi/dev_ws/install/learning_parameter:/home/ayi/dev_ws/install/learning_node:/home/ayi/dev_ws/install/learning_launch:/home/ayi/dev_ws/install/learning_action:/home/ayi/dev_ws/install/learning_gazebo_harmonic:/home/ayi/dev_ws/install/learning_gazebo:/home/ayi/dev_ws/install/learning_cv:/opt/ros/humble /usr/bin/cmake --build /home/ayi/unitree_go2_ws/build/go2_twist_bridge -- -j2 -l2
[1.556s] DEBUG:colcon.colcon_core.event_handler.log_command:Invoked command in '/home/ayi/unitree_go2_ws/build/go2_twist_bridge' returned '0': CMAKE_PREFIX_PATH=${CMAKE_PREFIX_PATH}:/home/ayi/unitree_go2_ws/install/go2_twist_bridge_py:/home/ayi/unitree_go2_ws/install/go2_navigation:/home/ayi/unitree_go2_ws/install/go2_driver_py:/home/ayi/unitree_go2_ws/install/go2_core:/home/ayi/dev_ws/install/learning_urdf:/home/ayi/dev_ws/install/learning_topic:/home/ayi/dev_ws/install/learning_tf:/home/ayi/dev_ws/install/learning_service:/home/ayi/dev_ws/install/learning_qos:/home/ayi/dev_ws/install/learning_pkg_python:/home/ayi/dev_ws/install/learning_parameter:/home/ayi/dev_ws/install/learning_node:/home/ayi/dev_ws/install/learning_launch:/home/ayi/dev_ws/install/learning_action:/home/ayi/dev_ws/install/learning_gazebo_harmonic:/home/ayi/dev_ws/install/learning_gazebo:/home/ayi/dev_ws/install/learning_cv:/opt/ros/humble /usr/bin/cmake --build /home/ayi/unitree_go2_ws/build/go2_twist_bridge -- -j2 -l2
[1.563s] DEBUG:colcon.colcon_core.event_handler.log_command:Invoking command in '/home/ayi/unitree_go2_ws/build/go2_twist_bridge': CMAKE_PREFIX_PATH=${CMAKE_PREFIX_PATH}:/home/ayi/unitree_go2_ws/install/go2_twist_bridge_py:/home/ayi/unitree_go2_ws/install/go2_navigation:/home/ayi/unitree_go2_ws/install/go2_driver_py:/home/ayi/unitree_go2_ws/install/go2_core:/home/ayi/dev_ws/install/learning_urdf:/home/ayi/dev_ws/install/learning_topic:/home/ayi/dev_ws/install/learning_tf:/home/ayi/dev_ws/install/learning_service:/home/ayi/dev_ws/install/learning_qos:/home/ayi/dev_ws/install/learning_pkg_python:/home/ayi/dev_ws/install/learning_parameter:/home/ayi/dev_ws/install/learning_node:/home/ayi/dev_ws/install/learning_launch:/home/ayi/dev_ws/install/learning_action:/home/ayi/dev_ws/install/learning_gazebo_harmonic:/home/ayi/dev_ws/install/learning_gazebo:/home/ayi/dev_ws/install/learning_cv:/opt/ros/humble /usr/bin/cmake --install /home/ayi/unitree_go2_ws/build/go2_twist_bridge
[1.571s] Level 1:colcon.colcon_core.environment:checking '/home/ayi/unitree_go2_ws/install/go2_navigation' for CMake module files
[1.572s] Level 1:colcon.colcon_core.environment:checking '/home/ayi/unitree_go2_ws/install/go2_navigation' for CMake config files
[1.572s] Level 1:colcon.colcon_core.environment:checking '/home/ayi/unitree_go2_ws/install/go2_navigation/lib'
[1.572s] Level 1:colcon.colcon_core.environment:checking '/home/ayi/unitree_go2_ws/install/go2_navigation/bin'
[1.572s] Level 1:colcon.colcon_core.environment:checking '/home/ayi/unitree_go2_ws/install/go2_navigation/lib/pkgconfig/go2_navigation.pc'
[1.572s] Level 1:colcon.colcon_core.environment:checking '/home/ayi/unitree_go2_ws/install/go2_navigation/lib/python3.10/site-packages'
[1.572s] Level 1:colcon.colcon_core.shell:create_environment_hook('go2_navigation', 'pythonpath')
[1.572s] INFO:colcon.colcon_core.shell:Creating environment hook '/home/ayi/unitree_go2_ws/install/go2_navigation/share/go2_navigation/hook/pythonpath.ps1'
[1.575s] DEBUG:colcon.colcon_core.event_handler.log_command:Invoked command in '/home/ayi/unitree_go2_ws/src/go2_navigation' returned '0': PYTHONPATH=/home/ayi/unitree_go2_ws/build/go2_navigation/prefix_override:/usr/lib/python3/dist-packages/colcon_core/task/python/colcon_distutils_commands:/home/ayi/unitree_go2_ws/install/go2_navigation/lib/python3.10/site-packages:${PYTHONPATH} /usr/bin/python3 -W ignore:setup.py install is deprecated -W ignore:easy_install command is deprecated setup.py egg_info --egg-base ../../build/go2_navigation build --build-base /home/ayi/unitree_go2_ws/build/go2_navigation/build install --record /home/ayi/unitree_go2_ws/build/go2_navigation/install.log --single-version-externally-managed install_data
[1.576s] INFO:colcon.colcon_core.shell:Creating environment descriptor '/home/ayi/unitree_go2_ws/install/go2_navigation/share/go2_navigation/hook/pythonpath.dsv'
[1.578s] INFO:colcon.colcon_core.shell:Creating environment hook '/home/ayi/unitree_go2_ws/install/go2_navigation/share/go2_navigation/hook/pythonpath.sh'
[1.579s] Level 1:colcon.colcon_core.environment:checking '/home/ayi/unitree_go2_ws/install/go2_navigation/bin'
[1.579s] Level 1:colcon.colcon_core.environment:create_environment_scripts_only(go2_navigation)
[1.579s] INFO:colcon.colcon_core.shell:Creating package script '/home/ayi/unitree_go2_ws/install/go2_navigation/share/go2_navigation/package.ps1'
[1.581s] INFO:colcon.colcon_core.shell:Creating package descriptor '/home/ayi/unitree_go2_ws/install/go2_navigation/share/go2_navigation/package.dsv'
[1.581s] INFO:colcon.colcon_core.shell:Creating package script '/home/ayi/unitree_go2_ws/install/go2_navigation/share/go2_navigation/package.sh'
[1.582s] INFO:colcon.colcon_core.shell:Creating package script '/home/ayi/unitree_go2_ws/install/go2_navigation/share/go2_navigation/package.bash'
[1.583s] INFO:colcon.colcon_core.shell:Creating package script '/home/ayi/unitree_go2_ws/install/go2_navigation/share/go2_navigation/package.zsh'
[1.583s] Level 1:colcon.colcon_core.environment:create_file_with_runtime_dependencies(/home/ayi/unitree_go2_ws/install/go2_navigation/share/colcon-core/packages/go2_navigation)
[1.584s] Level 1:colcon.colcon_core.environment:create_environment_scripts_only(go2_twist_bridge)
[1.585s] Level 1:colcon.colcon_core.environment:checking '/home/ayi/unitree_go2_ws/install/go2_twist_bridge' for CMake module files
[1.585s] Level 1:colcon.colcon_core.environment:checking '/home/ayi/unitree_go2_ws/install/go2_twist_bridge' for CMake config files
[1.585s] Level 1:colcon.colcon_core.shell:create_environment_hook('go2_twist_bridge', 'cmake_prefix_path')
[1.585s] INFO:colcon.colcon_core.shell:Creating environment hook '/home/ayi/unitree_go2_ws/install/go2_twist_bridge/share/go2_twist_bridge/hook/cmake_prefix_path.ps1'
[1.587s] DEBUG:colcon.colcon_core.event_handler.log_command:Invoked command in '/home/ayi/unitree_go2_ws/build/go2_twist_bridge' returned '0': CMAKE_PREFIX_PATH=${CMAKE_PREFIX_PATH}:/home/ayi/unitree_go2_ws/install/go2_twist_bridge_py:/home/ayi/unitree_go2_ws/install/go2_navigation:/home/ayi/unitree_go2_ws/install/go2_driver_py:/home/ayi/unitree_go2_ws/install/go2_core:/home/ayi/dev_ws/install/learning_urdf:/home/ayi/dev_ws/install/learning_topic:/home/ayi/dev_ws/install/learning_tf:/home/ayi/dev_ws/install/learning_service:/home/ayi/dev_ws/install/learning_qos:/home/ayi/dev_ws/install/learning_pkg_python:/home/ayi/dev_ws/install/learning_parameter:/home/ayi/dev_ws/install/learning_node:/home/ayi/dev_ws/install/learning_launch:/home/ayi/dev_ws/install/learning_action:/home/ayi/dev_ws/install/learning_gazebo_harmonic:/home/ayi/dev_ws/install/learning_gazebo:/home/ayi/dev_ws/install/learning_cv:/opt/ros/humble /usr/bin/cmake --install /home/ayi/unitree_go2_ws/build/go2_twist_bridge
[1.588s] INFO:colcon.colcon_core.shell:Creating environment descriptor '/home/ayi/unitree_go2_ws/install/go2_twist_bridge/share/go2_twist_bridge/hook/cmake_prefix_path.dsv'
[1.588s] INFO:colcon.colcon_core.shell:Creating environment hook '/home/ayi/unitree_go2_ws/install/go2_twist_bridge/share/go2_twist_bridge/hook/cmake_prefix_path.sh'
[1.590s] Level 1:colcon.colcon_core.environment:checking '/home/ayi/unitree_go2_ws/install/go2_twist_bridge/lib'
[1.590s] Level 1:colcon.colcon_core.environment:checking '/home/ayi/unitree_go2_ws/install/go2_twist_bridge/bin'
[1.590s] Level 1:colcon.colcon_core.environment:checking '/home/ayi/unitree_go2_ws/install/go2_twist_bridge/lib/pkgconfig/go2_twist_bridge.pc'
[1.590s] Level 1:colcon.colcon_core.environment:checking '/home/ayi/unitree_go2_ws/install/go2_twist_bridge/lib/python3.10/site-packages'
[1.590s] Level 1:colcon.colcon_core.environment:checking '/home/ayi/unitree_go2_ws/install/go2_twist_bridge/bin'
[1.590s] INFO:colcon.colcon_core.shell:Creating package script '/home/ayi/unitree_go2_ws/install/go2_twist_bridge/share/go2_twist_bridge/package.ps1'
[1.590s] INFO:colcon.colcon_core.shell:Creating package descriptor '/home/ayi/unitree_go2_ws/install/go2_twist_bridge/share/go2_twist_bridge/package.dsv'
[1.591s] INFO:colcon.colcon_core.shell:Creating package script '/home/ayi/unitree_go2_ws/install/go2_twist_bridge/share/go2_twist_bridge/package.sh'
[1.593s] INFO:colcon.colcon_core.shell:Creating package script '/home/ayi/unitree_go2_ws/install/go2_twist_bridge/share/go2_twist_bridge/package.bash'
[1.594s] INFO:colcon.colcon_core.shell:Creating package script '/home/ayi/unitree_go2_ws/install/go2_twist_bridge/share/go2_twist_bridge/package.zsh'
[1.594s] Level 1:colcon.colcon_core.environment:create_file_with_runtime_dependencies(/home/ayi/unitree_go2_ws/install/go2_twist_bridge/share/colcon-core/packages/go2_twist_bridge)
[1.595s] Level 1:colcon.colcon_core.environment:create_environment_scripts_only(go2_twist_bridge)
[1.595s] Level 1:colcon.colcon_core.environment:checking '/home/ayi/unitree_go2_ws/install/go2_twist_bridge' for CMake module files
[1.595s] Level 1:colcon.colcon_core.environment:checking '/home/ayi/unitree_go2_ws/install/go2_twist_bridge' for CMake config files
[1.595s] Level 1:colcon.colcon_core.shell:create_environment_hook('go2_twist_bridge', 'cmake_prefix_path')
[1.595s] INFO:colcon.colcon_core.shell:Creating environment hook '/home/ayi/unitree_go2_ws/install/go2_twist_bridge/share/go2_twist_bridge/hook/cmake_prefix_path.ps1'
[1.596s] INFO:colcon.colcon_core.shell:Creating environment descriptor '/home/ayi/unitree_go2_ws/install/go2_twist_bridge/share/go2_twist_bridge/hook/cmake_prefix_path.dsv'
[1.596s] INFO:colcon.colcon_core.shell:Creating environment hook '/home/ayi/unitree_go2_ws/install/go2_twist_bridge/share/go2_twist_bridge/hook/cmake_prefix_path.sh'
[1.597s] Level 1:colcon.colcon_core.environment:checking '/home/ayi/unitree_go2_ws/install/go2_twist_bridge/lib'
[1.597s] Level 1:colcon.colcon_core.environment:checking '/home/ayi/unitree_go2_ws/install/go2_twist_bridge/bin'
[1.597s] Level 1:colcon.colcon_core.environment:checking '/home/ayi/unitree_go2_ws/install/go2_twist_bridge/lib/pkgconfig/go2_twist_bridge.pc'
[1.597s] Level 1:colcon.colcon_core.environment:checking '/home/ayi/unitree_go2_ws/install/go2_twist_bridge/lib/python3.10/site-packages'
[1.597s] Level 1:colcon.colcon_core.environment:checking '/home/ayi/unitree_go2_ws/install/go2_twist_bridge/bin'
[1.597s] INFO:colcon.colcon_core.shell:Creating package script '/home/ayi/unitree_go2_ws/install/go2_twist_bridge/share/go2_twist_bridge/package.ps1'
[1.597s] INFO:colcon.colcon_core.shell:Creating package descriptor '/home/ayi/unitree_go2_ws/install/go2_twist_bridge/share/go2_twist_bridge/package.dsv'
[1.600s] INFO:colcon.colcon_core.shell:Creating package script '/home/ayi/unitree_go2_ws/install/go2_twist_bridge/share/go2_twist_bridge/package.sh'
[1.600s] INFO:colcon.colcon_core.shell:Creating package script '/home/ayi/unitree_go2_ws/install/go2_twist_bridge/share/go2_twist_bridge/package.bash'
[1.601s] INFO:colcon.colcon_core.shell:Creating package script '/home/ayi/unitree_go2_ws/install/go2_twist_bridge/share/go2_twist_bridge/package.zsh'
[1.602s] Level 1:colcon.colcon_core.environment:create_file_with_runtime_dependencies(/home/ayi/unitree_go2_ws/install/go2_twist_bridge/share/colcon-core/packages/go2_twist_bridge)
[1.603s] DEBUG:colcon.colcon_parallel_executor.executor.parallel:closing loop
[1.603s] DEBUG:colcon.colcon_parallel_executor.executor.parallel:loop closed
[1.603s] DEBUG:colcon.colcon_parallel_executor.executor.parallel:run_until_complete finished with '0'
[1.603s] DEBUG:colcon.colcon_core.event_reactor:joining thread
[1.608s] INFO:colcon.colcon_core.plugin_system:Skipping extension 'colcon_notification.desktop_notification.terminal_notifier': Not used on non-Darwin systems
[1.608s] INFO:colcon.colcon_core.plugin_system:Skipping extension 'colcon_notification.desktop_notification.win32': Not used on non-Windows systems
[1.608s] INFO:colcon.colcon_notification.desktop_notification:Sending desktop notification using 'notify2'
[1.622s] DEBUG:colcon.colcon_core.event_reactor:joined thread
[1.623s] INFO:colcon.colcon_core.shell:Creating prefix script '/home/ayi/unitree_go2_ws/install/local_setup.ps1'
[1.624s] INFO:colcon.colcon_core.shell:Creating prefix util module '/home/ayi/unitree_go2_ws/install/_local_setup_util_ps1.py'
[1.626s] INFO:colcon.colcon_core.shell:Creating prefix chain script '/home/ayi/unitree_go2_ws/install/setup.ps1'
[1.628s] INFO:colcon.colcon_core.shell:Creating prefix script '/home/ayi/unitree_go2_ws/install/local_setup.sh'
[1.629s] INFO:colcon.colcon_core.shell:Creating prefix util module '/home/ayi/unitree_go2_ws/install/_local_setup_util_sh.py'
[1.631s] INFO:colcon.colcon_core.shell:Creating prefix chain script '/home/ayi/unitree_go2_ws/install/setup.sh'
[1.632s] INFO:colcon.colcon_core.shell:Creating prefix script '/home/ayi/unitree_go2_ws/install/local_setup.bash'
[1.634s] INFO:colcon.colcon_core.shell:Creating prefix chain script '/home/ayi/unitree_go2_ws/install/setup.bash'
[1.636s] INFO:colcon.colcon_core.shell:Creating prefix script '/home/ayi/unitree_go2_ws/install/local_setup.zsh'
[1.638s] INFO:colcon.colcon_core.shell:Creating prefix chain script '/home/ayi/unitree_go2_ws/install/setup.zsh'
