[0.032s] Invoking command in '/home/ayi/unitree_go2_ws/build/go2_driver': CMAKE_PREFIX_PATH=${CMAKE_PREFIX_PATH}:/home/ayi/unitree_go2_ws/install/go2_twist_bridge_py:/home/ayi/unitree_go2_ws/install/go2_navigation:/home/ayi/unitree_go2_ws/install/go2_driver_py:/home/ayi/unitree_go2_ws/install/go2_core:/home/ayi/dev_ws/install/learning_urdf:/home/ayi/dev_ws/install/learning_topic:/home/ayi/dev_ws/install/learning_tf:/home/ayi/dev_ws/install/learning_service:/home/ayi/dev_ws/install/learning_qos:/home/ayi/dev_ws/install/learning_pkg_python:/home/ayi/dev_ws/install/learning_parameter:/home/ayi/dev_ws/install/learning_node:/home/ayi/dev_ws/install/learning_launch:/home/ayi/dev_ws/install/learning_action:/home/ayi/dev_ws/install/learning_gazebo_harmonic:/home/ayi/dev_ws/install/learning_gazebo:/home/ayi/dev_ws/install/learning_cv:/opt/ros/humble /usr/bin/cmake --build /home/ayi/unitree_go2_ws/build/go2_driver -- -j2 -l2
[0.137s] [ 25%] Built target driver
[0.168s] [ 50%] Built target footprint_to_link
[0.204s] [ 75%] Built target lowstate_to_imu
[0.218s] [35m[1mConsolidate compiler generated dependencies of target go2_core[0m
[0.248s] [ 87%] [32mBuilding CXX object CMakeFiles/go2_core.dir/src/go2_core.cpp.o[0m
[12.893s] [100%] [32m[1mLinking CXX executable go2_core[0m
[13.435s] [100%] Built target go2_core
[13.446s] Invoked command in '/home/ayi/unitree_go2_ws/build/go2_driver' returned '0': CMAKE_PREFIX_PATH=${CMAKE_PREFIX_PATH}:/home/ayi/unitree_go2_ws/install/go2_twist_bridge_py:/home/ayi/unitree_go2_ws/install/go2_navigation:/home/ayi/unitree_go2_ws/install/go2_driver_py:/home/ayi/unitree_go2_ws/install/go2_core:/home/ayi/dev_ws/install/learning_urdf:/home/ayi/dev_ws/install/learning_topic:/home/ayi/dev_ws/install/learning_tf:/home/ayi/dev_ws/install/learning_service:/home/ayi/dev_ws/install/learning_qos:/home/ayi/dev_ws/install/learning_pkg_python:/home/ayi/dev_ws/install/learning_parameter:/home/ayi/dev_ws/install/learning_node:/home/ayi/dev_ws/install/learning_launch:/home/ayi/dev_ws/install/learning_action:/home/ayi/dev_ws/install/learning_gazebo_harmonic:/home/ayi/dev_ws/install/learning_gazebo:/home/ayi/dev_ws/install/learning_cv:/opt/ros/humble /usr/bin/cmake --build /home/ayi/unitree_go2_ws/build/go2_driver -- -j2 -l2
[13.448s] Invoking command in '/home/ayi/unitree_go2_ws/build/go2_driver': CMAKE_PREFIX_PATH=${CMAKE_PREFIX_PATH}:/home/ayi/unitree_go2_ws/install/go2_twist_bridge_py:/home/ayi/unitree_go2_ws/install/go2_navigation:/home/ayi/unitree_go2_ws/install/go2_driver_py:/home/ayi/unitree_go2_ws/install/go2_core:/home/ayi/dev_ws/install/learning_urdf:/home/ayi/dev_ws/install/learning_topic:/home/ayi/dev_ws/install/learning_tf:/home/ayi/dev_ws/install/learning_service:/home/ayi/dev_ws/install/learning_qos:/home/ayi/dev_ws/install/learning_pkg_python:/home/ayi/dev_ws/install/learning_parameter:/home/ayi/dev_ws/install/learning_node:/home/ayi/dev_ws/install/learning_launch:/home/ayi/dev_ws/install/learning_action:/home/ayi/dev_ws/install/learning_gazebo_harmonic:/home/ayi/dev_ws/install/learning_gazebo:/home/ayi/dev_ws/install/learning_cv:/opt/ros/humble /usr/bin/cmake --install /home/ayi/unitree_go2_ws/build/go2_driver
[13.455s] -- Install configuration: ""
[13.455s] -- Up-to-date: /home/ayi/unitree_go2_ws/install/go2_driver/lib/go2_driver/driver
[13.456s] -- Up-to-date: /home/ayi/unitree_go2_ws/install/go2_driver/lib/go2_driver/footprint_to_link
[13.457s] -- Up-to-date: /home/ayi/unitree_go2_ws/install/go2_driver/lib/go2_driver/lowstate_to_imu
[13.457s] -- Installing: /home/ayi/unitree_go2_ws/install/go2_driver/lib/go2_driver/go2_core
[13.467s] -- Set runtime path of "/home/ayi/unitree_go2_ws/install/go2_driver/lib/go2_driver/go2_core" to ""
[13.467s] -- Up-to-date: /home/ayi/unitree_go2_ws/install/go2_driver/share/go2_driver/launch
[13.467s] -- Installing: /home/ayi/unitree_go2_ws/install/go2_driver/share/go2_driver/launch/driver.launch.py
[13.467s] -- Up-to-date: /home/ayi/unitree_go2_ws/install/go2_driver/share/go2_driver/params
[13.467s] -- Up-to-date: /home/ayi/unitree_go2_ws/install/go2_driver/share/go2_driver/params/driver.yaml
[13.467s] -- Up-to-date: /home/ayi/unitree_go2_ws/install/go2_driver/share/go2_driver/rviz
[13.467s] -- Up-to-date: /home/ayi/unitree_go2_ws/install/go2_driver/share/go2_driver/rviz/display.rviz
[13.467s] -- Up-to-date: /home/ayi/unitree_go2_ws/install/go2_driver/share/ament_index/resource_index/package_run_dependencies/go2_driver
[13.467s] -- Up-to-date: /home/ayi/unitree_go2_ws/install/go2_driver/share/ament_index/resource_index/parent_prefix_path/go2_driver
[13.467s] -- Up-to-date: /home/ayi/unitree_go2_ws/install/go2_driver/share/go2_driver/environment/ament_prefix_path.sh
[13.467s] -- Up-to-date: /home/ayi/unitree_go2_ws/install/go2_driver/share/go2_driver/environment/ament_prefix_path.dsv
[13.467s] -- Up-to-date: /home/ayi/unitree_go2_ws/install/go2_driver/share/go2_driver/environment/path.sh
[13.467s] -- Up-to-date: /home/ayi/unitree_go2_ws/install/go2_driver/share/go2_driver/environment/path.dsv
[13.467s] -- Up-to-date: /home/ayi/unitree_go2_ws/install/go2_driver/share/go2_driver/local_setup.bash
[13.467s] -- Up-to-date: /home/ayi/unitree_go2_ws/install/go2_driver/share/go2_driver/local_setup.sh
[13.467s] -- Up-to-date: /home/ayi/unitree_go2_ws/install/go2_driver/share/go2_driver/local_setup.zsh
[13.467s] -- Up-to-date: /home/ayi/unitree_go2_ws/install/go2_driver/share/go2_driver/local_setup.dsv
[13.467s] -- Installing: /home/ayi/unitree_go2_ws/install/go2_driver/share/go2_driver/package.dsv
[13.467s] -- Up-to-date: /home/ayi/unitree_go2_ws/install/go2_driver/share/ament_index/resource_index/packages/go2_driver
[13.467s] -- Up-to-date: /home/ayi/unitree_go2_ws/install/go2_driver/share/go2_driver/cmake/go2_driverConfig.cmake
[13.467s] -- Up-to-date: /home/ayi/unitree_go2_ws/install/go2_driver/share/go2_driver/cmake/go2_driverConfig-version.cmake
[13.467s] -- Up-to-date: /home/ayi/unitree_go2_ws/install/go2_driver/share/go2_driver/package.xml
[13.469s] Invoked command in '/home/ayi/unitree_go2_ws/build/go2_driver' returned '0': CMAKE_PREFIX_PATH=${CMAKE_PREFIX_PATH}:/home/ayi/unitree_go2_ws/install/go2_twist_bridge_py:/home/ayi/unitree_go2_ws/install/go2_navigation:/home/ayi/unitree_go2_ws/install/go2_driver_py:/home/ayi/unitree_go2_ws/install/go2_core:/home/ayi/dev_ws/install/learning_urdf:/home/ayi/dev_ws/install/learning_topic:/home/ayi/dev_ws/install/learning_tf:/home/ayi/dev_ws/install/learning_service:/home/ayi/dev_ws/install/learning_qos:/home/ayi/dev_ws/install/learning_pkg_python:/home/ayi/dev_ws/install/learning_parameter:/home/ayi/dev_ws/install/learning_node:/home/ayi/dev_ws/install/learning_launch:/home/ayi/dev_ws/install/learning_action:/home/ayi/dev_ws/install/learning_gazebo_harmonic:/home/ayi/dev_ws/install/learning_gazebo:/home/ayi/dev_ws/install/learning_cv:/opt/ros/humble /usr/bin/cmake --install /home/ayi/unitree_go2_ws/build/go2_driver
