[0.583s] Invoking command in '/home/ayi/unitree_go2_ws/src/base/go2_driver_py': PYTHONPATH=/home/ayi/unitree_go2_ws/build/go2_driver_py/prefix_override:/usr/lib/python3/dist-packages/colcon_core/task/python/colcon_distutils_commands:/home/ayi/unitree_go2_ws/install/go2_driver_py/lib/python3.10/site-packages:${PYTHONPATH} /usr/bin/python3 -W ignore:setup.py install is deprecated -W ignore:easy_install command is deprecated setup.py egg_info --egg-base ../../../build/go2_driver_py build --build-base /home/ayi/unitree_go2_ws/build/go2_driver_py/build install --record /home/ayi/unitree_go2_ws/build/go2_driver_py/install.log --single-version-externally-managed install_data
[0.765s] running egg_info
[0.765s] creating ../../../build/go2_driver_py/go2_driver_py.egg-info
[0.765s] writing ../../../build/go2_driver_py/go2_driver_py.egg-info/PKG-INFO
[0.766s] writing dependency_links to ../../../build/go2_driver_py/go2_driver_py.egg-info/dependency_links.txt
[0.766s] writing entry points to ../../../build/go2_driver_py/go2_driver_py.egg-info/entry_points.txt
[0.766s] writing requirements to ../../../build/go2_driver_py/go2_driver_py.egg-info/requires.txt
[0.766s] writing top-level names to ../../../build/go2_driver_py/go2_driver_py.egg-info/top_level.txt
[0.766s] writing manifest file '../../../build/go2_driver_py/go2_driver_py.egg-info/SOURCES.txt'
[0.766s] reading manifest file '../../../build/go2_driver_py/go2_driver_py.egg-info/SOURCES.txt'
[0.766s] writing manifest file '../../../build/go2_driver_py/go2_driver_py.egg-info/SOURCES.txt'
[0.767s] running build
[0.768s] running build_py
[0.768s] creating /home/ayi/unitree_go2_ws/build/go2_driver_py/build
[0.769s] creating /home/ayi/unitree_go2_ws/build/go2_driver_py/build/lib
[0.769s] creating /home/ayi/unitree_go2_ws/build/go2_driver_py/build/lib/go2_driver_py
[0.769s] copying go2_driver_py/driver.py -> /home/ayi/unitree_go2_ws/build/go2_driver_py/build/lib/go2_driver_py
[0.770s] copying go2_driver_py/__init__.py -> /home/ayi/unitree_go2_ws/build/go2_driver_py/build/lib/go2_driver_py
[0.770s] running install
[0.770s] running install_lib
[0.772s] creating /home/ayi/unitree_go2_ws/install/go2_driver_py/lib/python3.10/site-packages/go2_driver_py
[0.772s] copying /home/ayi/unitree_go2_ws/build/go2_driver_py/build/lib/go2_driver_py/driver.py -> /home/ayi/unitree_go2_ws/install/go2_driver_py/lib/python3.10/site-packages/go2_driver_py
[0.773s] copying /home/ayi/unitree_go2_ws/build/go2_driver_py/build/lib/go2_driver_py/__init__.py -> /home/ayi/unitree_go2_ws/install/go2_driver_py/lib/python3.10/site-packages/go2_driver_py
[0.774s] byte-compiling /home/ayi/unitree_go2_ws/install/go2_driver_py/lib/python3.10/site-packages/go2_driver_py/driver.py to driver.cpython-310.pyc
[0.775s] byte-compiling /home/ayi/unitree_go2_ws/install/go2_driver_py/lib/python3.10/site-packages/go2_driver_py/__init__.py to __init__.cpython-310.pyc
[0.775s] running install_data
[0.775s] creating /home/ayi/unitree_go2_ws/install/go2_driver_py/share/ament_index
[0.775s] creating /home/ayi/unitree_go2_ws/install/go2_driver_py/share/ament_index/resource_index
[0.775s] creating /home/ayi/unitree_go2_ws/install/go2_driver_py/share/ament_index/resource_index/packages
[0.778s] copying resource/go2_driver_py -> /home/ayi/unitree_go2_ws/install/go2_driver_py/share/ament_index/resource_index/packages
[0.778s] copying package.xml -> /home/ayi/unitree_go2_ws/install/go2_driver_py/share/go2_driver_py
[0.779s] creating /home/ayi/unitree_go2_ws/install/go2_driver_py/share/go2_driver_py/launch
[0.779s] copying launch/driver.launch.py -> /home/ayi/unitree_go2_ws/install/go2_driver_py/share/go2_driver_py/launch
[0.779s] creating /home/ayi/unitree_go2_ws/install/go2_driver_py/share/go2_driver_py/params
[0.779s] copying params/driver.yaml -> /home/ayi/unitree_go2_ws/install/go2_driver_py/share/go2_driver_py/params
[0.779s] creating /home/ayi/unitree_go2_ws/install/go2_driver_py/share/go2_driver_py/rviz
[0.779s] copying rviz/display.rviz -> /home/ayi/unitree_go2_ws/install/go2_driver_py/share/go2_driver_py/rviz
[0.779s] running install_egg_info
[0.785s] Copying ../../../build/go2_driver_py/go2_driver_py.egg-info to /home/ayi/unitree_go2_ws/install/go2_driver_py/lib/python3.10/site-packages/go2_driver_py-0.0.0-py3.10.egg-info
[0.788s] running install_scripts
[0.808s] Installing driver script to /home/ayi/unitree_go2_ws/install/go2_driver_py/lib/go2_driver_py
[0.809s] writing list of installed files to '/home/ayi/unitree_go2_ws/build/go2_driver_py/install.log'
[0.824s] Invoked command in '/home/ayi/unitree_go2_ws/src/base/go2_driver_py' returned '0': PYTHONPATH=/home/ayi/unitree_go2_ws/build/go2_driver_py/prefix_override:/usr/lib/python3/dist-packages/colcon_core/task/python/colcon_distutils_commands:/home/ayi/unitree_go2_ws/install/go2_driver_py/lib/python3.10/site-packages:${PYTHONPATH} /usr/bin/python3 -W ignore:setup.py install is deprecated -W ignore:easy_install command is deprecated setup.py egg_info --egg-base ../../../build/go2_driver_py build --build-base /home/ayi/unitree_go2_ws/build/go2_driver_py/build install --record /home/ayi/unitree_go2_ws/build/go2_driver_py/install.log --single-version-externally-managed install_data
