[0.068s] DEBUG:colcon:Command line arguments: ['/usr/bin/colcon', 'build']
[0.068s] DEBUG:colcon:Parsed command line arguments: Namespace(log_base=None, log_level=None, verb_name='build', build_base='build', install_base='install', merge_install=False, symlink_install=False, test_result_base=None, continue_on_error=False, executor='parallel', parallel_workers=2, event_handlers=None, ignore_user_meta=False, metas=['./colcon.meta'], base_paths=['.'], packages_ignore=None, packages_ignore_regex=None, paths=None, packages_up_to=None, packages_up_to_regex=None, packages_above=None, packages_above_and_dependencies=None, packages_above_depth=None, packages_select_by_dep=None, packages_skip_by_dep=None, packages_skip_up_to=None, packages_select_build_failed=False, packages_skip_build_finished=False, packages_select_test_failures=False, packages_skip_test_passed=False, packages_select=None, packages_skip=None, packages_select_regex=None, packages_skip_regex=None, packages_start=None, packages_end=None, allow_overriding=[], cmake_args=None, cmake_target=None, cmake_target_skip_unavailable=False, cmake_clean_cache=False, cmake_clean_first=False, cmake_force_configure=False, ament_cmake_args=None, catkin_cmake_args=None, catkin_skip_building_tests=False, verb_parser=<colcon_defaults.argument_parser.defaults.DefaultArgumentsDecorator object at 0x723b0d4ffbe0>, verb_extension=<colcon_core.verb.build.BuildVerb object at 0x723b0d6f54e0>, main=<bound method BuildVerb.main of <colcon_core.verb.build.BuildVerb object at 0x723b0d6f54e0>>)
[0.172s] Level 1:colcon.colcon_core.package_discovery:discover_packages(colcon_meta) check parameters
[0.172s] Level 1:colcon.colcon_core.package_discovery:discover_packages(recursive) check parameters
[0.172s] Level 1:colcon.colcon_core.package_discovery:discover_packages(ignore) check parameters
[0.172s] Level 1:colcon.colcon_core.package_discovery:discover_packages(path) check parameters
[0.172s] Level 1:colcon.colcon_core.package_discovery:discover_packages(colcon_meta) discover
[0.172s] Level 1:colcon.colcon_core.package_discovery:discover_packages(recursive) discover
[0.172s] INFO:colcon.colcon_core.package_discovery:Crawling recursively for packages in '/home/ayi/unitree_go2_ws'
[0.172s] Level 1:colcon.colcon_core.package_identification:_identify(.) by extensions ['ignore', 'ignore_ament_install']
[0.172s] Level 1:colcon.colcon_core.package_identification:_identify(.) by extension 'ignore'
[0.172s] Level 1:colcon.colcon_core.package_identification:_identify(.) by extension 'ignore_ament_install'
[0.172s] Level 1:colcon.colcon_core.package_identification:_identify(.) by extensions ['colcon_pkg']
[0.172s] Level 1:colcon.colcon_core.package_identification:_identify(.) by extension 'colcon_pkg'
[0.172s] Level 1:colcon.colcon_core.package_identification:_identify(.) by extensions ['colcon_meta']
[0.172s] Level 1:colcon.colcon_core.package_identification:_identify(.) by extension 'colcon_meta'
[0.172s] Level 1:colcon.colcon_core.package_identification:_identify(.) by extensions ['ros']
[0.172s] Level 1:colcon.colcon_core.package_identification:_identify(.) by extension 'ros'
[0.179s] Level 1:colcon.colcon_core.package_identification:_identify(.) by extensions ['cmake', 'python']
[0.179s] Level 1:colcon.colcon_core.package_identification:_identify(.) by extension 'cmake'
[0.179s] Level 1:colcon.colcon_core.package_identification:_identify(.) by extension 'python'
[0.179s] Level 1:colcon.colcon_core.package_identification:_identify(.) by extensions ['python_setup_py']
[0.179s] Level 1:colcon.colcon_core.package_identification:_identify(.) by extension 'python_setup_py'
[0.179s] Level 1:colcon.colcon_core.package_identification:_identify(build) by extensions ['ignore', 'ignore_ament_install']
[0.179s] Level 1:colcon.colcon_core.package_identification:_identify(build) by extension 'ignore'
[0.179s] Level 1:colcon.colcon_core.package_identification:_identify(build) ignored
[0.179s] Level 1:colcon.colcon_core.package_identification:_identify(install) by extensions ['ignore', 'ignore_ament_install']
[0.179s] Level 1:colcon.colcon_core.package_identification:_identify(install) by extension 'ignore'
[0.179s] Level 1:colcon.colcon_core.package_identification:_identify(install) ignored
[0.180s] Level 1:colcon.colcon_core.package_identification:_identify(log) by extensions ['ignore', 'ignore_ament_install']
[0.180s] Level 1:colcon.colcon_core.package_identification:_identify(log) by extension 'ignore'
[0.180s] Level 1:colcon.colcon_core.package_identification:_identify(log) ignored
[0.180s] Level 1:colcon.colcon_core.package_identification:_identify(src) by extensions ['ignore', 'ignore_ament_install']
[0.180s] Level 1:colcon.colcon_core.package_identification:_identify(src) by extension 'ignore'
[0.180s] Level 1:colcon.colcon_core.package_identification:_identify(src) by extension 'ignore_ament_install'
[0.180s] Level 1:colcon.colcon_core.package_identification:_identify(src) by extensions ['colcon_pkg']
[0.180s] Level 1:colcon.colcon_core.package_identification:_identify(src) by extension 'colcon_pkg'
[0.180s] Level 1:colcon.colcon_core.package_identification:_identify(src) by extensions ['colcon_meta']
[0.180s] Level 1:colcon.colcon_core.package_identification:_identify(src) by extension 'colcon_meta'
[0.180s] Level 1:colcon.colcon_core.package_identification:_identify(src) by extensions ['ros']
[0.180s] Level 1:colcon.colcon_core.package_identification:_identify(src) by extension 'ros'
[0.180s] Level 1:colcon.colcon_core.package_identification:_identify(src) by extensions ['cmake', 'python']
[0.180s] Level 1:colcon.colcon_core.package_identification:_identify(src) by extension 'cmake'
[0.180s] Level 1:colcon.colcon_core.package_identification:_identify(src) by extension 'python'
[0.180s] Level 1:colcon.colcon_core.package_identification:_identify(src) by extensions ['python_setup_py']
[0.180s] Level 1:colcon.colcon_core.package_identification:_identify(src) by extension 'python_setup_py'
[0.181s] Level 1:colcon.colcon_core.package_identification:_identify(src/base) by extensions ['ignore', 'ignore_ament_install']
[0.181s] Level 1:colcon.colcon_core.package_identification:_identify(src/base) by extension 'ignore'
[0.181s] Level 1:colcon.colcon_core.package_identification:_identify(src/base) by extension 'ignore_ament_install'
[0.181s] Level 1:colcon.colcon_core.package_identification:_identify(src/base) by extensions ['colcon_pkg']
[0.181s] Level 1:colcon.colcon_core.package_identification:_identify(src/base) by extension 'colcon_pkg'
[0.181s] Level 1:colcon.colcon_core.package_identification:_identify(src/base) by extensions ['colcon_meta']
[0.181s] Level 1:colcon.colcon_core.package_identification:_identify(src/base) by extension 'colcon_meta'
[0.181s] Level 1:colcon.colcon_core.package_identification:_identify(src/base) by extensions ['ros']
[0.181s] Level 1:colcon.colcon_core.package_identification:_identify(src/base) by extension 'ros'
[0.181s] Level 1:colcon.colcon_core.package_identification:_identify(src/base) by extensions ['cmake', 'python']
[0.181s] Level 1:colcon.colcon_core.package_identification:_identify(src/base) by extension 'cmake'
[0.181s] Level 1:colcon.colcon_core.package_identification:_identify(src/base) by extension 'python'
[0.181s] Level 1:colcon.colcon_core.package_identification:_identify(src/base) by extensions ['python_setup_py']
[0.181s] Level 1:colcon.colcon_core.package_identification:_identify(src/base) by extension 'python_setup_py'
[0.181s] Level 1:colcon.colcon_core.package_identification:_identify(src/base/go2_core) by extensions ['ignore', 'ignore_ament_install']
[0.181s] Level 1:colcon.colcon_core.package_identification:_identify(src/base/go2_core) by extension 'ignore'
[0.181s] Level 1:colcon.colcon_core.package_identification:_identify(src/base/go2_core) by extension 'ignore_ament_install'
[0.181s] Level 1:colcon.colcon_core.package_identification:_identify(src/base/go2_core) by extensions ['colcon_pkg']
[0.182s] Level 1:colcon.colcon_core.package_identification:_identify(src/base/go2_core) by extension 'colcon_pkg'
[0.182s] Level 1:colcon.colcon_core.package_identification:_identify(src/base/go2_core) by extensions ['colcon_meta']
[0.182s] Level 1:colcon.colcon_core.package_identification:_identify(src/base/go2_core) by extension 'colcon_meta'
[0.182s] Level 1:colcon.colcon_core.package_identification:_identify(src/base/go2_core) by extensions ['ros']
[0.182s] Level 1:colcon.colcon_core.package_identification:_identify(src/base/go2_core) by extension 'ros'
[0.183s] DEBUG:colcon.colcon_core.package_identification:Package 'src/base/go2_core' with type 'ros.ament_python' and name 'go2_core'
[0.184s] Level 1:colcon.colcon_core.package_identification:_identify(src/base/go2_driver_py) by extensions ['ignore', 'ignore_ament_install']
[0.184s] Level 1:colcon.colcon_core.package_identification:_identify(src/base/go2_driver_py) by extension 'ignore'
[0.184s] Level 1:colcon.colcon_core.package_identification:_identify(src/base/go2_driver_py) by extension 'ignore_ament_install'
[0.184s] Level 1:colcon.colcon_core.package_identification:_identify(src/base/go2_driver_py) by extensions ['colcon_pkg']
[0.184s] Level 1:colcon.colcon_core.package_identification:_identify(src/base/go2_driver_py) by extension 'colcon_pkg'
[0.184s] Level 1:colcon.colcon_core.package_identification:_identify(src/base/go2_driver_py) by extensions ['colcon_meta']
[0.184s] Level 1:colcon.colcon_core.package_identification:_identify(src/base/go2_driver_py) by extension 'colcon_meta'
[0.184s] Level 1:colcon.colcon_core.package_identification:_identify(src/base/go2_driver_py) by extensions ['ros']
[0.184s] Level 1:colcon.colcon_core.package_identification:_identify(src/base/go2_driver_py) by extension 'ros'
[0.185s] DEBUG:colcon.colcon_core.package_identification:Package 'src/base/go2_driver_py' with type 'ros.ament_python' and name 'go2_driver_py'
[0.185s] Level 1:colcon.colcon_core.package_identification:_identify(src/base/go2_twist_bridge_py) by extensions ['ignore', 'ignore_ament_install']
[0.185s] Level 1:colcon.colcon_core.package_identification:_identify(src/base/go2_twist_bridge_py) by extension 'ignore'
[0.185s] Level 1:colcon.colcon_core.package_identification:_identify(src/base/go2_twist_bridge_py) by extension 'ignore_ament_install'
[0.185s] Level 1:colcon.colcon_core.package_identification:_identify(src/base/go2_twist_bridge_py) by extensions ['colcon_pkg']
[0.185s] Level 1:colcon.colcon_core.package_identification:_identify(src/base/go2_twist_bridge_py) by extension 'colcon_pkg'
[0.185s] Level 1:colcon.colcon_core.package_identification:_identify(src/base/go2_twist_bridge_py) by extensions ['colcon_meta']
[0.185s] Level 1:colcon.colcon_core.package_identification:_identify(src/base/go2_twist_bridge_py) by extension 'colcon_meta'
[0.185s] Level 1:colcon.colcon_core.package_identification:_identify(src/base/go2_twist_bridge_py) by extensions ['ros']
[0.185s] Level 1:colcon.colcon_core.package_identification:_identify(src/base/go2_twist_bridge_py) by extension 'ros'
[0.186s] DEBUG:colcon.colcon_core.package_identification:Package 'src/base/go2_twist_bridge_py' with type 'ros.ament_python' and name 'go2_twist_bridge_py'
[0.186s] Level 1:colcon.colcon_core.package_identification:_identify(src/go2_description) by extensions ['ignore', 'ignore_ament_install']
[0.187s] Level 1:colcon.colcon_core.package_identification:_identify(src/go2_description) by extension 'ignore'
[0.187s] Level 1:colcon.colcon_core.package_identification:_identify(src/go2_description) by extension 'ignore_ament_install'
[0.187s] Level 1:colcon.colcon_core.package_identification:_identify(src/go2_description) by extensions ['colcon_pkg']
[0.187s] Level 1:colcon.colcon_core.package_identification:_identify(src/go2_description) by extension 'colcon_pkg'
[0.187s] Level 1:colcon.colcon_core.package_identification:_identify(src/go2_description) by extensions ['colcon_meta']
[0.187s] Level 1:colcon.colcon_core.package_identification:_identify(src/go2_description) by extension 'colcon_meta'
[0.187s] Level 1:colcon.colcon_core.package_identification:_identify(src/go2_description) by extensions ['ros']
[0.187s] Level 1:colcon.colcon_core.package_identification:_identify(src/go2_description) by extension 'ros'
[0.187s] DEBUG:colcon.colcon_core.package_identification:Package 'src/go2_description' with type 'ros.ament_cmake' and name 'go2_description'
[0.188s] Level 1:colcon.colcon_core.package_identification:_identify(src/go2_perception) by extensions ['ignore', 'ignore_ament_install']
[0.188s] Level 1:colcon.colcon_core.package_identification:_identify(src/go2_perception) by extension 'ignore'
[0.188s] Level 1:colcon.colcon_core.package_identification:_identify(src/go2_perception) by extension 'ignore_ament_install'
[0.188s] Level 1:colcon.colcon_core.package_identification:_identify(src/go2_perception) by extensions ['colcon_pkg']
[0.188s] Level 1:colcon.colcon_core.package_identification:_identify(src/go2_perception) by extension 'colcon_pkg'
[0.188s] Level 1:colcon.colcon_core.package_identification:_identify(src/go2_perception) by extensions ['colcon_meta']
[0.188s] Level 1:colcon.colcon_core.package_identification:_identify(src/go2_perception) by extension 'colcon_meta'
[0.188s] Level 1:colcon.colcon_core.package_identification:_identify(src/go2_perception) by extensions ['ros']
[0.188s] Level 1:colcon.colcon_core.package_identification:_identify(src/go2_perception) by extension 'ros'
[0.189s] DEBUG:colcon.colcon_core.package_identification:Package 'src/go2_perception' with type 'ros.ament_cmake' and name 'go2_perception'
[0.189s] Level 1:colcon.colcon_core.package_identification:_identify(src/go2_slam) by extensions ['ignore', 'ignore_ament_install']
[0.189s] Level 1:colcon.colcon_core.package_identification:_identify(src/go2_slam) by extension 'ignore'
[0.189s] Level 1:colcon.colcon_core.package_identification:_identify(src/go2_slam) by extension 'ignore_ament_install'
[0.189s] Level 1:colcon.colcon_core.package_identification:_identify(src/go2_slam) by extensions ['colcon_pkg']
[0.189s] Level 1:colcon.colcon_core.package_identification:_identify(src/go2_slam) by extension 'colcon_pkg'
[0.189s] Level 1:colcon.colcon_core.package_identification:_identify(src/go2_slam) by extensions ['colcon_meta']
[0.189s] Level 1:colcon.colcon_core.package_identification:_identify(src/go2_slam) by extension 'colcon_meta'
[0.189s] Level 1:colcon.colcon_core.package_identification:_identify(src/go2_slam) by extensions ['ros']
[0.189s] Level 1:colcon.colcon_core.package_identification:_identify(src/go2_slam) by extension 'ros'
[0.190s] DEBUG:colcon.colcon_core.package_identification:Package 'src/go2_slam' with type 'ros.ament_cmake' and name 'go2_slam'
[0.190s] Level 1:colcon.colcon_core.package_discovery:discover_packages(recursive) using defaults
[0.190s] Level 1:colcon.colcon_core.package_discovery:discover_packages(ignore) discover
[0.190s] Level 1:colcon.colcon_core.package_discovery:discover_packages(ignore) using defaults
[0.190s] Level 1:colcon.colcon_core.package_discovery:discover_packages(path) discover
[0.190s] Level 1:colcon.colcon_core.package_discovery:discover_packages(path) using defaults
[0.210s] Level 1:colcon.colcon_core.package_discovery:discover_packages(prefix_path) check parameters
[0.210s] Level 1:colcon.colcon_core.package_discovery:discover_packages(prefix_path) discover
[0.212s] DEBUG:colcon.colcon_installed_package_information.package_discovery:Found 6 installed packages in /home/ayi/unitree_go2_ws/install
[0.213s] DEBUG:colcon.colcon_installed_package_information.package_discovery:Found 5 installed packages in /home/ayi/go2_work/unitree_ros2/cyclonedds_ws/install
[0.213s] DEBUG:colcon.colcon_installed_package_information.package_discovery:Found 21 installed packages in /home/ayi/dev_ws/install
[0.214s] DEBUG:colcon.colcon_installed_package_information.package_discovery:Found 343 installed packages in /opt/ros/humble
[0.215s] Level 1:colcon.colcon_core.package_discovery:discover_packages(prefix_path) using defaults
[0.241s] Level 5:colcon.colcon_core.verb:set package 'go2_core' build argument 'cmake_args' from command line to 'None'
[0.242s] Level 5:colcon.colcon_core.verb:set package 'go2_core' build argument 'cmake_target' from command line to 'None'
[0.242s] Level 5:colcon.colcon_core.verb:set package 'go2_core' build argument 'cmake_target_skip_unavailable' from command line to 'False'
[0.242s] Level 5:colcon.colcon_core.verb:set package 'go2_core' build argument 'cmake_clean_cache' from command line to 'False'
[0.242s] Level 5:colcon.colcon_core.verb:set package 'go2_core' build argument 'cmake_clean_first' from command line to 'False'
[0.242s] Level 5:colcon.colcon_core.verb:set package 'go2_core' build argument 'cmake_force_configure' from command line to 'False'
[0.242s] Level 5:colcon.colcon_core.verb:set package 'go2_core' build argument 'ament_cmake_args' from command line to 'None'
[0.242s] Level 5:colcon.colcon_core.verb:set package 'go2_core' build argument 'catkin_cmake_args' from command line to 'None'
[0.242s] Level 5:colcon.colcon_core.verb:set package 'go2_core' build argument 'catkin_skip_building_tests' from command line to 'False'
[0.242s] DEBUG:colcon.colcon_core.verb:Building package 'go2_core' with the following arguments: {'ament_cmake_args': None, 'build_base': '/home/ayi/unitree_go2_ws/build/go2_core', 'catkin_cmake_args': None, 'catkin_skip_building_tests': False, 'cmake_args': None, 'cmake_clean_cache': False, 'cmake_clean_first': False, 'cmake_force_configure': False, 'cmake_target': None, 'cmake_target_skip_unavailable': False, 'install_base': '/home/ayi/unitree_go2_ws/install/go2_core', 'merge_install': False, 'path': '/home/ayi/unitree_go2_ws/src/base/go2_core', 'symlink_install': False, 'test_result_base': None}
[0.242s] Level 5:colcon.colcon_core.verb:set package 'go2_description' build argument 'cmake_args' from command line to 'None'
[0.242s] Level 5:colcon.colcon_core.verb:set package 'go2_description' build argument 'cmake_target' from command line to 'None'
[0.242s] Level 5:colcon.colcon_core.verb:set package 'go2_description' build argument 'cmake_target_skip_unavailable' from command line to 'False'
[0.242s] Level 5:colcon.colcon_core.verb:set package 'go2_description' build argument 'cmake_clean_cache' from command line to 'False'
[0.242s] Level 5:colcon.colcon_core.verb:set package 'go2_description' build argument 'cmake_clean_first' from command line to 'False'
[0.242s] Level 5:colcon.colcon_core.verb:set package 'go2_description' build argument 'cmake_force_configure' from command line to 'False'
[0.242s] Level 5:colcon.colcon_core.verb:set package 'go2_description' build argument 'ament_cmake_args' from command line to 'None'
[0.242s] Level 5:colcon.colcon_core.verb:set package 'go2_description' build argument 'catkin_cmake_args' from command line to 'None'
[0.242s] Level 5:colcon.colcon_core.verb:set package 'go2_description' build argument 'catkin_skip_building_tests' from command line to 'False'
[0.242s] DEBUG:colcon.colcon_core.verb:Building package 'go2_description' with the following arguments: {'ament_cmake_args': None, 'build_base': '/home/ayi/unitree_go2_ws/build/go2_description', 'catkin_cmake_args': None, 'catkin_skip_building_tests': False, 'cmake_args': None, 'cmake_clean_cache': False, 'cmake_clean_first': False, 'cmake_force_configure': False, 'cmake_target': None, 'cmake_target_skip_unavailable': False, 'install_base': '/home/ayi/unitree_go2_ws/install/go2_description', 'merge_install': False, 'path': '/home/ayi/unitree_go2_ws/src/go2_description', 'symlink_install': False, 'test_result_base': None}
[0.242s] Level 5:colcon.colcon_core.verb:set package 'go2_driver_py' build argument 'cmake_args' from command line to 'None'
[0.242s] Level 5:colcon.colcon_core.verb:set package 'go2_driver_py' build argument 'cmake_target' from command line to 'None'
[0.242s] Level 5:colcon.colcon_core.verb:set package 'go2_driver_py' build argument 'cmake_target_skip_unavailable' from command line to 'False'
[0.242s] Level 5:colcon.colcon_core.verb:set package 'go2_driver_py' build argument 'cmake_clean_cache' from command line to 'False'
[0.242s] Level 5:colcon.colcon_core.verb:set package 'go2_driver_py' build argument 'cmake_clean_first' from command line to 'False'
[0.242s] Level 5:colcon.colcon_core.verb:set package 'go2_driver_py' build argument 'cmake_force_configure' from command line to 'False'
[0.242s] Level 5:colcon.colcon_core.verb:set package 'go2_driver_py' build argument 'ament_cmake_args' from command line to 'None'
[0.242s] Level 5:colcon.colcon_core.verb:set package 'go2_driver_py' build argument 'catkin_cmake_args' from command line to 'None'
[0.242s] Level 5:colcon.colcon_core.verb:set package 'go2_driver_py' build argument 'catkin_skip_building_tests' from command line to 'False'
[0.242s] DEBUG:colcon.colcon_core.verb:Building package 'go2_driver_py' with the following arguments: {'ament_cmake_args': None, 'build_base': '/home/ayi/unitree_go2_ws/build/go2_driver_py', 'catkin_cmake_args': None, 'catkin_skip_building_tests': False, 'cmake_args': None, 'cmake_clean_cache': False, 'cmake_clean_first': False, 'cmake_force_configure': False, 'cmake_target': None, 'cmake_target_skip_unavailable': False, 'install_base': '/home/ayi/unitree_go2_ws/install/go2_driver_py', 'merge_install': False, 'path': '/home/ayi/unitree_go2_ws/src/base/go2_driver_py', 'symlink_install': False, 'test_result_base': None}
[0.242s] Level 5:colcon.colcon_core.verb:set package 'go2_perception' build argument 'cmake_args' from command line to 'None'
[0.243s] Level 5:colcon.colcon_core.verb:set package 'go2_perception' build argument 'cmake_target' from command line to 'None'
[0.243s] Level 5:colcon.colcon_core.verb:set package 'go2_perception' build argument 'cmake_target_skip_unavailable' from command line to 'False'
[0.243s] Level 5:colcon.colcon_core.verb:set package 'go2_perception' build argument 'cmake_clean_cache' from command line to 'False'
[0.243s] Level 5:colcon.colcon_core.verb:set package 'go2_perception' build argument 'cmake_clean_first' from command line to 'False'
[0.243s] Level 5:colcon.colcon_core.verb:set package 'go2_perception' build argument 'cmake_force_configure' from command line to 'False'
[0.243s] Level 5:colcon.colcon_core.verb:set package 'go2_perception' build argument 'ament_cmake_args' from command line to 'None'
[0.243s] Level 5:colcon.colcon_core.verb:set package 'go2_perception' build argument 'catkin_cmake_args' from command line to 'None'
[0.243s] Level 5:colcon.colcon_core.verb:set package 'go2_perception' build argument 'catkin_skip_building_tests' from command line to 'False'
[0.243s] DEBUG:colcon.colcon_core.verb:Building package 'go2_perception' with the following arguments: {'ament_cmake_args': None, 'build_base': '/home/ayi/unitree_go2_ws/build/go2_perception', 'catkin_cmake_args': None, 'catkin_skip_building_tests': False, 'cmake_args': None, 'cmake_clean_cache': False, 'cmake_clean_first': False, 'cmake_force_configure': False, 'cmake_target': None, 'cmake_target_skip_unavailable': False, 'install_base': '/home/ayi/unitree_go2_ws/install/go2_perception', 'merge_install': False, 'path': '/home/ayi/unitree_go2_ws/src/go2_perception', 'symlink_install': False, 'test_result_base': None}
[0.243s] Level 5:colcon.colcon_core.verb:set package 'go2_slam' build argument 'cmake_args' from command line to 'None'
[0.243s] Level 5:colcon.colcon_core.verb:set package 'go2_slam' build argument 'cmake_target' from command line to 'None'
[0.243s] Level 5:colcon.colcon_core.verb:set package 'go2_slam' build argument 'cmake_target_skip_unavailable' from command line to 'False'
[0.243s] Level 5:colcon.colcon_core.verb:set package 'go2_slam' build argument 'cmake_clean_cache' from command line to 'False'
[0.243s] Level 5:colcon.colcon_core.verb:set package 'go2_slam' build argument 'cmake_clean_first' from command line to 'False'
[0.243s] Level 5:colcon.colcon_core.verb:set package 'go2_slam' build argument 'cmake_force_configure' from command line to 'False'
[0.243s] Level 5:colcon.colcon_core.verb:set package 'go2_slam' build argument 'ament_cmake_args' from command line to 'None'
[0.243s] Level 5:colcon.colcon_core.verb:set package 'go2_slam' build argument 'catkin_cmake_args' from command line to 'None'
[0.243s] Level 5:colcon.colcon_core.verb:set package 'go2_slam' build argument 'catkin_skip_building_tests' from command line to 'False'
[0.243s] DEBUG:colcon.colcon_core.verb:Building package 'go2_slam' with the following arguments: {'ament_cmake_args': None, 'build_base': '/home/ayi/unitree_go2_ws/build/go2_slam', 'catkin_cmake_args': None, 'catkin_skip_building_tests': False, 'cmake_args': None, 'cmake_clean_cache': False, 'cmake_clean_first': False, 'cmake_force_configure': False, 'cmake_target': None, 'cmake_target_skip_unavailable': False, 'install_base': '/home/ayi/unitree_go2_ws/install/go2_slam', 'merge_install': False, 'path': '/home/ayi/unitree_go2_ws/src/go2_slam', 'symlink_install': False, 'test_result_base': None}
[0.243s] Level 5:colcon.colcon_core.verb:set package 'go2_twist_bridge_py' build argument 'cmake_args' from command line to 'None'
[0.243s] Level 5:colcon.colcon_core.verb:set package 'go2_twist_bridge_py' build argument 'cmake_target' from command line to 'None'
[0.243s] Level 5:colcon.colcon_core.verb:set package 'go2_twist_bridge_py' build argument 'cmake_target_skip_unavailable' from command line to 'False'
[0.243s] Level 5:colcon.colcon_core.verb:set package 'go2_twist_bridge_py' build argument 'cmake_clean_cache' from command line to 'False'
[0.243s] Level 5:colcon.colcon_core.verb:set package 'go2_twist_bridge_py' build argument 'cmake_clean_first' from command line to 'False'
[0.243s] Level 5:colcon.colcon_core.verb:set package 'go2_twist_bridge_py' build argument 'cmake_force_configure' from command line to 'False'
[0.243s] Level 5:colcon.colcon_core.verb:set package 'go2_twist_bridge_py' build argument 'ament_cmake_args' from command line to 'None'
[0.243s] Level 5:colcon.colcon_core.verb:set package 'go2_twist_bridge_py' build argument 'catkin_cmake_args' from command line to 'None'
[0.243s] Level 5:colcon.colcon_core.verb:set package 'go2_twist_bridge_py' build argument 'catkin_skip_building_tests' from command line to 'False'
[0.243s] DEBUG:colcon.colcon_core.verb:Building package 'go2_twist_bridge_py' with the following arguments: {'ament_cmake_args': None, 'build_base': '/home/ayi/unitree_go2_ws/build/go2_twist_bridge_py', 'catkin_cmake_args': None, 'catkin_skip_building_tests': False, 'cmake_args': None, 'cmake_clean_cache': False, 'cmake_clean_first': False, 'cmake_force_configure': False, 'cmake_target': None, 'cmake_target_skip_unavailable': False, 'install_base': '/home/ayi/unitree_go2_ws/install/go2_twist_bridge_py', 'merge_install': False, 'path': '/home/ayi/unitree_go2_ws/src/base/go2_twist_bridge_py', 'symlink_install': False, 'test_result_base': None}
[0.243s] INFO:colcon.colcon_core.executor:Executing jobs using 'parallel' executor
[0.244s] DEBUG:colcon.colcon_parallel_executor.executor.parallel:run_until_complete
[0.244s] INFO:colcon.colcon_ros.task.ament_python.build:Building ROS package in '/home/ayi/unitree_go2_ws/src/base/go2_core' with build type 'ament_python'
[0.244s] Level 1:colcon.colcon_core.shell:create_environment_hook('go2_core', 'ament_prefix_path')
[0.246s] INFO:colcon.colcon_core.plugin_system:Skipping extension 'colcon_core.shell.bat': Not used on non-Windows systems
[0.246s] INFO:colcon.colcon_core.shell:Creating environment hook '/home/ayi/unitree_go2_ws/install/go2_core/share/go2_core/hook/ament_prefix_path.ps1'
[0.247s] INFO:colcon.colcon_core.shell:Creating environment descriptor '/home/ayi/unitree_go2_ws/install/go2_core/share/go2_core/hook/ament_prefix_path.dsv'
[0.247s] INFO:colcon.colcon_core.shell:Creating environment hook '/home/ayi/unitree_go2_ws/install/go2_core/share/go2_core/hook/ament_prefix_path.sh'
[0.248s] INFO:colcon.colcon_core.shell:Skip shell extension 'powershell' for command environment: Not usable outside of PowerShell
[0.248s] DEBUG:colcon.colcon_core.shell:Skip shell extension 'dsv' for command environment
[0.253s] INFO:colcon.colcon_ros.task.ament_cmake.build:Building ROS package in '/home/ayi/unitree_go2_ws/src/go2_description' with build type 'ament_cmake'
[0.253s] INFO:colcon.colcon_cmake.task.cmake.build:Building CMake package in '/home/ayi/unitree_go2_ws/src/go2_description'
[0.253s] INFO:colcon.colcon_core.shell:Skip shell extension 'powershell' for command environment: Not usable outside of PowerShell
[0.253s] DEBUG:colcon.colcon_core.shell:Skip shell extension 'dsv' for command environment
[0.430s] INFO:colcon.colcon_core.task.python.build:Building Python package in '/home/ayi/unitree_go2_ws/src/base/go2_core'
[0.430s] INFO:colcon.colcon_core.shell:Skip shell extension 'powershell' for command environment: Not usable outside of PowerShell
[0.430s] DEBUG:colcon.colcon_core.shell:Skip shell extension 'dsv' for command environment
[0.437s] DEBUG:colcon.colcon_core.event_handler.log_command:Invoking command in '/home/ayi/unitree_go2_ws/build/go2_description': CMAKE_PREFIX_PATH=${CMAKE_PREFIX_PATH}:/home/ayi/unitree_go2_ws/install/go2_twist_bridge_py:/home/ayi/unitree_go2_ws/install/go2_driver_py:/home/ayi/unitree_go2_ws/install/go2_core:/home/ayi/dev_ws/install/learning_urdf:/home/ayi/dev_ws/install/learning_topic:/home/ayi/dev_ws/install/learning_tf:/home/ayi/dev_ws/install/learning_service:/home/ayi/dev_ws/install/learning_qos:/home/ayi/dev_ws/install/learning_pkg_python:/home/ayi/dev_ws/install/learning_parameter:/home/ayi/dev_ws/install/learning_node:/home/ayi/dev_ws/install/learning_launch:/home/ayi/dev_ws/install/learning_action:/home/ayi/dev_ws/install/learning_gazebo_harmonic:/home/ayi/dev_ws/install/learning_gazebo:/home/ayi/dev_ws/install/learning_cv:/opt/ros/humble /usr/bin/cmake --build /home/ayi/unitree_go2_ws/build/go2_description -- -j2 -l2
[0.475s] DEBUG:colcon.colcon_core.event_handler.log_command:Invoked command in '/home/ayi/unitree_go2_ws/build/go2_description' returned '0': CMAKE_PREFIX_PATH=${CMAKE_PREFIX_PATH}:/home/ayi/unitree_go2_ws/install/go2_twist_bridge_py:/home/ayi/unitree_go2_ws/install/go2_driver_py:/home/ayi/unitree_go2_ws/install/go2_core:/home/ayi/dev_ws/install/learning_urdf:/home/ayi/dev_ws/install/learning_topic:/home/ayi/dev_ws/install/learning_tf:/home/ayi/dev_ws/install/learning_service:/home/ayi/dev_ws/install/learning_qos:/home/ayi/dev_ws/install/learning_pkg_python:/home/ayi/dev_ws/install/learning_parameter:/home/ayi/dev_ws/install/learning_node:/home/ayi/dev_ws/install/learning_launch:/home/ayi/dev_ws/install/learning_action:/home/ayi/dev_ws/install/learning_gazebo_harmonic:/home/ayi/dev_ws/install/learning_gazebo:/home/ayi/dev_ws/install/learning_cv:/opt/ros/humble /usr/bin/cmake --build /home/ayi/unitree_go2_ws/build/go2_description -- -j2 -l2
[0.483s] DEBUG:colcon.colcon_core.event_handler.log_command:Invoking command in '/home/ayi/unitree_go2_ws/build/go2_description': CMAKE_PREFIX_PATH=${CMAKE_PREFIX_PATH}:/home/ayi/unitree_go2_ws/install/go2_twist_bridge_py:/home/ayi/unitree_go2_ws/install/go2_driver_py:/home/ayi/unitree_go2_ws/install/go2_core:/home/ayi/dev_ws/install/learning_urdf:/home/ayi/dev_ws/install/learning_topic:/home/ayi/dev_ws/install/learning_tf:/home/ayi/dev_ws/install/learning_service:/home/ayi/dev_ws/install/learning_qos:/home/ayi/dev_ws/install/learning_pkg_python:/home/ayi/dev_ws/install/learning_parameter:/home/ayi/dev_ws/install/learning_node:/home/ayi/dev_ws/install/learning_launch:/home/ayi/dev_ws/install/learning_action:/home/ayi/dev_ws/install/learning_gazebo_harmonic:/home/ayi/dev_ws/install/learning_gazebo:/home/ayi/dev_ws/install/learning_cv:/opt/ros/humble /usr/bin/cmake --install /home/ayi/unitree_go2_ws/build/go2_description
[0.501s] Level 1:colcon.colcon_core.environment:create_environment_scripts_only(go2_description)
[0.503s] Level 1:colcon.colcon_core.environment:checking '/home/ayi/unitree_go2_ws/install/go2_description' for CMake module files
[0.503s] DEBUG:colcon.colcon_core.event_handler.log_command:Invoked command in '/home/ayi/unitree_go2_ws/build/go2_description' returned '0': CMAKE_PREFIX_PATH=${CMAKE_PREFIX_PATH}:/home/ayi/unitree_go2_ws/install/go2_twist_bridge_py:/home/ayi/unitree_go2_ws/install/go2_driver_py:/home/ayi/unitree_go2_ws/install/go2_core:/home/ayi/dev_ws/install/learning_urdf:/home/ayi/dev_ws/install/learning_topic:/home/ayi/dev_ws/install/learning_tf:/home/ayi/dev_ws/install/learning_service:/home/ayi/dev_ws/install/learning_qos:/home/ayi/dev_ws/install/learning_pkg_python:/home/ayi/dev_ws/install/learning_parameter:/home/ayi/dev_ws/install/learning_node:/home/ayi/dev_ws/install/learning_launch:/home/ayi/dev_ws/install/learning_action:/home/ayi/dev_ws/install/learning_gazebo_harmonic:/home/ayi/dev_ws/install/learning_gazebo:/home/ayi/dev_ws/install/learning_cv:/opt/ros/humble /usr/bin/cmake --install /home/ayi/unitree_go2_ws/build/go2_description
[0.503s] Level 1:colcon.colcon_core.environment:checking '/home/ayi/unitree_go2_ws/install/go2_description' for CMake config files
[0.504s] Level 1:colcon.colcon_core.shell:create_environment_hook('go2_description', 'cmake_prefix_path')
[0.504s] INFO:colcon.colcon_core.shell:Creating environment hook '/home/ayi/unitree_go2_ws/install/go2_description/share/go2_description/hook/cmake_prefix_path.ps1'
[0.504s] INFO:colcon.colcon_core.shell:Creating environment descriptor '/home/ayi/unitree_go2_ws/install/go2_description/share/go2_description/hook/cmake_prefix_path.dsv'
[0.504s] INFO:colcon.colcon_core.shell:Creating environment hook '/home/ayi/unitree_go2_ws/install/go2_description/share/go2_description/hook/cmake_prefix_path.sh'
[0.505s] Level 1:colcon.colcon_core.environment:checking '/home/ayi/unitree_go2_ws/install/go2_description/bin'
[0.505s] Level 1:colcon.colcon_core.environment:checking '/home/ayi/unitree_go2_ws/install/go2_description/lib/pkgconfig/go2_description.pc'
[0.505s] Level 1:colcon.colcon_core.environment:checking '/home/ayi/unitree_go2_ws/install/go2_description/lib/python3.10/site-packages'
[0.505s] Level 1:colcon.colcon_core.environment:checking '/home/ayi/unitree_go2_ws/install/go2_description/bin'
[0.505s] INFO:colcon.colcon_core.shell:Creating package script '/home/ayi/unitree_go2_ws/install/go2_description/share/go2_description/package.ps1'
[0.506s] INFO:colcon.colcon_core.shell:Creating package descriptor '/home/ayi/unitree_go2_ws/install/go2_description/share/go2_description/package.dsv'
[0.506s] INFO:colcon.colcon_core.shell:Creating package script '/home/ayi/unitree_go2_ws/install/go2_description/share/go2_description/package.sh'
[0.507s] INFO:colcon.colcon_core.shell:Creating package script '/home/ayi/unitree_go2_ws/install/go2_description/share/go2_description/package.bash'
[0.507s] INFO:colcon.colcon_core.shell:Creating package script '/home/ayi/unitree_go2_ws/install/go2_description/share/go2_description/package.zsh'
[0.508s] Level 1:colcon.colcon_core.environment:create_file_with_runtime_dependencies(/home/ayi/unitree_go2_ws/install/go2_description/share/colcon-core/packages/go2_description)
[0.508s] Level 1:colcon.colcon_core.environment:create_environment_scripts_only(go2_description)
[0.508s] Level 1:colcon.colcon_core.environment:checking '/home/ayi/unitree_go2_ws/install/go2_description' for CMake module files
[0.509s] Level 1:colcon.colcon_core.environment:checking '/home/ayi/unitree_go2_ws/install/go2_description' for CMake config files
[0.509s] Level 1:colcon.colcon_core.shell:create_environment_hook('go2_description', 'cmake_prefix_path')
[0.509s] INFO:colcon.colcon_core.shell:Creating environment hook '/home/ayi/unitree_go2_ws/install/go2_description/share/go2_description/hook/cmake_prefix_path.ps1'
[0.509s] INFO:colcon.colcon_core.shell:Creating environment descriptor '/home/ayi/unitree_go2_ws/install/go2_description/share/go2_description/hook/cmake_prefix_path.dsv'
[0.510s] INFO:colcon.colcon_core.shell:Creating environment hook '/home/ayi/unitree_go2_ws/install/go2_description/share/go2_description/hook/cmake_prefix_path.sh'
[0.510s] Level 1:colcon.colcon_core.environment:checking '/home/ayi/unitree_go2_ws/install/go2_description/bin'
[0.510s] Level 1:colcon.colcon_core.environment:checking '/home/ayi/unitree_go2_ws/install/go2_description/lib/pkgconfig/go2_description.pc'
[0.510s] Level 1:colcon.colcon_core.environment:checking '/home/ayi/unitree_go2_ws/install/go2_description/lib/python3.10/site-packages'
[0.510s] Level 1:colcon.colcon_core.environment:checking '/home/ayi/unitree_go2_ws/install/go2_description/bin'
[0.510s] INFO:colcon.colcon_core.shell:Creating package script '/home/ayi/unitree_go2_ws/install/go2_description/share/go2_description/package.ps1'
[0.511s] INFO:colcon.colcon_core.shell:Creating package descriptor '/home/ayi/unitree_go2_ws/install/go2_description/share/go2_description/package.dsv'
[0.511s] INFO:colcon.colcon_core.shell:Creating package script '/home/ayi/unitree_go2_ws/install/go2_description/share/go2_description/package.sh'
[0.512s] INFO:colcon.colcon_core.shell:Creating package script '/home/ayi/unitree_go2_ws/install/go2_description/share/go2_description/package.bash'
[0.512s] INFO:colcon.colcon_core.shell:Creating package script '/home/ayi/unitree_go2_ws/install/go2_description/share/go2_description/package.zsh'
[0.512s] Level 1:colcon.colcon_core.environment:create_file_with_runtime_dependencies(/home/ayi/unitree_go2_ws/install/go2_description/share/colcon-core/packages/go2_description)
[0.513s] INFO:colcon.colcon_ros.task.ament_python.build:Building ROS package in '/home/ayi/unitree_go2_ws/src/base/go2_driver_py' with build type 'ament_python'
[0.513s] Level 1:colcon.colcon_core.shell:create_environment_hook('go2_driver_py', 'ament_prefix_path')
[0.513s] INFO:colcon.colcon_core.shell:Creating environment hook '/home/ayi/unitree_go2_ws/install/go2_driver_py/share/go2_driver_py/hook/ament_prefix_path.ps1'
[0.513s] INFO:colcon.colcon_core.shell:Creating environment descriptor '/home/ayi/unitree_go2_ws/install/go2_driver_py/share/go2_driver_py/hook/ament_prefix_path.dsv'
[0.514s] INFO:colcon.colcon_core.shell:Creating environment hook '/home/ayi/unitree_go2_ws/install/go2_driver_py/share/go2_driver_py/hook/ament_prefix_path.sh'
[0.514s] INFO:colcon.colcon_core.shell:Skip shell extension 'powershell' for command environment: Not usable outside of PowerShell
[0.514s] DEBUG:colcon.colcon_core.shell:Skip shell extension 'dsv' for command environment
[0.700s] INFO:colcon.colcon_core.task.python.build:Building Python package in '/home/ayi/unitree_go2_ws/src/base/go2_driver_py'
[0.701s] INFO:colcon.colcon_core.shell:Skip shell extension 'powershell' for command environment: Not usable outside of PowerShell
[0.701s] DEBUG:colcon.colcon_core.shell:Skip shell extension 'dsv' for command environment
[0.797s] DEBUG:colcon.colcon_core.event_handler.log_command:Invoking command in '/home/ayi/unitree_go2_ws/src/base/go2_core': PYTHONPATH=/home/ayi/unitree_go2_ws/build/go2_core/prefix_override:/usr/lib/python3/dist-packages/colcon_core/task/python/colcon_distutils_commands:/home/ayi/unitree_go2_ws/install/go2_core/lib/python3.10/site-packages:${PYTHONPATH} /usr/bin/python3 -W ignore:setup.py install is deprecated -W ignore:easy_install command is deprecated setup.py egg_info --egg-base ../../../build/go2_core build --build-base /home/ayi/unitree_go2_ws/build/go2_core/build install --record /home/ayi/unitree_go2_ws/build/go2_core/install.log --single-version-externally-managed install_data
[0.958s] DEBUG:colcon.colcon_core.event_handler.log_command:Invoking command in '/home/ayi/unitree_go2_ws/src/base/go2_driver_py': PYTHONPATH=/home/ayi/unitree_go2_ws/build/go2_driver_py/prefix_override:/usr/lib/python3/dist-packages/colcon_core/task/python/colcon_distutils_commands:/home/ayi/unitree_go2_ws/install/go2_driver_py/lib/python3.10/site-packages:${PYTHONPATH} /usr/bin/python3 -W ignore:setup.py install is deprecated -W ignore:easy_install command is deprecated setup.py egg_info --egg-base ../../../build/go2_driver_py build --build-base /home/ayi/unitree_go2_ws/build/go2_driver_py/build install --record /home/ayi/unitree_go2_ws/build/go2_driver_py/install.log --single-version-externally-managed install_data
[0.995s] Level 1:colcon.colcon_core.environment:checking '/home/ayi/unitree_go2_ws/install/go2_core' for CMake module files
[0.995s] Level 1:colcon.colcon_core.environment:checking '/home/ayi/unitree_go2_ws/install/go2_core' for CMake config files
[0.996s] Level 1:colcon.colcon_core.environment:checking '/home/ayi/unitree_go2_ws/install/go2_core/lib'
[0.996s] Level 1:colcon.colcon_core.environment:checking '/home/ayi/unitree_go2_ws/install/go2_core/bin'
[0.996s] Level 1:colcon.colcon_core.environment:checking '/home/ayi/unitree_go2_ws/install/go2_core/lib/pkgconfig/go2_core.pc'
[0.996s] Level 1:colcon.colcon_core.environment:checking '/home/ayi/unitree_go2_ws/install/go2_core/lib/python3.10/site-packages'
[0.996s] Level 1:colcon.colcon_core.shell:create_environment_hook('go2_core', 'pythonpath')
[0.996s] INFO:colcon.colcon_core.shell:Creating environment hook '/home/ayi/unitree_go2_ws/install/go2_core/share/go2_core/hook/pythonpath.ps1'
[0.997s] DEBUG:colcon.colcon_core.event_handler.log_command:Invoked command in '/home/ayi/unitree_go2_ws/src/base/go2_core' returned '0': PYTHONPATH=/home/ayi/unitree_go2_ws/build/go2_core/prefix_override:/usr/lib/python3/dist-packages/colcon_core/task/python/colcon_distutils_commands:/home/ayi/unitree_go2_ws/install/go2_core/lib/python3.10/site-packages:${PYTHONPATH} /usr/bin/python3 -W ignore:setup.py install is deprecated -W ignore:easy_install command is deprecated setup.py egg_info --egg-base ../../../build/go2_core build --build-base /home/ayi/unitree_go2_ws/build/go2_core/build install --record /home/ayi/unitree_go2_ws/build/go2_core/install.log --single-version-externally-managed install_data
[0.997s] INFO:colcon.colcon_core.shell:Creating environment descriptor '/home/ayi/unitree_go2_ws/install/go2_core/share/go2_core/hook/pythonpath.dsv'
[0.997s] INFO:colcon.colcon_core.shell:Creating environment hook '/home/ayi/unitree_go2_ws/install/go2_core/share/go2_core/hook/pythonpath.sh'
[0.998s] Level 1:colcon.colcon_core.environment:checking '/home/ayi/unitree_go2_ws/install/go2_core/bin'
[0.998s] Level 1:colcon.colcon_core.environment:create_environment_scripts_only(go2_core)
[0.998s] INFO:colcon.colcon_core.shell:Creating package script '/home/ayi/unitree_go2_ws/install/go2_core/share/go2_core/package.ps1'
[0.998s] INFO:colcon.colcon_core.shell:Creating package descriptor '/home/ayi/unitree_go2_ws/install/go2_core/share/go2_core/package.dsv'
[0.999s] INFO:colcon.colcon_core.shell:Creating package script '/home/ayi/unitree_go2_ws/install/go2_core/share/go2_core/package.sh'
[0.999s] INFO:colcon.colcon_core.shell:Creating package script '/home/ayi/unitree_go2_ws/install/go2_core/share/go2_core/package.bash'
[1.000s] INFO:colcon.colcon_core.shell:Creating package script '/home/ayi/unitree_go2_ws/install/go2_core/share/go2_core/package.zsh'
[1.000s] Level 1:colcon.colcon_core.environment:create_file_with_runtime_dependencies(/home/ayi/unitree_go2_ws/install/go2_core/share/colcon-core/packages/go2_core)
[1.000s] INFO:colcon.colcon_ros.task.ament_cmake.build:Building ROS package in '/home/ayi/unitree_go2_ws/src/go2_perception' with build type 'ament_cmake'
[1.000s] INFO:colcon.colcon_cmake.task.cmake.build:Building CMake package in '/home/ayi/unitree_go2_ws/src/go2_perception'
[1.000s] INFO:colcon.colcon_core.shell:Skip shell extension 'powershell' for command environment: Not usable outside of PowerShell
[1.000s] DEBUG:colcon.colcon_core.shell:Skip shell extension 'dsv' for command environment
[1.017s] DEBUG:colcon.colcon_core.event_handler.log_command:Invoking command in '/home/ayi/unitree_go2_ws/build/go2_perception': CMAKE_PREFIX_PATH=${CMAKE_PREFIX_PATH}:/home/ayi/unitree_go2_ws/install/go2_twist_bridge_py:/home/ayi/unitree_go2_ws/install/go2_driver_py:/home/ayi/unitree_go2_ws/install/go2_core:/home/ayi/dev_ws/install/learning_urdf:/home/ayi/dev_ws/install/learning_topic:/home/ayi/dev_ws/install/learning_tf:/home/ayi/dev_ws/install/learning_service:/home/ayi/dev_ws/install/learning_qos:/home/ayi/dev_ws/install/learning_pkg_python:/home/ayi/dev_ws/install/learning_parameter:/home/ayi/dev_ws/install/learning_node:/home/ayi/dev_ws/install/learning_launch:/home/ayi/dev_ws/install/learning_action:/home/ayi/dev_ws/install/learning_gazebo_harmonic:/home/ayi/dev_ws/install/learning_gazebo:/home/ayi/dev_ws/install/learning_cv:/opt/ros/humble /usr/bin/cmake --build /home/ayi/unitree_go2_ws/build/go2_perception -- -j2 -l2
[1.128s] DEBUG:colcon.colcon_core.event_handler.log_command:Invoked command in '/home/ayi/unitree_go2_ws/build/go2_perception' returned '0': CMAKE_PREFIX_PATH=${CMAKE_PREFIX_PATH}:/home/ayi/unitree_go2_ws/install/go2_twist_bridge_py:/home/ayi/unitree_go2_ws/install/go2_driver_py:/home/ayi/unitree_go2_ws/install/go2_core:/home/ayi/dev_ws/install/learning_urdf:/home/ayi/dev_ws/install/learning_topic:/home/ayi/dev_ws/install/learning_tf:/home/ayi/dev_ws/install/learning_service:/home/ayi/dev_ws/install/learning_qos:/home/ayi/dev_ws/install/learning_pkg_python:/home/ayi/dev_ws/install/learning_parameter:/home/ayi/dev_ws/install/learning_node:/home/ayi/dev_ws/install/learning_launch:/home/ayi/dev_ws/install/learning_action:/home/ayi/dev_ws/install/learning_gazebo_harmonic:/home/ayi/dev_ws/install/learning_gazebo:/home/ayi/dev_ws/install/learning_cv:/opt/ros/humble /usr/bin/cmake --build /home/ayi/unitree_go2_ws/build/go2_perception -- -j2 -l2
[1.132s] DEBUG:colcon.colcon_core.event_handler.log_command:Invoking command in '/home/ayi/unitree_go2_ws/build/go2_perception': CMAKE_PREFIX_PATH=${CMAKE_PREFIX_PATH}:/home/ayi/unitree_go2_ws/install/go2_twist_bridge_py:/home/ayi/unitree_go2_ws/install/go2_driver_py:/home/ayi/unitree_go2_ws/install/go2_core:/home/ayi/dev_ws/install/learning_urdf:/home/ayi/dev_ws/install/learning_topic:/home/ayi/dev_ws/install/learning_tf:/home/ayi/dev_ws/install/learning_service:/home/ayi/dev_ws/install/learning_qos:/home/ayi/dev_ws/install/learning_pkg_python:/home/ayi/dev_ws/install/learning_parameter:/home/ayi/dev_ws/install/learning_node:/home/ayi/dev_ws/install/learning_launch:/home/ayi/dev_ws/install/learning_action:/home/ayi/dev_ws/install/learning_gazebo_harmonic:/home/ayi/dev_ws/install/learning_gazebo:/home/ayi/dev_ws/install/learning_cv:/opt/ros/humble /usr/bin/cmake --install /home/ayi/unitree_go2_ws/build/go2_perception
[1.141s] Level 1:colcon.colcon_core.environment:create_environment_scripts_only(go2_perception)
[1.141s] Level 1:colcon.colcon_core.environment:checking '/home/ayi/unitree_go2_ws/install/go2_perception' for CMake module files
[1.142s] Level 1:colcon.colcon_core.environment:checking '/home/ayi/unitree_go2_ws/install/go2_perception' for CMake config files
[1.142s] Level 1:colcon.colcon_core.shell:create_environment_hook('go2_perception', 'cmake_prefix_path')
[1.142s] INFO:colcon.colcon_core.shell:Creating environment hook '/home/ayi/unitree_go2_ws/install/go2_perception/share/go2_perception/hook/cmake_prefix_path.ps1'
[1.142s] INFO:colcon.colcon_core.shell:Creating environment descriptor '/home/ayi/unitree_go2_ws/install/go2_perception/share/go2_perception/hook/cmake_prefix_path.dsv'
[1.143s] DEBUG:colcon.colcon_core.event_handler.log_command:Invoked command in '/home/ayi/unitree_go2_ws/build/go2_perception' returned '0': CMAKE_PREFIX_PATH=${CMAKE_PREFIX_PATH}:/home/ayi/unitree_go2_ws/install/go2_twist_bridge_py:/home/ayi/unitree_go2_ws/install/go2_driver_py:/home/ayi/unitree_go2_ws/install/go2_core:/home/ayi/dev_ws/install/learning_urdf:/home/ayi/dev_ws/install/learning_topic:/home/ayi/dev_ws/install/learning_tf:/home/ayi/dev_ws/install/learning_service:/home/ayi/dev_ws/install/learning_qos:/home/ayi/dev_ws/install/learning_pkg_python:/home/ayi/dev_ws/install/learning_parameter:/home/ayi/dev_ws/install/learning_node:/home/ayi/dev_ws/install/learning_launch:/home/ayi/dev_ws/install/learning_action:/home/ayi/dev_ws/install/learning_gazebo_harmonic:/home/ayi/dev_ws/install/learning_gazebo:/home/ayi/dev_ws/install/learning_cv:/opt/ros/humble /usr/bin/cmake --install /home/ayi/unitree_go2_ws/build/go2_perception
[1.143s] INFO:colcon.colcon_core.shell:Creating environment hook '/home/ayi/unitree_go2_ws/install/go2_perception/share/go2_perception/hook/cmake_prefix_path.sh'
[1.144s] Level 1:colcon.colcon_core.environment:checking '/home/ayi/unitree_go2_ws/install/go2_perception/lib'
[1.144s] Level 1:colcon.colcon_core.shell:create_environment_hook('go2_perception', 'ld_library_path_lib')
[1.144s] INFO:colcon.colcon_core.shell:Creating environment hook '/home/ayi/unitree_go2_ws/install/go2_perception/share/go2_perception/hook/ld_library_path_lib.ps1'
[1.144s] INFO:colcon.colcon_core.shell:Creating environment descriptor '/home/ayi/unitree_go2_ws/install/go2_perception/share/go2_perception/hook/ld_library_path_lib.dsv'
[1.145s] INFO:colcon.colcon_core.shell:Creating environment hook '/home/ayi/unitree_go2_ws/install/go2_perception/share/go2_perception/hook/ld_library_path_lib.sh'
[1.145s] Level 1:colcon.colcon_core.environment:checking '/home/ayi/unitree_go2_ws/install/go2_perception/bin'
[1.145s] Level 1:colcon.colcon_core.environment:checking '/home/ayi/unitree_go2_ws/install/go2_perception/lib/pkgconfig/go2_perception.pc'
[1.145s] Level 1:colcon.colcon_core.environment:checking '/home/ayi/unitree_go2_ws/install/go2_perception/lib/python3.10/site-packages'
[1.145s] Level 1:colcon.colcon_core.environment:checking '/home/ayi/unitree_go2_ws/install/go2_perception/bin'
[1.145s] INFO:colcon.colcon_core.shell:Creating package script '/home/ayi/unitree_go2_ws/install/go2_perception/share/go2_perception/package.ps1'
[1.146s] INFO:colcon.colcon_core.shell:Creating package descriptor '/home/ayi/unitree_go2_ws/install/go2_perception/share/go2_perception/package.dsv'
[1.147s] INFO:colcon.colcon_core.shell:Creating package script '/home/ayi/unitree_go2_ws/install/go2_perception/share/go2_perception/package.sh'
[1.147s] INFO:colcon.colcon_core.shell:Creating package script '/home/ayi/unitree_go2_ws/install/go2_perception/share/go2_perception/package.bash'
[1.147s] INFO:colcon.colcon_core.shell:Creating package script '/home/ayi/unitree_go2_ws/install/go2_perception/share/go2_perception/package.zsh'
[1.148s] Level 1:colcon.colcon_core.environment:create_file_with_runtime_dependencies(/home/ayi/unitree_go2_ws/install/go2_perception/share/colcon-core/packages/go2_perception)
[1.148s] Level 1:colcon.colcon_core.environment:create_environment_scripts_only(go2_perception)
[1.148s] Level 1:colcon.colcon_core.environment:checking '/home/ayi/unitree_go2_ws/install/go2_perception' for CMake module files
[1.148s] Level 1:colcon.colcon_core.environment:checking '/home/ayi/unitree_go2_ws/install/go2_perception' for CMake config files
[1.149s] Level 1:colcon.colcon_core.shell:create_environment_hook('go2_perception', 'cmake_prefix_path')
[1.149s] INFO:colcon.colcon_core.shell:Creating environment hook '/home/ayi/unitree_go2_ws/install/go2_perception/share/go2_perception/hook/cmake_prefix_path.ps1'
[1.149s] INFO:colcon.colcon_core.shell:Creating environment descriptor '/home/ayi/unitree_go2_ws/install/go2_perception/share/go2_perception/hook/cmake_prefix_path.dsv'
[1.150s] INFO:colcon.colcon_core.shell:Creating environment hook '/home/ayi/unitree_go2_ws/install/go2_perception/share/go2_perception/hook/cmake_prefix_path.sh'
[1.150s] Level 1:colcon.colcon_core.environment:checking '/home/ayi/unitree_go2_ws/install/go2_perception/lib'
[1.151s] Level 1:colcon.colcon_core.shell:create_environment_hook('go2_perception', 'ld_library_path_lib')
[1.151s] INFO:colcon.colcon_core.shell:Creating environment hook '/home/ayi/unitree_go2_ws/install/go2_perception/share/go2_perception/hook/ld_library_path_lib.ps1'
[1.151s] INFO:colcon.colcon_core.shell:Creating environment descriptor '/home/ayi/unitree_go2_ws/install/go2_perception/share/go2_perception/hook/ld_library_path_lib.dsv'
[1.151s] INFO:colcon.colcon_core.shell:Creating environment hook '/home/ayi/unitree_go2_ws/install/go2_perception/share/go2_perception/hook/ld_library_path_lib.sh'
[1.152s] Level 1:colcon.colcon_core.environment:checking '/home/ayi/unitree_go2_ws/install/go2_perception/bin'
[1.152s] Level 1:colcon.colcon_core.environment:checking '/home/ayi/unitree_go2_ws/install/go2_perception/lib/pkgconfig/go2_perception.pc'
[1.152s] Level 1:colcon.colcon_core.environment:checking '/home/ayi/unitree_go2_ws/install/go2_perception/lib/python3.10/site-packages'
[1.152s] Level 1:colcon.colcon_core.environment:checking '/home/ayi/unitree_go2_ws/install/go2_perception/bin'
[1.152s] INFO:colcon.colcon_core.shell:Creating package script '/home/ayi/unitree_go2_ws/install/go2_perception/share/go2_perception/package.ps1'
[1.153s] INFO:colcon.colcon_core.shell:Creating package descriptor '/home/ayi/unitree_go2_ws/install/go2_perception/share/go2_perception/package.dsv'
[1.153s] INFO:colcon.colcon_core.shell:Creating package script '/home/ayi/unitree_go2_ws/install/go2_perception/share/go2_perception/package.sh'
[1.153s] INFO:colcon.colcon_core.shell:Creating package script '/home/ayi/unitree_go2_ws/install/go2_perception/share/go2_perception/package.bash'
[1.154s] INFO:colcon.colcon_core.shell:Creating package script '/home/ayi/unitree_go2_ws/install/go2_perception/share/go2_perception/package.zsh'
[1.154s] Level 1:colcon.colcon_core.environment:create_file_with_runtime_dependencies(/home/ayi/unitree_go2_ws/install/go2_perception/share/colcon-core/packages/go2_perception)
[1.155s] INFO:colcon.colcon_ros.task.ament_cmake.build:Building ROS package in '/home/ayi/unitree_go2_ws/src/go2_slam' with build type 'ament_cmake'
[1.155s] INFO:colcon.colcon_cmake.task.cmake.build:Building CMake package in '/home/ayi/unitree_go2_ws/src/go2_slam'
[1.155s] INFO:colcon.colcon_core.shell:Skip shell extension 'powershell' for command environment: Not usable outside of PowerShell
[1.155s] DEBUG:colcon.colcon_core.shell:Skip shell extension 'dsv' for command environment
[1.165s] DEBUG:colcon.colcon_core.event_handler.log_command:Invoking command in '/home/ayi/unitree_go2_ws/build/go2_slam': CMAKE_PREFIX_PATH=${CMAKE_PREFIX_PATH}:/home/ayi/unitree_go2_ws/install/go2_twist_bridge_py:/home/ayi/unitree_go2_ws/install/go2_driver_py:/home/ayi/unitree_go2_ws/install/go2_core:/home/ayi/dev_ws/install/learning_urdf:/home/ayi/dev_ws/install/learning_topic:/home/ayi/dev_ws/install/learning_tf:/home/ayi/dev_ws/install/learning_service:/home/ayi/dev_ws/install/learning_qos:/home/ayi/dev_ws/install/learning_pkg_python:/home/ayi/dev_ws/install/learning_parameter:/home/ayi/dev_ws/install/learning_node:/home/ayi/dev_ws/install/learning_launch:/home/ayi/dev_ws/install/learning_action:/home/ayi/dev_ws/install/learning_gazebo_harmonic:/home/ayi/dev_ws/install/learning_gazebo:/home/ayi/dev_ws/install/learning_cv:/opt/ros/humble /usr/bin/cmake --build /home/ayi/unitree_go2_ws/build/go2_slam -- -j2 -l2
[1.185s] Level 1:colcon.colcon_core.environment:checking '/home/ayi/unitree_go2_ws/install/go2_driver_py' for CMake module files
[1.186s] DEBUG:colcon.colcon_core.event_handler.log_command:Invoked command in '/home/ayi/unitree_go2_ws/src/base/go2_driver_py' returned '0': PYTHONPATH=/home/ayi/unitree_go2_ws/build/go2_driver_py/prefix_override:/usr/lib/python3/dist-packages/colcon_core/task/python/colcon_distutils_commands:/home/ayi/unitree_go2_ws/install/go2_driver_py/lib/python3.10/site-packages:${PYTHONPATH} /usr/bin/python3 -W ignore:setup.py install is deprecated -W ignore:easy_install command is deprecated setup.py egg_info --egg-base ../../../build/go2_driver_py build --build-base /home/ayi/unitree_go2_ws/build/go2_driver_py/build install --record /home/ayi/unitree_go2_ws/build/go2_driver_py/install.log --single-version-externally-managed install_data
[1.187s] Level 1:colcon.colcon_core.environment:checking '/home/ayi/unitree_go2_ws/install/go2_driver_py' for CMake config files
[1.188s] Level 1:colcon.colcon_core.environment:checking '/home/ayi/unitree_go2_ws/install/go2_driver_py/lib'
[1.188s] Level 1:colcon.colcon_core.environment:checking '/home/ayi/unitree_go2_ws/install/go2_driver_py/bin'
[1.188s] Level 1:colcon.colcon_core.environment:checking '/home/ayi/unitree_go2_ws/install/go2_driver_py/lib/pkgconfig/go2_driver_py.pc'
[1.188s] Level 1:colcon.colcon_core.environment:checking '/home/ayi/unitree_go2_ws/install/go2_driver_py/lib/python3.10/site-packages'
[1.188s] Level 1:colcon.colcon_core.shell:create_environment_hook('go2_driver_py', 'pythonpath')
[1.188s] INFO:colcon.colcon_core.shell:Creating environment hook '/home/ayi/unitree_go2_ws/install/go2_driver_py/share/go2_driver_py/hook/pythonpath.ps1'
[1.188s] INFO:colcon.colcon_core.shell:Creating environment descriptor '/home/ayi/unitree_go2_ws/install/go2_driver_py/share/go2_driver_py/hook/pythonpath.dsv'
[1.190s] INFO:colcon.colcon_core.shell:Creating environment hook '/home/ayi/unitree_go2_ws/install/go2_driver_py/share/go2_driver_py/hook/pythonpath.sh'
[1.190s] Level 1:colcon.colcon_core.environment:checking '/home/ayi/unitree_go2_ws/install/go2_driver_py/bin'
[1.190s] Level 1:colcon.colcon_core.environment:create_environment_scripts_only(go2_driver_py)
[1.190s] INFO:colcon.colcon_core.shell:Creating package script '/home/ayi/unitree_go2_ws/install/go2_driver_py/share/go2_driver_py/package.ps1'
[1.191s] INFO:colcon.colcon_core.shell:Creating package descriptor '/home/ayi/unitree_go2_ws/install/go2_driver_py/share/go2_driver_py/package.dsv'
[1.191s] INFO:colcon.colcon_core.shell:Creating package script '/home/ayi/unitree_go2_ws/install/go2_driver_py/share/go2_driver_py/package.sh'
[1.192s] INFO:colcon.colcon_core.shell:Creating package script '/home/ayi/unitree_go2_ws/install/go2_driver_py/share/go2_driver_py/package.bash'
[1.192s] INFO:colcon.colcon_core.shell:Creating package script '/home/ayi/unitree_go2_ws/install/go2_driver_py/share/go2_driver_py/package.zsh'
[1.192s] Level 1:colcon.colcon_core.environment:create_file_with_runtime_dependencies(/home/ayi/unitree_go2_ws/install/go2_driver_py/share/colcon-core/packages/go2_driver_py)
[1.193s] INFO:colcon.colcon_ros.task.ament_python.build:Building ROS package in '/home/ayi/unitree_go2_ws/src/base/go2_twist_bridge_py' with build type 'ament_python'
[1.193s] Level 1:colcon.colcon_core.shell:create_environment_hook('go2_twist_bridge_py', 'ament_prefix_path')
[1.193s] INFO:colcon.colcon_core.shell:Creating environment hook '/home/ayi/unitree_go2_ws/install/go2_twist_bridge_py/share/go2_twist_bridge_py/hook/ament_prefix_path.ps1'
[1.193s] INFO:colcon.colcon_core.shell:Creating environment descriptor '/home/ayi/unitree_go2_ws/install/go2_twist_bridge_py/share/go2_twist_bridge_py/hook/ament_prefix_path.dsv'
[1.194s] INFO:colcon.colcon_core.shell:Creating environment hook '/home/ayi/unitree_go2_ws/install/go2_twist_bridge_py/share/go2_twist_bridge_py/hook/ament_prefix_path.sh'
[1.194s] INFO:colcon.colcon_core.shell:Skip shell extension 'powershell' for command environment: Not usable outside of PowerShell
[1.194s] DEBUG:colcon.colcon_core.shell:Skip shell extension 'dsv' for command environment
[1.371s] INFO:colcon.colcon_core.task.python.build:Building Python package in '/home/ayi/unitree_go2_ws/src/base/go2_twist_bridge_py'
[1.371s] INFO:colcon.colcon_core.shell:Skip shell extension 'powershell' for command environment: Not usable outside of PowerShell
[1.371s] DEBUG:colcon.colcon_core.shell:Skip shell extension 'dsv' for command environment
[1.377s] DEBUG:colcon.colcon_core.event_handler.log_command:Invoked command in '/home/ayi/unitree_go2_ws/build/go2_slam' returned '0': CMAKE_PREFIX_PATH=${CMAKE_PREFIX_PATH}:/home/ayi/unitree_go2_ws/install/go2_twist_bridge_py:/home/ayi/unitree_go2_ws/install/go2_driver_py:/home/ayi/unitree_go2_ws/install/go2_core:/home/ayi/dev_ws/install/learning_urdf:/home/ayi/dev_ws/install/learning_topic:/home/ayi/dev_ws/install/learning_tf:/home/ayi/dev_ws/install/learning_service:/home/ayi/dev_ws/install/learning_qos:/home/ayi/dev_ws/install/learning_pkg_python:/home/ayi/dev_ws/install/learning_parameter:/home/ayi/dev_ws/install/learning_node:/home/ayi/dev_ws/install/learning_launch:/home/ayi/dev_ws/install/learning_action:/home/ayi/dev_ws/install/learning_gazebo_harmonic:/home/ayi/dev_ws/install/learning_gazebo:/home/ayi/dev_ws/install/learning_cv:/opt/ros/humble /usr/bin/cmake --build /home/ayi/unitree_go2_ws/build/go2_slam -- -j2 -l2
[1.378s] DEBUG:colcon.colcon_core.event_handler.log_command:Invoking command in '/home/ayi/unitree_go2_ws/build/go2_slam': CMAKE_PREFIX_PATH=${CMAKE_PREFIX_PATH}:/home/ayi/unitree_go2_ws/install/go2_twist_bridge_py:/home/ayi/unitree_go2_ws/install/go2_driver_py:/home/ayi/unitree_go2_ws/install/go2_core:/home/ayi/dev_ws/install/learning_urdf:/home/ayi/dev_ws/install/learning_topic:/home/ayi/dev_ws/install/learning_tf:/home/ayi/dev_ws/install/learning_service:/home/ayi/dev_ws/install/learning_qos:/home/ayi/dev_ws/install/learning_pkg_python:/home/ayi/dev_ws/install/learning_parameter:/home/ayi/dev_ws/install/learning_node:/home/ayi/dev_ws/install/learning_launch:/home/ayi/dev_ws/install/learning_action:/home/ayi/dev_ws/install/learning_gazebo_harmonic:/home/ayi/dev_ws/install/learning_gazebo:/home/ayi/dev_ws/install/learning_cv:/opt/ros/humble /usr/bin/cmake --install /home/ayi/unitree_go2_ws/build/go2_slam
[1.390s] Level 1:colcon.colcon_core.environment:create_environment_scripts_only(go2_slam)
[1.390s] Level 1:colcon.colcon_core.environment:checking '/home/ayi/unitree_go2_ws/install/go2_slam' for CMake module files
[1.391s] Level 1:colcon.colcon_core.environment:checking '/home/ayi/unitree_go2_ws/install/go2_slam' for CMake config files
[1.391s] Level 1:colcon.colcon_core.shell:create_environment_hook('go2_slam', 'cmake_prefix_path')
[1.391s] INFO:colcon.colcon_core.shell:Creating environment hook '/home/ayi/unitree_go2_ws/install/go2_slam/share/go2_slam/hook/cmake_prefix_path.ps1'
[1.391s] INFO:colcon.colcon_core.shell:Creating environment descriptor '/home/ayi/unitree_go2_ws/install/go2_slam/share/go2_slam/hook/cmake_prefix_path.dsv'
[1.392s] DEBUG:colcon.colcon_core.event_handler.log_command:Invoked command in '/home/ayi/unitree_go2_ws/build/go2_slam' returned '0': CMAKE_PREFIX_PATH=${CMAKE_PREFIX_PATH}:/home/ayi/unitree_go2_ws/install/go2_twist_bridge_py:/home/ayi/unitree_go2_ws/install/go2_driver_py:/home/ayi/unitree_go2_ws/install/go2_core:/home/ayi/dev_ws/install/learning_urdf:/home/ayi/dev_ws/install/learning_topic:/home/ayi/dev_ws/install/learning_tf:/home/ayi/dev_ws/install/learning_service:/home/ayi/dev_ws/install/learning_qos:/home/ayi/dev_ws/install/learning_pkg_python:/home/ayi/dev_ws/install/learning_parameter:/home/ayi/dev_ws/install/learning_node:/home/ayi/dev_ws/install/learning_launch:/home/ayi/dev_ws/install/learning_action:/home/ayi/dev_ws/install/learning_gazebo_harmonic:/home/ayi/dev_ws/install/learning_gazebo:/home/ayi/dev_ws/install/learning_cv:/opt/ros/humble /usr/bin/cmake --install /home/ayi/unitree_go2_ws/build/go2_slam
[1.392s] INFO:colcon.colcon_core.shell:Creating environment hook '/home/ayi/unitree_go2_ws/install/go2_slam/share/go2_slam/hook/cmake_prefix_path.sh'
[1.392s] Level 1:colcon.colcon_core.environment:checking '/home/ayi/unitree_go2_ws/install/go2_slam/bin'
[1.392s] Level 1:colcon.colcon_core.environment:checking '/home/ayi/unitree_go2_ws/install/go2_slam/lib/pkgconfig/go2_slam.pc'
[1.393s] Level 1:colcon.colcon_core.environment:checking '/home/ayi/unitree_go2_ws/install/go2_slam/lib/python3.10/site-packages'
[1.393s] Level 1:colcon.colcon_core.environment:checking '/home/ayi/unitree_go2_ws/install/go2_slam/bin'
[1.393s] INFO:colcon.colcon_core.shell:Creating package script '/home/ayi/unitree_go2_ws/install/go2_slam/share/go2_slam/package.ps1'
[1.393s] INFO:colcon.colcon_core.shell:Creating package descriptor '/home/ayi/unitree_go2_ws/install/go2_slam/share/go2_slam/package.dsv'
[1.394s] INFO:colcon.colcon_core.shell:Creating package script '/home/ayi/unitree_go2_ws/install/go2_slam/share/go2_slam/package.sh'
[1.394s] INFO:colcon.colcon_core.shell:Creating package script '/home/ayi/unitree_go2_ws/install/go2_slam/share/go2_slam/package.bash'
[1.394s] INFO:colcon.colcon_core.shell:Creating package script '/home/ayi/unitree_go2_ws/install/go2_slam/share/go2_slam/package.zsh'
[1.395s] Level 1:colcon.colcon_core.environment:create_file_with_runtime_dependencies(/home/ayi/unitree_go2_ws/install/go2_slam/share/colcon-core/packages/go2_slam)
[1.395s] Level 1:colcon.colcon_core.environment:create_environment_scripts_only(go2_slam)
[1.395s] Level 1:colcon.colcon_core.environment:checking '/home/ayi/unitree_go2_ws/install/go2_slam' for CMake module files
[1.395s] Level 1:colcon.colcon_core.environment:checking '/home/ayi/unitree_go2_ws/install/go2_slam' for CMake config files
[1.395s] Level 1:colcon.colcon_core.shell:create_environment_hook('go2_slam', 'cmake_prefix_path')
[1.396s] INFO:colcon.colcon_core.shell:Creating environment hook '/home/ayi/unitree_go2_ws/install/go2_slam/share/go2_slam/hook/cmake_prefix_path.ps1'
[1.396s] INFO:colcon.colcon_core.shell:Creating environment descriptor '/home/ayi/unitree_go2_ws/install/go2_slam/share/go2_slam/hook/cmake_prefix_path.dsv'
[1.396s] INFO:colcon.colcon_core.shell:Creating environment hook '/home/ayi/unitree_go2_ws/install/go2_slam/share/go2_slam/hook/cmake_prefix_path.sh'
[1.397s] Level 1:colcon.colcon_core.environment:checking '/home/ayi/unitree_go2_ws/install/go2_slam/bin'
[1.397s] Level 1:colcon.colcon_core.environment:checking '/home/ayi/unitree_go2_ws/install/go2_slam/lib/pkgconfig/go2_slam.pc'
[1.397s] Level 1:colcon.colcon_core.environment:checking '/home/ayi/unitree_go2_ws/install/go2_slam/lib/python3.10/site-packages'
[1.397s] Level 1:colcon.colcon_core.environment:checking '/home/ayi/unitree_go2_ws/install/go2_slam/bin'
[1.397s] INFO:colcon.colcon_core.shell:Creating package script '/home/ayi/unitree_go2_ws/install/go2_slam/share/go2_slam/package.ps1'
[1.397s] INFO:colcon.colcon_core.shell:Creating package descriptor '/home/ayi/unitree_go2_ws/install/go2_slam/share/go2_slam/package.dsv'
[1.398s] INFO:colcon.colcon_core.shell:Creating package script '/home/ayi/unitree_go2_ws/install/go2_slam/share/go2_slam/package.sh'
[1.398s] INFO:colcon.colcon_core.shell:Creating package script '/home/ayi/unitree_go2_ws/install/go2_slam/share/go2_slam/package.bash'
[1.398s] INFO:colcon.colcon_core.shell:Creating package script '/home/ayi/unitree_go2_ws/install/go2_slam/share/go2_slam/package.zsh'
[1.399s] Level 1:colcon.colcon_core.environment:create_file_with_runtime_dependencies(/home/ayi/unitree_go2_ws/install/go2_slam/share/colcon-core/packages/go2_slam)
[1.623s] DEBUG:colcon.colcon_core.event_handler.log_command:Invoking command in '/home/ayi/unitree_go2_ws/src/base/go2_twist_bridge_py': PYTHONPATH=/home/ayi/unitree_go2_ws/build/go2_twist_bridge_py/prefix_override:/usr/lib/python3/dist-packages/colcon_core/task/python/colcon_distutils_commands:/home/ayi/unitree_go2_ws/install/go2_twist_bridge_py/lib/python3.10/site-packages:${PYTHONPATH} /usr/bin/python3 -W ignore:setup.py install is deprecated -W ignore:easy_install command is deprecated setup.py egg_info --egg-base ../../../build/go2_twist_bridge_py build --build-base /home/ayi/unitree_go2_ws/build/go2_twist_bridge_py/build install --record /home/ayi/unitree_go2_ws/build/go2_twist_bridge_py/install.log --single-version-externally-managed install_data
[1.815s] Level 1:colcon.colcon_core.environment:checking '/home/ayi/unitree_go2_ws/install/go2_twist_bridge_py' for CMake module files
[1.815s] Level 1:colcon.colcon_core.environment:checking '/home/ayi/unitree_go2_ws/install/go2_twist_bridge_py' for CMake config files
[1.816s] Level 1:colcon.colcon_core.environment:checking '/home/ayi/unitree_go2_ws/install/go2_twist_bridge_py/lib'
[1.816s] Level 1:colcon.colcon_core.environment:checking '/home/ayi/unitree_go2_ws/install/go2_twist_bridge_py/bin'
[1.816s] Level 1:colcon.colcon_core.environment:checking '/home/ayi/unitree_go2_ws/install/go2_twist_bridge_py/lib/pkgconfig/go2_twist_bridge_py.pc'
[1.816s] Level 1:colcon.colcon_core.environment:checking '/home/ayi/unitree_go2_ws/install/go2_twist_bridge_py/lib/python3.10/site-packages'
[1.816s] Level 1:colcon.colcon_core.shell:create_environment_hook('go2_twist_bridge_py', 'pythonpath')
[1.816s] INFO:colcon.colcon_core.shell:Creating environment hook '/home/ayi/unitree_go2_ws/install/go2_twist_bridge_py/share/go2_twist_bridge_py/hook/pythonpath.ps1'
[1.816s] DEBUG:colcon.colcon_core.event_handler.log_command:Invoked command in '/home/ayi/unitree_go2_ws/src/base/go2_twist_bridge_py' returned '0': PYTHONPATH=/home/ayi/unitree_go2_ws/build/go2_twist_bridge_py/prefix_override:/usr/lib/python3/dist-packages/colcon_core/task/python/colcon_distutils_commands:/home/ayi/unitree_go2_ws/install/go2_twist_bridge_py/lib/python3.10/site-packages:${PYTHONPATH} /usr/bin/python3 -W ignore:setup.py install is deprecated -W ignore:easy_install command is deprecated setup.py egg_info --egg-base ../../../build/go2_twist_bridge_py build --build-base /home/ayi/unitree_go2_ws/build/go2_twist_bridge_py/build install --record /home/ayi/unitree_go2_ws/build/go2_twist_bridge_py/install.log --single-version-externally-managed install_data
[1.817s] INFO:colcon.colcon_core.shell:Creating environment descriptor '/home/ayi/unitree_go2_ws/install/go2_twist_bridge_py/share/go2_twist_bridge_py/hook/pythonpath.dsv'
[1.818s] INFO:colcon.colcon_core.shell:Creating environment hook '/home/ayi/unitree_go2_ws/install/go2_twist_bridge_py/share/go2_twist_bridge_py/hook/pythonpath.sh'
[1.818s] Level 1:colcon.colcon_core.environment:checking '/home/ayi/unitree_go2_ws/install/go2_twist_bridge_py/bin'
[1.818s] Level 1:colcon.colcon_core.environment:create_environment_scripts_only(go2_twist_bridge_py)
[1.818s] INFO:colcon.colcon_core.shell:Creating package script '/home/ayi/unitree_go2_ws/install/go2_twist_bridge_py/share/go2_twist_bridge_py/package.ps1'
[1.819s] INFO:colcon.colcon_core.shell:Creating package descriptor '/home/ayi/unitree_go2_ws/install/go2_twist_bridge_py/share/go2_twist_bridge_py/package.dsv'
[1.819s] INFO:colcon.colcon_core.shell:Creating package script '/home/ayi/unitree_go2_ws/install/go2_twist_bridge_py/share/go2_twist_bridge_py/package.sh'
[1.820s] INFO:colcon.colcon_core.shell:Creating package script '/home/ayi/unitree_go2_ws/install/go2_twist_bridge_py/share/go2_twist_bridge_py/package.bash'
[1.820s] INFO:colcon.colcon_core.shell:Creating package script '/home/ayi/unitree_go2_ws/install/go2_twist_bridge_py/share/go2_twist_bridge_py/package.zsh'
[1.820s] Level 1:colcon.colcon_core.environment:create_file_with_runtime_dependencies(/home/ayi/unitree_go2_ws/install/go2_twist_bridge_py/share/colcon-core/packages/go2_twist_bridge_py)
[1.821s] DEBUG:colcon.colcon_parallel_executor.executor.parallel:closing loop
[1.821s] DEBUG:colcon.colcon_parallel_executor.executor.parallel:loop closed
[1.821s] DEBUG:colcon.colcon_parallel_executor.executor.parallel:run_until_complete finished with '0'
[1.821s] DEBUG:colcon.colcon_core.event_reactor:joining thread
[1.825s] INFO:colcon.colcon_core.plugin_system:Skipping extension 'colcon_notification.desktop_notification.terminal_notifier': Not used on non-Darwin systems
[1.825s] INFO:colcon.colcon_core.plugin_system:Skipping extension 'colcon_notification.desktop_notification.win32': Not used on non-Windows systems
[1.825s] INFO:colcon.colcon_notification.desktop_notification:Sending desktop notification using 'notify2'
[1.835s] DEBUG:colcon.colcon_core.event_reactor:joined thread
[1.835s] INFO:colcon.colcon_core.shell:Creating prefix script '/home/ayi/unitree_go2_ws/install/local_setup.ps1'
[1.836s] INFO:colcon.colcon_core.shell:Creating prefix util module '/home/ayi/unitree_go2_ws/install/_local_setup_util_ps1.py'
[1.836s] INFO:colcon.colcon_core.shell:Creating prefix chain script '/home/ayi/unitree_go2_ws/install/setup.ps1'
[1.838s] INFO:colcon.colcon_core.shell:Creating prefix script '/home/ayi/unitree_go2_ws/install/local_setup.sh'
[1.839s] INFO:colcon.colcon_core.shell:Creating prefix util module '/home/ayi/unitree_go2_ws/install/_local_setup_util_sh.py'
[1.839s] INFO:colcon.colcon_core.shell:Creating prefix chain script '/home/ayi/unitree_go2_ws/install/setup.sh'
[1.841s] INFO:colcon.colcon_core.shell:Creating prefix script '/home/ayi/unitree_go2_ws/install/local_setup.bash'
[1.841s] INFO:colcon.colcon_core.shell:Creating prefix chain script '/home/ayi/unitree_go2_ws/install/setup.bash'
[1.842s] INFO:colcon.colcon_core.shell:Creating prefix script '/home/ayi/unitree_go2_ws/install/local_setup.zsh'
[1.843s] INFO:colcon.colcon_core.shell:Creating prefix chain script '/home/ayi/unitree_go2_ws/install/setup.zsh'
