running egg_info
creating ../../build/go2_application/go2_application.egg-info
writing ../../build/go2_application/go2_application.egg-info/PKG-INFO
writing dependency_links to ../../build/go2_application/go2_application.egg-info/dependency_links.txt
writing entry points to ../../build/go2_application/go2_application.egg-info/entry_points.txt
writing requirements to ../../build/go2_application/go2_application.egg-info/requires.txt
writing top-level names to ../../build/go2_application/go2_application.egg-info/top_level.txt
writing manifest file '../../build/go2_application/go2_application.egg-info/SOURCES.txt'
reading manifest file '../../build/go2_application/go2_application.egg-info/SOURCES.txt'
adding license file 'LICENSE'
writing manifest file '../../build/go2_application/go2_application.egg-info/SOURCES.txt'
running build
running build_py
creating /home/ayi/unitree_go2_ws/build/go2_application/build
creating /home/ayi/unitree_go2_ws/build/go2_application/build/lib
creating /home/ayi/unitree_go2_ws/build/go2_application/build/lib/go2_application
copying go2_application/get_go2_pose.py -> /home/ayi/unitree_go2_ws/build/go2_application/build/lib/go2_application
copying go2_application/nav_to_pose.py -> /home/ayi/unitree_go2_ws/build/go2_application/build/lib/go2_application
copying go2_application/waypoint_flollower.py -> /home/ayi/unitree_go2_ws/build/go2_application/build/lib/go2_application
copying go2_application/init_go2_pose.py -> /home/ayi/unitree_go2_ws/build/go2_application/build/lib/go2_application
copying go2_application/go2_partol.py -> /home/ayi/unitree_go2_ws/build/go2_application/build/lib/go2_application
copying go2_application/__init__.py -> /home/ayi/unitree_go2_ws/build/go2_application/build/lib/go2_application
running install
running install_lib
creating /home/ayi/unitree_go2_ws/install/go2_application/lib/python3.10/site-packages/go2_application
copying /home/ayi/unitree_go2_ws/build/go2_application/build/lib/go2_application/get_go2_pose.py -> /home/ayi/unitree_go2_ws/install/go2_application/lib/python3.10/site-packages/go2_application
copying /home/ayi/unitree_go2_ws/build/go2_application/build/lib/go2_application/nav_to_pose.py -> /home/ayi/unitree_go2_ws/install/go2_application/lib/python3.10/site-packages/go2_application
copying /home/ayi/unitree_go2_ws/build/go2_application/build/lib/go2_application/waypoint_flollower.py -> /home/ayi/unitree_go2_ws/install/go2_application/lib/python3.10/site-packages/go2_application
copying /home/ayi/unitree_go2_ws/build/go2_application/build/lib/go2_application/init_go2_pose.py -> /home/ayi/unitree_go2_ws/install/go2_application/lib/python3.10/site-packages/go2_application
copying /home/ayi/unitree_go2_ws/build/go2_application/build/lib/go2_application/go2_partol.py -> /home/ayi/unitree_go2_ws/install/go2_application/lib/python3.10/site-packages/go2_application
copying /home/ayi/unitree_go2_ws/build/go2_application/build/lib/go2_application/__init__.py -> /home/ayi/unitree_go2_ws/install/go2_application/lib/python3.10/site-packages/go2_application
byte-compiling /home/ayi/unitree_go2_ws/install/go2_application/lib/python3.10/site-packages/go2_application/get_go2_pose.py to get_go2_pose.cpython-310.pyc
byte-compiling /home/ayi/unitree_go2_ws/install/go2_application/lib/python3.10/site-packages/go2_application/nav_to_pose.py to nav_to_pose.cpython-310.pyc
byte-compiling /home/ayi/unitree_go2_ws/install/go2_application/lib/python3.10/site-packages/go2_application/waypoint_flollower.py to waypoint_flollower.cpython-310.pyc
byte-compiling /home/ayi/unitree_go2_ws/install/go2_application/lib/python3.10/site-packages/go2_application/init_go2_pose.py to init_go2_pose.cpython-310.pyc
byte-compiling /home/ayi/unitree_go2_ws/install/go2_application/lib/python3.10/site-packages/go2_application/go2_partol.py to go2_partol.cpython-310.pyc
byte-compiling /home/ayi/unitree_go2_ws/install/go2_application/lib/python3.10/site-packages/go2_application/__init__.py to __init__.cpython-310.pyc
running install_data
creating /home/ayi/unitree_go2_ws/install/go2_application/share/ament_index
creating /home/ayi/unitree_go2_ws/install/go2_application/share/ament_index/resource_index
creating /home/ayi/unitree_go2_ws/install/go2_application/share/ament_index/resource_index/packages
copying resource/go2_application -> /home/ayi/unitree_go2_ws/install/go2_application/share/ament_index/resource_index/packages
copying package.xml -> /home/ayi/unitree_go2_ws/install/go2_application/share/go2_application
creating /home/ayi/unitree_go2_ws/install/go2_application/share/go2_application/launch
copying launch/go2_application.launch.py -> /home/ayi/unitree_go2_ws/install/go2_application/share/go2_application/launch
creating /home/ayi/unitree_go2_ws/install/go2_application/share/go2_application/config
copying config/partol_config.yaml -> /home/ayi/unitree_go2_ws/install/go2_application/share/go2_application/config
running install_egg_info
Copying ../../build/go2_application/go2_application.egg-info to /home/ayi/unitree_go2_ws/install/go2_application/lib/python3.10/site-packages/go2_application-0.0.0-py3.10.egg-info
running install_scripts
Installing go2_partol script to /home/ayi/unitree_go2_ws/install/go2_application/lib/go2_application
Installing init_go2_pose script to /home/ayi/unitree_go2_ws/install/go2_application/lib/go2_application
Installing waypoint script to /home/ayi/unitree_go2_ws/install/go2_application/lib/go2_application
writing list of installed files to '/home/ayi/unitree_go2_ws/build/go2_application/install.log'
