[0.758s] Invoking command in '/home/ayi/unitree_go2_ws/src/base/go2_driver_py': PYTHONPATH=/home/ayi/unitree_go2_ws/build/go2_driver_py/prefix_override:/usr/lib/python3/dist-packages/colcon_core/task/python/colcon_distutils_commands:/home/ayi/unitree_go2_ws/install/go2_driver_py/lib/python3.10/site-packages:${PYTHONPATH} /usr/bin/python3 -W ignore:setup.py install is deprecated -W ignore:easy_install command is deprecated setup.py egg_info --egg-base ../../../build/go2_driver_py build --build-base /home/ayi/unitree_go2_ws/build/go2_driver_py/build install --record /home/ayi/unitree_go2_ws/build/go2_driver_py/install.log --single-version-externally-managed install_data
[0.927s] running egg_info
[0.928s] writing ../../../build/go2_driver_py/go2_driver_py.egg-info/PKG-INFO
[0.928s] writing dependency_links to ../../../build/go2_driver_py/go2_driver_py.egg-info/dependency_links.txt
[0.928s] writing entry points to ../../../build/go2_driver_py/go2_driver_py.egg-info/entry_points.txt
[0.929s] writing requirements to ../../../build/go2_driver_py/go2_driver_py.egg-info/requires.txt
[0.929s] writing top-level names to ../../../build/go2_driver_py/go2_driver_py.egg-info/top_level.txt
[0.931s] reading manifest file '../../../build/go2_driver_py/go2_driver_py.egg-info/SOURCES.txt'
[0.931s] writing manifest file '../../../build/go2_driver_py/go2_driver_py.egg-info/SOURCES.txt'
[0.932s] running build
[0.932s] running build_py
[0.933s] running install
[0.933s] running install_lib
[0.934s] running install_data
[0.934s] running install_egg_info
[0.936s] removing '/home/ayi/unitree_go2_ws/install/go2_driver_py/lib/python3.10/site-packages/go2_driver_py-0.0.0-py3.10.egg-info' (and everything under it)
[0.940s] Copying ../../../build/go2_driver_py/go2_driver_py.egg-info to /home/ayi/unitree_go2_ws/install/go2_driver_py/lib/python3.10/site-packages/go2_driver_py-0.0.0-py3.10.egg-info
[0.940s] running install_scripts
[0.953s] Installing driver script to /home/ayi/unitree_go2_ws/install/go2_driver_py/lib/go2_driver_py
[0.953s] Installing footprint_to_link script to /home/ayi/unitree_go2_ws/install/go2_driver_py/lib/go2_driver_py
[0.954s] Installing lowstate_to_imu script to /home/ayi/unitree_go2_ws/install/go2_driver_py/lib/go2_driver_py
[0.954s] writing list of installed files to '/home/ayi/unitree_go2_ws/build/go2_driver_py/install.log'
[0.971s] Invoked command in '/home/ayi/unitree_go2_ws/src/base/go2_driver_py' returned '0': PYTHONPATH=/home/ayi/unitree_go2_ws/build/go2_driver_py/prefix_override:/usr/lib/python3/dist-packages/colcon_core/task/python/colcon_distutils_commands:/home/ayi/unitree_go2_ws/install/go2_driver_py/lib/python3.10/site-packages:${PYTHONPATH} /usr/bin/python3 -W ignore:setup.py install is deprecated -W ignore:easy_install command is deprecated setup.py egg_info --egg-base ../../../build/go2_driver_py build --build-base /home/ayi/unitree_go2_ws/build/go2_driver_py/build install --record /home/ayi/unitree_go2_ws/build/go2_driver_py/install.log --single-version-externally-managed install_data
