[1.160s] Invoking command in '/home/ayi/unitree_go2_ws/src/go2_navigation': PYTHONPATH=/home/ayi/unitree_go2_ws/build/go2_navigation/prefix_override:/usr/lib/python3/dist-packages/colcon_core/task/python/colcon_distutils_commands:/home/ayi/unitree_go2_ws/install/go2_navigation/lib/python3.10/site-packages:${PYTHONPATH} /usr/bin/python3 -W ignore:setup.py install is deprecated -W ignore:easy_install command is deprecated setup.py egg_info --egg-base ../../build/go2_navigation build --build-base /home/ayi/unitree_go2_ws/build/go2_navigation/build install --record /home/ayi/unitree_go2_ws/build/go2_navigation/install.log --single-version-externally-managed install_data
[1.775s] running egg_info
[1.775s] creating ../../build/go2_navigation/go2_navigation.egg-info
[1.777s] writing ../../build/go2_navigation/go2_navigation.egg-info/PKG-INFO
[1.777s] writing dependency_links to ../../build/go2_navigation/go2_navigation.egg-info/dependency_links.txt
[1.777s] writing entry points to ../../build/go2_navigation/go2_navigation.egg-info/entry_points.txt
[1.777s] writing requirements to ../../build/go2_navigation/go2_navigation.egg-info/requires.txt
[1.779s] writing top-level names to ../../build/go2_navigation/go2_navigation.egg-info/top_level.txt
[1.783s] writing manifest file '../../build/go2_navigation/go2_navigation.egg-info/SOURCES.txt'
[1.783s] reading manifest file '../../build/go2_navigation/go2_navigation.egg-info/SOURCES.txt'
[1.783s] writing manifest file '../../build/go2_navigation/go2_navigation.egg-info/SOURCES.txt'
[1.787s] running build
[1.787s] running build_py
[1.787s] creating /home/ayi/unitree_go2_ws/build/go2_navigation/build
[1.787s] creating /home/ayi/unitree_go2_ws/build/go2_navigation/build/lib
[1.787s] creating /home/ayi/unitree_go2_ws/build/go2_navigation/build/lib/go2_navigation
[1.787s] copying go2_navigation/__init__.py -> /home/ayi/unitree_go2_ws/build/go2_navigation/build/lib/go2_navigation
[1.788s] running install
[1.788s] running install_lib
[1.788s] running install_data
[1.788s] copying config/nav2_params.yaml -> /home/ayi/unitree_go2_ws/install/go2_navigation/share/go2_navigation/config
[1.788s] running install_egg_info
[1.793s] removing '/home/ayi/unitree_go2_ws/install/go2_navigation/lib/python3.10/site-packages/go2_navigation-0.0.0-py3.10.egg-info' (and everything under it)
[1.793s] Copying ../../build/go2_navigation/go2_navigation.egg-info to /home/ayi/unitree_go2_ws/install/go2_navigation/lib/python3.10/site-packages/go2_navigation-0.0.0-py3.10.egg-info
[1.793s] running install_scripts
[1.831s] writing list of installed files to '/home/ayi/unitree_go2_ws/build/go2_navigation/install.log'
[1.881s] Invoked command in '/home/ayi/unitree_go2_ws/src/go2_navigation' returned '0': PYTHONPATH=/home/ayi/unitree_go2_ws/build/go2_navigation/prefix_override:/usr/lib/python3/dist-packages/colcon_core/task/python/colcon_distutils_commands:/home/ayi/unitree_go2_ws/install/go2_navigation/lib/python3.10/site-packages:${PYTHONPATH} /usr/bin/python3 -W ignore:setup.py install is deprecated -W ignore:easy_install command is deprecated setup.py egg_info --egg-base ../../build/go2_navigation build --build-base /home/ayi/unitree_go2_ws/build/go2_navigation/build install --record /home/ayi/unitree_go2_ws/build/go2_navigation/install.log --single-version-externally-managed install_data
