[0.807s] Invoking command in '/home/ayi/unitree_go2_ws/src/go2_navigation': PYTHONPATH=/home/ayi/unitree_go2_ws/build/go2_navigation/prefix_override:/usr/lib/python3/dist-packages/colcon_core/task/python/colcon_distutils_commands:/home/ayi/unitree_go2_ws/install/go2_navigation/lib/python3.10/site-packages:${PYTHONPATH} /usr/bin/python3 -W ignore:setup.py install is deprecated -W ignore:easy_install command is deprecated setup.py egg_info --egg-base ../../build/go2_navigation build --build-base /home/ayi/unitree_go2_ws/build/go2_navigation/build install --record /home/ayi/unitree_go2_ws/build/go2_navigation/install.log --single-version-externally-managed install_data
[0.970s] running egg_info
[0.970s] creating ../../build/go2_navigation/go2_navigation.egg-info
[0.971s] writing ../../build/go2_navigation/go2_navigation.egg-info/PKG-INFO
[0.971s] writing dependency_links to ../../build/go2_navigation/go2_navigation.egg-info/dependency_links.txt
[0.971s] writing entry points to ../../build/go2_navigation/go2_navigation.egg-info/entry_points.txt
[0.971s] writing requirements to ../../build/go2_navigation/go2_navigation.egg-info/requires.txt
[0.971s] writing top-level names to ../../build/go2_navigation/go2_navigation.egg-info/top_level.txt
[0.972s] writing manifest file '../../build/go2_navigation/go2_navigation.egg-info/SOURCES.txt'
[0.973s] reading manifest file '../../build/go2_navigation/go2_navigation.egg-info/SOURCES.txt'
[0.974s] writing manifest file '../../build/go2_navigation/go2_navigation.egg-info/SOURCES.txt'
[0.974s] running build
[0.974s] running build_py
[0.974s] creating /home/ayi/unitree_go2_ws/build/go2_navigation/build
[0.974s] creating /home/ayi/unitree_go2_ws/build/go2_navigation/build/lib
[0.974s] creating /home/ayi/unitree_go2_ws/build/go2_navigation/build/lib/go2_navigation
[0.974s] copying go2_navigation/__init__.py -> /home/ayi/unitree_go2_ws/build/go2_navigation/build/lib/go2_navigation
[0.974s] running install
[0.975s] running install_lib
[0.975s] creating /home/ayi/unitree_go2_ws/install/go2_navigation/lib/python3.10/site-packages/go2_navigation
[0.975s] copying /home/ayi/unitree_go2_ws/build/go2_navigation/build/lib/go2_navigation/__init__.py -> /home/ayi/unitree_go2_ws/install/go2_navigation/lib/python3.10/site-packages/go2_navigation
[0.976s] byte-compiling /home/ayi/unitree_go2_ws/install/go2_navigation/lib/python3.10/site-packages/go2_navigation/__init__.py to __init__.cpython-310.pyc
[0.976s] running install_data
[0.976s] creating /home/ayi/unitree_go2_ws/install/go2_navigation/share/ament_index
[0.976s] creating /home/ayi/unitree_go2_ws/install/go2_navigation/share/ament_index/resource_index
[0.976s] creating /home/ayi/unitree_go2_ws/install/go2_navigation/share/ament_index/resource_index/packages
[0.976s] copying resource/go2_navigation -> /home/ayi/unitree_go2_ws/install/go2_navigation/share/ament_index/resource_index/packages
[0.977s] copying package.xml -> /home/ayi/unitree_go2_ws/install/go2_navigation/share/go2_navigation
[0.977s] running install_egg_info
[0.977s] Copying ../../build/go2_navigation/go2_navigation.egg-info to /home/ayi/unitree_go2_ws/install/go2_navigation/lib/python3.10/site-packages/go2_navigation-0.0.0-py3.10.egg-info
[0.978s] running install_scripts
[0.992s] writing list of installed files to '/home/ayi/unitree_go2_ws/build/go2_navigation/install.log'
[1.005s] Invoked command in '/home/ayi/unitree_go2_ws/src/go2_navigation' returned '0': PYTHONPATH=/home/ayi/unitree_go2_ws/build/go2_navigation/prefix_override:/usr/lib/python3/dist-packages/colcon_core/task/python/colcon_distutils_commands:/home/ayi/unitree_go2_ws/install/go2_navigation/lib/python3.10/site-packages:${PYTHONPATH} /usr/bin/python3 -W ignore:setup.py install is deprecated -W ignore:easy_install command is deprecated setup.py egg_info --egg-base ../../build/go2_navigation build --build-base /home/ayi/unitree_go2_ws/build/go2_navigation/build install --record /home/ayi/unitree_go2_ws/build/go2_navigation/install.log --single-version-externally-managed install_data
