[0.969s] Invoking command in '/home/ayi/unitree_go2_ws/src/go2_application': PYTHONPATH=/home/ayi/unitree_go2_ws/build/go2_application/prefix_override:/usr/lib/python3/dist-packages/colcon_core/task/python/colcon_distutils_commands:/home/ayi/unitree_go2_ws/install/go2_application/lib/python3.10/site-packages:${PYTHONPATH} /usr/bin/python3 -W ignore:setup.py install is deprecated -W ignore:easy_install command is deprecated setup.py egg_info --egg-base ../../build/go2_application build --build-base /home/ayi/unitree_go2_ws/build/go2_application/build install --record /home/ayi/unitree_go2_ws/build/go2_application/install.log --single-version-externally-managed install_data
[1.209s] running egg_info
[1.210s] writing ../../build/go2_application/go2_application.egg-info/PKG-INFO
[1.210s] writing dependency_links to ../../build/go2_application/go2_application.egg-info/dependency_links.txt
[1.211s] writing entry points to ../../build/go2_application/go2_application.egg-info/entry_points.txt
[1.214s] writing requirements to ../../build/go2_application/go2_application.egg-info/requires.txt
[1.214s] writing top-level names to ../../build/go2_application/go2_application.egg-info/top_level.txt
[1.217s] reading manifest file '../../build/go2_application/go2_application.egg-info/SOURCES.txt'
[1.218s] adding license file 'LICENSE'
[1.218s] writing manifest file '../../build/go2_application/go2_application.egg-info/SOURCES.txt'
[1.219s] running build
[1.219s] running build_py
[1.220s] running install
[1.223s] running install_lib
[1.225s] running install_data
[1.225s] running install_egg_info
[1.229s] removing '/home/ayi/unitree_go2_ws/install/go2_application/lib/python3.10/site-packages/go2_application-0.0.0-py3.10.egg-info' (and everything under it)
[1.229s] Copying ../../build/go2_application/go2_application.egg-info to /home/ayi/unitree_go2_ws/install/go2_application/lib/python3.10/site-packages/go2_application-0.0.0-py3.10.egg-info
[1.229s] running install_scripts
[1.250s] Installing go2_partol script to /home/ayi/unitree_go2_ws/install/go2_application/lib/go2_application
[1.251s] Installing init_go2_pose script to /home/ayi/unitree_go2_ws/install/go2_application/lib/go2_application
[1.251s] Installing waypoint script to /home/ayi/unitree_go2_ws/install/go2_application/lib/go2_application
[1.252s] writing list of installed files to '/home/ayi/unitree_go2_ws/build/go2_application/install.log'
[1.272s] Invoked command in '/home/ayi/unitree_go2_ws/src/go2_application' returned '0': PYTHONPATH=/home/ayi/unitree_go2_ws/build/go2_application/prefix_override:/usr/lib/python3/dist-packages/colcon_core/task/python/colcon_distutils_commands:/home/ayi/unitree_go2_ws/install/go2_application/lib/python3.10/site-packages:${PYTHONPATH} /usr/bin/python3 -W ignore:setup.py install is deprecated -W ignore:easy_install command is deprecated setup.py egg_info --egg-base ../../build/go2_application build --build-base /home/ayi/unitree_go2_ws/build/go2_application/build install --record /home/ayi/unitree_go2_ws/build/go2_application/install.log --single-version-externally-managed install_data
