[0.115s] DEBUG:colcon:Command line arguments: ['/usr/bin/colcon', 'list', '-p', '--base-paths', '/home/ayi/unitree_go2_ws', '--log-base', '/dev/null']
[0.115s] DEBUG:colcon:Parsed command line arguments: Namespace(log_base=None, log_level=None, verb_name='list', build_base='build', ignore_user_meta=False, metas=['./colcon.meta'], base_paths=['/home/ayi/unitree_go2_ws', '--log-base', '/dev/null'], packages_ignore=None, packages_ignore_regex=None, paths=None, packages_up_to=None, packages_up_to_regex=None, packages_above=None, packages_above_and_dependencies=None, packages_above_depth=None, packages_select_by_dep=None, packages_skip_by_dep=None, packages_skip_up_to=None, packages_select_build_failed=False, packages_skip_build_finished=False, packages_select_test_failures=False, packages_skip_test_passed=False, packages_select=None, packages_skip=None, packages_select_regex=None, packages_skip_regex=None, packages_start=None, packages_end=None, allow_overriding=[], topological_order=False, names_only=False, paths_only=True, topological_graph=False, topological_graph_dot=False, topological_graph_density=False, topological_graph_legend=False, topological_graph_dot_cluster=False, topological_graph_dot_include_skipped=False, verb_parser=<colcon_defaults.argument_parser.defaults.DefaultArgumentsDecorator object at 0x7869c886ac80>, verb_extension=<colcon_package_information.verb.list.ListVerb object at 0x7869c89e7910>, main=<bound method ListVerb.main of <colcon_package_information.verb.list.ListVerb object at 0x7869c89e7910>>)
[0.536s] Level 1:colcon.colcon_core.package_discovery:discover_packages(colcon_meta) check parameters
[0.536s] Level 1:colcon.colcon_core.package_discovery:discover_packages(recursive) check parameters
[0.536s] Level 1:colcon.colcon_core.package_discovery:discover_packages(ignore) check parameters
[0.536s] Level 1:colcon.colcon_core.package_discovery:discover_packages(path) check parameters
[0.536s] Level 1:colcon.colcon_core.package_discovery:discover_packages(recursive) discover
[0.536s] INFO:colcon.colcon_core.package_discovery:Crawling recursively for packages in '/home/ayi/unitree_go2_ws', '/home/ayi/unitree_go2_ws/--log-base', '/dev/null'
[0.536s] Level 1:colcon.colcon_core.package_identification:_identify(/home/ayi/unitree_go2_ws) by extensions ['ignore', 'ignore_ament_install']
[0.541s] Level 1:colcon.colcon_core.package_identification:_identify(/home/ayi/unitree_go2_ws) by extension 'ignore'
[0.541s] Level 1:colcon.colcon_core.package_identification:_identify(/home/ayi/unitree_go2_ws) by extension 'ignore_ament_install'
[0.541s] Level 1:colcon.colcon_core.package_identification:_identify(/home/ayi/unitree_go2_ws) by extensions ['colcon_pkg']
[0.541s] Level 1:colcon.colcon_core.package_identification:_identify(/home/ayi/unitree_go2_ws) by extension 'colcon_pkg'
[0.541s] Level 1:colcon.colcon_core.package_identification:_identify(/home/ayi/unitree_go2_ws) by extensions ['colcon_meta']
[0.541s] Level 1:colcon.colcon_core.package_identification:_identify(/home/ayi/unitree_go2_ws) by extension 'colcon_meta'
[0.541s] Level 1:colcon.colcon_core.package_identification:_identify(/home/ayi/unitree_go2_ws) by extensions ['ros']
[0.541s] Level 1:colcon.colcon_core.package_identification:_identify(/home/ayi/unitree_go2_ws) by extension 'ros'
[0.558s] Level 1:colcon.colcon_core.package_identification:_identify(/home/ayi/unitree_go2_ws) by extensions ['cmake', 'python']
[0.558s] Level 1:colcon.colcon_core.package_identification:_identify(/home/ayi/unitree_go2_ws) by extension 'cmake'
[0.558s] Level 1:colcon.colcon_core.package_identification:_identify(/home/ayi/unitree_go2_ws) by extension 'python'
[0.558s] Level 1:colcon.colcon_core.package_identification:_identify(/home/ayi/unitree_go2_ws) by extensions ['python_setup_py']
[0.558s] Level 1:colcon.colcon_core.package_identification:_identify(/home/ayi/unitree_go2_ws) by extension 'python_setup_py'
[0.558s] Level 1:colcon.colcon_core.package_identification:_identify(/home/ayi/unitree_go2_ws/log) by extensions ['ignore', 'ignore_ament_install']
[0.558s] Level 1:colcon.colcon_core.package_identification:_identify(/home/ayi/unitree_go2_ws/log) by extension 'ignore'
[0.558s] Level 1:colcon.colcon_core.package_identification:_identify(/home/ayi/unitree_go2_ws/log) ignored
[0.558s] Level 1:colcon.colcon_core.package_identification:_identify(/home/ayi/unitree_go2_ws/src) by extensions ['ignore', 'ignore_ament_install']
[0.558s] Level 1:colcon.colcon_core.package_identification:_identify(/home/ayi/unitree_go2_ws/src) by extension 'ignore'
[0.558s] Level 1:colcon.colcon_core.package_identification:_identify(/home/ayi/unitree_go2_ws/src) by extension 'ignore_ament_install'
[0.558s] Level 1:colcon.colcon_core.package_identification:_identify(/home/ayi/unitree_go2_ws/src) by extensions ['colcon_pkg']
[0.558s] Level 1:colcon.colcon_core.package_identification:_identify(/home/ayi/unitree_go2_ws/src) by extension 'colcon_pkg'
[0.560s] Level 1:colcon.colcon_core.package_identification:_identify(/home/ayi/unitree_go2_ws/src) by extensions ['colcon_meta']
[0.560s] Level 1:colcon.colcon_core.package_identification:_identify(/home/ayi/unitree_go2_ws/src) by extension 'colcon_meta'
[0.560s] Level 1:colcon.colcon_core.package_identification:_identify(/home/ayi/unitree_go2_ws/src) by extensions ['ros']
[0.560s] Level 1:colcon.colcon_core.package_identification:_identify(/home/ayi/unitree_go2_ws/src) by extension 'ros'
[0.560s] Level 1:colcon.colcon_core.package_identification:_identify(/home/ayi/unitree_go2_ws/src) by extensions ['cmake', 'python']
[0.560s] Level 1:colcon.colcon_core.package_identification:_identify(/home/ayi/unitree_go2_ws/src) by extension 'cmake'
[0.560s] Level 1:colcon.colcon_core.package_identification:_identify(/home/ayi/unitree_go2_ws/src) by extension 'python'
[0.560s] Level 1:colcon.colcon_core.package_identification:_identify(/home/ayi/unitree_go2_ws/src) by extensions ['python_setup_py']
[0.560s] Level 1:colcon.colcon_core.package_identification:_identify(/home/ayi/unitree_go2_ws/src) by extension 'python_setup_py'
[0.561s] Level 1:colcon.colcon_core.package_identification:_identify(/home/ayi/unitree_go2_ws/src/base) by extensions ['ignore', 'ignore_ament_install']
[0.561s] Level 1:colcon.colcon_core.package_identification:_identify(/home/ayi/unitree_go2_ws/src/base) by extension 'ignore'
[0.561s] Level 1:colcon.colcon_core.package_identification:_identify(/home/ayi/unitree_go2_ws/src/base) by extension 'ignore_ament_install'
[0.561s] Level 1:colcon.colcon_core.package_identification:_identify(/home/ayi/unitree_go2_ws/src/base) by extensions ['colcon_pkg']
[0.561s] Level 1:colcon.colcon_core.package_identification:_identify(/home/ayi/unitree_go2_ws/src/base) by extension 'colcon_pkg'
[0.561s] Level 1:colcon.colcon_core.package_identification:_identify(/home/ayi/unitree_go2_ws/src/base) by extensions ['colcon_meta']
[0.561s] Level 1:colcon.colcon_core.package_identification:_identify(/home/ayi/unitree_go2_ws/src/base) by extension 'colcon_meta'
[0.561s] Level 1:colcon.colcon_core.package_identification:_identify(/home/ayi/unitree_go2_ws/src/base) by extensions ['ros']
[0.561s] Level 1:colcon.colcon_core.package_identification:_identify(/home/ayi/unitree_go2_ws/src/base) by extension 'ros'
[0.561s] Level 1:colcon.colcon_core.package_identification:_identify(/home/ayi/unitree_go2_ws/src/base) by extensions ['cmake', 'python']
[0.561s] Level 1:colcon.colcon_core.package_identification:_identify(/home/ayi/unitree_go2_ws/src/base) by extension 'cmake'
[0.561s] Level 1:colcon.colcon_core.package_identification:_identify(/home/ayi/unitree_go2_ws/src/base) by extension 'python'
[0.561s] Level 1:colcon.colcon_core.package_identification:_identify(/home/ayi/unitree_go2_ws/src/base) by extensions ['python_setup_py']
[0.561s] Level 1:colcon.colcon_core.package_identification:_identify(/home/ayi/unitree_go2_ws/src/base) by extension 'python_setup_py'
[0.561s] Level 1:colcon.colcon_core.package_identification:_identify(/home/ayi/unitree_go2_ws/src/base/go2_driver_py) by extensions ['ignore', 'ignore_ament_install']
[0.561s] Level 1:colcon.colcon_core.package_identification:_identify(/home/ayi/unitree_go2_ws/src/base/go2_driver_py) by extension 'ignore'
[0.561s] Level 1:colcon.colcon_core.package_identification:_identify(/home/ayi/unitree_go2_ws/src/base/go2_driver_py) by extension 'ignore_ament_install'
[0.561s] Level 1:colcon.colcon_core.package_identification:_identify(/home/ayi/unitree_go2_ws/src/base/go2_driver_py) by extensions ['colcon_pkg']
[0.561s] Level 1:colcon.colcon_core.package_identification:_identify(/home/ayi/unitree_go2_ws/src/base/go2_driver_py) by extension 'colcon_pkg'
[0.561s] Level 1:colcon.colcon_core.package_identification:_identify(/home/ayi/unitree_go2_ws/src/base/go2_driver_py) by extensions ['colcon_meta']
[0.561s] Level 1:colcon.colcon_core.package_identification:_identify(/home/ayi/unitree_go2_ws/src/base/go2_driver_py) by extension 'colcon_meta'
[0.561s] Level 1:colcon.colcon_core.package_identification:_identify(/home/ayi/unitree_go2_ws/src/base/go2_driver_py) by extensions ['ros']
[0.561s] Level 1:colcon.colcon_core.package_identification:_identify(/home/ayi/unitree_go2_ws/src/base/go2_driver_py) by extension 'ros'
[0.568s] DEBUG:colcon.colcon_core.package_identification:Package '/home/ayi/unitree_go2_ws/src/base/go2_driver_py' with type 'ros.ament_python' and name 'go2_driver_py'
[0.568s] Level 1:colcon.colcon_core.package_identification:_identify(/home/ayi/unitree_go2_ws/src/base/go2_twist_bridge_py) by extensions ['ignore', 'ignore_ament_install']
[0.568s] Level 1:colcon.colcon_core.package_identification:_identify(/home/ayi/unitree_go2_ws/src/base/go2_twist_bridge_py) by extension 'ignore'
[0.568s] Level 1:colcon.colcon_core.package_identification:_identify(/home/ayi/unitree_go2_ws/src/base/go2_twist_bridge_py) by extension 'ignore_ament_install'
[0.568s] Level 1:colcon.colcon_core.package_identification:_identify(/home/ayi/unitree_go2_ws/src/base/go2_twist_bridge_py) by extensions ['colcon_pkg']
[0.568s] Level 1:colcon.colcon_core.package_identification:_identify(/home/ayi/unitree_go2_ws/src/base/go2_twist_bridge_py) by extension 'colcon_pkg'
[0.568s] Level 1:colcon.colcon_core.package_identification:_identify(/home/ayi/unitree_go2_ws/src/base/go2_twist_bridge_py) by extensions ['colcon_meta']
[0.568s] Level 1:colcon.colcon_core.package_identification:_identify(/home/ayi/unitree_go2_ws/src/base/go2_twist_bridge_py) by extension 'colcon_meta'
[0.568s] Level 1:colcon.colcon_core.package_identification:_identify(/home/ayi/unitree_go2_ws/src/base/go2_twist_bridge_py) by extensions ['ros']
[0.568s] Level 1:colcon.colcon_core.package_identification:_identify(/home/ayi/unitree_go2_ws/src/base/go2_twist_bridge_py) by extension 'ros'
[0.569s] DEBUG:colcon.colcon_core.package_identification:Package '/home/ayi/unitree_go2_ws/src/base/go2_twist_bridge_py' with type 'ros.ament_python' and name 'go2_twist_bridge_py'
[0.569s] Level 1:colcon.colcon_core.package_identification:_identify(/home/ayi/unitree_go2_ws/src/go2_description) by extensions ['ignore', 'ignore_ament_install']
[0.569s] Level 1:colcon.colcon_core.package_identification:_identify(/home/ayi/unitree_go2_ws/src/go2_description) by extension 'ignore'
[0.569s] Level 1:colcon.colcon_core.package_identification:_identify(/home/ayi/unitree_go2_ws/src/go2_description) by extension 'ignore_ament_install'
[0.569s] Level 1:colcon.colcon_core.package_identification:_identify(/home/ayi/unitree_go2_ws/src/go2_description) by extensions ['colcon_pkg']
[0.569s] Level 1:colcon.colcon_core.package_identification:_identify(/home/ayi/unitree_go2_ws/src/go2_description) by extension 'colcon_pkg'
[0.569s] Level 1:colcon.colcon_core.package_identification:_identify(/home/ayi/unitree_go2_ws/src/go2_description) by extensions ['colcon_meta']
[0.569s] Level 1:colcon.colcon_core.package_identification:_identify(/home/ayi/unitree_go2_ws/src/go2_description) by extension 'colcon_meta'
[0.569s] Level 1:colcon.colcon_core.package_identification:_identify(/home/ayi/unitree_go2_ws/src/go2_description) by extensions ['ros']
[0.569s] Level 1:colcon.colcon_core.package_identification:_identify(/home/ayi/unitree_go2_ws/src/go2_description) by extension 'ros'
[0.571s] DEBUG:colcon.colcon_core.package_identification:Package '/home/ayi/unitree_go2_ws/src/go2_description' with type 'ros.ament_cmake' and name 'go2_description'
[0.571s] Level 1:colcon.colcon_core.package_discovery:discover_packages(recursive) using defaults
