running egg_info
writing ../../../build/go2_driver_py/go2_driver_py.egg-info/PKG-INFO
writing dependency_links to ../../../build/go2_driver_py/go2_driver_py.egg-info/dependency_links.txt
writing entry points to ../../../build/go2_driver_py/go2_driver_py.egg-info/entry_points.txt
writing requirements to ../../../build/go2_driver_py/go2_driver_py.egg-info/requires.txt
writing top-level names to ../../../build/go2_driver_py/go2_driver_py.egg-info/top_level.txt
reading manifest file '../../../build/go2_driver_py/go2_driver_py.egg-info/SOURCES.txt'
writing manifest file '../../../build/go2_driver_py/go2_driver_py.egg-info/SOURCES.txt'
running build
running build_py
copying go2_driver_py/lowstate_to_imu.py -> /home/ayi/unitree_go2_ws/build/go2_driver_py/build/lib/go2_driver_py
copying go2_driver_py/footprint_to_link.py -> /home/ayi/unitree_go2_ws/build/go2_driver_py/build/lib/go2_driver_py
running install
running install_lib
copying /home/ayi/unitree_go2_ws/build/go2_driver_py/build/lib/go2_driver_py/lowstate_to_imu.py -> /home/ayi/unitree_go2_ws/install/go2_driver_py/lib/python3.10/site-packages/go2_driver_py
copying /home/ayi/unitree_go2_ws/build/go2_driver_py/build/lib/go2_driver_py/footprint_to_link.py -> /home/ayi/unitree_go2_ws/install/go2_driver_py/lib/python3.10/site-packages/go2_driver_py
byte-compiling /home/ayi/unitree_go2_ws/install/go2_driver_py/lib/python3.10/site-packages/go2_driver_py/lowstate_to_imu.py to lowstate_to_imu.cpython-310.pyc
byte-compiling /home/ayi/unitree_go2_ws/install/go2_driver_py/lib/python3.10/site-packages/go2_driver_py/footprint_to_link.py to footprint_to_link.cpython-310.pyc
running install_data
copying launch/driver.launch.py -> /home/ayi/unitree_go2_ws/install/go2_driver_py/share/go2_driver_py/launch
copying rviz/display.rviz -> /home/ayi/unitree_go2_ws/install/go2_driver_py/share/go2_driver_py/rviz
running install_egg_info
removing '/home/ayi/unitree_go2_ws/install/go2_driver_py/lib/python3.10/site-packages/go2_driver_py-0.0.0-py3.10.egg-info' (and everything under it)
Copying ../../../build/go2_driver_py/go2_driver_py.egg-info to /home/ayi/unitree_go2_ws/install/go2_driver_py/lib/python3.10/site-packages/go2_driver_py-0.0.0-py3.10.egg-info
running install_scripts
Installing driver script to /home/ayi/unitree_go2_ws/install/go2_driver_py/lib/go2_driver_py
Installing footprint_to_link script to /home/ayi/unitree_go2_ws/install/go2_driver_py/lib/go2_driver_py
Installing lowstate_to_imu script to /home/ayi/unitree_go2_ws/install/go2_driver_py/lib/go2_driver_py
writing list of installed files to '/home/ayi/unitree_go2_ws/build/go2_driver_py/install.log'
