[0.029s] Invoking command in '/home/ayi/unitree_go2_ws/build/go2_perception': CMAKE_PREFIX_PATH=${CMAKE_PREFIX_PATH}:/home/ayi/unitree_go2_ws/install/go2_twist_bridge_py:/home/ayi/unitree_go2_ws/install/go2_navigation:/home/ayi/unitree_go2_ws/install/go2_driver_py:/home/ayi/unitree_go2_ws/install/go2_core:/home/ayi/dev_ws/install/learning_urdf:/home/ayi/dev_ws/install/learning_topic:/home/ayi/dev_ws/install/learning_tf:/home/ayi/dev_ws/install/learning_service:/home/ayi/dev_ws/install/learning_qos:/home/ayi/dev_ws/install/learning_pkg_python:/home/ayi/dev_ws/install/learning_parameter:/home/ayi/dev_ws/install/learning_node:/home/ayi/dev_ws/install/learning_launch:/home/ayi/dev_ws/install/learning_action:/home/ayi/dev_ws/install/learning_gazebo_harmonic:/home/ayi/dev_ws/install/learning_gazebo:/home/ayi/dev_ws/install/learning_cv:/opt/ros/humble /usr/bin/cmake --build /home/ayi/unitree_go2_ws/build/go2_perception -- -j2 -l2
[0.214s] [ 33%] Built target pointcloud_to_laserscan_node
[0.220s] [ 50%] [32mBuilding CXX object CMakeFiles/pointcloud_to_laserscan.dir/src/pointcloud_to_laserscan_node.cpp.o[0m
[0.330s] [ 83%] Built target cloud_accumulation
[14.015s] [100%] [32m[1mLinking CXX shared library libpointcloud_to_laserscan.so[0m
[14.798s] [100%] Built target pointcloud_to_laserscan
[14.816s] Invoked command in '/home/ayi/unitree_go2_ws/build/go2_perception' returned '0': CMAKE_PREFIX_PATH=${CMAKE_PREFIX_PATH}:/home/ayi/unitree_go2_ws/install/go2_twist_bridge_py:/home/ayi/unitree_go2_ws/install/go2_navigation:/home/ayi/unitree_go2_ws/install/go2_driver_py:/home/ayi/unitree_go2_ws/install/go2_core:/home/ayi/dev_ws/install/learning_urdf:/home/ayi/dev_ws/install/learning_topic:/home/ayi/dev_ws/install/learning_tf:/home/ayi/dev_ws/install/learning_service:/home/ayi/dev_ws/install/learning_qos:/home/ayi/dev_ws/install/learning_pkg_python:/home/ayi/dev_ws/install/learning_parameter:/home/ayi/dev_ws/install/learning_node:/home/ayi/dev_ws/install/learning_launch:/home/ayi/dev_ws/install/learning_action:/home/ayi/dev_ws/install/learning_gazebo_harmonic:/home/ayi/dev_ws/install/learning_gazebo:/home/ayi/dev_ws/install/learning_cv:/opt/ros/humble /usr/bin/cmake --build /home/ayi/unitree_go2_ws/build/go2_perception -- -j2 -l2
[14.819s] Invoking command in '/home/ayi/unitree_go2_ws/build/go2_perception': CMAKE_PREFIX_PATH=${CMAKE_PREFIX_PATH}:/home/ayi/unitree_go2_ws/install/go2_twist_bridge_py:/home/ayi/unitree_go2_ws/install/go2_navigation:/home/ayi/unitree_go2_ws/install/go2_driver_py:/home/ayi/unitree_go2_ws/install/go2_core:/home/ayi/dev_ws/install/learning_urdf:/home/ayi/dev_ws/install/learning_topic:/home/ayi/dev_ws/install/learning_tf:/home/ayi/dev_ws/install/learning_service:/home/ayi/dev_ws/install/learning_qos:/home/ayi/dev_ws/install/learning_pkg_python:/home/ayi/dev_ws/install/learning_parameter:/home/ayi/dev_ws/install/learning_node:/home/ayi/dev_ws/install/learning_launch:/home/ayi/dev_ws/install/learning_action:/home/ayi/dev_ws/install/learning_gazebo_harmonic:/home/ayi/dev_ws/install/learning_gazebo:/home/ayi/dev_ws/install/learning_cv:/opt/ros/humble /usr/bin/cmake --install /home/ayi/unitree_go2_ws/build/go2_perception
[14.837s] -- Install configuration: ""
[14.842s] -- Up-to-date: /home/ayi/unitree_go2_ws/install/go2_perception/lib/go2_perception/pointcloud_to_laserscan_node
[14.844s] -- Installing: /home/ayi/unitree_go2_ws/install/go2_perception/lib/libpointcloud_to_laserscan.so
[14.852s] -- Set runtime path of "/home/ayi/unitree_go2_ws/install/go2_perception/lib/libpointcloud_to_laserscan.so" to ""
[14.854s] -- Up-to-date: /home/ayi/unitree_go2_ws/install/go2_perception/lib/go2_perception/cloud_accumulation
[14.854s] -- Up-to-date: /home/ayi/unitree_go2_ws/install/go2_perception/share/go2_perception/launch
[14.856s] -- Up-to-date: /home/ayi/unitree_go2_ws/install/go2_perception/share/go2_perception/launch/go2_pointcloud.launch.py
[14.856s] -- Up-to-date: /home/ayi/unitree_go2_ws/install/go2_perception/share/ament_index/resource_index/package_run_dependencies/go2_perception
[14.856s] -- Up-to-date: /home/ayi/unitree_go2_ws/install/go2_perception/share/ament_index/resource_index/parent_prefix_path/go2_perception
[14.856s] -- Up-to-date: /home/ayi/unitree_go2_ws/install/go2_perception/share/go2_perception/environment/ament_prefix_path.sh
[14.856s] -- Up-to-date: /home/ayi/unitree_go2_ws/install/go2_perception/share/go2_perception/environment/ament_prefix_path.dsv
[14.856s] -- Up-to-date: /home/ayi/unitree_go2_ws/install/go2_perception/share/go2_perception/environment/path.sh
[14.856s] -- Up-to-date: /home/ayi/unitree_go2_ws/install/go2_perception/share/go2_perception/environment/path.dsv
[14.856s] -- Up-to-date: /home/ayi/unitree_go2_ws/install/go2_perception/share/go2_perception/local_setup.bash
[14.856s] -- Up-to-date: /home/ayi/unitree_go2_ws/install/go2_perception/share/go2_perception/local_setup.sh
[14.856s] -- Up-to-date: /home/ayi/unitree_go2_ws/install/go2_perception/share/go2_perception/local_setup.zsh
[14.856s] -- Up-to-date: /home/ayi/unitree_go2_ws/install/go2_perception/share/go2_perception/local_setup.dsv
[14.856s] -- Installing: /home/ayi/unitree_go2_ws/install/go2_perception/share/go2_perception/package.dsv
[14.856s] -- Up-to-date: /home/ayi/unitree_go2_ws/install/go2_perception/share/ament_index/resource_index/packages/go2_perception
[14.856s] -- Up-to-date: /home/ayi/unitree_go2_ws/install/go2_perception/share/ament_index/resource_index/rclcpp_components/go2_perception
[14.856s] -- Up-to-date: /home/ayi/unitree_go2_ws/install/go2_perception/share/go2_perception/cmake/go2_perceptionConfig.cmake
[14.856s] -- Up-to-date: /home/ayi/unitree_go2_ws/install/go2_perception/share/go2_perception/cmake/go2_perceptionConfig-version.cmake
[14.856s] -- Up-to-date: /home/ayi/unitree_go2_ws/install/go2_perception/share/go2_perception/package.xml
[14.860s] Invoked command in '/home/ayi/unitree_go2_ws/build/go2_perception' returned '0': CMAKE_PREFIX_PATH=${CMAKE_PREFIX_PATH}:/home/ayi/unitree_go2_ws/install/go2_twist_bridge_py:/home/ayi/unitree_go2_ws/install/go2_navigation:/home/ayi/unitree_go2_ws/install/go2_driver_py:/home/ayi/unitree_go2_ws/install/go2_core:/home/ayi/dev_ws/install/learning_urdf:/home/ayi/dev_ws/install/learning_topic:/home/ayi/dev_ws/install/learning_tf:/home/ayi/dev_ws/install/learning_service:/home/ayi/dev_ws/install/learning_qos:/home/ayi/dev_ws/install/learning_pkg_python:/home/ayi/dev_ws/install/learning_parameter:/home/ayi/dev_ws/install/learning_node:/home/ayi/dev_ws/install/learning_launch:/home/ayi/dev_ws/install/learning_action:/home/ayi/dev_ws/install/learning_gazebo_harmonic:/home/ayi/dev_ws/install/learning_gazebo:/home/ayi/dev_ws/install/learning_cv:/opt/ros/humble /usr/bin/cmake --install /home/ayi/unitree_go2_ws/build/go2_perception
