[0.011s] Invoking command in '/home/ayi/unitree_go2_ws/build/go2_driver': CMAKE_PREFIX_PATH=${CMAKE_PREFIX_PATH}:/home/ayi/unitree_go2_ws/install/go2_navigation:/home/ayi/unitree_go2_ws/install/go2_core:/home/ayi/unitree_go2_ws/install/go2_camera:/home/ayi/unitree_go2_ws/install/go2_application:/home/ayi/dev_ws/install/learning_urdf:/home/ayi/dev_ws/install/learning_topic:/home/ayi/dev_ws/install/learning_tf:/home/ayi/dev_ws/install/learning_service:/home/ayi/dev_ws/install/learning_qos:/home/ayi/dev_ws/install/learning_pkg_python:/home/ayi/dev_ws/install/learning_parameter:/home/ayi/dev_ws/install/learning_node:/home/ayi/dev_ws/install/learning_launch:/home/ayi/dev_ws/install/learning_action:/home/ayi/dev_ws/install/learning_gazebo_harmonic:/home/ayi/dev_ws/install/learning_gazebo:/home/ayi/dev_ws/install/learning_cv:/opt/ros/humble /usr/bin/cmake /home/ayi/unitree_go2_ws/src/base/go2_driver -DCMAKE_INSTALL_PREFIX=/home/ayi/unitree_go2_ws/install/go2_driver
[0.097s] -- The C compiler identification is GNU 11.4.0
[0.196s] -- The CXX compiler identification is GNU 11.4.0
[0.205s] -- Detecting C compiler ABI info
[0.333s] -- Detecting C compiler ABI info - done
[0.344s] -- Check for working C compiler: /usr/bin/cc - skipped
[0.344s] -- Detecting C compile features
[0.344s] -- Detecting C compile features - done
[0.350s] -- Detecting CXX compiler ABI info
[0.476s] -- Detecting CXX compiler ABI info - done
[0.488s] -- Check for working CXX compiler: /usr/bin/c++ - skipped
[0.488s] -- Detecting CXX compile features
[0.488s] -- Detecting CXX compile features - done
[0.495s] -- Found ament_cmake: 1.3.12 (/opt/ros/humble/share/ament_cmake/cmake)
[0.893s] -- Found Python3: /usr/bin/python3 (found version "3.10.12") found components: Interpreter 
[1.143s] -- Found rclcpp: 16.0.15 (/opt/ros/humble/share/rclcpp/cmake)
[1.264s] -- Found rosidl_generator_c: 3.1.7 (/opt/ros/humble/share/rosidl_generator_c/cmake)
[1.284s] -- Found rosidl_adapter: 3.1.7 (/opt/ros/humble/share/rosidl_adapter/cmake)
[1.306s] -- Found rosidl_generator_cpp: 3.1.7 (/opt/ros/humble/share/rosidl_generator_cpp/cmake)
[1.337s] -- Using all available rosidl_typesupport_c: rosidl_typesupport_fastrtps_c;rosidl_typesupport_introspection_c
[1.384s] -- Using all available rosidl_typesupport_cpp: rosidl_typesupport_fastrtps_cpp;rosidl_typesupport_introspection_cpp
[1.517s] -- Found rmw_implementation_cmake: 6.1.2 (/opt/ros/humble/share/rmw_implementation_cmake/cmake)
[1.523s] -- Found rmw_cyclonedds_cpp: 1.3.4 (/home/ayi/go2_work/unitree_ros2/cyclonedds_ws/install/rmw_cyclonedds_cpp/share/rmw_cyclonedds_cpp/cmake)
[1.571s] -- Using RMW implementation 'rmw_cyclonedds_cpp' as default
[1.608s] -- Looking for pthread.h
[1.772s] -- Looking for pthread.h - found
[1.772s] -- Performing Test CMAKE_HAVE_LIBC_PTHREAD
[1.903s] -- Performing Test CMAKE_HAVE_LIBC_PTHREAD - Success
[1.903s] -- Found Threads: TRUE  
[2.001s] -- Found unitree_go: 0.0.0 (/home/ayi/go2_work/unitree_ros2/cyclonedds_ws/install/unitree_go/share/unitree_go/cmake)
[2.065s] -- Found nav_msgs: 4.9.0 (/opt/ros/humble/share/nav_msgs/cmake)
[2.110s] -- Found tf2: 0.25.16 (/opt/ros/humble/share/tf2/cmake)
[2.161s] -- Found tf2_ros: 0.25.16 (/opt/ros/humble/share/tf2_ros/cmake)
[2.397s] -- Found sensor_msgs: 4.9.0 (/opt/ros/humble/share/sensor_msgs/cmake)
[2.471s] -- Found ament_lint_auto: 0.12.14 (/opt/ros/humble/share/ament_lint_auto/cmake)
[2.740s] -- Added test 'cppcheck' to perform static code analysis on C / C++ code
[2.742s] -- Configured cppcheck include dirs: $<BUILD_INTERFACE:/home/ayi/unitree_go2_ws/src/base/go2_driver/include>
[2.742s] -- Configured cppcheck exclude dirs and/or files: 
[2.743s] -- Added test 'flake8' to check Python code syntax and style conventions
[2.747s] -- Added test 'lint_cmake' to check CMake code style
[2.747s] -- Added test 'pep257' to check Python code against some of the docstring style conventions in PEP 257
[2.758s] -- Added test 'uncrustify' to check C / C++ code style
[2.758s] -- Configured uncrustify additional arguments: 
[2.758s] -- Added test 'xmllint' to check XML markup files
[2.758s] -- Configuring done
[2.803s] -- Generating done
[2.831s] -- Build files have been written to: /home/ayi/unitree_go2_ws/build/go2_driver
[2.848s] Invoked command in '/home/ayi/unitree_go2_ws/build/go2_driver' returned '0': CMAKE_PREFIX_PATH=${CMAKE_PREFIX_PATH}:/home/ayi/unitree_go2_ws/install/go2_navigation:/home/ayi/unitree_go2_ws/install/go2_core:/home/ayi/unitree_go2_ws/install/go2_camera:/home/ayi/unitree_go2_ws/install/go2_application:/home/ayi/dev_ws/install/learning_urdf:/home/ayi/dev_ws/install/learning_topic:/home/ayi/dev_ws/install/learning_tf:/home/ayi/dev_ws/install/learning_service:/home/ayi/dev_ws/install/learning_qos:/home/ayi/dev_ws/install/learning_pkg_python:/home/ayi/dev_ws/install/learning_parameter:/home/ayi/dev_ws/install/learning_node:/home/ayi/dev_ws/install/learning_launch:/home/ayi/dev_ws/install/learning_action:/home/ayi/dev_ws/install/learning_gazebo_harmonic:/home/ayi/dev_ws/install/learning_gazebo:/home/ayi/dev_ws/install/learning_cv:/opt/ros/humble /usr/bin/cmake /home/ayi/unitree_go2_ws/src/base/go2_driver -DCMAKE_INSTALL_PREFIX=/home/ayi/unitree_go2_ws/install/go2_driver
[2.848s] Invoking command in '/home/ayi/unitree_go2_ws/build/go2_driver': CMAKE_PREFIX_PATH=${CMAKE_PREFIX_PATH}:/home/ayi/unitree_go2_ws/install/go2_navigation:/home/ayi/unitree_go2_ws/install/go2_core:/home/ayi/unitree_go2_ws/install/go2_camera:/home/ayi/unitree_go2_ws/install/go2_application:/home/ayi/dev_ws/install/learning_urdf:/home/ayi/dev_ws/install/learning_topic:/home/ayi/dev_ws/install/learning_tf:/home/ayi/dev_ws/install/learning_service:/home/ayi/dev_ws/install/learning_qos:/home/ayi/dev_ws/install/learning_pkg_python:/home/ayi/dev_ws/install/learning_parameter:/home/ayi/dev_ws/install/learning_node:/home/ayi/dev_ws/install/learning_launch:/home/ayi/dev_ws/install/learning_action:/home/ayi/dev_ws/install/learning_gazebo_harmonic:/home/ayi/dev_ws/install/learning_gazebo:/home/ayi/dev_ws/install/learning_cv:/opt/ros/humble /usr/bin/cmake --build /home/ayi/unitree_go2_ws/build/go2_driver -- -j2 -l2
[2.990s] [ 16%] [32mBuilding CXX object CMakeFiles/footprint_to_link.dir/src/footprint_to_link.cpp.o[0m
[2.998s] [ 33%] [32mBuilding CXX object CMakeFiles/driver.dir/src/driver.cpp.o[0m
[17.507s] [ 50%] [32m[1mLinking CXX executable footprint_to_link[0m
[18.317s] [ 50%] Built target footprint_to_link
[24.679s] [ 66%] [32m[1mLinking CXX executable driver[0m
[25.422s] [ 66%] Built target driver
[25.443s] [ 83%] [32mBuilding CXX object CMakeFiles/lowstate_to_imu.dir/src/lowstate_to_imu.cpp.o[0m
[31.576s] [100%] [32m[1mLinking CXX executable lowstate_to_imu[0m
[31.893s] [100%] Built target lowstate_to_imu
[31.904s] Invoked command in '/home/ayi/unitree_go2_ws/build/go2_driver' returned '0': CMAKE_PREFIX_PATH=${CMAKE_PREFIX_PATH}:/home/ayi/unitree_go2_ws/install/go2_navigation:/home/ayi/unitree_go2_ws/install/go2_core:/home/ayi/unitree_go2_ws/install/go2_camera:/home/ayi/unitree_go2_ws/install/go2_application:/home/ayi/dev_ws/install/learning_urdf:/home/ayi/dev_ws/install/learning_topic:/home/ayi/dev_ws/install/learning_tf:/home/ayi/dev_ws/install/learning_service:/home/ayi/dev_ws/install/learning_qos:/home/ayi/dev_ws/install/learning_pkg_python:/home/ayi/dev_ws/install/learning_parameter:/home/ayi/dev_ws/install/learning_node:/home/ayi/dev_ws/install/learning_launch:/home/ayi/dev_ws/install/learning_action:/home/ayi/dev_ws/install/learning_gazebo_harmonic:/home/ayi/dev_ws/install/learning_gazebo:/home/ayi/dev_ws/install/learning_cv:/opt/ros/humble /usr/bin/cmake --build /home/ayi/unitree_go2_ws/build/go2_driver -- -j2 -l2
[31.904s] Invoking command in '/home/ayi/unitree_go2_ws/build/go2_driver': CMAKE_PREFIX_PATH=${CMAKE_PREFIX_PATH}:/home/ayi/unitree_go2_ws/install/go2_navigation:/home/ayi/unitree_go2_ws/install/go2_core:/home/ayi/unitree_go2_ws/install/go2_camera:/home/ayi/unitree_go2_ws/install/go2_application:/home/ayi/dev_ws/install/learning_urdf:/home/ayi/dev_ws/install/learning_topic:/home/ayi/dev_ws/install/learning_tf:/home/ayi/dev_ws/install/learning_service:/home/ayi/dev_ws/install/learning_qos:/home/ayi/dev_ws/install/learning_pkg_python:/home/ayi/dev_ws/install/learning_parameter:/home/ayi/dev_ws/install/learning_node:/home/ayi/dev_ws/install/learning_launch:/home/ayi/dev_ws/install/learning_action:/home/ayi/dev_ws/install/learning_gazebo_harmonic:/home/ayi/dev_ws/install/learning_gazebo:/home/ayi/dev_ws/install/learning_cv:/opt/ros/humble /usr/bin/cmake --install /home/ayi/unitree_go2_ws/build/go2_driver
[31.912s] -- Install configuration: ""
[31.913s] -- Installing: /home/ayi/unitree_go2_ws/install/go2_driver/lib/go2_driver/driver
[31.919s] -- Set runtime path of "/home/ayi/unitree_go2_ws/install/go2_driver/lib/go2_driver/driver" to ""
[31.919s] -- Installing: /home/ayi/unitree_go2_ws/install/go2_driver/lib/go2_driver/footprint_to_link
[31.922s] -- Set runtime path of "/home/ayi/unitree_go2_ws/install/go2_driver/lib/go2_driver/footprint_to_link" to ""
[31.922s] -- Installing: /home/ayi/unitree_go2_ws/install/go2_driver/lib/go2_driver/lowstate_to_imu
[31.925s] -- Set runtime path of "/home/ayi/unitree_go2_ws/install/go2_driver/lib/go2_driver/lowstate_to_imu" to ""
[31.926s] -- Up-to-date: /home/ayi/unitree_go2_ws/install/go2_driver/share/go2_driver/launch
[31.928s] -- Up-to-date: /home/ayi/unitree_go2_ws/install/go2_driver/share/go2_driver/launch/driver.launch.py
[31.928s] -- Up-to-date: /home/ayi/unitree_go2_ws/install/go2_driver/share/go2_driver/params
[31.928s] -- Up-to-date: /home/ayi/unitree_go2_ws/install/go2_driver/share/go2_driver/params/driver.yaml
[31.928s] -- Up-to-date: /home/ayi/unitree_go2_ws/install/go2_driver/share/go2_driver/rviz
[31.928s] -- Up-to-date: /home/ayi/unitree_go2_ws/install/go2_driver/share/go2_driver/rviz/display.rviz
[31.928s] -- Installing: /home/ayi/unitree_go2_ws/install/go2_driver/share/ament_index/resource_index/package_run_dependencies/go2_driver
[31.928s] -- Installing: /home/ayi/unitree_go2_ws/install/go2_driver/share/ament_index/resource_index/parent_prefix_path/go2_driver
[31.928s] -- Up-to-date: /home/ayi/unitree_go2_ws/install/go2_driver/share/go2_driver/environment/ament_prefix_path.sh
[31.928s] -- Installing: /home/ayi/unitree_go2_ws/install/go2_driver/share/go2_driver/environment/ament_prefix_path.dsv
[31.928s] -- Up-to-date: /home/ayi/unitree_go2_ws/install/go2_driver/share/go2_driver/environment/path.sh
[31.928s] -- Installing: /home/ayi/unitree_go2_ws/install/go2_driver/share/go2_driver/environment/path.dsv
[31.928s] -- Installing: /home/ayi/unitree_go2_ws/install/go2_driver/share/go2_driver/local_setup.bash
[31.929s] -- Installing: /home/ayi/unitree_go2_ws/install/go2_driver/share/go2_driver/local_setup.sh
[31.929s] -- Installing: /home/ayi/unitree_go2_ws/install/go2_driver/share/go2_driver/local_setup.zsh
[31.929s] -- Installing: /home/ayi/unitree_go2_ws/install/go2_driver/share/go2_driver/local_setup.dsv
[31.929s] -- Installing: /home/ayi/unitree_go2_ws/install/go2_driver/share/go2_driver/package.dsv
[31.929s] -- Installing: /home/ayi/unitree_go2_ws/install/go2_driver/share/ament_index/resource_index/packages/go2_driver
[31.929s] -- Installing: /home/ayi/unitree_go2_ws/install/go2_driver/share/go2_driver/cmake/go2_driverConfig.cmake
[31.929s] -- Installing: /home/ayi/unitree_go2_ws/install/go2_driver/share/go2_driver/cmake/go2_driverConfig-version.cmake
[31.929s] -- Up-to-date: /home/ayi/unitree_go2_ws/install/go2_driver/share/go2_driver/package.xml
[31.929s] Invoked command in '/home/ayi/unitree_go2_ws/build/go2_driver' returned '0': CMAKE_PREFIX_PATH=${CMAKE_PREFIX_PATH}:/home/ayi/unitree_go2_ws/install/go2_navigation:/home/ayi/unitree_go2_ws/install/go2_core:/home/ayi/unitree_go2_ws/install/go2_camera:/home/ayi/unitree_go2_ws/install/go2_application:/home/ayi/dev_ws/install/learning_urdf:/home/ayi/dev_ws/install/learning_topic:/home/ayi/dev_ws/install/learning_tf:/home/ayi/dev_ws/install/learning_service:/home/ayi/dev_ws/install/learning_qos:/home/ayi/dev_ws/install/learning_pkg_python:/home/ayi/dev_ws/install/learning_parameter:/home/ayi/dev_ws/install/learning_node:/home/ayi/dev_ws/install/learning_launch:/home/ayi/dev_ws/install/learning_action:/home/ayi/dev_ws/install/learning_gazebo_harmonic:/home/ayi/dev_ws/install/learning_gazebo:/home/ayi/dev_ws/install/learning_cv:/opt/ros/humble /usr/bin/cmake --install /home/ayi/unitree_go2_ws/build/go2_driver
