[0.087s] DEBUG:colcon:Command line arguments: ['/usr/bin/colcon', 'build']
[0.087s] DEBUG:colcon:Parsed command line arguments: Namespace(log_base=None, log_level=None, verb_name='build', build_base='build', install_base='install', merge_install=False, symlink_install=False, test_result_base=None, continue_on_error=False, executor='parallel', parallel_workers=2, event_handlers=None, ignore_user_meta=False, metas=['./colcon.meta'], base_paths=['.'], packages_ignore=None, packages_ignore_regex=None, paths=None, packages_up_to=None, packages_up_to_regex=None, packages_above=None, packages_above_and_dependencies=None, packages_above_depth=None, packages_select_by_dep=None, packages_skip_by_dep=None, packages_skip_up_to=None, packages_select_build_failed=False, packages_skip_build_finished=False, packages_select_test_failures=False, packages_skip_test_passed=False, packages_select=None, packages_skip=None, packages_select_regex=None, packages_skip_regex=None, packages_start=None, packages_end=None, allow_overriding=[], cmake_args=None, cmake_target=None, cmake_target_skip_unavailable=False, cmake_clean_cache=False, cmake_clean_first=False, cmake_force_configure=False, ament_cmake_args=None, catkin_cmake_args=None, catkin_skip_building_tests=False, verb_parser=<colcon_defaults.argument_parser.defaults.DefaultArgumentsDecorator object at 0x7386af107dc0>, verb_extension=<colcon_core.verb.build.BuildVerb object at 0x7386af0bd960>, main=<bound method BuildVerb.main of <colcon_core.verb.build.BuildVerb object at 0x7386af0bd960>>)
[0.199s] Level 1:colcon.colcon_core.package_discovery:discover_packages(colcon_meta) check parameters
[0.200s] Level 1:colcon.colcon_core.package_discovery:discover_packages(recursive) check parameters
[0.200s] Level 1:colcon.colcon_core.package_discovery:discover_packages(ignore) check parameters
[0.200s] Level 1:colcon.colcon_core.package_discovery:discover_packages(path) check parameters
[0.200s] Level 1:colcon.colcon_core.package_discovery:discover_packages(colcon_meta) discover
[0.200s] Level 1:colcon.colcon_core.package_discovery:discover_packages(recursive) discover
[0.200s] INFO:colcon.colcon_core.package_discovery:Crawling recursively for packages in '/home/ayi/unitree_go2_ws'
[0.200s] Level 1:colcon.colcon_core.package_identification:_identify(.) by extensions ['ignore', 'ignore_ament_install']
[0.200s] Level 1:colcon.colcon_core.package_identification:_identify(.) by extension 'ignore'
[0.200s] Level 1:colcon.colcon_core.package_identification:_identify(.) by extension 'ignore_ament_install'
[0.200s] Level 1:colcon.colcon_core.package_identification:_identify(.) by extensions ['colcon_pkg']
[0.200s] Level 1:colcon.colcon_core.package_identification:_identify(.) by extension 'colcon_pkg'
[0.200s] Level 1:colcon.colcon_core.package_identification:_identify(.) by extensions ['colcon_meta']
[0.200s] Level 1:colcon.colcon_core.package_identification:_identify(.) by extension 'colcon_meta'
[0.200s] Level 1:colcon.colcon_core.package_identification:_identify(.) by extensions ['ros']
[0.201s] Level 1:colcon.colcon_core.package_identification:_identify(.) by extension 'ros'
[0.211s] Level 1:colcon.colcon_core.package_identification:_identify(.) by extensions ['cmake', 'python']
[0.211s] Level 1:colcon.colcon_core.package_identification:_identify(.) by extension 'cmake'
[0.211s] Level 1:colcon.colcon_core.package_identification:_identify(.) by extension 'python'
[0.211s] Level 1:colcon.colcon_core.package_identification:_identify(.) by extensions ['python_setup_py']
[0.211s] Level 1:colcon.colcon_core.package_identification:_identify(.) by extension 'python_setup_py'
[0.211s] Level 1:colcon.colcon_core.package_identification:_identify(build) by extensions ['ignore', 'ignore_ament_install']
[0.211s] Level 1:colcon.colcon_core.package_identification:_identify(build) by extension 'ignore'
[0.212s] Level 1:colcon.colcon_core.package_identification:_identify(build) ignored
[0.212s] Level 1:colcon.colcon_core.package_identification:_identify(install) by extensions ['ignore', 'ignore_ament_install']
[0.212s] Level 1:colcon.colcon_core.package_identification:_identify(install) by extension 'ignore'
[0.212s] Level 1:colcon.colcon_core.package_identification:_identify(install) ignored
[0.212s] Level 1:colcon.colcon_core.package_identification:_identify(log) by extensions ['ignore', 'ignore_ament_install']
[0.212s] Level 1:colcon.colcon_core.package_identification:_identify(log) by extension 'ignore'
[0.212s] Level 1:colcon.colcon_core.package_identification:_identify(log) ignored
[0.212s] Level 1:colcon.colcon_core.package_identification:_identify(src) by extensions ['ignore', 'ignore_ament_install']
[0.212s] Level 1:colcon.colcon_core.package_identification:_identify(src) by extension 'ignore'
[0.212s] Level 1:colcon.colcon_core.package_identification:_identify(src) by extension 'ignore_ament_install'
[0.212s] Level 1:colcon.colcon_core.package_identification:_identify(src) by extensions ['colcon_pkg']
[0.212s] Level 1:colcon.colcon_core.package_identification:_identify(src) by extension 'colcon_pkg'
[0.212s] Level 1:colcon.colcon_core.package_identification:_identify(src) by extensions ['colcon_meta']
[0.212s] Level 1:colcon.colcon_core.package_identification:_identify(src) by extension 'colcon_meta'
[0.212s] Level 1:colcon.colcon_core.package_identification:_identify(src) by extensions ['ros']
[0.212s] Level 1:colcon.colcon_core.package_identification:_identify(src) by extension 'ros'
[0.212s] Level 1:colcon.colcon_core.package_identification:_identify(src) by extensions ['cmake', 'python']
[0.212s] Level 1:colcon.colcon_core.package_identification:_identify(src) by extension 'cmake'
[0.212s] Level 1:colcon.colcon_core.package_identification:_identify(src) by extension 'python'
[0.212s] Level 1:colcon.colcon_core.package_identification:_identify(src) by extensions ['python_setup_py']
[0.212s] Level 1:colcon.colcon_core.package_identification:_identify(src) by extension 'python_setup_py'
[0.212s] Level 1:colcon.colcon_core.package_identification:_identify(src/base) by extensions ['ignore', 'ignore_ament_install']
[0.212s] Level 1:colcon.colcon_core.package_identification:_identify(src/base) by extension 'ignore'
[0.212s] Level 1:colcon.colcon_core.package_identification:_identify(src/base) by extension 'ignore_ament_install'
[0.212s] Level 1:colcon.colcon_core.package_identification:_identify(src/base) by extensions ['colcon_pkg']
[0.212s] Level 1:colcon.colcon_core.package_identification:_identify(src/base) by extension 'colcon_pkg'
[0.212s] Level 1:colcon.colcon_core.package_identification:_identify(src/base) by extensions ['colcon_meta']
[0.212s] Level 1:colcon.colcon_core.package_identification:_identify(src/base) by extension 'colcon_meta'
[0.212s] Level 1:colcon.colcon_core.package_identification:_identify(src/base) by extensions ['ros']
[0.212s] Level 1:colcon.colcon_core.package_identification:_identify(src/base) by extension 'ros'
[0.212s] Level 1:colcon.colcon_core.package_identification:_identify(src/base) by extensions ['cmake', 'python']
[0.212s] Level 1:colcon.colcon_core.package_identification:_identify(src/base) by extension 'cmake'
[0.212s] Level 1:colcon.colcon_core.package_identification:_identify(src/base) by extension 'python'
[0.213s] Level 1:colcon.colcon_core.package_identification:_identify(src/base) by extensions ['python_setup_py']
[0.213s] Level 1:colcon.colcon_core.package_identification:_identify(src/base) by extension 'python_setup_py'
[0.214s] Level 1:colcon.colcon_core.package_identification:_identify(src/base/go2_core) by extensions ['ignore', 'ignore_ament_install']
[0.214s] Level 1:colcon.colcon_core.package_identification:_identify(src/base/go2_core) by extension 'ignore'
[0.214s] Level 1:colcon.colcon_core.package_identification:_identify(src/base/go2_core) by extension 'ignore_ament_install'
[0.214s] Level 1:colcon.colcon_core.package_identification:_identify(src/base/go2_core) by extensions ['colcon_pkg']
[0.214s] Level 1:colcon.colcon_core.package_identification:_identify(src/base/go2_core) by extension 'colcon_pkg'
[0.214s] Level 1:colcon.colcon_core.package_identification:_identify(src/base/go2_core) by extensions ['colcon_meta']
[0.214s] Level 1:colcon.colcon_core.package_identification:_identify(src/base/go2_core) by extension 'colcon_meta'
[0.214s] Level 1:colcon.colcon_core.package_identification:_identify(src/base/go2_core) by extensions ['ros']
[0.215s] Level 1:colcon.colcon_core.package_identification:_identify(src/base/go2_core) by extension 'ros'
[0.217s] DEBUG:colcon.colcon_core.package_identification:Package 'src/base/go2_core' with type 'ros.ament_python' and name 'go2_core'
[0.217s] Level 1:colcon.colcon_core.package_identification:_identify(src/base/go2_driver) by extensions ['ignore', 'ignore_ament_install']
[0.217s] Level 1:colcon.colcon_core.package_identification:_identify(src/base/go2_driver) by extension 'ignore'
[0.217s] Level 1:colcon.colcon_core.package_identification:_identify(src/base/go2_driver) by extension 'ignore_ament_install'
[0.217s] Level 1:colcon.colcon_core.package_identification:_identify(src/base/go2_driver) by extensions ['colcon_pkg']
[0.217s] Level 1:colcon.colcon_core.package_identification:_identify(src/base/go2_driver) by extension 'colcon_pkg'
[0.217s] Level 1:colcon.colcon_core.package_identification:_identify(src/base/go2_driver) by extensions ['colcon_meta']
[0.217s] Level 1:colcon.colcon_core.package_identification:_identify(src/base/go2_driver) by extension 'colcon_meta'
[0.217s] Level 1:colcon.colcon_core.package_identification:_identify(src/base/go2_driver) by extensions ['ros']
[0.217s] Level 1:colcon.colcon_core.package_identification:_identify(src/base/go2_driver) by extension 'ros'
[0.218s] DEBUG:colcon.colcon_core.package_identification:Package 'src/base/go2_driver' with type 'ros.ament_cmake' and name 'go2_driver'
[0.218s] Level 1:colcon.colcon_core.package_identification:_identify(src/base/go2_twist_bridge) by extensions ['ignore', 'ignore_ament_install']
[0.218s] Level 1:colcon.colcon_core.package_identification:_identify(src/base/go2_twist_bridge) by extension 'ignore'
[0.218s] Level 1:colcon.colcon_core.package_identification:_identify(src/base/go2_twist_bridge) by extension 'ignore_ament_install'
[0.218s] Level 1:colcon.colcon_core.package_identification:_identify(src/base/go2_twist_bridge) by extensions ['colcon_pkg']
[0.218s] Level 1:colcon.colcon_core.package_identification:_identify(src/base/go2_twist_bridge) by extension 'colcon_pkg'
[0.218s] Level 1:colcon.colcon_core.package_identification:_identify(src/base/go2_twist_bridge) by extensions ['colcon_meta']
[0.218s] Level 1:colcon.colcon_core.package_identification:_identify(src/base/go2_twist_bridge) by extension 'colcon_meta'
[0.218s] Level 1:colcon.colcon_core.package_identification:_identify(src/base/go2_twist_bridge) by extensions ['ros']
[0.218s] Level 1:colcon.colcon_core.package_identification:_identify(src/base/go2_twist_bridge) by extension 'ros'
[0.219s] DEBUG:colcon.colcon_core.package_identification:Package 'src/base/go2_twist_bridge' with type 'ros.ament_cmake' and name 'go2_twist_bridge'
[0.219s] Level 1:colcon.colcon_core.package_identification:_identify(src/go2_description) by extensions ['ignore', 'ignore_ament_install']
[0.219s] Level 1:colcon.colcon_core.package_identification:_identify(src/go2_description) by extension 'ignore'
[0.219s] Level 1:colcon.colcon_core.package_identification:_identify(src/go2_description) by extension 'ignore_ament_install'
[0.219s] Level 1:colcon.colcon_core.package_identification:_identify(src/go2_description) by extensions ['colcon_pkg']
[0.219s] Level 1:colcon.colcon_core.package_identification:_identify(src/go2_description) by extension 'colcon_pkg'
[0.219s] Level 1:colcon.colcon_core.package_identification:_identify(src/go2_description) by extensions ['colcon_meta']
[0.219s] Level 1:colcon.colcon_core.package_identification:_identify(src/go2_description) by extension 'colcon_meta'
[0.219s] Level 1:colcon.colcon_core.package_identification:_identify(src/go2_description) by extensions ['ros']
[0.219s] Level 1:colcon.colcon_core.package_identification:_identify(src/go2_description) by extension 'ros'
[0.220s] DEBUG:colcon.colcon_core.package_identification:Package 'src/go2_description' with type 'ros.ament_cmake' and name 'go2_description'
[0.220s] Level 1:colcon.colcon_core.package_identification:_identify(src/go2_navigation) by extensions ['ignore', 'ignore_ament_install']
[0.220s] Level 1:colcon.colcon_core.package_identification:_identify(src/go2_navigation) by extension 'ignore'
[0.220s] Level 1:colcon.colcon_core.package_identification:_identify(src/go2_navigation) by extension 'ignore_ament_install'
[0.220s] Level 1:colcon.colcon_core.package_identification:_identify(src/go2_navigation) by extensions ['colcon_pkg']
[0.220s] Level 1:colcon.colcon_core.package_identification:_identify(src/go2_navigation) by extension 'colcon_pkg'
[0.220s] Level 1:colcon.colcon_core.package_identification:_identify(src/go2_navigation) by extensions ['colcon_meta']
[0.220s] Level 1:colcon.colcon_core.package_identification:_identify(src/go2_navigation) by extension 'colcon_meta'
[0.220s] Level 1:colcon.colcon_core.package_identification:_identify(src/go2_navigation) by extensions ['ros']
[0.220s] Level 1:colcon.colcon_core.package_identification:_identify(src/go2_navigation) by extension 'ros'
[0.220s] DEBUG:colcon.colcon_core.package_identification:Package 'src/go2_navigation' with type 'ros.ament_python' and name 'go2_navigation'
[0.220s] Level 1:colcon.colcon_core.package_identification:_identify(src/go2_perception) by extensions ['ignore', 'ignore_ament_install']
[0.220s] Level 1:colcon.colcon_core.package_identification:_identify(src/go2_perception) by extension 'ignore'
[0.220s] Level 1:colcon.colcon_core.package_identification:_identify(src/go2_perception) by extension 'ignore_ament_install'
[0.220s] Level 1:colcon.colcon_core.package_identification:_identify(src/go2_perception) by extensions ['colcon_pkg']
[0.220s] Level 1:colcon.colcon_core.package_identification:_identify(src/go2_perception) by extension 'colcon_pkg'
[0.221s] Level 1:colcon.colcon_core.package_identification:_identify(src/go2_perception) by extensions ['colcon_meta']
[0.221s] Level 1:colcon.colcon_core.package_identification:_identify(src/go2_perception) by extension 'colcon_meta'
[0.221s] Level 1:colcon.colcon_core.package_identification:_identify(src/go2_perception) by extensions ['ros']
[0.221s] Level 1:colcon.colcon_core.package_identification:_identify(src/go2_perception) by extension 'ros'
[0.221s] DEBUG:colcon.colcon_core.package_identification:Package 'src/go2_perception' with type 'ros.ament_cmake' and name 'go2_perception'
[0.221s] Level 1:colcon.colcon_core.package_identification:_identify(src/go2_slam) by extensions ['ignore', 'ignore_ament_install']
[0.221s] Level 1:colcon.colcon_core.package_identification:_identify(src/go2_slam) by extension 'ignore'
[0.221s] Level 1:colcon.colcon_core.package_identification:_identify(src/go2_slam) by extension 'ignore_ament_install'
[0.222s] Level 1:colcon.colcon_core.package_identification:_identify(src/go2_slam) by extensions ['colcon_pkg']
[0.222s] Level 1:colcon.colcon_core.package_identification:_identify(src/go2_slam) by extension 'colcon_pkg'
[0.222s] Level 1:colcon.colcon_core.package_identification:_identify(src/go2_slam) by extensions ['colcon_meta']
[0.222s] Level 1:colcon.colcon_core.package_identification:_identify(src/go2_slam) by extension 'colcon_meta'
[0.222s] Level 1:colcon.colcon_core.package_identification:_identify(src/go2_slam) by extensions ['ros']
[0.222s] Level 1:colcon.colcon_core.package_identification:_identify(src/go2_slam) by extension 'ros'
[0.223s] DEBUG:colcon.colcon_core.package_identification:Package 'src/go2_slam' with type 'ros.ament_cmake' and name 'go2_slam'
[0.223s] Level 1:colcon.colcon_core.package_discovery:discover_packages(recursive) using defaults
[0.223s] Level 1:colcon.colcon_core.package_discovery:discover_packages(ignore) discover
[0.223s] Level 1:colcon.colcon_core.package_discovery:discover_packages(ignore) using defaults
[0.223s] Level 1:colcon.colcon_core.package_discovery:discover_packages(path) discover
[0.223s] Level 1:colcon.colcon_core.package_discovery:discover_packages(path) using defaults
[0.244s] Level 1:colcon.colcon_core.package_discovery:discover_packages(prefix_path) check parameters
[0.244s] Level 1:colcon.colcon_core.package_discovery:discover_packages(prefix_path) discover
[0.247s] DEBUG:colcon.colcon_installed_package_information.package_discovery:Found 9 installed packages in /home/ayi/unitree_go2_ws/install
[0.248s] DEBUG:colcon.colcon_installed_package_information.package_discovery:Found 5 installed packages in /home/ayi/go2_work/unitree_ros2/cyclonedds_ws/install
[0.248s] DEBUG:colcon.colcon_installed_package_information.package_discovery:Found 21 installed packages in /home/ayi/dev_ws/install
[0.250s] DEBUG:colcon.colcon_installed_package_information.package_discovery:Found 379 installed packages in /opt/ros/humble
[0.253s] Level 1:colcon.colcon_core.package_discovery:discover_packages(prefix_path) using defaults
[0.300s] Level 5:colcon.colcon_core.verb:set package 'go2_core' build argument 'cmake_args' from command line to 'None'
[0.300s] Level 5:colcon.colcon_core.verb:set package 'go2_core' build argument 'cmake_target' from command line to 'None'
[0.300s] Level 5:colcon.colcon_core.verb:set package 'go2_core' build argument 'cmake_target_skip_unavailable' from command line to 'False'
[0.301s] Level 5:colcon.colcon_core.verb:set package 'go2_core' build argument 'cmake_clean_cache' from command line to 'False'
[0.302s] Level 5:colcon.colcon_core.verb:set package 'go2_core' build argument 'cmake_clean_first' from command line to 'False'
[0.302s] Level 5:colcon.colcon_core.verb:set package 'go2_core' build argument 'cmake_force_configure' from command line to 'False'
[0.302s] Level 5:colcon.colcon_core.verb:set package 'go2_core' build argument 'ament_cmake_args' from command line to 'None'
[0.302s] Level 5:colcon.colcon_core.verb:set package 'go2_core' build argument 'catkin_cmake_args' from command line to 'None'
[0.302s] Level 5:colcon.colcon_core.verb:set package 'go2_core' build argument 'catkin_skip_building_tests' from command line to 'False'
[0.302s] DEBUG:colcon.colcon_core.verb:Building package 'go2_core' with the following arguments: {'ament_cmake_args': None, 'build_base': '/home/ayi/unitree_go2_ws/build/go2_core', 'catkin_cmake_args': None, 'catkin_skip_building_tests': False, 'cmake_args': None, 'cmake_clean_cache': False, 'cmake_clean_first': False, 'cmake_force_configure': False, 'cmake_target': None, 'cmake_target_skip_unavailable': False, 'install_base': '/home/ayi/unitree_go2_ws/install/go2_core', 'merge_install': False, 'path': '/home/ayi/unitree_go2_ws/src/base/go2_core', 'symlink_install': False, 'test_result_base': None}
[0.302s] Level 5:colcon.colcon_core.verb:set package 'go2_description' build argument 'cmake_args' from command line to 'None'
[0.302s] Level 5:colcon.colcon_core.verb:set package 'go2_description' build argument 'cmake_target' from command line to 'None'
[0.302s] Level 5:colcon.colcon_core.verb:set package 'go2_description' build argument 'cmake_target_skip_unavailable' from command line to 'False'
[0.302s] Level 5:colcon.colcon_core.verb:set package 'go2_description' build argument 'cmake_clean_cache' from command line to 'False'
[0.302s] Level 5:colcon.colcon_core.verb:set package 'go2_description' build argument 'cmake_clean_first' from command line to 'False'
[0.302s] Level 5:colcon.colcon_core.verb:set package 'go2_description' build argument 'cmake_force_configure' from command line to 'False'
[0.302s] Level 5:colcon.colcon_core.verb:set package 'go2_description' build argument 'ament_cmake_args' from command line to 'None'
[0.302s] Level 5:colcon.colcon_core.verb:set package 'go2_description' build argument 'catkin_cmake_args' from command line to 'None'
[0.302s] Level 5:colcon.colcon_core.verb:set package 'go2_description' build argument 'catkin_skip_building_tests' from command line to 'False'
[0.302s] DEBUG:colcon.colcon_core.verb:Building package 'go2_description' with the following arguments: {'ament_cmake_args': None, 'build_base': '/home/ayi/unitree_go2_ws/build/go2_description', 'catkin_cmake_args': None, 'catkin_skip_building_tests': False, 'cmake_args': None, 'cmake_clean_cache': False, 'cmake_clean_first': False, 'cmake_force_configure': False, 'cmake_target': None, 'cmake_target_skip_unavailable': False, 'install_base': '/home/ayi/unitree_go2_ws/install/go2_description', 'merge_install': False, 'path': '/home/ayi/unitree_go2_ws/src/go2_description', 'symlink_install': False, 'test_result_base': None}
[0.302s] Level 5:colcon.colcon_core.verb:set package 'go2_driver' build argument 'cmake_args' from command line to 'None'
[0.302s] Level 5:colcon.colcon_core.verb:set package 'go2_driver' build argument 'cmake_target' from command line to 'None'
[0.302s] Level 5:colcon.colcon_core.verb:set package 'go2_driver' build argument 'cmake_target_skip_unavailable' from command line to 'False'
[0.302s] Level 5:colcon.colcon_core.verb:set package 'go2_driver' build argument 'cmake_clean_cache' from command line to 'False'
[0.302s] Level 5:colcon.colcon_core.verb:set package 'go2_driver' build argument 'cmake_clean_first' from command line to 'False'
[0.302s] Level 5:colcon.colcon_core.verb:set package 'go2_driver' build argument 'cmake_force_configure' from command line to 'False'
[0.302s] Level 5:colcon.colcon_core.verb:set package 'go2_driver' build argument 'ament_cmake_args' from command line to 'None'
[0.302s] Level 5:colcon.colcon_core.verb:set package 'go2_driver' build argument 'catkin_cmake_args' from command line to 'None'
[0.302s] Level 5:colcon.colcon_core.verb:set package 'go2_driver' build argument 'catkin_skip_building_tests' from command line to 'False'
[0.302s] DEBUG:colcon.colcon_core.verb:Building package 'go2_driver' with the following arguments: {'ament_cmake_args': None, 'build_base': '/home/ayi/unitree_go2_ws/build/go2_driver', 'catkin_cmake_args': None, 'catkin_skip_building_tests': False, 'cmake_args': None, 'cmake_clean_cache': False, 'cmake_clean_first': False, 'cmake_force_configure': False, 'cmake_target': None, 'cmake_target_skip_unavailable': False, 'install_base': '/home/ayi/unitree_go2_ws/install/go2_driver', 'merge_install': False, 'path': '/home/ayi/unitree_go2_ws/src/base/go2_driver', 'symlink_install': False, 'test_result_base': None}
[0.303s] Level 5:colcon.colcon_core.verb:set package 'go2_navigation' build argument 'cmake_args' from command line to 'None'
[0.303s] Level 5:colcon.colcon_core.verb:set package 'go2_navigation' build argument 'cmake_target' from command line to 'None'
[0.303s] Level 5:colcon.colcon_core.verb:set package 'go2_navigation' build argument 'cmake_target_skip_unavailable' from command line to 'False'
[0.303s] Level 5:colcon.colcon_core.verb:set package 'go2_navigation' build argument 'cmake_clean_cache' from command line to 'False'
[0.303s] Level 5:colcon.colcon_core.verb:set package 'go2_navigation' build argument 'cmake_clean_first' from command line to 'False'
[0.303s] Level 5:colcon.colcon_core.verb:set package 'go2_navigation' build argument 'cmake_force_configure' from command line to 'False'
[0.303s] Level 5:colcon.colcon_core.verb:set package 'go2_navigation' build argument 'ament_cmake_args' from command line to 'None'
[0.303s] Level 5:colcon.colcon_core.verb:set package 'go2_navigation' build argument 'catkin_cmake_args' from command line to 'None'
[0.303s] Level 5:colcon.colcon_core.verb:set package 'go2_navigation' build argument 'catkin_skip_building_tests' from command line to 'False'
[0.303s] DEBUG:colcon.colcon_core.verb:Building package 'go2_navigation' with the following arguments: {'ament_cmake_args': None, 'build_base': '/home/ayi/unitree_go2_ws/build/go2_navigation', 'catkin_cmake_args': None, 'catkin_skip_building_tests': False, 'cmake_args': None, 'cmake_clean_cache': False, 'cmake_clean_first': False, 'cmake_force_configure': False, 'cmake_target': None, 'cmake_target_skip_unavailable': False, 'install_base': '/home/ayi/unitree_go2_ws/install/go2_navigation', 'merge_install': False, 'path': '/home/ayi/unitree_go2_ws/src/go2_navigation', 'symlink_install': False, 'test_result_base': None}
[0.303s] Level 5:colcon.colcon_core.verb:set package 'go2_perception' build argument 'cmake_args' from command line to 'None'
[0.303s] Level 5:colcon.colcon_core.verb:set package 'go2_perception' build argument 'cmake_target' from command line to 'None'
[0.303s] Level 5:colcon.colcon_core.verb:set package 'go2_perception' build argument 'cmake_target_skip_unavailable' from command line to 'False'
[0.303s] Level 5:colcon.colcon_core.verb:set package 'go2_perception' build argument 'cmake_clean_cache' from command line to 'False'
[0.303s] Level 5:colcon.colcon_core.verb:set package 'go2_perception' build argument 'cmake_clean_first' from command line to 'False'
[0.303s] Level 5:colcon.colcon_core.verb:set package 'go2_perception' build argument 'cmake_force_configure' from command line to 'False'
[0.303s] Level 5:colcon.colcon_core.verb:set package 'go2_perception' build argument 'ament_cmake_args' from command line to 'None'
[0.303s] Level 5:colcon.colcon_core.verb:set package 'go2_perception' build argument 'catkin_cmake_args' from command line to 'None'
[0.303s] Level 5:colcon.colcon_core.verb:set package 'go2_perception' build argument 'catkin_skip_building_tests' from command line to 'False'
[0.303s] DEBUG:colcon.colcon_core.verb:Building package 'go2_perception' with the following arguments: {'ament_cmake_args': None, 'build_base': '/home/ayi/unitree_go2_ws/build/go2_perception', 'catkin_cmake_args': None, 'catkin_skip_building_tests': False, 'cmake_args': None, 'cmake_clean_cache': False, 'cmake_clean_first': False, 'cmake_force_configure': False, 'cmake_target': None, 'cmake_target_skip_unavailable': False, 'install_base': '/home/ayi/unitree_go2_ws/install/go2_perception', 'merge_install': False, 'path': '/home/ayi/unitree_go2_ws/src/go2_perception', 'symlink_install': False, 'test_result_base': None}
[0.303s] Level 5:colcon.colcon_core.verb:set package 'go2_slam' build argument 'cmake_args' from command line to 'None'
[0.303s] Level 5:colcon.colcon_core.verb:set package 'go2_slam' build argument 'cmake_target' from command line to 'None'
[0.303s] Level 5:colcon.colcon_core.verb:set package 'go2_slam' build argument 'cmake_target_skip_unavailable' from command line to 'False'
[0.303s] Level 5:colcon.colcon_core.verb:set package 'go2_slam' build argument 'cmake_clean_cache' from command line to 'False'
[0.303s] Level 5:colcon.colcon_core.verb:set package 'go2_slam' build argument 'cmake_clean_first' from command line to 'False'
[0.303s] Level 5:colcon.colcon_core.verb:set package 'go2_slam' build argument 'cmake_force_configure' from command line to 'False'
[0.303s] Level 5:colcon.colcon_core.verb:set package 'go2_slam' build argument 'ament_cmake_args' from command line to 'None'
[0.303s] Level 5:colcon.colcon_core.verb:set package 'go2_slam' build argument 'catkin_cmake_args' from command line to 'None'
[0.303s] Level 5:colcon.colcon_core.verb:set package 'go2_slam' build argument 'catkin_skip_building_tests' from command line to 'False'
[0.303s] DEBUG:colcon.colcon_core.verb:Building package 'go2_slam' with the following arguments: {'ament_cmake_args': None, 'build_base': '/home/ayi/unitree_go2_ws/build/go2_slam', 'catkin_cmake_args': None, 'catkin_skip_building_tests': False, 'cmake_args': None, 'cmake_clean_cache': False, 'cmake_clean_first': False, 'cmake_force_configure': False, 'cmake_target': None, 'cmake_target_skip_unavailable': False, 'install_base': '/home/ayi/unitree_go2_ws/install/go2_slam', 'merge_install': False, 'path': '/home/ayi/unitree_go2_ws/src/go2_slam', 'symlink_install': False, 'test_result_base': None}
[0.303s] Level 5:colcon.colcon_core.verb:set package 'go2_twist_bridge' build argument 'cmake_args' from command line to 'None'
[0.304s] Level 5:colcon.colcon_core.verb:set package 'go2_twist_bridge' build argument 'cmake_target' from command line to 'None'
[0.304s] Level 5:colcon.colcon_core.verb:set package 'go2_twist_bridge' build argument 'cmake_target_skip_unavailable' from command line to 'False'
[0.304s] Level 5:colcon.colcon_core.verb:set package 'go2_twist_bridge' build argument 'cmake_clean_cache' from command line to 'False'
[0.304s] Level 5:colcon.colcon_core.verb:set package 'go2_twist_bridge' build argument 'cmake_clean_first' from command line to 'False'
[0.305s] Level 5:colcon.colcon_core.verb:set package 'go2_twist_bridge' build argument 'cmake_force_configure' from command line to 'False'
[0.305s] Level 5:colcon.colcon_core.verb:set package 'go2_twist_bridge' build argument 'ament_cmake_args' from command line to 'None'
[0.305s] Level 5:colcon.colcon_core.verb:set package 'go2_twist_bridge' build argument 'catkin_cmake_args' from command line to 'None'
[0.305s] Level 5:colcon.colcon_core.verb:set package 'go2_twist_bridge' build argument 'catkin_skip_building_tests' from command line to 'False'
[0.305s] DEBUG:colcon.colcon_core.verb:Building package 'go2_twist_bridge' with the following arguments: {'ament_cmake_args': None, 'build_base': '/home/ayi/unitree_go2_ws/build/go2_twist_bridge', 'catkin_cmake_args': None, 'catkin_skip_building_tests': False, 'cmake_args': None, 'cmake_clean_cache': False, 'cmake_clean_first': False, 'cmake_force_configure': False, 'cmake_target': None, 'cmake_target_skip_unavailable': False, 'install_base': '/home/ayi/unitree_go2_ws/install/go2_twist_bridge', 'merge_install': False, 'path': '/home/ayi/unitree_go2_ws/src/base/go2_twist_bridge', 'symlink_install': False, 'test_result_base': None}
[0.305s] INFO:colcon.colcon_core.executor:Executing jobs using 'parallel' executor
[0.306s] DEBUG:colcon.colcon_parallel_executor.executor.parallel:run_until_complete
[0.306s] INFO:colcon.colcon_ros.task.ament_python.build:Building ROS package in '/home/ayi/unitree_go2_ws/src/base/go2_core' with build type 'ament_python'
[0.306s] Level 1:colcon.colcon_core.shell:create_environment_hook('go2_core', 'ament_prefix_path')
[0.310s] INFO:colcon.colcon_core.plugin_system:Skipping extension 'colcon_core.shell.bat': Not used on non-Windows systems
[0.310s] INFO:colcon.colcon_core.shell:Creating environment hook '/home/ayi/unitree_go2_ws/install/go2_core/share/go2_core/hook/ament_prefix_path.ps1'
[0.312s] INFO:colcon.colcon_core.shell:Creating environment descriptor '/home/ayi/unitree_go2_ws/install/go2_core/share/go2_core/hook/ament_prefix_path.dsv'
[0.312s] INFO:colcon.colcon_core.shell:Creating environment hook '/home/ayi/unitree_go2_ws/install/go2_core/share/go2_core/hook/ament_prefix_path.sh'
[0.314s] INFO:colcon.colcon_core.shell:Skip shell extension 'powershell' for command environment: Not usable outside of PowerShell
[0.314s] DEBUG:colcon.colcon_core.shell:Skip shell extension 'dsv' for command environment
[0.326s] INFO:colcon.colcon_ros.task.ament_cmake.build:Building ROS package in '/home/ayi/unitree_go2_ws/src/go2_description' with build type 'ament_cmake'
[0.326s] INFO:colcon.colcon_cmake.task.cmake.build:Building CMake package in '/home/ayi/unitree_go2_ws/src/go2_description'
[0.326s] INFO:colcon.colcon_core.shell:Skip shell extension 'powershell' for command environment: Not usable outside of PowerShell
[0.326s] DEBUG:colcon.colcon_core.shell:Skip shell extension 'dsv' for command environment
[0.620s] INFO:colcon.colcon_core.task.python.build:Building Python package in '/home/ayi/unitree_go2_ws/src/base/go2_core'
[0.622s] INFO:colcon.colcon_core.shell:Skip shell extension 'powershell' for command environment: Not usable outside of PowerShell
[0.622s] DEBUG:colcon.colcon_core.shell:Skip shell extension 'dsv' for command environment
[0.644s] DEBUG:colcon.colcon_core.event_handler.log_command:Invoking command in '/home/ayi/unitree_go2_ws/build/go2_description': CMAKE_PREFIX_PATH=${CMAKE_PREFIX_PATH}:/home/ayi/unitree_go2_ws/install/go2_twist_bridge_py:/home/ayi/unitree_go2_ws/install/go2_navigation:/home/ayi/unitree_go2_ws/install/go2_driver_py:/home/ayi/unitree_go2_ws/install/go2_core:/home/ayi/dev_ws/install/learning_urdf:/home/ayi/dev_ws/install/learning_topic:/home/ayi/dev_ws/install/learning_tf:/home/ayi/dev_ws/install/learning_service:/home/ayi/dev_ws/install/learning_qos:/home/ayi/dev_ws/install/learning_pkg_python:/home/ayi/dev_ws/install/learning_parameter:/home/ayi/dev_ws/install/learning_node:/home/ayi/dev_ws/install/learning_launch:/home/ayi/dev_ws/install/learning_action:/home/ayi/dev_ws/install/learning_gazebo_harmonic:/home/ayi/dev_ws/install/learning_gazebo:/home/ayi/dev_ws/install/learning_cv:/opt/ros/humble /usr/bin/cmake --build /home/ayi/unitree_go2_ws/build/go2_description -- -j2 -l2
[0.777s] DEBUG:colcon.colcon_core.event_handler.log_command:Invoked command in '/home/ayi/unitree_go2_ws/build/go2_description' returned '0': CMAKE_PREFIX_PATH=${CMAKE_PREFIX_PATH}:/home/ayi/unitree_go2_ws/install/go2_twist_bridge_py:/home/ayi/unitree_go2_ws/install/go2_navigation:/home/ayi/unitree_go2_ws/install/go2_driver_py:/home/ayi/unitree_go2_ws/install/go2_core:/home/ayi/dev_ws/install/learning_urdf:/home/ayi/dev_ws/install/learning_topic:/home/ayi/dev_ws/install/learning_tf:/home/ayi/dev_ws/install/learning_service:/home/ayi/dev_ws/install/learning_qos:/home/ayi/dev_ws/install/learning_pkg_python:/home/ayi/dev_ws/install/learning_parameter:/home/ayi/dev_ws/install/learning_node:/home/ayi/dev_ws/install/learning_launch:/home/ayi/dev_ws/install/learning_action:/home/ayi/dev_ws/install/learning_gazebo_harmonic:/home/ayi/dev_ws/install/learning_gazebo:/home/ayi/dev_ws/install/learning_cv:/opt/ros/humble /usr/bin/cmake --build /home/ayi/unitree_go2_ws/build/go2_description -- -j2 -l2
[0.816s] DEBUG:colcon.colcon_core.event_handler.log_command:Invoking command in '/home/ayi/unitree_go2_ws/build/go2_description': CMAKE_PREFIX_PATH=${CMAKE_PREFIX_PATH}:/home/ayi/unitree_go2_ws/install/go2_twist_bridge_py:/home/ayi/unitree_go2_ws/install/go2_navigation:/home/ayi/unitree_go2_ws/install/go2_driver_py:/home/ayi/unitree_go2_ws/install/go2_core:/home/ayi/dev_ws/install/learning_urdf:/home/ayi/dev_ws/install/learning_topic:/home/ayi/dev_ws/install/learning_tf:/home/ayi/dev_ws/install/learning_service:/home/ayi/dev_ws/install/learning_qos:/home/ayi/dev_ws/install/learning_pkg_python:/home/ayi/dev_ws/install/learning_parameter:/home/ayi/dev_ws/install/learning_node:/home/ayi/dev_ws/install/learning_launch:/home/ayi/dev_ws/install/learning_action:/home/ayi/dev_ws/install/learning_gazebo_harmonic:/home/ayi/dev_ws/install/learning_gazebo:/home/ayi/dev_ws/install/learning_cv:/opt/ros/humble /usr/bin/cmake --install /home/ayi/unitree_go2_ws/build/go2_description
[0.886s] Level 1:colcon.colcon_core.environment:create_environment_scripts_only(go2_description)
[0.894s] DEBUG:colcon.colcon_core.event_handler.log_command:Invoked command in '/home/ayi/unitree_go2_ws/build/go2_description' returned '0': CMAKE_PREFIX_PATH=${CMAKE_PREFIX_PATH}:/home/ayi/unitree_go2_ws/install/go2_twist_bridge_py:/home/ayi/unitree_go2_ws/install/go2_navigation:/home/ayi/unitree_go2_ws/install/go2_driver_py:/home/ayi/unitree_go2_ws/install/go2_core:/home/ayi/dev_ws/install/learning_urdf:/home/ayi/dev_ws/install/learning_topic:/home/ayi/dev_ws/install/learning_tf:/home/ayi/dev_ws/install/learning_service:/home/ayi/dev_ws/install/learning_qos:/home/ayi/dev_ws/install/learning_pkg_python:/home/ayi/dev_ws/install/learning_parameter:/home/ayi/dev_ws/install/learning_node:/home/ayi/dev_ws/install/learning_launch:/home/ayi/dev_ws/install/learning_action:/home/ayi/dev_ws/install/learning_gazebo_harmonic:/home/ayi/dev_ws/install/learning_gazebo:/home/ayi/dev_ws/install/learning_cv:/opt/ros/humble /usr/bin/cmake --install /home/ayi/unitree_go2_ws/build/go2_description
[0.895s] Level 1:colcon.colcon_core.environment:checking '/home/ayi/unitree_go2_ws/install/go2_description' for CMake module files
[0.895s] Level 1:colcon.colcon_core.environment:checking '/home/ayi/unitree_go2_ws/install/go2_description' for CMake config files
[0.896s] Level 1:colcon.colcon_core.shell:create_environment_hook('go2_description', 'cmake_prefix_path')
[0.897s] INFO:colcon.colcon_core.shell:Creating environment hook '/home/ayi/unitree_go2_ws/install/go2_description/share/go2_description/hook/cmake_prefix_path.ps1'
[0.898s] INFO:colcon.colcon_core.shell:Creating environment descriptor '/home/ayi/unitree_go2_ws/install/go2_description/share/go2_description/hook/cmake_prefix_path.dsv'
[0.900s] INFO:colcon.colcon_core.shell:Creating environment hook '/home/ayi/unitree_go2_ws/install/go2_description/share/go2_description/hook/cmake_prefix_path.sh'
[0.900s] Level 1:colcon.colcon_core.environment:checking '/home/ayi/unitree_go2_ws/install/go2_description/bin'
[0.900s] Level 1:colcon.colcon_core.environment:checking '/home/ayi/unitree_go2_ws/install/go2_description/lib/pkgconfig/go2_description.pc'
[0.900s] Level 1:colcon.colcon_core.environment:checking '/home/ayi/unitree_go2_ws/install/go2_description/lib/python3.10/site-packages'
[0.900s] Level 1:colcon.colcon_core.environment:checking '/home/ayi/unitree_go2_ws/install/go2_description/bin'
[0.902s] INFO:colcon.colcon_core.shell:Creating package script '/home/ayi/unitree_go2_ws/install/go2_description/share/go2_description/package.ps1'
[0.903s] INFO:colcon.colcon_core.shell:Creating package descriptor '/home/ayi/unitree_go2_ws/install/go2_description/share/go2_description/package.dsv'
[0.906s] INFO:colcon.colcon_core.shell:Creating package script '/home/ayi/unitree_go2_ws/install/go2_description/share/go2_description/package.sh'
[0.908s] INFO:colcon.colcon_core.shell:Creating package script '/home/ayi/unitree_go2_ws/install/go2_description/share/go2_description/package.bash'
[0.910s] INFO:colcon.colcon_core.shell:Creating package script '/home/ayi/unitree_go2_ws/install/go2_description/share/go2_description/package.zsh'
[0.911s] Level 1:colcon.colcon_core.environment:create_file_with_runtime_dependencies(/home/ayi/unitree_go2_ws/install/go2_description/share/colcon-core/packages/go2_description)
[0.912s] Level 1:colcon.colcon_core.environment:create_environment_scripts_only(go2_description)
[0.912s] Level 1:colcon.colcon_core.environment:checking '/home/ayi/unitree_go2_ws/install/go2_description' for CMake module files
[0.912s] Level 1:colcon.colcon_core.environment:checking '/home/ayi/unitree_go2_ws/install/go2_description' for CMake config files
[0.913s] Level 1:colcon.colcon_core.shell:create_environment_hook('go2_description', 'cmake_prefix_path')
[0.916s] INFO:colcon.colcon_core.shell:Creating environment hook '/home/ayi/unitree_go2_ws/install/go2_description/share/go2_description/hook/cmake_prefix_path.ps1'
[0.916s] INFO:colcon.colcon_core.shell:Creating environment descriptor '/home/ayi/unitree_go2_ws/install/go2_description/share/go2_description/hook/cmake_prefix_path.dsv'
[0.918s] INFO:colcon.colcon_core.shell:Creating environment hook '/home/ayi/unitree_go2_ws/install/go2_description/share/go2_description/hook/cmake_prefix_path.sh'
[0.922s] Level 1:colcon.colcon_core.environment:checking '/home/ayi/unitree_go2_ws/install/go2_description/bin'
[0.922s] Level 1:colcon.colcon_core.environment:checking '/home/ayi/unitree_go2_ws/install/go2_description/lib/pkgconfig/go2_description.pc'
[0.922s] Level 1:colcon.colcon_core.environment:checking '/home/ayi/unitree_go2_ws/install/go2_description/lib/python3.10/site-packages'
[0.922s] Level 1:colcon.colcon_core.environment:checking '/home/ayi/unitree_go2_ws/install/go2_description/bin'
[0.922s] INFO:colcon.colcon_core.shell:Creating package script '/home/ayi/unitree_go2_ws/install/go2_description/share/go2_description/package.ps1'
[0.930s] INFO:colcon.colcon_core.shell:Creating package descriptor '/home/ayi/unitree_go2_ws/install/go2_description/share/go2_description/package.dsv'
[0.936s] INFO:colcon.colcon_core.shell:Creating package script '/home/ayi/unitree_go2_ws/install/go2_description/share/go2_description/package.sh'
[0.936s] INFO:colcon.colcon_core.shell:Creating package script '/home/ayi/unitree_go2_ws/install/go2_description/share/go2_description/package.bash'
[0.942s] INFO:colcon.colcon_core.shell:Creating package script '/home/ayi/unitree_go2_ws/install/go2_description/share/go2_description/package.zsh'
[0.943s] Level 1:colcon.colcon_core.environment:create_file_with_runtime_dependencies(/home/ayi/unitree_go2_ws/install/go2_description/share/colcon-core/packages/go2_description)
[0.949s] INFO:colcon.colcon_ros.task.ament_cmake.build:Building ROS package in '/home/ayi/unitree_go2_ws/src/base/go2_driver' with build type 'ament_cmake'
[0.949s] INFO:colcon.colcon_cmake.task.cmake.build:Building CMake package in '/home/ayi/unitree_go2_ws/src/base/go2_driver'
[0.950s] INFO:colcon.colcon_core.shell:Skip shell extension 'powershell' for command environment: Not usable outside of PowerShell
[0.950s] DEBUG:colcon.colcon_core.shell:Skip shell extension 'dsv' for command environment
[0.992s] DEBUG:colcon.colcon_core.event_handler.log_command:Invoking command in '/home/ayi/unitree_go2_ws/build/go2_driver': CMAKE_PREFIX_PATH=${CMAKE_PREFIX_PATH}:/home/ayi/unitree_go2_ws/install/go2_twist_bridge_py:/home/ayi/unitree_go2_ws/install/go2_navigation:/home/ayi/unitree_go2_ws/install/go2_driver_py:/home/ayi/unitree_go2_ws/install/go2_core:/home/ayi/dev_ws/install/learning_urdf:/home/ayi/dev_ws/install/learning_topic:/home/ayi/dev_ws/install/learning_tf:/home/ayi/dev_ws/install/learning_service:/home/ayi/dev_ws/install/learning_qos:/home/ayi/dev_ws/install/learning_pkg_python:/home/ayi/dev_ws/install/learning_parameter:/home/ayi/dev_ws/install/learning_node:/home/ayi/dev_ws/install/learning_launch:/home/ayi/dev_ws/install/learning_action:/home/ayi/dev_ws/install/learning_gazebo_harmonic:/home/ayi/dev_ws/install/learning_gazebo:/home/ayi/dev_ws/install/learning_cv:/opt/ros/humble /usr/bin/cmake --build /home/ayi/unitree_go2_ws/build/go2_driver -- -j2 -l2
[1.308s] DEBUG:colcon.colcon_core.event_handler.log_command:Invoked command in '/home/ayi/unitree_go2_ws/build/go2_driver' returned '0': CMAKE_PREFIX_PATH=${CMAKE_PREFIX_PATH}:/home/ayi/unitree_go2_ws/install/go2_twist_bridge_py:/home/ayi/unitree_go2_ws/install/go2_navigation:/home/ayi/unitree_go2_ws/install/go2_driver_py:/home/ayi/unitree_go2_ws/install/go2_core:/home/ayi/dev_ws/install/learning_urdf:/home/ayi/dev_ws/install/learning_topic:/home/ayi/dev_ws/install/learning_tf:/home/ayi/dev_ws/install/learning_service:/home/ayi/dev_ws/install/learning_qos:/home/ayi/dev_ws/install/learning_pkg_python:/home/ayi/dev_ws/install/learning_parameter:/home/ayi/dev_ws/install/learning_node:/home/ayi/dev_ws/install/learning_launch:/home/ayi/dev_ws/install/learning_action:/home/ayi/dev_ws/install/learning_gazebo_harmonic:/home/ayi/dev_ws/install/learning_gazebo:/home/ayi/dev_ws/install/learning_cv:/opt/ros/humble /usr/bin/cmake --build /home/ayi/unitree_go2_ws/build/go2_driver -- -j2 -l2
[1.311s] DEBUG:colcon.colcon_core.event_handler.log_command:Invoking command in '/home/ayi/unitree_go2_ws/build/go2_driver': CMAKE_PREFIX_PATH=${CMAKE_PREFIX_PATH}:/home/ayi/unitree_go2_ws/install/go2_twist_bridge_py:/home/ayi/unitree_go2_ws/install/go2_navigation:/home/ayi/unitree_go2_ws/install/go2_driver_py:/home/ayi/unitree_go2_ws/install/go2_core:/home/ayi/dev_ws/install/learning_urdf:/home/ayi/dev_ws/install/learning_topic:/home/ayi/dev_ws/install/learning_tf:/home/ayi/dev_ws/install/learning_service:/home/ayi/dev_ws/install/learning_qos:/home/ayi/dev_ws/install/learning_pkg_python:/home/ayi/dev_ws/install/learning_parameter:/home/ayi/dev_ws/install/learning_node:/home/ayi/dev_ws/install/learning_launch:/home/ayi/dev_ws/install/learning_action:/home/ayi/dev_ws/install/learning_gazebo_harmonic:/home/ayi/dev_ws/install/learning_gazebo:/home/ayi/dev_ws/install/learning_cv:/opt/ros/humble /usr/bin/cmake --install /home/ayi/unitree_go2_ws/build/go2_driver
[1.357s] DEBUG:colcon.colcon_core.event_handler.log_command:Invoking command in '/home/ayi/unitree_go2_ws/src/base/go2_core': PYTHONPATH=/home/ayi/unitree_go2_ws/build/go2_core/prefix_override:/usr/lib/python3/dist-packages/colcon_core/task/python/colcon_distutils_commands:/home/ayi/unitree_go2_ws/install/go2_core/lib/python3.10/site-packages:${PYTHONPATH} /usr/bin/python3 -W ignore:setup.py install is deprecated -W ignore:easy_install command is deprecated setup.py egg_info --egg-base ../../../build/go2_core build --build-base /home/ayi/unitree_go2_ws/build/go2_core/build install --record /home/ayi/unitree_go2_ws/build/go2_core/install.log --single-version-externally-managed install_data
[1.359s] Level 1:colcon.colcon_core.environment:create_environment_scripts_only(go2_driver)
[1.359s] Level 1:colcon.colcon_core.environment:checking '/home/ayi/unitree_go2_ws/install/go2_driver' for CMake module files
[1.360s] Level 1:colcon.colcon_core.environment:checking '/home/ayi/unitree_go2_ws/install/go2_driver' for CMake config files
[1.360s] Level 1:colcon.colcon_core.shell:create_environment_hook('go2_driver', 'cmake_prefix_path')
[1.360s] INFO:colcon.colcon_core.shell:Creating environment hook '/home/ayi/unitree_go2_ws/install/go2_driver/share/go2_driver/hook/cmake_prefix_path.ps1'
[1.363s] DEBUG:colcon.colcon_core.event_handler.log_command:Invoked command in '/home/ayi/unitree_go2_ws/build/go2_driver' returned '0': CMAKE_PREFIX_PATH=${CMAKE_PREFIX_PATH}:/home/ayi/unitree_go2_ws/install/go2_twist_bridge_py:/home/ayi/unitree_go2_ws/install/go2_navigation:/home/ayi/unitree_go2_ws/install/go2_driver_py:/home/ayi/unitree_go2_ws/install/go2_core:/home/ayi/dev_ws/install/learning_urdf:/home/ayi/dev_ws/install/learning_topic:/home/ayi/dev_ws/install/learning_tf:/home/ayi/dev_ws/install/learning_service:/home/ayi/dev_ws/install/learning_qos:/home/ayi/dev_ws/install/learning_pkg_python:/home/ayi/dev_ws/install/learning_parameter:/home/ayi/dev_ws/install/learning_node:/home/ayi/dev_ws/install/learning_launch:/home/ayi/dev_ws/install/learning_action:/home/ayi/dev_ws/install/learning_gazebo_harmonic:/home/ayi/dev_ws/install/learning_gazebo:/home/ayi/dev_ws/install/learning_cv:/opt/ros/humble /usr/bin/cmake --install /home/ayi/unitree_go2_ws/build/go2_driver
[1.363s] INFO:colcon.colcon_core.shell:Creating environment descriptor '/home/ayi/unitree_go2_ws/install/go2_driver/share/go2_driver/hook/cmake_prefix_path.dsv'
[1.363s] INFO:colcon.colcon_core.shell:Creating environment hook '/home/ayi/unitree_go2_ws/install/go2_driver/share/go2_driver/hook/cmake_prefix_path.sh'
[1.366s] Level 1:colcon.colcon_core.environment:checking '/home/ayi/unitree_go2_ws/install/go2_driver/lib'
[1.366s] Level 1:colcon.colcon_core.environment:checking '/home/ayi/unitree_go2_ws/install/go2_driver/bin'
[1.366s] Level 1:colcon.colcon_core.environment:checking '/home/ayi/unitree_go2_ws/install/go2_driver/lib/pkgconfig/go2_driver.pc'
[1.366s] Level 1:colcon.colcon_core.environment:checking '/home/ayi/unitree_go2_ws/install/go2_driver/lib/python3.10/site-packages'
[1.369s] Level 1:colcon.colcon_core.environment:checking '/home/ayi/unitree_go2_ws/install/go2_driver/bin'
[1.369s] INFO:colcon.colcon_core.shell:Creating package script '/home/ayi/unitree_go2_ws/install/go2_driver/share/go2_driver/package.ps1'
[1.369s] INFO:colcon.colcon_core.shell:Creating package descriptor '/home/ayi/unitree_go2_ws/install/go2_driver/share/go2_driver/package.dsv'
[1.370s] INFO:colcon.colcon_core.shell:Creating package script '/home/ayi/unitree_go2_ws/install/go2_driver/share/go2_driver/package.sh'
[1.371s] INFO:colcon.colcon_core.shell:Creating package script '/home/ayi/unitree_go2_ws/install/go2_driver/share/go2_driver/package.bash'
[1.371s] INFO:colcon.colcon_core.shell:Creating package script '/home/ayi/unitree_go2_ws/install/go2_driver/share/go2_driver/package.zsh'
[1.373s] Level 1:colcon.colcon_core.environment:create_file_with_runtime_dependencies(/home/ayi/unitree_go2_ws/install/go2_driver/share/colcon-core/packages/go2_driver)
[1.373s] Level 1:colcon.colcon_core.environment:create_environment_scripts_only(go2_driver)
[1.374s] Level 1:colcon.colcon_core.environment:checking '/home/ayi/unitree_go2_ws/install/go2_driver' for CMake module files
[1.374s] Level 1:colcon.colcon_core.environment:checking '/home/ayi/unitree_go2_ws/install/go2_driver' for CMake config files
[1.374s] Level 1:colcon.colcon_core.shell:create_environment_hook('go2_driver', 'cmake_prefix_path')
[1.374s] INFO:colcon.colcon_core.shell:Creating environment hook '/home/ayi/unitree_go2_ws/install/go2_driver/share/go2_driver/hook/cmake_prefix_path.ps1'
[1.377s] INFO:colcon.colcon_core.shell:Creating environment descriptor '/home/ayi/unitree_go2_ws/install/go2_driver/share/go2_driver/hook/cmake_prefix_path.dsv'
[1.378s] INFO:colcon.colcon_core.shell:Creating environment hook '/home/ayi/unitree_go2_ws/install/go2_driver/share/go2_driver/hook/cmake_prefix_path.sh'
[1.379s] Level 1:colcon.colcon_core.environment:checking '/home/ayi/unitree_go2_ws/install/go2_driver/lib'
[1.380s] Level 1:colcon.colcon_core.environment:checking '/home/ayi/unitree_go2_ws/install/go2_driver/bin'
[1.380s] Level 1:colcon.colcon_core.environment:checking '/home/ayi/unitree_go2_ws/install/go2_driver/lib/pkgconfig/go2_driver.pc'
[1.380s] Level 1:colcon.colcon_core.environment:checking '/home/ayi/unitree_go2_ws/install/go2_driver/lib/python3.10/site-packages'
[1.380s] Level 1:colcon.colcon_core.environment:checking '/home/ayi/unitree_go2_ws/install/go2_driver/bin'
[1.380s] INFO:colcon.colcon_core.shell:Creating package script '/home/ayi/unitree_go2_ws/install/go2_driver/share/go2_driver/package.ps1'
[1.380s] INFO:colcon.colcon_core.shell:Creating package descriptor '/home/ayi/unitree_go2_ws/install/go2_driver/share/go2_driver/package.dsv'
[1.383s] INFO:colcon.colcon_core.shell:Creating package script '/home/ayi/unitree_go2_ws/install/go2_driver/share/go2_driver/package.sh'
[1.385s] INFO:colcon.colcon_core.shell:Creating package script '/home/ayi/unitree_go2_ws/install/go2_driver/share/go2_driver/package.bash'
[1.386s] INFO:colcon.colcon_core.shell:Creating package script '/home/ayi/unitree_go2_ws/install/go2_driver/share/go2_driver/package.zsh'
[1.386s] Level 1:colcon.colcon_core.environment:create_file_with_runtime_dependencies(/home/ayi/unitree_go2_ws/install/go2_driver/share/colcon-core/packages/go2_driver)
[1.389s] INFO:colcon.colcon_ros.task.ament_python.build:Building ROS package in '/home/ayi/unitree_go2_ws/src/go2_navigation' with build type 'ament_python'
[1.389s] Level 1:colcon.colcon_core.shell:create_environment_hook('go2_navigation', 'ament_prefix_path')
[1.389s] INFO:colcon.colcon_core.shell:Creating environment hook '/home/ayi/unitree_go2_ws/install/go2_navigation/share/go2_navigation/hook/ament_prefix_path.ps1'
[1.390s] INFO:colcon.colcon_core.shell:Creating environment descriptor '/home/ayi/unitree_go2_ws/install/go2_navigation/share/go2_navigation/hook/ament_prefix_path.dsv'
[1.392s] INFO:colcon.colcon_core.shell:Creating environment hook '/home/ayi/unitree_go2_ws/install/go2_navigation/share/go2_navigation/hook/ament_prefix_path.sh'
[1.393s] INFO:colcon.colcon_core.shell:Skip shell extension 'powershell' for command environment: Not usable outside of PowerShell
[1.393s] DEBUG:colcon.colcon_core.shell:Skip shell extension 'dsv' for command environment
[1.903s] INFO:colcon.colcon_core.task.python.build:Building Python package in '/home/ayi/unitree_go2_ws/src/go2_navigation'
[1.905s] INFO:colcon.colcon_core.shell:Skip shell extension 'powershell' for command environment: Not usable outside of PowerShell
[1.905s] DEBUG:colcon.colcon_core.shell:Skip shell extension 'dsv' for command environment
[1.913s] Level 1:colcon.colcon_core.environment:checking '/home/ayi/unitree_go2_ws/install/go2_core' for CMake module files
[1.914s] Level 1:colcon.colcon_core.environment:checking '/home/ayi/unitree_go2_ws/install/go2_core' for CMake config files
[1.914s] DEBUG:colcon.colcon_core.event_handler.log_command:Invoked command in '/home/ayi/unitree_go2_ws/src/base/go2_core' returned '0': PYTHONPATH=/home/ayi/unitree_go2_ws/build/go2_core/prefix_override:/usr/lib/python3/dist-packages/colcon_core/task/python/colcon_distutils_commands:/home/ayi/unitree_go2_ws/install/go2_core/lib/python3.10/site-packages:${PYTHONPATH} /usr/bin/python3 -W ignore:setup.py install is deprecated -W ignore:easy_install command is deprecated setup.py egg_info --egg-base ../../../build/go2_core build --build-base /home/ayi/unitree_go2_ws/build/go2_core/build install --record /home/ayi/unitree_go2_ws/build/go2_core/install.log --single-version-externally-managed install_data
[1.917s] Level 1:colcon.colcon_core.environment:checking '/home/ayi/unitree_go2_ws/install/go2_core/lib'
[1.917s] Level 1:colcon.colcon_core.environment:checking '/home/ayi/unitree_go2_ws/install/go2_core/bin'
[1.917s] Level 1:colcon.colcon_core.environment:checking '/home/ayi/unitree_go2_ws/install/go2_core/lib/pkgconfig/go2_core.pc'
[1.917s] Level 1:colcon.colcon_core.environment:checking '/home/ayi/unitree_go2_ws/install/go2_core/lib/python3.10/site-packages'
[1.917s] Level 1:colcon.colcon_core.shell:create_environment_hook('go2_core', 'pythonpath')
[1.917s] INFO:colcon.colcon_core.shell:Creating environment hook '/home/ayi/unitree_go2_ws/install/go2_core/share/go2_core/hook/pythonpath.ps1'
[1.919s] INFO:colcon.colcon_core.shell:Creating environment descriptor '/home/ayi/unitree_go2_ws/install/go2_core/share/go2_core/hook/pythonpath.dsv'
[1.920s] INFO:colcon.colcon_core.shell:Creating environment hook '/home/ayi/unitree_go2_ws/install/go2_core/share/go2_core/hook/pythonpath.sh'
[1.923s] Level 1:colcon.colcon_core.environment:checking '/home/ayi/unitree_go2_ws/install/go2_core/bin'
[1.923s] Level 1:colcon.colcon_core.environment:create_environment_scripts_only(go2_core)
[1.923s] INFO:colcon.colcon_core.shell:Creating package script '/home/ayi/unitree_go2_ws/install/go2_core/share/go2_core/package.ps1'
[1.923s] INFO:colcon.colcon_core.shell:Creating package descriptor '/home/ayi/unitree_go2_ws/install/go2_core/share/go2_core/package.dsv'
[1.925s] INFO:colcon.colcon_core.shell:Creating package script '/home/ayi/unitree_go2_ws/install/go2_core/share/go2_core/package.sh'
[1.926s] INFO:colcon.colcon_core.shell:Creating package script '/home/ayi/unitree_go2_ws/install/go2_core/share/go2_core/package.bash'
[1.926s] INFO:colcon.colcon_core.shell:Creating package script '/home/ayi/unitree_go2_ws/install/go2_core/share/go2_core/package.zsh'
[1.926s] Level 1:colcon.colcon_core.environment:create_file_with_runtime_dependencies(/home/ayi/unitree_go2_ws/install/go2_core/share/colcon-core/packages/go2_core)
[1.927s] INFO:colcon.colcon_ros.task.ament_cmake.build:Building ROS package in '/home/ayi/unitree_go2_ws/src/go2_perception' with build type 'ament_cmake'
[1.927s] INFO:colcon.colcon_cmake.task.cmake.build:Building CMake package in '/home/ayi/unitree_go2_ws/src/go2_perception'
[1.927s] INFO:colcon.colcon_core.shell:Skip shell extension 'powershell' for command environment: Not usable outside of PowerShell
[1.927s] DEBUG:colcon.colcon_core.shell:Skip shell extension 'dsv' for command environment
[1.949s] DEBUG:colcon.colcon_core.event_handler.log_command:Invoking command in '/home/ayi/unitree_go2_ws/build/go2_perception': CMAKE_PREFIX_PATH=${CMAKE_PREFIX_PATH}:/home/ayi/unitree_go2_ws/install/go2_twist_bridge_py:/home/ayi/unitree_go2_ws/install/go2_navigation:/home/ayi/unitree_go2_ws/install/go2_driver_py:/home/ayi/unitree_go2_ws/install/go2_core:/home/ayi/dev_ws/install/learning_urdf:/home/ayi/dev_ws/install/learning_topic:/home/ayi/dev_ws/install/learning_tf:/home/ayi/dev_ws/install/learning_service:/home/ayi/dev_ws/install/learning_qos:/home/ayi/dev_ws/install/learning_pkg_python:/home/ayi/dev_ws/install/learning_parameter:/home/ayi/dev_ws/install/learning_node:/home/ayi/dev_ws/install/learning_launch:/home/ayi/dev_ws/install/learning_action:/home/ayi/dev_ws/install/learning_gazebo_harmonic:/home/ayi/dev_ws/install/learning_gazebo:/home/ayi/dev_ws/install/learning_cv:/opt/ros/humble /usr/bin/cmake --build /home/ayi/unitree_go2_ws/build/go2_perception -- -j2 -l2
[2.268s] DEBUG:colcon.colcon_core.event_handler.log_command:Invoked command in '/home/ayi/unitree_go2_ws/build/go2_perception' returned '0': CMAKE_PREFIX_PATH=${CMAKE_PREFIX_PATH}:/home/ayi/unitree_go2_ws/install/go2_twist_bridge_py:/home/ayi/unitree_go2_ws/install/go2_navigation:/home/ayi/unitree_go2_ws/install/go2_driver_py:/home/ayi/unitree_go2_ws/install/go2_core:/home/ayi/dev_ws/install/learning_urdf:/home/ayi/dev_ws/install/learning_topic:/home/ayi/dev_ws/install/learning_tf:/home/ayi/dev_ws/install/learning_service:/home/ayi/dev_ws/install/learning_qos:/home/ayi/dev_ws/install/learning_pkg_python:/home/ayi/dev_ws/install/learning_parameter:/home/ayi/dev_ws/install/learning_node:/home/ayi/dev_ws/install/learning_launch:/home/ayi/dev_ws/install/learning_action:/home/ayi/dev_ws/install/learning_gazebo_harmonic:/home/ayi/dev_ws/install/learning_gazebo:/home/ayi/dev_ws/install/learning_cv:/opt/ros/humble /usr/bin/cmake --build /home/ayi/unitree_go2_ws/build/go2_perception -- -j2 -l2
[2.269s] DEBUG:colcon.colcon_core.event_handler.log_command:Invoking command in '/home/ayi/unitree_go2_ws/build/go2_perception': CMAKE_PREFIX_PATH=${CMAKE_PREFIX_PATH}:/home/ayi/unitree_go2_ws/install/go2_twist_bridge_py:/home/ayi/unitree_go2_ws/install/go2_navigation:/home/ayi/unitree_go2_ws/install/go2_driver_py:/home/ayi/unitree_go2_ws/install/go2_core:/home/ayi/dev_ws/install/learning_urdf:/home/ayi/dev_ws/install/learning_topic:/home/ayi/dev_ws/install/learning_tf:/home/ayi/dev_ws/install/learning_service:/home/ayi/dev_ws/install/learning_qos:/home/ayi/dev_ws/install/learning_pkg_python:/home/ayi/dev_ws/install/learning_parameter:/home/ayi/dev_ws/install/learning_node:/home/ayi/dev_ws/install/learning_launch:/home/ayi/dev_ws/install/learning_action:/home/ayi/dev_ws/install/learning_gazebo_harmonic:/home/ayi/dev_ws/install/learning_gazebo:/home/ayi/dev_ws/install/learning_cv:/opt/ros/humble /usr/bin/cmake --install /home/ayi/unitree_go2_ws/build/go2_perception
[2.296s] Level 1:colcon.colcon_core.environment:create_environment_scripts_only(go2_perception)
[2.296s] Level 1:colcon.colcon_core.environment:checking '/home/ayi/unitree_go2_ws/install/go2_perception' for CMake module files
[2.297s] Level 1:colcon.colcon_core.environment:checking '/home/ayi/unitree_go2_ws/install/go2_perception' for CMake config files
[2.297s] Level 1:colcon.colcon_core.shell:create_environment_hook('go2_perception', 'cmake_prefix_path')
[2.297s] INFO:colcon.colcon_core.shell:Creating environment hook '/home/ayi/unitree_go2_ws/install/go2_perception/share/go2_perception/hook/cmake_prefix_path.ps1'
[2.303s] INFO:colcon.colcon_core.shell:Creating environment descriptor '/home/ayi/unitree_go2_ws/install/go2_perception/share/go2_perception/hook/cmake_prefix_path.dsv'
[2.303s] INFO:colcon.colcon_core.shell:Creating environment hook '/home/ayi/unitree_go2_ws/install/go2_perception/share/go2_perception/hook/cmake_prefix_path.sh'
[2.307s] DEBUG:colcon.colcon_core.event_handler.log_command:Invoked command in '/home/ayi/unitree_go2_ws/build/go2_perception' returned '0': CMAKE_PREFIX_PATH=${CMAKE_PREFIX_PATH}:/home/ayi/unitree_go2_ws/install/go2_twist_bridge_py:/home/ayi/unitree_go2_ws/install/go2_navigation:/home/ayi/unitree_go2_ws/install/go2_driver_py:/home/ayi/unitree_go2_ws/install/go2_core:/home/ayi/dev_ws/install/learning_urdf:/home/ayi/dev_ws/install/learning_topic:/home/ayi/dev_ws/install/learning_tf:/home/ayi/dev_ws/install/learning_service:/home/ayi/dev_ws/install/learning_qos:/home/ayi/dev_ws/install/learning_pkg_python:/home/ayi/dev_ws/install/learning_parameter:/home/ayi/dev_ws/install/learning_node:/home/ayi/dev_ws/install/learning_launch:/home/ayi/dev_ws/install/learning_action:/home/ayi/dev_ws/install/learning_gazebo_harmonic:/home/ayi/dev_ws/install/learning_gazebo:/home/ayi/dev_ws/install/learning_cv:/opt/ros/humble /usr/bin/cmake --install /home/ayi/unitree_go2_ws/build/go2_perception
[2.312s] Level 1:colcon.colcon_core.environment:checking '/home/ayi/unitree_go2_ws/install/go2_perception/lib'
[2.312s] Level 1:colcon.colcon_core.shell:create_environment_hook('go2_perception', 'ld_library_path_lib')
[2.312s] INFO:colcon.colcon_core.shell:Creating environment hook '/home/ayi/unitree_go2_ws/install/go2_perception/share/go2_perception/hook/ld_library_path_lib.ps1'
[2.315s] INFO:colcon.colcon_core.shell:Creating environment descriptor '/home/ayi/unitree_go2_ws/install/go2_perception/share/go2_perception/hook/ld_library_path_lib.dsv'
[2.315s] INFO:colcon.colcon_core.shell:Creating environment hook '/home/ayi/unitree_go2_ws/install/go2_perception/share/go2_perception/hook/ld_library_path_lib.sh'
[2.319s] Level 1:colcon.colcon_core.environment:checking '/home/ayi/unitree_go2_ws/install/go2_perception/bin'
[2.319s] Level 1:colcon.colcon_core.environment:checking '/home/ayi/unitree_go2_ws/install/go2_perception/lib/pkgconfig/go2_perception.pc'
[2.319s] Level 1:colcon.colcon_core.environment:checking '/home/ayi/unitree_go2_ws/install/go2_perception/lib/python3.10/site-packages'
[2.319s] Level 1:colcon.colcon_core.environment:checking '/home/ayi/unitree_go2_ws/install/go2_perception/bin'
[2.319s] INFO:colcon.colcon_core.shell:Creating package script '/home/ayi/unitree_go2_ws/install/go2_perception/share/go2_perception/package.ps1'
[2.320s] INFO:colcon.colcon_core.shell:Creating package descriptor '/home/ayi/unitree_go2_ws/install/go2_perception/share/go2_perception/package.dsv'
[2.320s] INFO:colcon.colcon_core.shell:Creating package script '/home/ayi/unitree_go2_ws/install/go2_perception/share/go2_perception/package.sh'
[2.320s] INFO:colcon.colcon_core.shell:Creating package script '/home/ayi/unitree_go2_ws/install/go2_perception/share/go2_perception/package.bash'
[2.444s] INFO:colcon.colcon_core.shell:Creating package script '/home/ayi/unitree_go2_ws/install/go2_perception/share/go2_perception/package.zsh'
[2.444s] Level 1:colcon.colcon_core.environment:create_file_with_runtime_dependencies(/home/ayi/unitree_go2_ws/install/go2_perception/share/colcon-core/packages/go2_perception)
[2.445s] Level 1:colcon.colcon_core.environment:create_environment_scripts_only(go2_perception)
[2.445s] Level 1:colcon.colcon_core.environment:checking '/home/ayi/unitree_go2_ws/install/go2_perception' for CMake module files
[2.445s] Level 1:colcon.colcon_core.environment:checking '/home/ayi/unitree_go2_ws/install/go2_perception' for CMake config files
[2.450s] Level 1:colcon.colcon_core.shell:create_environment_hook('go2_perception', 'cmake_prefix_path')
[2.451s] INFO:colcon.colcon_core.shell:Creating environment hook '/home/ayi/unitree_go2_ws/install/go2_perception/share/go2_perception/hook/cmake_prefix_path.ps1'
[2.451s] INFO:colcon.colcon_core.shell:Creating environment descriptor '/home/ayi/unitree_go2_ws/install/go2_perception/share/go2_perception/hook/cmake_prefix_path.dsv'
[2.454s] INFO:colcon.colcon_core.shell:Creating environment hook '/home/ayi/unitree_go2_ws/install/go2_perception/share/go2_perception/hook/cmake_prefix_path.sh'
[2.458s] Level 1:colcon.colcon_core.environment:checking '/home/ayi/unitree_go2_ws/install/go2_perception/lib'
[2.458s] Level 1:colcon.colcon_core.shell:create_environment_hook('go2_perception', 'ld_library_path_lib')
[2.458s] INFO:colcon.colcon_core.shell:Creating environment hook '/home/ayi/unitree_go2_ws/install/go2_perception/share/go2_perception/hook/ld_library_path_lib.ps1'
[2.460s] INFO:colcon.colcon_core.shell:Creating environment descriptor '/home/ayi/unitree_go2_ws/install/go2_perception/share/go2_perception/hook/ld_library_path_lib.dsv'
[2.462s] INFO:colcon.colcon_core.shell:Creating environment hook '/home/ayi/unitree_go2_ws/install/go2_perception/share/go2_perception/hook/ld_library_path_lib.sh'
[2.462s] Level 1:colcon.colcon_core.environment:checking '/home/ayi/unitree_go2_ws/install/go2_perception/bin'
[2.466s] Level 1:colcon.colcon_core.environment:checking '/home/ayi/unitree_go2_ws/install/go2_perception/lib/pkgconfig/go2_perception.pc'
[2.466s] Level 1:colcon.colcon_core.environment:checking '/home/ayi/unitree_go2_ws/install/go2_perception/lib/python3.10/site-packages'
[2.466s] Level 1:colcon.colcon_core.environment:checking '/home/ayi/unitree_go2_ws/install/go2_perception/bin'
[2.467s] INFO:colcon.colcon_core.shell:Creating package script '/home/ayi/unitree_go2_ws/install/go2_perception/share/go2_perception/package.ps1'
[2.467s] INFO:colcon.colcon_core.shell:Creating package descriptor '/home/ayi/unitree_go2_ws/install/go2_perception/share/go2_perception/package.dsv'
[2.471s] INFO:colcon.colcon_core.shell:Creating package script '/home/ayi/unitree_go2_ws/install/go2_perception/share/go2_perception/package.sh'
[2.475s] INFO:colcon.colcon_core.shell:Creating package script '/home/ayi/unitree_go2_ws/install/go2_perception/share/go2_perception/package.bash'
[2.476s] INFO:colcon.colcon_core.shell:Creating package script '/home/ayi/unitree_go2_ws/install/go2_perception/share/go2_perception/package.zsh'
[2.480s] Level 1:colcon.colcon_core.environment:create_file_with_runtime_dependencies(/home/ayi/unitree_go2_ws/install/go2_perception/share/colcon-core/packages/go2_perception)
[2.484s] INFO:colcon.colcon_ros.task.ament_cmake.build:Building ROS package in '/home/ayi/unitree_go2_ws/src/go2_slam' with build type 'ament_cmake'
[2.484s] INFO:colcon.colcon_cmake.task.cmake.build:Building CMake package in '/home/ayi/unitree_go2_ws/src/go2_slam'
[2.484s] INFO:colcon.colcon_core.shell:Skip shell extension 'powershell' for command environment: Not usable outside of PowerShell
[2.484s] DEBUG:colcon.colcon_core.shell:Skip shell extension 'dsv' for command environment
[2.536s] DEBUG:colcon.colcon_core.event_handler.log_command:Invoking command in '/home/ayi/unitree_go2_ws/build/go2_slam': CMAKE_PREFIX_PATH=${CMAKE_PREFIX_PATH}:/home/ayi/unitree_go2_ws/install/go2_twist_bridge_py:/home/ayi/unitree_go2_ws/install/go2_navigation:/home/ayi/unitree_go2_ws/install/go2_driver_py:/home/ayi/unitree_go2_ws/install/go2_core:/home/ayi/dev_ws/install/learning_urdf:/home/ayi/dev_ws/install/learning_topic:/home/ayi/dev_ws/install/learning_tf:/home/ayi/dev_ws/install/learning_service:/home/ayi/dev_ws/install/learning_qos:/home/ayi/dev_ws/install/learning_pkg_python:/home/ayi/dev_ws/install/learning_parameter:/home/ayi/dev_ws/install/learning_node:/home/ayi/dev_ws/install/learning_launch:/home/ayi/dev_ws/install/learning_action:/home/ayi/dev_ws/install/learning_gazebo_harmonic:/home/ayi/dev_ws/install/learning_gazebo:/home/ayi/dev_ws/install/learning_cv:/opt/ros/humble /usr/bin/cmake --build /home/ayi/unitree_go2_ws/build/go2_slam -- -j2 -l2
[2.681s] DEBUG:colcon.colcon_core.event_handler.log_command:Invoked command in '/home/ayi/unitree_go2_ws/build/go2_slam' returned '0': CMAKE_PREFIX_PATH=${CMAKE_PREFIX_PATH}:/home/ayi/unitree_go2_ws/install/go2_twist_bridge_py:/home/ayi/unitree_go2_ws/install/go2_navigation:/home/ayi/unitree_go2_ws/install/go2_driver_py:/home/ayi/unitree_go2_ws/install/go2_core:/home/ayi/dev_ws/install/learning_urdf:/home/ayi/dev_ws/install/learning_topic:/home/ayi/dev_ws/install/learning_tf:/home/ayi/dev_ws/install/learning_service:/home/ayi/dev_ws/install/learning_qos:/home/ayi/dev_ws/install/learning_pkg_python:/home/ayi/dev_ws/install/learning_parameter:/home/ayi/dev_ws/install/learning_node:/home/ayi/dev_ws/install/learning_launch:/home/ayi/dev_ws/install/learning_action:/home/ayi/dev_ws/install/learning_gazebo_harmonic:/home/ayi/dev_ws/install/learning_gazebo:/home/ayi/dev_ws/install/learning_cv:/opt/ros/humble /usr/bin/cmake --build /home/ayi/unitree_go2_ws/build/go2_slam -- -j2 -l2
[2.681s] DEBUG:colcon.colcon_core.event_handler.log_command:Invoking command in '/home/ayi/unitree_go2_ws/build/go2_slam': CMAKE_PREFIX_PATH=${CMAKE_PREFIX_PATH}:/home/ayi/unitree_go2_ws/install/go2_twist_bridge_py:/home/ayi/unitree_go2_ws/install/go2_navigation:/home/ayi/unitree_go2_ws/install/go2_driver_py:/home/ayi/unitree_go2_ws/install/go2_core:/home/ayi/dev_ws/install/learning_urdf:/home/ayi/dev_ws/install/learning_topic:/home/ayi/dev_ws/install/learning_tf:/home/ayi/dev_ws/install/learning_service:/home/ayi/dev_ws/install/learning_qos:/home/ayi/dev_ws/install/learning_pkg_python:/home/ayi/dev_ws/install/learning_parameter:/home/ayi/dev_ws/install/learning_node:/home/ayi/dev_ws/install/learning_launch:/home/ayi/dev_ws/install/learning_action:/home/ayi/dev_ws/install/learning_gazebo_harmonic:/home/ayi/dev_ws/install/learning_gazebo:/home/ayi/dev_ws/install/learning_cv:/opt/ros/humble /usr/bin/cmake --install /home/ayi/unitree_go2_ws/build/go2_slam
[2.699s] Level 1:colcon.colcon_core.environment:create_environment_scripts_only(go2_slam)
[2.699s] Level 1:colcon.colcon_core.environment:checking '/home/ayi/unitree_go2_ws/install/go2_slam' for CMake module files
[2.699s] Level 1:colcon.colcon_core.environment:checking '/home/ayi/unitree_go2_ws/install/go2_slam' for CMake config files
[2.701s] DEBUG:colcon.colcon_core.event_handler.log_command:Invoked command in '/home/ayi/unitree_go2_ws/build/go2_slam' returned '0': CMAKE_PREFIX_PATH=${CMAKE_PREFIX_PATH}:/home/ayi/unitree_go2_ws/install/go2_twist_bridge_py:/home/ayi/unitree_go2_ws/install/go2_navigation:/home/ayi/unitree_go2_ws/install/go2_driver_py:/home/ayi/unitree_go2_ws/install/go2_core:/home/ayi/dev_ws/install/learning_urdf:/home/ayi/dev_ws/install/learning_topic:/home/ayi/dev_ws/install/learning_tf:/home/ayi/dev_ws/install/learning_service:/home/ayi/dev_ws/install/learning_qos:/home/ayi/dev_ws/install/learning_pkg_python:/home/ayi/dev_ws/install/learning_parameter:/home/ayi/dev_ws/install/learning_node:/home/ayi/dev_ws/install/learning_launch:/home/ayi/dev_ws/install/learning_action:/home/ayi/dev_ws/install/learning_gazebo_harmonic:/home/ayi/dev_ws/install/learning_gazebo:/home/ayi/dev_ws/install/learning_cv:/opt/ros/humble /usr/bin/cmake --install /home/ayi/unitree_go2_ws/build/go2_slam
[2.701s] Level 1:colcon.colcon_core.shell:create_environment_hook('go2_slam', 'cmake_prefix_path')
[2.701s] INFO:colcon.colcon_core.shell:Creating environment hook '/home/ayi/unitree_go2_ws/install/go2_slam/share/go2_slam/hook/cmake_prefix_path.ps1'
[2.705s] INFO:colcon.colcon_core.shell:Creating environment descriptor '/home/ayi/unitree_go2_ws/install/go2_slam/share/go2_slam/hook/cmake_prefix_path.dsv'
[2.706s] INFO:colcon.colcon_core.shell:Creating environment hook '/home/ayi/unitree_go2_ws/install/go2_slam/share/go2_slam/hook/cmake_prefix_path.sh'
[2.707s] Level 1:colcon.colcon_core.environment:checking '/home/ayi/unitree_go2_ws/install/go2_slam/bin'
[2.707s] Level 1:colcon.colcon_core.environment:checking '/home/ayi/unitree_go2_ws/install/go2_slam/lib/pkgconfig/go2_slam.pc'
[2.707s] Level 1:colcon.colcon_core.environment:checking '/home/ayi/unitree_go2_ws/install/go2_slam/lib/python3.10/site-packages'
[2.707s] Level 1:colcon.colcon_core.environment:checking '/home/ayi/unitree_go2_ws/install/go2_slam/bin'
[2.710s] INFO:colcon.colcon_core.shell:Creating package script '/home/ayi/unitree_go2_ws/install/go2_slam/share/go2_slam/package.ps1'
[2.710s] INFO:colcon.colcon_core.shell:Creating package descriptor '/home/ayi/unitree_go2_ws/install/go2_slam/share/go2_slam/package.dsv'
[2.717s] INFO:colcon.colcon_core.shell:Creating package script '/home/ayi/unitree_go2_ws/install/go2_slam/share/go2_slam/package.sh'
[2.718s] INFO:colcon.colcon_core.shell:Creating package script '/home/ayi/unitree_go2_ws/install/go2_slam/share/go2_slam/package.bash'
[2.718s] INFO:colcon.colcon_core.shell:Creating package script '/home/ayi/unitree_go2_ws/install/go2_slam/share/go2_slam/package.zsh'
[2.719s] Level 1:colcon.colcon_core.environment:create_file_with_runtime_dependencies(/home/ayi/unitree_go2_ws/install/go2_slam/share/colcon-core/packages/go2_slam)
[2.721s] Level 1:colcon.colcon_core.environment:create_environment_scripts_only(go2_slam)
[2.722s] Level 1:colcon.colcon_core.environment:checking '/home/ayi/unitree_go2_ws/install/go2_slam' for CMake module files
[2.722s] Level 1:colcon.colcon_core.environment:checking '/home/ayi/unitree_go2_ws/install/go2_slam' for CMake config files
[2.722s] Level 1:colcon.colcon_core.shell:create_environment_hook('go2_slam', 'cmake_prefix_path')
[2.723s] INFO:colcon.colcon_core.shell:Creating environment hook '/home/ayi/unitree_go2_ws/install/go2_slam/share/go2_slam/hook/cmake_prefix_path.ps1'
[2.724s] INFO:colcon.colcon_core.shell:Creating environment descriptor '/home/ayi/unitree_go2_ws/install/go2_slam/share/go2_slam/hook/cmake_prefix_path.dsv'
[2.725s] INFO:colcon.colcon_core.shell:Creating environment hook '/home/ayi/unitree_go2_ws/install/go2_slam/share/go2_slam/hook/cmake_prefix_path.sh'
[2.726s] Level 1:colcon.colcon_core.environment:checking '/home/ayi/unitree_go2_ws/install/go2_slam/bin'
[2.726s] Level 1:colcon.colcon_core.environment:checking '/home/ayi/unitree_go2_ws/install/go2_slam/lib/pkgconfig/go2_slam.pc'
[2.726s] Level 1:colcon.colcon_core.environment:checking '/home/ayi/unitree_go2_ws/install/go2_slam/lib/python3.10/site-packages'
[2.726s] Level 1:colcon.colcon_core.environment:checking '/home/ayi/unitree_go2_ws/install/go2_slam/bin'
[2.726s] INFO:colcon.colcon_core.shell:Creating package script '/home/ayi/unitree_go2_ws/install/go2_slam/share/go2_slam/package.ps1'
[2.728s] INFO:colcon.colcon_core.shell:Creating package descriptor '/home/ayi/unitree_go2_ws/install/go2_slam/share/go2_slam/package.dsv'
[2.728s] INFO:colcon.colcon_core.shell:Creating package script '/home/ayi/unitree_go2_ws/install/go2_slam/share/go2_slam/package.sh'
[2.730s] INFO:colcon.colcon_core.shell:Creating package script '/home/ayi/unitree_go2_ws/install/go2_slam/share/go2_slam/package.bash'
[2.730s] INFO:colcon.colcon_core.shell:Creating package script '/home/ayi/unitree_go2_ws/install/go2_slam/share/go2_slam/package.zsh'
[2.732s] Level 1:colcon.colcon_core.environment:create_file_with_runtime_dependencies(/home/ayi/unitree_go2_ws/install/go2_slam/share/colcon-core/packages/go2_slam)
[2.735s] INFO:colcon.colcon_ros.task.ament_cmake.build:Building ROS package in '/home/ayi/unitree_go2_ws/src/base/go2_twist_bridge' with build type 'ament_cmake'
[2.735s] INFO:colcon.colcon_cmake.task.cmake.build:Building CMake package in '/home/ayi/unitree_go2_ws/src/base/go2_twist_bridge'
[2.735s] INFO:colcon.colcon_core.shell:Skip shell extension 'powershell' for command environment: Not usable outside of PowerShell
[2.735s] DEBUG:colcon.colcon_core.shell:Skip shell extension 'dsv' for command environment
[2.763s] DEBUG:colcon.colcon_core.event_handler.log_command:Invoking command in '/home/ayi/unitree_go2_ws/build/go2_twist_bridge': CMAKE_PREFIX_PATH=${CMAKE_PREFIX_PATH}:/home/ayi/unitree_go2_ws/install/go2_twist_bridge_py:/home/ayi/unitree_go2_ws/install/go2_navigation:/home/ayi/unitree_go2_ws/install/go2_driver_py:/home/ayi/unitree_go2_ws/install/go2_core:/home/ayi/dev_ws/install/learning_urdf:/home/ayi/dev_ws/install/learning_topic:/home/ayi/dev_ws/install/learning_tf:/home/ayi/dev_ws/install/learning_service:/home/ayi/dev_ws/install/learning_qos:/home/ayi/dev_ws/install/learning_pkg_python:/home/ayi/dev_ws/install/learning_parameter:/home/ayi/dev_ws/install/learning_node:/home/ayi/dev_ws/install/learning_launch:/home/ayi/dev_ws/install/learning_action:/home/ayi/dev_ws/install/learning_gazebo_harmonic:/home/ayi/dev_ws/install/learning_gazebo:/home/ayi/dev_ws/install/learning_cv:/opt/ros/humble /usr/bin/cmake --build /home/ayi/unitree_go2_ws/build/go2_twist_bridge -- -j2 -l2
[2.898s] DEBUG:colcon.colcon_core.event_handler.log_command:Invoking command in '/home/ayi/unitree_go2_ws/src/go2_navigation': PYTHONPATH=/home/ayi/unitree_go2_ws/build/go2_navigation/prefix_override:/usr/lib/python3/dist-packages/colcon_core/task/python/colcon_distutils_commands:/home/ayi/unitree_go2_ws/install/go2_navigation/lib/python3.10/site-packages:${PYTHONPATH} /usr/bin/python3 -W ignore:setup.py install is deprecated -W ignore:easy_install command is deprecated setup.py egg_info --egg-base ../../build/go2_navigation build --build-base /home/ayi/unitree_go2_ws/build/go2_navigation/build install --record /home/ayi/unitree_go2_ws/build/go2_navigation/install.log --single-version-externally-managed install_data
[2.963s] DEBUG:colcon.colcon_core.event_handler.log_command:Invoked command in '/home/ayi/unitree_go2_ws/build/go2_twist_bridge' returned '0': CMAKE_PREFIX_PATH=${CMAKE_PREFIX_PATH}:/home/ayi/unitree_go2_ws/install/go2_twist_bridge_py:/home/ayi/unitree_go2_ws/install/go2_navigation:/home/ayi/unitree_go2_ws/install/go2_driver_py:/home/ayi/unitree_go2_ws/install/go2_core:/home/ayi/dev_ws/install/learning_urdf:/home/ayi/dev_ws/install/learning_topic:/home/ayi/dev_ws/install/learning_tf:/home/ayi/dev_ws/install/learning_service:/home/ayi/dev_ws/install/learning_qos:/home/ayi/dev_ws/install/learning_pkg_python:/home/ayi/dev_ws/install/learning_parameter:/home/ayi/dev_ws/install/learning_node:/home/ayi/dev_ws/install/learning_launch:/home/ayi/dev_ws/install/learning_action:/home/ayi/dev_ws/install/learning_gazebo_harmonic:/home/ayi/dev_ws/install/learning_gazebo:/home/ayi/dev_ws/install/learning_cv:/opt/ros/humble /usr/bin/cmake --build /home/ayi/unitree_go2_ws/build/go2_twist_bridge -- -j2 -l2
[2.963s] DEBUG:colcon.colcon_core.event_handler.log_command:Invoking command in '/home/ayi/unitree_go2_ws/build/go2_twist_bridge': CMAKE_PREFIX_PATH=${CMAKE_PREFIX_PATH}:/home/ayi/unitree_go2_ws/install/go2_twist_bridge_py:/home/ayi/unitree_go2_ws/install/go2_navigation:/home/ayi/unitree_go2_ws/install/go2_driver_py:/home/ayi/unitree_go2_ws/install/go2_core:/home/ayi/dev_ws/install/learning_urdf:/home/ayi/dev_ws/install/learning_topic:/home/ayi/dev_ws/install/learning_tf:/home/ayi/dev_ws/install/learning_service:/home/ayi/dev_ws/install/learning_qos:/home/ayi/dev_ws/install/learning_pkg_python:/home/ayi/dev_ws/install/learning_parameter:/home/ayi/dev_ws/install/learning_node:/home/ayi/dev_ws/install/learning_launch:/home/ayi/dev_ws/install/learning_action:/home/ayi/dev_ws/install/learning_gazebo_harmonic:/home/ayi/dev_ws/install/learning_gazebo:/home/ayi/dev_ws/install/learning_cv:/opt/ros/humble /usr/bin/cmake --install /home/ayi/unitree_go2_ws/build/go2_twist_bridge
[2.997s] Level 1:colcon.colcon_core.environment:create_environment_scripts_only(go2_twist_bridge)
[2.997s] Level 1:colcon.colcon_core.environment:checking '/home/ayi/unitree_go2_ws/install/go2_twist_bridge' for CMake module files
[2.997s] Level 1:colcon.colcon_core.environment:checking '/home/ayi/unitree_go2_ws/install/go2_twist_bridge' for CMake config files
[2.997s] Level 1:colcon.colcon_core.shell:create_environment_hook('go2_twist_bridge', 'cmake_prefix_path')
[2.999s] INFO:colcon.colcon_core.shell:Creating environment hook '/home/ayi/unitree_go2_ws/install/go2_twist_bridge/share/go2_twist_bridge/hook/cmake_prefix_path.ps1'
[2.999s] DEBUG:colcon.colcon_core.event_handler.log_command:Invoked command in '/home/ayi/unitree_go2_ws/build/go2_twist_bridge' returned '0': CMAKE_PREFIX_PATH=${CMAKE_PREFIX_PATH}:/home/ayi/unitree_go2_ws/install/go2_twist_bridge_py:/home/ayi/unitree_go2_ws/install/go2_navigation:/home/ayi/unitree_go2_ws/install/go2_driver_py:/home/ayi/unitree_go2_ws/install/go2_core:/home/ayi/dev_ws/install/learning_urdf:/home/ayi/dev_ws/install/learning_topic:/home/ayi/dev_ws/install/learning_tf:/home/ayi/dev_ws/install/learning_service:/home/ayi/dev_ws/install/learning_qos:/home/ayi/dev_ws/install/learning_pkg_python:/home/ayi/dev_ws/install/learning_parameter:/home/ayi/dev_ws/install/learning_node:/home/ayi/dev_ws/install/learning_launch:/home/ayi/dev_ws/install/learning_action:/home/ayi/dev_ws/install/learning_gazebo_harmonic:/home/ayi/dev_ws/install/learning_gazebo:/home/ayi/dev_ws/install/learning_cv:/opt/ros/humble /usr/bin/cmake --install /home/ayi/unitree_go2_ws/build/go2_twist_bridge
[3.000s] INFO:colcon.colcon_core.shell:Creating environment descriptor '/home/ayi/unitree_go2_ws/install/go2_twist_bridge/share/go2_twist_bridge/hook/cmake_prefix_path.dsv'
[3.000s] INFO:colcon.colcon_core.shell:Creating environment hook '/home/ayi/unitree_go2_ws/install/go2_twist_bridge/share/go2_twist_bridge/hook/cmake_prefix_path.sh'
[3.001s] Level 1:colcon.colcon_core.environment:checking '/home/ayi/unitree_go2_ws/install/go2_twist_bridge/lib'
[3.001s] Level 1:colcon.colcon_core.environment:checking '/home/ayi/unitree_go2_ws/install/go2_twist_bridge/bin'
[3.001s] Level 1:colcon.colcon_core.environment:checking '/home/ayi/unitree_go2_ws/install/go2_twist_bridge/lib/pkgconfig/go2_twist_bridge.pc'
[3.001s] Level 1:colcon.colcon_core.environment:checking '/home/ayi/unitree_go2_ws/install/go2_twist_bridge/lib/python3.10/site-packages'
[3.001s] Level 1:colcon.colcon_core.environment:checking '/home/ayi/unitree_go2_ws/install/go2_twist_bridge/bin'
[3.001s] INFO:colcon.colcon_core.shell:Creating package script '/home/ayi/unitree_go2_ws/install/go2_twist_bridge/share/go2_twist_bridge/package.ps1'
[3.005s] INFO:colcon.colcon_core.shell:Creating package descriptor '/home/ayi/unitree_go2_ws/install/go2_twist_bridge/share/go2_twist_bridge/package.dsv'
[3.007s] INFO:colcon.colcon_core.shell:Creating package script '/home/ayi/unitree_go2_ws/install/go2_twist_bridge/share/go2_twist_bridge/package.sh'
[3.007s] INFO:colcon.colcon_core.shell:Creating package script '/home/ayi/unitree_go2_ws/install/go2_twist_bridge/share/go2_twist_bridge/package.bash'
[3.009s] INFO:colcon.colcon_core.shell:Creating package script '/home/ayi/unitree_go2_ws/install/go2_twist_bridge/share/go2_twist_bridge/package.zsh'
[3.009s] Level 1:colcon.colcon_core.environment:create_file_with_runtime_dependencies(/home/ayi/unitree_go2_ws/install/go2_twist_bridge/share/colcon-core/packages/go2_twist_bridge)
[3.012s] Level 1:colcon.colcon_core.environment:create_environment_scripts_only(go2_twist_bridge)
[3.012s] Level 1:colcon.colcon_core.environment:checking '/home/ayi/unitree_go2_ws/install/go2_twist_bridge' for CMake module files
[3.013s] Level 1:colcon.colcon_core.environment:checking '/home/ayi/unitree_go2_ws/install/go2_twist_bridge' for CMake config files
[3.013s] Level 1:colcon.colcon_core.shell:create_environment_hook('go2_twist_bridge', 'cmake_prefix_path')
[3.013s] INFO:colcon.colcon_core.shell:Creating environment hook '/home/ayi/unitree_go2_ws/install/go2_twist_bridge/share/go2_twist_bridge/hook/cmake_prefix_path.ps1'
[3.013s] INFO:colcon.colcon_core.shell:Creating environment descriptor '/home/ayi/unitree_go2_ws/install/go2_twist_bridge/share/go2_twist_bridge/hook/cmake_prefix_path.dsv'
[3.013s] INFO:colcon.colcon_core.shell:Creating environment hook '/home/ayi/unitree_go2_ws/install/go2_twist_bridge/share/go2_twist_bridge/hook/cmake_prefix_path.sh'
[3.014s] Level 1:colcon.colcon_core.environment:checking '/home/ayi/unitree_go2_ws/install/go2_twist_bridge/lib'
[3.014s] Level 1:colcon.colcon_core.environment:checking '/home/ayi/unitree_go2_ws/install/go2_twist_bridge/bin'
[3.014s] Level 1:colcon.colcon_core.environment:checking '/home/ayi/unitree_go2_ws/install/go2_twist_bridge/lib/pkgconfig/go2_twist_bridge.pc'
[3.019s] Level 1:colcon.colcon_core.environment:checking '/home/ayi/unitree_go2_ws/install/go2_twist_bridge/lib/python3.10/site-packages'
[3.019s] Level 1:colcon.colcon_core.environment:checking '/home/ayi/unitree_go2_ws/install/go2_twist_bridge/bin'
[3.019s] INFO:colcon.colcon_core.shell:Creating package script '/home/ayi/unitree_go2_ws/install/go2_twist_bridge/share/go2_twist_bridge/package.ps1'
[3.022s] INFO:colcon.colcon_core.shell:Creating package descriptor '/home/ayi/unitree_go2_ws/install/go2_twist_bridge/share/go2_twist_bridge/package.dsv'
[3.023s] INFO:colcon.colcon_core.shell:Creating package script '/home/ayi/unitree_go2_ws/install/go2_twist_bridge/share/go2_twist_bridge/package.sh'
[3.026s] INFO:colcon.colcon_core.shell:Creating package script '/home/ayi/unitree_go2_ws/install/go2_twist_bridge/share/go2_twist_bridge/package.bash'
[3.026s] INFO:colcon.colcon_core.shell:Creating package script '/home/ayi/unitree_go2_ws/install/go2_twist_bridge/share/go2_twist_bridge/package.zsh'
[3.027s] Level 1:colcon.colcon_core.environment:create_file_with_runtime_dependencies(/home/ayi/unitree_go2_ws/install/go2_twist_bridge/share/colcon-core/packages/go2_twist_bridge)
[3.267s] Level 1:colcon.colcon_core.environment:checking '/home/ayi/unitree_go2_ws/install/go2_navigation' for CMake module files
[3.267s] Level 1:colcon.colcon_core.environment:checking '/home/ayi/unitree_go2_ws/install/go2_navigation' for CMake config files
[3.268s] DEBUG:colcon.colcon_core.event_handler.log_command:Invoked command in '/home/ayi/unitree_go2_ws/src/go2_navigation' returned '0': PYTHONPATH=/home/ayi/unitree_go2_ws/build/go2_navigation/prefix_override:/usr/lib/python3/dist-packages/colcon_core/task/python/colcon_distutils_commands:/home/ayi/unitree_go2_ws/install/go2_navigation/lib/python3.10/site-packages:${PYTHONPATH} /usr/bin/python3 -W ignore:setup.py install is deprecated -W ignore:easy_install command is deprecated setup.py egg_info --egg-base ../../build/go2_navigation build --build-base /home/ayi/unitree_go2_ws/build/go2_navigation/build install --record /home/ayi/unitree_go2_ws/build/go2_navigation/install.log --single-version-externally-managed install_data
[3.269s] Level 1:colcon.colcon_core.environment:checking '/home/ayi/unitree_go2_ws/install/go2_navigation/lib'
[3.269s] Level 1:colcon.colcon_core.environment:checking '/home/ayi/unitree_go2_ws/install/go2_navigation/bin'
[3.270s] Level 1:colcon.colcon_core.environment:checking '/home/ayi/unitree_go2_ws/install/go2_navigation/lib/pkgconfig/go2_navigation.pc'
[3.270s] Level 1:colcon.colcon_core.environment:checking '/home/ayi/unitree_go2_ws/install/go2_navigation/lib/python3.10/site-packages'
[3.270s] Level 1:colcon.colcon_core.shell:create_environment_hook('go2_navigation', 'pythonpath')
[3.270s] INFO:colcon.colcon_core.shell:Creating environment hook '/home/ayi/unitree_go2_ws/install/go2_navigation/share/go2_navigation/hook/pythonpath.ps1'
[3.270s] INFO:colcon.colcon_core.shell:Creating environment descriptor '/home/ayi/unitree_go2_ws/install/go2_navigation/share/go2_navigation/hook/pythonpath.dsv'
[3.275s] INFO:colcon.colcon_core.shell:Creating environment hook '/home/ayi/unitree_go2_ws/install/go2_navigation/share/go2_navigation/hook/pythonpath.sh'
[3.275s] Level 1:colcon.colcon_core.environment:checking '/home/ayi/unitree_go2_ws/install/go2_navigation/bin'
[3.275s] Level 1:colcon.colcon_core.environment:create_environment_scripts_only(go2_navigation)
[3.275s] INFO:colcon.colcon_core.shell:Creating package script '/home/ayi/unitree_go2_ws/install/go2_navigation/share/go2_navigation/package.ps1'
[3.276s] INFO:colcon.colcon_core.shell:Creating package descriptor '/home/ayi/unitree_go2_ws/install/go2_navigation/share/go2_navigation/package.dsv'
[3.276s] INFO:colcon.colcon_core.shell:Creating package script '/home/ayi/unitree_go2_ws/install/go2_navigation/share/go2_navigation/package.sh'
[3.277s] INFO:colcon.colcon_core.shell:Creating package script '/home/ayi/unitree_go2_ws/install/go2_navigation/share/go2_navigation/package.bash'
[3.277s] INFO:colcon.colcon_core.shell:Creating package script '/home/ayi/unitree_go2_ws/install/go2_navigation/share/go2_navigation/package.zsh'
[3.278s] Level 1:colcon.colcon_core.environment:create_file_with_runtime_dependencies(/home/ayi/unitree_go2_ws/install/go2_navigation/share/colcon-core/packages/go2_navigation)
[3.278s] DEBUG:colcon.colcon_parallel_executor.executor.parallel:closing loop
[3.280s] DEBUG:colcon.colcon_parallel_executor.executor.parallel:loop closed
[3.281s] DEBUG:colcon.colcon_parallel_executor.executor.parallel:run_until_complete finished with '0'
[3.281s] DEBUG:colcon.colcon_core.event_reactor:joining thread
[3.288s] INFO:colcon.colcon_core.plugin_system:Skipping extension 'colcon_notification.desktop_notification.terminal_notifier': Not used on non-Darwin systems
[3.289s] INFO:colcon.colcon_core.plugin_system:Skipping extension 'colcon_notification.desktop_notification.win32': Not used on non-Windows systems
[3.289s] INFO:colcon.colcon_notification.desktop_notification:Sending desktop notification using 'notify2'
[3.311s] DEBUG:colcon.colcon_core.event_reactor:joined thread
[3.311s] INFO:colcon.colcon_core.shell:Creating prefix script '/home/ayi/unitree_go2_ws/install/local_setup.ps1'
[3.312s] INFO:colcon.colcon_core.shell:Creating prefix util module '/home/ayi/unitree_go2_ws/install/_local_setup_util_ps1.py'
[3.313s] INFO:colcon.colcon_core.shell:Creating prefix chain script '/home/ayi/unitree_go2_ws/install/setup.ps1'
[3.314s] INFO:colcon.colcon_core.shell:Creating prefix script '/home/ayi/unitree_go2_ws/install/local_setup.sh'
[3.316s] INFO:colcon.colcon_core.shell:Creating prefix util module '/home/ayi/unitree_go2_ws/install/_local_setup_util_sh.py'
[3.317s] INFO:colcon.colcon_core.shell:Creating prefix chain script '/home/ayi/unitree_go2_ws/install/setup.sh'
[3.321s] INFO:colcon.colcon_core.shell:Creating prefix script '/home/ayi/unitree_go2_ws/install/local_setup.bash'
[3.323s] INFO:colcon.colcon_core.shell:Creating prefix chain script '/home/ayi/unitree_go2_ws/install/setup.bash'
[3.326s] INFO:colcon.colcon_core.shell:Creating prefix script '/home/ayi/unitree_go2_ws/install/local_setup.zsh'
[3.326s] INFO:colcon.colcon_core.shell:Creating prefix chain script '/home/ayi/unitree_go2_ws/install/setup.zsh'
