[3.651s] Invoking command in '/home/ayi/unitree_go2_ws/src/base/go2_core': PYTHONPATH=/home/ayi/unitree_go2_ws/build/go2_core/prefix_override:/usr/lib/python3/dist-packages/colcon_core/task/python/colcon_distutils_commands:/home/ayi/unitree_go2_ws/install/go2_core/lib/python3.10/site-packages:${PYTHONPATH} /usr/bin/python3 -W ignore:setup.py install is deprecated -W ignore:easy_install command is deprecated setup.py egg_info --egg-base ../../../build/go2_core build --build-base /home/ayi/unitree_go2_ws/build/go2_core/build install --record /home/ayi/unitree_go2_ws/build/go2_core/install.log --single-version-externally-managed install_data
[5.394s] running egg_info
[5.394s] writing ../../../build/go2_core/go2_core.egg-info/PKG-INFO
[5.396s] writing dependency_links to ../../../build/go2_core/go2_core.egg-info/dependency_links.txt
[5.398s] writing entry points to ../../../build/go2_core/go2_core.egg-info/entry_points.txt
[5.407s] writing requirements to ../../../build/go2_core/go2_core.egg-info/requires.txt
[5.407s] writing top-level names to ../../../build/go2_core/go2_core.egg-info/top_level.txt
[5.418s] reading manifest file '../../../build/go2_core/go2_core.egg-info/SOURCES.txt'
[5.421s] writing manifest file '../../../build/go2_core/go2_core.egg-info/SOURCES.txt'
[5.425s] running build
[5.426s] running build_py
[5.430s] running install
[5.430s] running install_lib
[5.442s] running install_data
[5.448s] running install_egg_info
[5.470s] removing '/home/ayi/unitree_go2_ws/install/go2_core/lib/python3.10/site-packages/go2_core-0.0.0-py3.10.egg-info' (and everything under it)
[5.470s] Copying ../../../build/go2_core/go2_core.egg-info to /home/ayi/unitree_go2_ws/install/go2_core/lib/python3.10/site-packages/go2_core-0.0.0-py3.10.egg-info
[5.471s] running install_scripts
[5.605s] writing list of installed files to '/home/ayi/unitree_go2_ws/build/go2_core/install.log'
[6.443s] Invoked command in '/home/ayi/unitree_go2_ws/src/base/go2_core' returned '0': PYTHONPATH=/home/ayi/unitree_go2_ws/build/go2_core/prefix_override:/usr/lib/python3/dist-packages/colcon_core/task/python/colcon_distutils_commands:/home/ayi/unitree_go2_ws/install/go2_core/lib/python3.10/site-packages:${PYTHONPATH} /usr/bin/python3 -W ignore:setup.py install is deprecated -W ignore:easy_install command is deprecated setup.py egg_info --egg-base ../../../build/go2_core build --build-base /home/ayi/unitree_go2_ws/build/go2_core/build install --record /home/ayi/unitree_go2_ws/build/go2_core/install.log --single-version-externally-managed install_data
