running egg_info
creating ../../build/unitree_sdk2py/unitree_sdk2py.egg-info
writing ../../build/unitree_sdk2py/unitree_sdk2py.egg-info/PKG-INFO
writing dependency_links to ../../build/unitree_sdk2py/unitree_sdk2py.egg-info/dependency_links.txt
writing requirements to ../../build/unitree_sdk2py/unitree_sdk2py.egg-info/requires.txt
writing top-level names to ../../build/unitree_sdk2py/unitree_sdk2py.egg-info/top_level.txt
writing manifest file '../../build/unitree_sdk2py/unitree_sdk2py.egg-info/SOURCES.txt'
reading manifest file '../../build/unitree_sdk2py/unitree_sdk2py.egg-info/SOURCES.txt'
adding license file 'LICENSE'
writing manifest file '../../build/unitree_sdk2py/unitree_sdk2py.egg-info/SOURCES.txt'
running build
running build_py
creating /home/ayi/unitree_go2_ws/build/unitree_sdk2py/build
creating /home/ayi/unitree_go2_ws/build/unitree_sdk2py/build/lib
creating /home/ayi/unitree_go2_ws/build/unitree_sdk2py/build/lib/unitree_sdk2py
copying unitree_sdk2py/__init__.py -> /home/ayi/unitree_go2_ws/build/unitree_sdk2py/build/lib/unitree_sdk2py
creating /home/ayi/unitree_go2_ws/build/unitree_sdk2py/build/lib/unitree_sdk2py/core
copying unitree_sdk2py/core/channel.py -> /home/ayi/unitree_go2_ws/build/unitree_sdk2py/build/lib/unitree_sdk2py/core
copying unitree_sdk2py/core/channel_name.py -> /home/ayi/unitree_go2_ws/build/unitree_sdk2py/build/lib/unitree_sdk2py/core
copying unitree_sdk2py/core/channel_config.py -> /home/ayi/unitree_go2_ws/build/unitree_sdk2py/build/lib/unitree_sdk2py/core
copying unitree_sdk2py/core/__init__.py -> /home/ayi/unitree_go2_ws/build/unitree_sdk2py/build/lib/unitree_sdk2py/core
creating /home/ayi/unitree_go2_ws/build/unitree_sdk2py/build/lib/unitree_sdk2py/rpc
copying unitree_sdk2py/rpc/client.py -> /home/ayi/unitree_go2_ws/build/unitree_sdk2py/build/lib/unitree_sdk2py/rpc
copying unitree_sdk2py/rpc/server_stub.py -> /home/ayi/unitree_go2_ws/build/unitree_sdk2py/build/lib/unitree_sdk2py/rpc
copying unitree_sdk2py/rpc/client_base.py -> /home/ayi/unitree_go2_ws/build/unitree_sdk2py/build/lib/unitree_sdk2py/rpc
copying unitree_sdk2py/rpc/lease_client.py -> /home/ayi/unitree_go2_ws/build/unitree_sdk2py/build/lib/unitree_sdk2py/rpc
copying unitree_sdk2py/rpc/server_base.py -> /home/ayi/unitree_go2_ws/build/unitree_sdk2py/build/lib/unitree_sdk2py/rpc
copying unitree_sdk2py/rpc/server.py -> /home/ayi/unitree_go2_ws/build/unitree_sdk2py/build/lib/unitree_sdk2py/rpc
copying unitree_sdk2py/rpc/lease_server.py -> /home/ayi/unitree_go2_ws/build/unitree_sdk2py/build/lib/unitree_sdk2py/rpc
copying unitree_sdk2py/rpc/__init__.py -> /home/ayi/unitree_go2_ws/build/unitree_sdk2py/build/lib/unitree_sdk2py/rpc
copying unitree_sdk2py/rpc/internal.py -> /home/ayi/unitree_go2_ws/build/unitree_sdk2py/build/lib/unitree_sdk2py/rpc
copying unitree_sdk2py/rpc/request_future.py -> /home/ayi/unitree_go2_ws/build/unitree_sdk2py/build/lib/unitree_sdk2py/rpc
copying unitree_sdk2py/rpc/client_stub.py -> /home/ayi/unitree_go2_ws/build/unitree_sdk2py/build/lib/unitree_sdk2py/rpc
creating /home/ayi/unitree_go2_ws/build/unitree_sdk2py/build/lib/unitree_sdk2py/go2
copying unitree_sdk2py/go2/__init__.py -> /home/ayi/unitree_go2_ws/build/unitree_sdk2py/build/lib/unitree_sdk2py/go2
creating /home/ayi/unitree_go2_ws/build/unitree_sdk2py/build/lib/unitree_sdk2py/idl
copying unitree_sdk2py/idl/__init__.py -> /home/ayi/unitree_go2_ws/build/unitree_sdk2py/build/lib/unitree_sdk2py/idl
copying unitree_sdk2py/idl/default.py -> /home/ayi/unitree_go2_ws/build/unitree_sdk2py/build/lib/unitree_sdk2py/idl
creating /home/ayi/unitree_go2_ws/build/unitree_sdk2py/build/lib/unitree_sdk2py/utils
copying unitree_sdk2py/utils/future.py -> /home/ayi/unitree_go2_ws/build/unitree_sdk2py/build/lib/unitree_sdk2py/utils
copying unitree_sdk2py/utils/bqueue.py -> /home/ayi/unitree_go2_ws/build/unitree_sdk2py/build/lib/unitree_sdk2py/utils
copying unitree_sdk2py/utils/thread.py -> /home/ayi/unitree_go2_ws/build/unitree_sdk2py/build/lib/unitree_sdk2py/utils
copying unitree_sdk2py/utils/crc.py -> /home/ayi/unitree_go2_ws/build/unitree_sdk2py/build/lib/unitree_sdk2py/utils
copying unitree_sdk2py/utils/timerfd.py -> /home/ayi/unitree_go2_ws/build/unitree_sdk2py/build/lib/unitree_sdk2py/utils
copying unitree_sdk2py/utils/__init__.py -> /home/ayi/unitree_go2_ws/build/unitree_sdk2py/build/lib/unitree_sdk2py/utils
copying unitree_sdk2py/utils/clib_lookup.py -> /home/ayi/unitree_go2_ws/build/unitree_sdk2py/build/lib/unitree_sdk2py/utils
copying unitree_sdk2py/utils/singleton.py -> /home/ayi/unitree_go2_ws/build/unitree_sdk2py/build/lib/unitree_sdk2py/utils
copying unitree_sdk2py/utils/hz_sample.py -> /home/ayi/unitree_go2_ws/build/unitree_sdk2py/build/lib/unitree_sdk2py/utils
copying unitree_sdk2py/utils/joystick.py -> /home/ayi/unitree_go2_ws/build/unitree_sdk2py/build/lib/unitree_sdk2py/utils
creating /home/ayi/unitree_go2_ws/build/unitree_sdk2py/build/lib/unitree_sdk2py/go2/video
copying unitree_sdk2py/go2/video/video_client.py -> /home/ayi/unitree_go2_ws/build/unitree_sdk2py/build/lib/unitree_sdk2py/go2/video
copying unitree_sdk2py/go2/video/video_api.py -> /home/ayi/unitree_go2_ws/build/unitree_sdk2py/build/lib/unitree_sdk2py/go2/video
copying unitree_sdk2py/go2/video/__init__.py -> /home/ayi/unitree_go2_ws/build/unitree_sdk2py/build/lib/unitree_sdk2py/go2/video
creating /home/ayi/unitree_go2_ws/build/unitree_sdk2py/build/lib/unitree_sdk2py/go2/robot_state
copying unitree_sdk2py/go2/robot_state/robot_state_client.py -> /home/ayi/unitree_go2_ws/build/unitree_sdk2py/build/lib/unitree_sdk2py/go2/robot_state
copying unitree_sdk2py/go2/robot_state/__init__.py -> /home/ayi/unitree_go2_ws/build/unitree_sdk2py/build/lib/unitree_sdk2py/go2/robot_state
copying unitree_sdk2py/go2/robot_state/robot_state_api.py -> /home/ayi/unitree_go2_ws/build/unitree_sdk2py/build/lib/unitree_sdk2py/go2/robot_state
creating /home/ayi/unitree_go2_ws/build/unitree_sdk2py/build/lib/unitree_sdk2py/go2/obstacles_avoid
copying unitree_sdk2py/go2/obstacles_avoid/__init__.py -> /home/ayi/unitree_go2_ws/build/unitree_sdk2py/build/lib/unitree_sdk2py/go2/obstacles_avoid
copying unitree_sdk2py/go2/obstacles_avoid/obstacles_avoid_api.py -> /home/ayi/unitree_go2_ws/build/unitree_sdk2py/build/lib/unitree_sdk2py/go2/obstacles_avoid
copying unitree_sdk2py/go2/obstacles_avoid/obstacles_avoid_client.py -> /home/ayi/unitree_go2_ws/build/unitree_sdk2py/build/lib/unitree_sdk2py/go2/obstacles_avoid
creating /home/ayi/unitree_go2_ws/build/unitree_sdk2py/build/lib/unitree_sdk2py/go2/sport
copying unitree_sdk2py/go2/sport/sport_api.py -> /home/ayi/unitree_go2_ws/build/unitree_sdk2py/build/lib/unitree_sdk2py/go2/sport
copying unitree_sdk2py/go2/sport/sport_client.py -> /home/ayi/unitree_go2_ws/build/unitree_sdk2py/build/lib/unitree_sdk2py/go2/sport
copying unitree_sdk2py/go2/sport/__init__.py -> /home/ayi/unitree_go2_ws/build/unitree_sdk2py/build/lib/unitree_sdk2py/go2/sport
creating /home/ayi/unitree_go2_ws/build/unitree_sdk2py/build/lib/unitree_sdk2py/go2/vui
copying unitree_sdk2py/go2/vui/vui_api.py -> /home/ayi/unitree_go2_ws/build/unitree_sdk2py/build/lib/unitree_sdk2py/go2/vui
copying unitree_sdk2py/go2/vui/vui_client.py -> /home/ayi/unitree_go2_ws/build/unitree_sdk2py/build/lib/unitree_sdk2py/go2/vui
copying unitree_sdk2py/go2/vui/__init__.py -> /home/ayi/unitree_go2_ws/build/unitree_sdk2py/build/lib/unitree_sdk2py/go2/vui
creating /home/ayi/unitree_go2_ws/build/unitree_sdk2py/build/lib/unitree_sdk2py/idl/nav_msgs
copying unitree_sdk2py/idl/nav_msgs/__init__.py -> /home/ayi/unitree_go2_ws/build/unitree_sdk2py/build/lib/unitree_sdk2py/idl/nav_msgs
creating /home/ayi/unitree_go2_ws/build/unitree_sdk2py/build/lib/unitree_sdk2py/idl/std_msgs
copying unitree_sdk2py/idl/std_msgs/__init__.py -> /home/ayi/unitree_go2_ws/build/unitree_sdk2py/build/lib/unitree_sdk2py/idl/std_msgs
creating /home/ayi/unitree_go2_ws/build/unitree_sdk2py/build/lib/unitree_sdk2py/idl/builtin_interfaces
copying unitree_sdk2py/idl/builtin_interfaces/__init__.py -> /home/ayi/unitree_go2_ws/build/unitree_sdk2py/build/lib/unitree_sdk2py/idl/builtin_interfaces
creating /home/ayi/unitree_go2_ws/build/unitree_sdk2py/build/lib/unitree_sdk2py/idl/unitree_go
copying unitree_sdk2py/idl/unitree_go/__init__.py -> /home/ayi/unitree_go2_ws/build/unitree_sdk2py/build/lib/unitree_sdk2py/idl/unitree_go
creating /home/ayi/unitree_go2_ws/build/unitree_sdk2py/build/lib/unitree_sdk2py/idl/unitree_api
copying unitree_sdk2py/idl/unitree_api/__init__.py -> /home/ayi/unitree_go2_ws/build/unitree_sdk2py/build/lib/unitree_sdk2py/idl/unitree_api
creating /home/ayi/unitree_go2_ws/build/unitree_sdk2py/build/lib/unitree_sdk2py/idl/sensor_msgs
copying unitree_sdk2py/idl/sensor_msgs/__init__.py -> /home/ayi/unitree_go2_ws/build/unitree_sdk2py/build/lib/unitree_sdk2py/idl/sensor_msgs
creating /home/ayi/unitree_go2_ws/build/unitree_sdk2py/build/lib/unitree_sdk2py/idl/geometry_msgs
copying unitree_sdk2py/idl/geometry_msgs/__init__.py -> /home/ayi/unitree_go2_ws/build/unitree_sdk2py/build/lib/unitree_sdk2py/idl/geometry_msgs
creating /home/ayi/unitree_go2_ws/build/unitree_sdk2py/build/lib/unitree_sdk2py/idl/unitree_hg
copying unitree_sdk2py/idl/unitree_hg/__init__.py -> /home/ayi/unitree_go2_ws/build/unitree_sdk2py/build/lib/unitree_sdk2py/idl/unitree_hg
creating /home/ayi/unitree_go2_ws/build/unitree_sdk2py/build/lib/unitree_sdk2py/idl/nav_msgs/msg
copying unitree_sdk2py/idl/nav_msgs/msg/__init__.py -> /home/ayi/unitree_go2_ws/build/unitree_sdk2py/build/lib/unitree_sdk2py/idl/nav_msgs/msg
creating /home/ayi/unitree_go2_ws/build/unitree_sdk2py/build/lib/unitree_sdk2py/idl/nav_msgs/msg/dds_
copying unitree_sdk2py/idl/nav_msgs/msg/dds_/_OccupancyGrid_.py -> /home/ayi/unitree_go2_ws/build/unitree_sdk2py/build/lib/unitree_sdk2py/idl/nav_msgs/msg/dds_
copying unitree_sdk2py/idl/nav_msgs/msg/dds_/_MapMetaData_.py -> /home/ayi/unitree_go2_ws/build/unitree_sdk2py/build/lib/unitree_sdk2py/idl/nav_msgs/msg/dds_
copying unitree_sdk2py/idl/nav_msgs/msg/dds_/__init__.py -> /home/ayi/unitree_go2_ws/build/unitree_sdk2py/build/lib/unitree_sdk2py/idl/nav_msgs/msg/dds_
copying unitree_sdk2py/idl/nav_msgs/msg/dds_/_Odometry_.py -> /home/ayi/unitree_go2_ws/build/unitree_sdk2py/build/lib/unitree_sdk2py/idl/nav_msgs/msg/dds_
creating /home/ayi/unitree_go2_ws/build/unitree_sdk2py/build/lib/unitree_sdk2py/idl/std_msgs/msg
copying unitree_sdk2py/idl/std_msgs/msg/__init__.py -> /home/ayi/unitree_go2_ws/build/unitree_sdk2py/build/lib/unitree_sdk2py/idl/std_msgs/msg
creating /home/ayi/unitree_go2_ws/build/unitree_sdk2py/build/lib/unitree_sdk2py/idl/std_msgs/msg/dds_
copying unitree_sdk2py/idl/std_msgs/msg/dds_/_Header_.py -> /home/ayi/unitree_go2_ws/build/unitree_sdk2py/build/lib/unitree_sdk2py/idl/std_msgs/msg/dds_
copying unitree_sdk2py/idl/std_msgs/msg/dds_/_String_.py -> /home/ayi/unitree_go2_ws/build/unitree_sdk2py/build/lib/unitree_sdk2py/idl/std_msgs/msg/dds_
copying unitree_sdk2py/idl/std_msgs/msg/dds_/__init__.py -> /home/ayi/unitree_go2_ws/build/unitree_sdk2py/build/lib/unitree_sdk2py/idl/std_msgs/msg/dds_
creating /home/ayi/unitree_go2_ws/build/unitree_sdk2py/build/lib/unitree_sdk2py/idl/builtin_interfaces/msg
copying unitree_sdk2py/idl/builtin_interfaces/msg/__init__.py -> /home/ayi/unitree_go2_ws/build/unitree_sdk2py/build/lib/unitree_sdk2py/idl/builtin_interfaces/msg
creating /home/ayi/unitree_go2_ws/build/unitree_sdk2py/build/lib/unitree_sdk2py/idl/builtin_interfaces/msg/dds_
copying unitree_sdk2py/idl/builtin_interfaces/msg/dds_/_Time_.py -> /home/ayi/unitree_go2_ws/build/unitree_sdk2py/build/lib/unitree_sdk2py/idl/builtin_interfaces/msg/dds_
copying unitree_sdk2py/idl/builtin_interfaces/msg/dds_/__init__.py -> /home/ayi/unitree_go2_ws/build/unitree_sdk2py/build/lib/unitree_sdk2py/idl/builtin_interfaces/msg/dds_
creating /home/ayi/unitree_go2_ws/build/unitree_sdk2py/build/lib/unitree_sdk2py/idl/unitree_go/msg
copying unitree_sdk2py/idl/unitree_go/msg/__init__.py -> /home/ayi/unitree_go2_ws/build/unitree_sdk2py/build/lib/unitree_sdk2py/idl/unitree_go/msg
creating /home/ayi/unitree_go2_ws/build/unitree_sdk2py/build/lib/unitree_sdk2py/idl/unitree_go/msg/dds_
copying unitree_sdk2py/idl/unitree_go/msg/dds_/_MotorCmds_.py -> /home/ayi/unitree_go2_ws/build/unitree_sdk2py/build/lib/unitree_sdk2py/idl/unitree_go/msg/dds_
copying unitree_sdk2py/idl/unitree_go/msg/dds_/_MotorState_.py -> /home/ayi/unitree_go2_ws/build/unitree_sdk2py/build/lib/unitree_sdk2py/idl/unitree_go/msg/dds_
copying unitree_sdk2py/idl/unitree_go/msg/dds_/_MotorCmd_.py -> /home/ayi/unitree_go2_ws/build/unitree_sdk2py/build/lib/unitree_sdk2py/idl/unitree_go/msg/dds_
copying unitree_sdk2py/idl/unitree_go/msg/dds_/_MotorStates_.py -> /home/ayi/unitree_go2_ws/build/unitree_sdk2py/build/lib/unitree_sdk2py/idl/unitree_go/msg/dds_
copying unitree_sdk2py/idl/unitree_go/msg/dds_/_WirelessController_.py -> /home/ayi/unitree_go2_ws/build/unitree_sdk2py/build/lib/unitree_sdk2py/idl/unitree_go/msg/dds_
copying unitree_sdk2py/idl/unitree_go/msg/dds_/_Req_.py -> /home/ayi/unitree_go2_ws/build/unitree_sdk2py/build/lib/unitree_sdk2py/idl/unitree_go/msg/dds_
copying unitree_sdk2py/idl/unitree_go/msg/dds_/_TimeSpec_.py -> /home/ayi/unitree_go2_ws/build/unitree_sdk2py/build/lib/unitree_sdk2py/idl/unitree_go/msg/dds_
copying unitree_sdk2py/idl/unitree_go/msg/dds_/_PathPoint_.py -> /home/ayi/unitree_go2_ws/build/unitree_sdk2py/build/lib/unitree_sdk2py/idl/unitree_go/msg/dds_
copying unitree_sdk2py/idl/unitree_go/msg/dds_/_LowState_.py -> /home/ayi/unitree_go2_ws/build/unitree_sdk2py/build/lib/unitree_sdk2py/idl/unitree_go/msg/dds_
copying unitree_sdk2py/idl/unitree_go/msg/dds_/_LidarState_.py -> /home/ayi/unitree_go2_ws/build/unitree_sdk2py/build/lib/unitree_sdk2py/idl/unitree_go/msg/dds_
copying unitree_sdk2py/idl/unitree_go/msg/dds_/_InterfaceConfig_.py -> /home/ayi/unitree_go2_ws/build/unitree_sdk2py/build/lib/unitree_sdk2py/idl/unitree_go/msg/dds_
copying unitree_sdk2py/idl/unitree_go/msg/dds_/_Go2FrontVideoData_.py -> /home/ayi/unitree_go2_ws/build/unitree_sdk2py/build/lib/unitree_sdk2py/idl/unitree_go/msg/dds_
copying unitree_sdk2py/idl/unitree_go/msg/dds_/_SportModeState_.py -> /home/ayi/unitree_go2_ws/build/unitree_sdk2py/build/lib/unitree_sdk2py/idl/unitree_go/msg/dds_
copying unitree_sdk2py/idl/unitree_go/msg/dds_/_Error_.py -> /home/ayi/unitree_go2_ws/build/unitree_sdk2py/build/lib/unitree_sdk2py/idl/unitree_go/msg/dds_
copying unitree_sdk2py/idl/unitree_go/msg/dds_/_LowCmd_.py -> /home/ayi/unitree_go2_ws/build/unitree_sdk2py/build/lib/unitree_sdk2py/idl/unitree_go/msg/dds_
copying unitree_sdk2py/idl/unitree_go/msg/dds_/_UwbState_.py -> /home/ayi/unitree_go2_ws/build/unitree_sdk2py/build/lib/unitree_sdk2py/idl/unitree_go/msg/dds_
copying unitree_sdk2py/idl/unitree_go/msg/dds_/_IMUState_.py -> /home/ayi/unitree_go2_ws/build/unitree_sdk2py/build/lib/unitree_sdk2py/idl/unitree_go/msg/dds_
copying unitree_sdk2py/idl/unitree_go/msg/dds_/__init__.py -> /home/ayi/unitree_go2_ws/build/unitree_sdk2py/build/lib/unitree_sdk2py/idl/unitree_go/msg/dds_
copying unitree_sdk2py/idl/unitree_go/msg/dds_/_Res_.py -> /home/ayi/unitree_go2_ws/build/unitree_sdk2py/build/lib/unitree_sdk2py/idl/unitree_go/msg/dds_
copying unitree_sdk2py/idl/unitree_go/msg/dds_/_HeightMap_.py -> /home/ayi/unitree_go2_ws/build/unitree_sdk2py/build/lib/unitree_sdk2py/idl/unitree_go/msg/dds_
copying unitree_sdk2py/idl/unitree_go/msg/dds_/_UwbSwitch_.py -> /home/ayi/unitree_go2_ws/build/unitree_sdk2py/build/lib/unitree_sdk2py/idl/unitree_go/msg/dds_
copying unitree_sdk2py/idl/unitree_go/msg/dds_/_BmsState_.py -> /home/ayi/unitree_go2_ws/build/unitree_sdk2py/build/lib/unitree_sdk2py/idl/unitree_go/msg/dds_
copying unitree_sdk2py/idl/unitree_go/msg/dds_/_AudioData_.py -> /home/ayi/unitree_go2_ws/build/unitree_sdk2py/build/lib/unitree_sdk2py/idl/unitree_go/msg/dds_
copying unitree_sdk2py/idl/unitree_go/msg/dds_/_BmsCmd_.py -> /home/ayi/unitree_go2_ws/build/unitree_sdk2py/build/lib/unitree_sdk2py/idl/unitree_go/msg/dds_
creating /home/ayi/unitree_go2_ws/build/unitree_sdk2py/build/lib/unitree_sdk2py/idl/unitree_api/msg
copying unitree_sdk2py/idl/unitree_api/msg/__init__.py -> /home/ayi/unitree_go2_ws/build/unitree_sdk2py/build/lib/unitree_sdk2py/idl/unitree_api/msg
creating /home/ayi/unitree_go2_ws/build/unitree_sdk2py/build/lib/unitree_sdk2py/idl/unitree_api/msg/dds_
copying unitree_sdk2py/idl/unitree_api/msg/dds_/_RequestPolicy_.py -> /home/ayi/unitree_go2_ws/build/unitree_sdk2py/build/lib/unitree_sdk2py/idl/unitree_api/msg/dds_
copying unitree_sdk2py/idl/unitree_api/msg/dds_/_RequestIdentity_.py -> /home/ayi/unitree_go2_ws/build/unitree_sdk2py/build/lib/unitree_sdk2py/idl/unitree_api/msg/dds_
copying unitree_sdk2py/idl/unitree_api/msg/dds_/_Response_.py -> /home/ayi/unitree_go2_ws/build/unitree_sdk2py/build/lib/unitree_sdk2py/idl/unitree_api/msg/dds_
copying unitree_sdk2py/idl/unitree_api/msg/dds_/_ResponseStatus_.py -> /home/ayi/unitree_go2_ws/build/unitree_sdk2py/build/lib/unitree_sdk2py/idl/unitree_api/msg/dds_
copying unitree_sdk2py/idl/unitree_api/msg/dds_/_ResponseHeader_.py -> /home/ayi/unitree_go2_ws/build/unitree_sdk2py/build/lib/unitree_sdk2py/idl/unitree_api/msg/dds_
copying unitree_sdk2py/idl/unitree_api/msg/dds_/_Request_.py -> /home/ayi/unitree_go2_ws/build/unitree_sdk2py/build/lib/unitree_sdk2py/idl/unitree_api/msg/dds_
copying unitree_sdk2py/idl/unitree_api/msg/dds_/__init__.py -> /home/ayi/unitree_go2_ws/build/unitree_sdk2py/build/lib/unitree_sdk2py/idl/unitree_api/msg/dds_
copying unitree_sdk2py/idl/unitree_api/msg/dds_/_RequestHeader_.py -> /home/ayi/unitree_go2_ws/build/unitree_sdk2py/build/lib/unitree_sdk2py/idl/unitree_api/msg/dds_
copying unitree_sdk2py/idl/unitree_api/msg/dds_/_RequestLease_.py -> /home/ayi/unitree_go2_ws/build/unitree_sdk2py/build/lib/unitree_sdk2py/idl/unitree_api/msg/dds_
creating /home/ayi/unitree_go2_ws/build/unitree_sdk2py/build/lib/unitree_sdk2py/idl/sensor_msgs/msg
copying unitree_sdk2py/idl/sensor_msgs/msg/__init__.py -> /home/ayi/unitree_go2_ws/build/unitree_sdk2py/build/lib/unitree_sdk2py/idl/sensor_msgs/msg
creating /home/ayi/unitree_go2_ws/build/unitree_sdk2py/build/lib/unitree_sdk2py/idl/sensor_msgs/msg/dds_
copying unitree_sdk2py/idl/sensor_msgs/msg/dds_/_PointCloud2_.py -> /home/ayi/unitree_go2_ws/build/unitree_sdk2py/build/lib/unitree_sdk2py/idl/sensor_msgs/msg/dds_
copying unitree_sdk2py/idl/sensor_msgs/msg/dds_/__init__.py -> /home/ayi/unitree_go2_ws/build/unitree_sdk2py/build/lib/unitree_sdk2py/idl/sensor_msgs/msg/dds_
copying unitree_sdk2py/idl/sensor_msgs/msg/dds_/_PointField_.py -> /home/ayi/unitree_go2_ws/build/unitree_sdk2py/build/lib/unitree_sdk2py/idl/sensor_msgs/msg/dds_
creating /home/ayi/unitree_go2_ws/build/unitree_sdk2py/build/lib/unitree_sdk2py/idl/sensor_msgs/msg/dds_/PointField_Constants
copying unitree_sdk2py/idl/sensor_msgs/msg/dds_/PointField_Constants/__init__.py -> /home/ayi/unitree_go2_ws/build/unitree_sdk2py/build/lib/unitree_sdk2py/idl/sensor_msgs/msg/dds_/PointField_Constants
copying unitree_sdk2py/idl/sensor_msgs/msg/dds_/PointField_Constants/_PointField_.py -> /home/ayi/unitree_go2_ws/build/unitree_sdk2py/build/lib/unitree_sdk2py/idl/sensor_msgs/msg/dds_/PointField_Constants
creating /home/ayi/unitree_go2_ws/build/unitree_sdk2py/build/lib/unitree_sdk2py/idl/geometry_msgs/msg
copying unitree_sdk2py/idl/geometry_msgs/msg/__init__.py -> /home/ayi/unitree_go2_ws/build/unitree_sdk2py/build/lib/unitree_sdk2py/idl/geometry_msgs/msg
creating /home/ayi/unitree_go2_ws/build/unitree_sdk2py/build/lib/unitree_sdk2py/idl/geometry_msgs/msg/dds_
copying unitree_sdk2py/idl/geometry_msgs/msg/dds_/_PoseStamped_.py -> /home/ayi/unitree_go2_ws/build/unitree_sdk2py/build/lib/unitree_sdk2py/idl/geometry_msgs/msg/dds_
copying unitree_sdk2py/idl/geometry_msgs/msg/dds_/_Point32_.py -> /home/ayi/unitree_go2_ws/build/unitree_sdk2py/build/lib/unitree_sdk2py/idl/geometry_msgs/msg/dds_
copying unitree_sdk2py/idl/geometry_msgs/msg/dds_/_Twist_.py -> /home/ayi/unitree_go2_ws/build/unitree_sdk2py/build/lib/unitree_sdk2py/idl/geometry_msgs/msg/dds_
copying unitree_sdk2py/idl/geometry_msgs/msg/dds_/_TwistWithCovarianceStamped_.py -> /home/ayi/unitree_go2_ws/build/unitree_sdk2py/build/lib/unitree_sdk2py/idl/geometry_msgs/msg/dds_
copying unitree_sdk2py/idl/geometry_msgs/msg/dds_/_PointStamped_.py -> /home/ayi/unitree_go2_ws/build/unitree_sdk2py/build/lib/unitree_sdk2py/idl/geometry_msgs/msg/dds_
copying unitree_sdk2py/idl/geometry_msgs/msg/dds_/_Vector3_.py -> /home/ayi/unitree_go2_ws/build/unitree_sdk2py/build/lib/unitree_sdk2py/idl/geometry_msgs/msg/dds_
copying unitree_sdk2py/idl/geometry_msgs/msg/dds_/_PoseWithCovariance_.py -> /home/ayi/unitree_go2_ws/build/unitree_sdk2py/build/lib/unitree_sdk2py/idl/geometry_msgs/msg/dds_
copying unitree_sdk2py/idl/geometry_msgs/msg/dds_/_QuaternionStamped_.py -> /home/ayi/unitree_go2_ws/build/unitree_sdk2py/build/lib/unitree_sdk2py/idl/geometry_msgs/msg/dds_
copying unitree_sdk2py/idl/geometry_msgs/msg/dds_/_Point_.py -> /home/ayi/unitree_go2_ws/build/unitree_sdk2py/build/lib/unitree_sdk2py/idl/geometry_msgs/msg/dds_
copying unitree_sdk2py/idl/geometry_msgs/msg/dds_/__init__.py -> /home/ayi/unitree_go2_ws/build/unitree_sdk2py/build/lib/unitree_sdk2py/idl/geometry_msgs/msg/dds_
copying unitree_sdk2py/idl/geometry_msgs/msg/dds_/_Pose2D_.py -> /home/ayi/unitree_go2_ws/build/unitree_sdk2py/build/lib/unitree_sdk2py/idl/geometry_msgs/msg/dds_
copying unitree_sdk2py/idl/geometry_msgs/msg/dds_/_PoseWithCovarianceStamped_.py -> /home/ayi/unitree_go2_ws/build/unitree_sdk2py/build/lib/unitree_sdk2py/idl/geometry_msgs/msg/dds_
copying unitree_sdk2py/idl/geometry_msgs/msg/dds_/_Quaternion_.py -> /home/ayi/unitree_go2_ws/build/unitree_sdk2py/build/lib/unitree_sdk2py/idl/geometry_msgs/msg/dds_
copying unitree_sdk2py/idl/geometry_msgs/msg/dds_/_TwistWithCovariance_.py -> /home/ayi/unitree_go2_ws/build/unitree_sdk2py/build/lib/unitree_sdk2py/idl/geometry_msgs/msg/dds_
copying unitree_sdk2py/idl/geometry_msgs/msg/dds_/_Pose_.py -> /home/ayi/unitree_go2_ws/build/unitree_sdk2py/build/lib/unitree_sdk2py/idl/geometry_msgs/msg/dds_
copying unitree_sdk2py/idl/geometry_msgs/msg/dds_/_TwistStamped_.py -> /home/ayi/unitree_go2_ws/build/unitree_sdk2py/build/lib/unitree_sdk2py/idl/geometry_msgs/msg/dds_
creating /home/ayi/unitree_go2_ws/build/unitree_sdk2py/build/lib/unitree_sdk2py/idl/unitree_hg/msg
copying unitree_sdk2py/idl/unitree_hg/msg/__init__.py -> /home/ayi/unitree_go2_ws/build/unitree_sdk2py/build/lib/unitree_sdk2py/idl/unitree_hg/msg
creating /home/ayi/unitree_go2_ws/build/unitree_sdk2py/build/lib/unitree_sdk2py/idl/unitree_hg/msg/dds_
copying unitree_sdk2py/idl/unitree_hg/msg/dds_/_HandState_.py -> /home/ayi/unitree_go2_ws/build/unitree_sdk2py/build/lib/unitree_sdk2py/idl/unitree_hg/msg/dds_
copying unitree_sdk2py/idl/unitree_hg/msg/dds_/_MotorState_.py -> /home/ayi/unitree_go2_ws/build/unitree_sdk2py/build/lib/unitree_sdk2py/idl/unitree_hg/msg/dds_
copying unitree_sdk2py/idl/unitree_hg/msg/dds_/_MotorCmd_.py -> /home/ayi/unitree_go2_ws/build/unitree_sdk2py/build/lib/unitree_sdk2py/idl/unitree_hg/msg/dds_
copying unitree_sdk2py/idl/unitree_hg/msg/dds_/_HandCmd_.py -> /home/ayi/unitree_go2_ws/build/unitree_sdk2py/build/lib/unitree_sdk2py/idl/unitree_hg/msg/dds_
copying unitree_sdk2py/idl/unitree_hg/msg/dds_/_PressSensorState_.py -> /home/ayi/unitree_go2_ws/build/unitree_sdk2py/build/lib/unitree_sdk2py/idl/unitree_hg/msg/dds_
copying unitree_sdk2py/idl/unitree_hg/msg/dds_/_LowState_.py -> /home/ayi/unitree_go2_ws/build/unitree_sdk2py/build/lib/unitree_sdk2py/idl/unitree_hg/msg/dds_
copying unitree_sdk2py/idl/unitree_hg/msg/dds_/_LowCmd_.py -> /home/ayi/unitree_go2_ws/build/unitree_sdk2py/build/lib/unitree_sdk2py/idl/unitree_hg/msg/dds_
copying unitree_sdk2py/idl/unitree_hg/msg/dds_/_IMUState_.py -> /home/ayi/unitree_go2_ws/build/unitree_sdk2py/build/lib/unitree_sdk2py/idl/unitree_hg/msg/dds_
copying unitree_sdk2py/idl/unitree_hg/msg/dds_/__init__.py -> /home/ayi/unitree_go2_ws/build/unitree_sdk2py/build/lib/unitree_sdk2py/idl/unitree_hg/msg/dds_
copying unitree_sdk2py/idl/unitree_hg/msg/dds_/_BmsState_.py -> /home/ayi/unitree_go2_ws/build/unitree_sdk2py/build/lib/unitree_sdk2py/idl/unitree_hg/msg/dds_
copying unitree_sdk2py/idl/unitree_hg/msg/dds_/_MainBoardState_.py -> /home/ayi/unitree_go2_ws/build/unitree_sdk2py/build/lib/unitree_sdk2py/idl/unitree_hg/msg/dds_
copying unitree_sdk2py/idl/unitree_hg/msg/dds_/_BmsCmd_.py -> /home/ayi/unitree_go2_ws/build/unitree_sdk2py/build/lib/unitree_sdk2py/idl/unitree_hg/msg/dds_
running install
running install_lib
running install_egg_info
removing '/home/ayi/unitree_go2_ws/install/unitree_sdk2py/lib/python3.10/site-packages/unitree_sdk2py-1.0.1-py3.10.egg-info' (and everything under it)
Copying ../../build/unitree_sdk2py/unitree_sdk2py.egg-info to /home/ayi/unitree_go2_ws/install/unitree_sdk2py/lib/python3.10/site-packages/unitree_sdk2py-1.0.1-py3.10.egg-info
running install_scripts
writing list of installed files to '/home/ayi/unitree_go2_ws/build/unitree_sdk2py/install.log'
